------------------------------------------------------------------------------------------------------------------------

[2025-05-11 10:36:13 #1 store] 
Database '/home/lur/eclipse-workspace2/Rides24/src/main/resources/rides.temp' is opened by 4085@lur-ASUS-TUF-Gaming-F15-FX506HF-FX506HF

[2025-05-11 10:36:13 #2 type] 
Type domain.User is not enhanced.

[2025-05-11 10:36:13 #3 type] 
Type domain.Mugimendua is not enhanced.

[2025-05-11 10:36:13 #4 type] 
Type domain.Ride is not enhanced.

[2025-05-11 10:36:13 #5 type] 
Type domain.Driver is not enhanced.

[2025-05-11 10:36:13 #6 type] 
Type domain.Kotxe is not enhanced.

[2025-05-11 10:36:13 #7 type] 
Type domain.Traveler is not enhanced.

[2025-05-11 10:36:13 #8 type] 
Type domain.Erreserba is not enhanced.

[2025-05-11 10:36:13 #9 type] 
Type domain.Alerta is not enhanced.

------------------------------------------------------------------------------------------------------------------------

[2025-05-11 10:36:42 #1 store] 
Database '/home/lur/eclipse-workspace2/Rides24/src/main/resources/rides.temp' has been recovered (tr. 1250-1250)

[2025-05-11 10:36:42 #2 store] 
Database '/home/lur/eclipse-workspace2/Rides24/src/main/resources/rides.temp' is opened by 4141@lur-ASUS-TUF-Gaming-F15-FX506HF-FX506HF

[2025-05-11 10:36:42 #3 type] 
Type domain.User is not enhanced.

[2025-05-11 10:36:42 #4 type] 
Type domain.Mugimendua is not enhanced.

[2025-05-11 10:36:42 #5 type] 
Type domain.Ride is not enhanced.

[2025-05-11 10:36:42 #6 type] 
Type domain.Driver is not enhanced.

[2025-05-11 10:36:42 #7 type] 
Type domain.Kotxe is not enhanced.

[2025-05-11 10:36:42 #8 type] 
Type domain.Traveler is not enhanced.

[2025-05-11 10:36:42 #9 type] 
Type domain.Erreserba is not enhanced.

[2025-05-11 10:36:42 #10 type] 
Type domain.Alerta is not enhanced.

------------------------------------------------------------------------------------------------------------------------

[2025-05-11 10:49:25 #1 store] 
Database '/home/lur/eclipse-workspace2/Rides24/src/main/resources/rides.temp' is opened by 5388@lur-ASUS-TUF-Gaming-F15-FX506HF-FX506HF

[2025-05-11 10:49:25 #2 type] 
Type domain.User is not enhanced.

[2025-05-11 10:49:25 #3 type] 
Type domain.Mugimendua is not enhanced.

[2025-05-11 10:49:25 #4 type] 
Type domain.Ride is not enhanced.

[2025-05-11 10:49:25 #5 type] 
Type domain.Driver is not enhanced.

[2025-05-11 10:49:25 #6 type] 
Type domain.Kotxe is not enhanced.

[2025-05-11 10:49:25 #7 type] 
Type domain.Traveler is not enhanced.

[2025-05-11 10:49:25 #8 type] 
Type domain.Erreserba is not enhanced.

[2025-05-11 10:49:25 #9 type] 
Type domain.Alerta is not enhanced.

------------------------------------------------------------------------------------------------------------------------

[2025-05-11 10:51:41 #1 store] 
Database '/home/lur/eclipse-workspace2/Rides24/src/main/resources/rides.temp' is opened by 5809@lur-ASUS-TUF-Gaming-F15-FX506HF-FX506HF

[2025-05-11 10:51:41 #2 type] 
Type domain.User is not enhanced.

[2025-05-11 10:51:41 #3 type] 
Type domain.Mugimendua is not enhanced.

[2025-05-11 10:51:41 #4 type] 
Type domain.Ride is not enhanced.

[2025-05-11 10:51:41 #5 type] 
Type domain.Driver is not enhanced.

[2025-05-11 10:51:41 #6 type] 
Type domain.Kotxe is not enhanced.

[2025-05-11 10:51:41 #7 type] 
Type domain.Traveler is not enhanced.

[2025-05-11 10:51:41 #8 type] 
Type domain.Erreserba is not enhanced.

[2025-05-11 10:51:41 #9 type] 
Type domain.Alerta is not enhanced.

------------------------------------------------------------------------------------------------------------------------

[2025-05-11 10:52:46 #1 store] 
Database '/home/lur/eclipse-workspace2/Rides24/src/main/resources/rides.temp' is opened by 6014@lur-ASUS-TUF-Gaming-F15-FX506HF-FX506HF

[2025-05-11 10:52:46 #2 type] 
Type domain.User is not enhanced.

[2025-05-11 10:52:46 #3 type] 
Type domain.Mugimendua is not enhanced.

[2025-05-11 10:52:46 #4 type] 
Type domain.Ride is not enhanced.

[2025-05-11 10:52:46 #5 type] 
Type domain.Driver is not enhanced.

[2025-05-11 10:52:46 #6 type] 
Type domain.Kotxe is not enhanced.

[2025-05-11 10:52:46 #7 type] 
Type domain.Traveler is not enhanced.

[2025-05-11 10:52:46 #8 type] 
Type domain.Erreserba is not enhanced.

[2025-05-11 10:52:46 #9 type] 
Type domain.Alerta is not enhanced.

------------------------------------------------------------------------------------------------------------------------

[2025-05-11 10:53:24 #1 store] 
Database '/home/lur/eclipse-workspace2/Rides24/src/main/resources/rides.temp' is opened by 6182@lur-ASUS-TUF-Gaming-F15-FX506HF-FX506HF

[2025-05-11 10:53:24 #2 type] 
Type domain.User is not enhanced.

[2025-05-11 10:53:24 #3 type] 
Type domain.Mugimendua is not enhanced.

[2025-05-11 10:53:25 #4 type] 
Type domain.Ride is not enhanced.

[2025-05-11 10:53:25 #5 type] 
Type domain.Driver is not enhanced.

[2025-05-11 10:53:25 #6 type] 
Type domain.Kotxe is not enhanced.

[2025-05-11 10:53:25 #7 type] 
Type domain.Traveler is not enhanced.

[2025-05-11 10:53:25 #8 type] 
Type domain.Erreserba is not enhanced.

[2025-05-11 10:53:25 #9 type] 
Type domain.Alerta is not enhanced.

[2025-05-11 10:53:31 #10 type.registry] 
New type domain.Administratzailea

[2025-05-11 10:53:31 #11 type] 
Type domain.Administratzailea is not enhanced.

[2025-05-11 10:53:31 #12 type.registry] 
New type domain.Erreklamazio

[2025-05-11 10:53:31 #13 type.registry] 
New type java.util.ArrayList<domain.Erreklamazio>

------------------------------------------------------------------------------------------------------------------------

[2025-05-11 11:00:56 #1 store] 
Database '/home/lur/eclipse-workspace2/Rides24/src/main/resources/rides.temp' is opened by 6796@lur-ASUS-TUF-Gaming-F15-FX506HF-FX506HF

[2025-05-11 11:00:56 #2 type] 
Type domain.User is not enhanced.

[2025-05-11 11:00:56 #3 type] 
Type domain.Mugimendua is not enhanced.

[2025-05-11 11:00:56 #4 type] 
Type domain.Ride is not enhanced.

[2025-05-11 11:00:56 #5 type] 
Type domain.Driver is not enhanced.

[2025-05-11 11:00:56 #6 type] 
Type domain.Kotxe is not enhanced.

[2025-05-11 11:00:56 #7 type] 
Type domain.Traveler is not enhanced.

[2025-05-11 11:00:56 #8 type] 
Type domain.Erreserba is not enhanced.

[2025-05-11 11:00:56 #9 type] 
Type domain.Alerta is not enhanced.

[2025-05-11 11:00:56 #10 type] 
Type domain.Administratzailea is not enhanced.

------------------------------------------------------------------------------------------------------------------------

[2025-05-11 11:11:25 #1 store] 
Database '/home/lur/eclipse-workspace2/Rides24/src/main/resources/rides.temp' is opened by 7876@lur-ASUS-TUF-Gaming-F15-FX506HF-FX506HF

[2025-05-11 11:11:25 #2 type] 
Type domain.User is not enhanced.

[2025-05-11 11:11:25 #3 type] 
Type domain.Mugimendua is not enhanced.

[2025-05-11 11:11:25 #4 type] 
Type domain.Ride is not enhanced.

[2025-05-11 11:11:25 #5 type] 
Type domain.Driver is not enhanced.

[2025-05-11 11:11:25 #6 type] 
Type domain.Kotxe is not enhanced.

[2025-05-11 11:11:25 #7 type] 
Type domain.Traveler is not enhanced.

[2025-05-11 11:11:25 #8 type] 
Type domain.Erreserba is not enhanced.

[2025-05-11 11:11:25 #9 type] 
Type domain.Alerta is not enhanced.

[2025-05-11 11:11:25 #10 type] 
Type domain.Administratzailea is not enhanced.

------------------------------------------------------------------------------------------------------------------------

[2025-05-11 11:12:26 #1 store] 
Database '/home/lur/eclipse-workspace2/Rides24/src/main/resources/rides.temp' is opened by 7987@lur-ASUS-TUF-Gaming-F15-FX506HF-FX506HF

[2025-05-11 11:12:26 #2 type] 
Type domain.User is not enhanced.

[2025-05-11 11:12:26 #3 type] 
Type domain.Mugimendua is not enhanced.

[2025-05-11 11:12:26 #4 type] 
Type domain.Ride is not enhanced.

[2025-05-11 11:12:26 #5 type] 
Type domain.Driver is not enhanced.

[2025-05-11 11:12:26 #6 type] 
Type domain.Kotxe is not enhanced.

[2025-05-11 11:12:26 #7 type] 
Type domain.Traveler is not enhanced.

[2025-05-11 11:12:26 #8 type] 
Type domain.Erreserba is not enhanced.

[2025-05-11 11:12:26 #9 type] 
Type domain.Alerta is not enhanced.

[2025-05-11 11:12:26 #10 type] 
Type domain.Administratzailea is not enhanced.

------------------------------------------------------------------------------------------------------------------------

[2025-05-11 11:15:08 #1 store] 
Database '/home/lur/eclipse-workspace2/Rides24/src/main/resources/rides.temp' is opened by 8188@lur-ASUS-TUF-Gaming-F15-FX506HF-FX506HF

[2025-05-11 11:15:08 #2 type] 
Type domain.User is not enhanced.

[2025-05-11 11:15:08 #3 type] 
Type domain.Mugimendua is not enhanced.

[2025-05-11 11:15:08 #4 type] 
Type domain.Ride is not enhanced.

[2025-05-11 11:15:08 #5 type] 
Type domain.Driver is not enhanced.

[2025-05-11 11:15:08 #6 type] 
Type domain.Kotxe is not enhanced.

[2025-05-11 11:15:08 #7 type] 
Type domain.Traveler is not enhanced.

[2025-05-11 11:15:08 #8 type] 
Type domain.Erreserba is not enhanced.

[2025-05-11 11:15:08 #9 type] 
Type domain.Alerta is not enhanced.

[2025-05-11 11:15:08 #10 type] 
Type domain.Administratzailea is not enhanced.

------------------------------------------------------------------------------------------------------------------------

[2025-05-11 11:16:04 #1 store] 
Database '/home/lur/eclipse-workspace2/Rides24/src/main/resources/rides.temp' is opened by 8251@lur-ASUS-TUF-Gaming-F15-FX506HF-FX506HF

[2025-05-11 11:16:04 #2 type] 
Type domain.User is not enhanced.

[2025-05-11 11:16:04 #3 type] 
Type domain.Mugimendua is not enhanced.

[2025-05-11 11:16:04 #4 type] 
Type domain.Ride is not enhanced.

[2025-05-11 11:16:04 #5 type] 
Type domain.Driver is not enhanced.

[2025-05-11 11:16:04 #6 type] 
Type domain.Kotxe is not enhanced.

[2025-05-11 11:16:04 #7 type] 
Type domain.Traveler is not enhanced.

[2025-05-11 11:16:04 #8 type] 
Type domain.Erreserba is not enhanced.

[2025-05-11 11:16:04 #9 type] 
Type domain.Alerta is not enhanced.

[2025-05-11 11:16:04 #10 type] 
Type domain.Administratzailea is not enhanced.

------------------------------------------------------------------------------------------------------------------------

[2025-05-11 11:17:40 #1 store] 
Database '/home/lur/eclipse-workspace2/Rides24/src/main/resources/rides.temp' is opened by 8465@lur-ASUS-TUF-Gaming-F15-FX506HF-FX506HF

[2025-05-11 11:17:40 #2 type] 
Type domain.User is not enhanced.

[2025-05-11 11:17:40 #3 type] 
Type domain.Mugimendua is not enhanced.

[2025-05-11 11:17:40 #4 type] 
Type domain.Ride is not enhanced.

[2025-05-11 11:17:40 #5 type] 
Type domain.Driver is not enhanced.

[2025-05-11 11:17:40 #6 type] 
Type domain.Kotxe is not enhanced.

[2025-05-11 11:17:40 #7 type] 
Type domain.Traveler is not enhanced.

[2025-05-11 11:17:40 #8 type] 
Type domain.Erreserba is not enhanced.

[2025-05-11 11:17:40 #9 type] 
Type domain.Alerta is not enhanced.

[2025-05-11 11:17:40 #10 type] 
Type domain.Administratzailea is not enhanced.

------------------------------------------------------------------------------------------------------------------------

[2025-05-11 11:22:21 #1 store] 
Database '/home/lur/eclipse-workspace2/Rides24/src/main/resources/rides.temp' is opened by 8874@lur-ASUS-TUF-Gaming-F15-FX506HF-FX506HF

[2025-05-11 11:22:21 #2 type] 
Type domain.User is not enhanced.

[2025-05-11 11:22:21 #3 type] 
Type domain.Mugimendua is not enhanced.

[2025-05-11 11:22:21 #4 type] 
Type domain.Ride is not enhanced.

[2025-05-11 11:22:21 #5 type] 
Type domain.Driver is not enhanced.

[2025-05-11 11:22:21 #6 type] 
Type domain.Kotxe is not enhanced.

[2025-05-11 11:22:21 #7 type] 
Type domain.Traveler is not enhanced.

[2025-05-11 11:22:21 #8 type] 
Type domain.Erreserba is not enhanced.

[2025-05-11 11:22:21 #9 type] 
Type domain.Alerta is not enhanced.

[2025-05-11 11:22:21 #10 type] 
Type domain.Administratzailea is not enhanced.

------------------------------------------------------------------------------------------------------------------------

[2025-05-11 11:23:49 #1 store] 
Database '/home/lur/eclipse-workspace2/Rides24/src/main/resources/rides.temp' has been recovered (tr. 1269-1269)

[2025-05-11 11:23:49 #2 store] 
Database '/home/lur/eclipse-workspace2/Rides24/src/main/resources/rides.temp' is opened by 9181@lur-ASUS-TUF-Gaming-F15-FX506HF-FX506HF

[2025-05-11 11:23:49 #3 type] 
Type domain.User is not enhanced.

[2025-05-11 11:23:49 #4 type] 
Type domain.Mugimendua is not enhanced.

[2025-05-11 11:23:49 #5 type] 
Type domain.Ride is not enhanced.

[2025-05-11 11:23:49 #6 type] 
Type domain.Driver is not enhanced.

[2025-05-11 11:23:49 #7 type] 
Type domain.Kotxe is not enhanced.

[2025-05-11 11:23:49 #8 type] 
Type domain.Traveler is not enhanced.

[2025-05-11 11:23:49 #9 type] 
Type domain.Erreserba is not enhanced.

[2025-05-11 11:23:49 #10 type] 
Type domain.Alerta is not enhanced.

[2025-05-11 11:23:49 #11 type] 
Type domain.Administratzailea is not enhanced.

------------------------------------------------------------------------------------------------------------------------

[2025-05-11 11:44:11 #1 store] 
Database '/home/lur/eclipse-workspace2/Rides24/src/main/resources/rides.temp' is opened by 11239@lur-ASUS-TUF-Gaming-F15-FX506HF-FX506HF

[2025-05-11 11:44:11 #2 type] 
Type domain.User is not enhanced.

[2025-05-11 11:44:11 #3 type] 
Type domain.Mugimendua is not enhanced.

[2025-05-11 11:44:11 #4 type] 
Type domain.Ride is not enhanced.

[2025-05-11 11:44:11 #5 type] 
Type domain.Driver is not enhanced.

[2025-05-11 11:44:11 #6 type] 
Type domain.Kotxe is not enhanced.

[2025-05-11 11:44:11 #7 type] 
Type domain.Traveler is not enhanced.

[2025-05-11 11:44:11 #8 type] 
Type domain.Erreserba is not enhanced.

[2025-05-11 11:44:11 #9 type] 
Type domain.Alerta is not enhanced.

[2025-05-11 11:44:11 #10 type] 
Type domain.Administratzailea is not enhanced.

------------------------------------------------------------------------------------------------------------------------

[2025-05-11 11:45:20 #1 store] 
Database '/home/lur/eclipse-workspace2/Rides24/src/main/resources/rides.temp' is opened by 11381@lur-ASUS-TUF-Gaming-F15-FX506HF-FX506HF

[2025-05-11 11:45:20 #2 type] 
Type domain.User is not enhanced.

[2025-05-11 11:45:20 #3 type] 
Type domain.Mugimendua is not enhanced.

[2025-05-11 11:45:20 #4 type] 
Type domain.Ride is not enhanced.

[2025-05-11 11:45:20 #5 type] 
Type domain.Driver is not enhanced.

[2025-05-11 11:45:20 #6 type] 
Type domain.Kotxe is not enhanced.

[2025-05-11 11:45:20 #7 type] 
Type domain.Traveler is not enhanced.

[2025-05-11 11:45:20 #8 type] 
Type domain.Erreserba is not enhanced.

[2025-05-11 11:45:20 #9 type] 
Type domain.Alerta is not enhanced.

[2025-05-11 11:45:20 #10 type] 
Type domain.Administratzailea is not enhanced.

------------------------------------------------------------------------------------------------------------------------

[2025-05-11 11:45:55 #1 store] 
Database '/home/lur/eclipse-workspace2/Rides24/src/main/resources/rides.temp' is opened by 11451@lur-ASUS-TUF-Gaming-F15-FX506HF-FX506HF

[2025-05-11 11:45:55 #2 type] 
Type domain.User is not enhanced.

[2025-05-11 11:45:55 #3 type] 
Type domain.Mugimendua is not enhanced.

[2025-05-11 11:45:56 #4 type] 
Type domain.Ride is not enhanced.

[2025-05-11 11:45:56 #5 type] 
Type domain.Driver is not enhanced.

[2025-05-11 11:45:56 #6 type] 
Type domain.Kotxe is not enhanced.

[2025-05-11 11:45:56 #7 type] 
Type domain.Traveler is not enhanced.

[2025-05-11 11:45:56 #8 type] 
Type domain.Erreserba is not enhanced.

[2025-05-11 11:45:56 #9 type] 
Type domain.Alerta is not enhanced.

[2025-05-11 11:45:56 #10 type] 
Type domain.Administratzailea is not enhanced.

------------------------------------------------------------------------------------------------------------------------

[2025-05-11 11:46:38 #1 store] 
Database '/home/lur/eclipse-workspace2/Rides24/src/main/resources/rides.temp' is opened by 11558@lur-ASUS-TUF-Gaming-F15-FX506HF-FX506HF

[2025-05-11 11:46:39 #2 type] 
Type domain.User is not enhanced.

[2025-05-11 11:46:39 #3 type] 
Type domain.Mugimendua is not enhanced.

[2025-05-11 11:46:39 #4 type] 
Type domain.Ride is not enhanced.

[2025-05-11 11:46:39 #5 type] 
Type domain.Driver is not enhanced.

[2025-05-11 11:46:39 #6 type] 
Type domain.Kotxe is not enhanced.

[2025-05-11 11:46:39 #7 type] 
Type domain.Traveler is not enhanced.

[2025-05-11 11:46:39 #8 type] 
Type domain.Erreserba is not enhanced.

[2025-05-11 11:46:39 #9 type] 
Type domain.Alerta is not enhanced.

[2025-05-11 11:46:39 #10 type] 
Type domain.Administratzailea is not enhanced.

------------------------------------------------------------------------------------------------------------------------

[2025-05-11 11:48:13 #1 store] 
Database '/home/lur/eclipse-workspace2/Rides24/src/main/resources/rides.temp' is opened by 11733@lur-ASUS-TUF-Gaming-F15-FX506HF-FX506HF

[2025-05-11 11:48:14 #2 type] 
Type domain.User is not enhanced.

[2025-05-11 11:48:14 #3 type] 
Type domain.Mugimendua is not enhanced.

[2025-05-11 11:48:14 #4 type] 
Type domain.Ride is not enhanced.

[2025-05-11 11:48:14 #5 type] 
Type domain.Driver is not enhanced.

[2025-05-11 11:48:14 #6 type] 
Type domain.Kotxe is not enhanced.

[2025-05-11 11:48:14 #7 type] 
Type domain.Traveler is not enhanced.

[2025-05-11 11:48:14 #8 type] 
Type domain.Erreserba is not enhanced.

[2025-05-11 11:48:14 #9 type] 
Type domain.Alerta is not enhanced.

[2025-05-11 11:48:14 #10 type] 
Type domain.Administratzailea is not enhanced.

------------------------------------------------------------------------------------------------------------------------

[2025-05-11 11:49:16 #1 store] 
Database '/home/lur/eclipse-workspace2/Rides24/src/main/resources/rides.temp' is opened by 11896@lur-ASUS-TUF-Gaming-F15-FX506HF-FX506HF

[2025-05-11 11:49:16 #2 type] 
Type domain.User is not enhanced.

[2025-05-11 11:49:16 #3 type] 
Type domain.Mugimendua is not enhanced.

[2025-05-11 11:49:16 #4 type] 
Type domain.Ride is not enhanced.

[2025-05-11 11:49:16 #5 type] 
Type domain.Driver is not enhanced.

[2025-05-11 11:49:16 #6 type] 
Type domain.Kotxe is not enhanced.

[2025-05-11 11:49:16 #7 type] 
Type domain.Traveler is not enhanced.

[2025-05-11 11:49:16 #8 type] 
Type domain.Erreserba is not enhanced.

[2025-05-11 11:49:16 #9 type] 
Type domain.Alerta is not enhanced.

[2025-05-11 11:49:16 #10 type] 
Type domain.Administratzailea is not enhanced.

------------------------------------------------------------------------------------------------------------------------

[2025-05-11 11:49:44 #1 store] 
Database '/home/lur/eclipse-workspace2/Rides24/src/main/resources/rides.temp' is opened by 11963@lur-ASUS-TUF-Gaming-F15-FX506HF-FX506HF

[2025-05-11 11:49:44 #2 type] 
Type domain.User is not enhanced.

[2025-05-11 11:49:44 #3 type] 
Type domain.Mugimendua is not enhanced.

[2025-05-11 11:49:44 #4 type] 
Type domain.Ride is not enhanced.

[2025-05-11 11:49:44 #5 type] 
Type domain.Driver is not enhanced.

[2025-05-11 11:49:44 #6 type] 
Type domain.Kotxe is not enhanced.

[2025-05-11 11:49:44 #7 type] 
Type domain.Traveler is not enhanced.

[2025-05-11 11:49:44 #8 type] 
Type domain.Erreserba is not enhanced.

[2025-05-11 11:49:44 #9 type] 
Type domain.Alerta is not enhanced.

[2025-05-11 11:49:44 #10 type] 
Type domain.Administratzailea is not enhanced.

------------------------------------------------------------------------------------------------------------------------

[2025-05-11 11:49:50 #1 store] 
Database '/home/lur/eclipse-workspace2/Rides24/src/main/resources/rides.temp' is opened by 12004@lur-ASUS-TUF-Gaming-F15-FX506HF-FX506HF

[2025-05-11 11:49:50 #2 type] 
Type domain.User is not enhanced.

[2025-05-11 11:49:50 #3 type] 
Type domain.Mugimendua is not enhanced.

[2025-05-11 11:49:50 #4 type] 
Type domain.Ride is not enhanced.

[2025-05-11 11:49:50 #5 type] 
Type domain.Driver is not enhanced.

[2025-05-11 11:49:50 #6 type] 
Type domain.Kotxe is not enhanced.

[2025-05-11 11:49:50 #7 type] 
Type domain.Traveler is not enhanced.

[2025-05-11 11:49:50 #8 type] 
Type domain.Erreserba is not enhanced.

[2025-05-11 11:49:50 #9 type] 
Type domain.Alerta is not enhanced.

[2025-05-11 11:49:50 #10 type] 
Type domain.Administratzailea is not enhanced.

------------------------------------------------------------------------------------------------------------------------

[2025-05-11 11:50:22 #1 store] 
Database '/home/lur/eclipse-workspace2/Rides24/src/main/resources/rides.temp' is opened by 12094@lur-ASUS-TUF-Gaming-F15-FX506HF-FX506HF

[2025-05-11 11:50:22 #2 type] 
Type domain.User is not enhanced.

[2025-05-11 11:50:22 #3 type] 
Type domain.Mugimendua is not enhanced.

[2025-05-11 11:50:22 #4 type] 
Type domain.Ride is not enhanced.

[2025-05-11 11:50:22 #5 type] 
Type domain.Driver is not enhanced.

[2025-05-11 11:50:22 #6 type] 
Type domain.Kotxe is not enhanced.

[2025-05-11 11:50:22 #7 type] 
Type domain.Traveler is not enhanced.

[2025-05-11 11:50:22 #8 type] 
Type domain.Erreserba is not enhanced.

[2025-05-11 11:50:22 #9 type] 
Type domain.Alerta is not enhanced.

[2025-05-11 11:50:22 #10 type] 
Type domain.Administratzailea is not enhanced.

------------------------------------------------------------------------------------------------------------------------

[2025-05-11 11:50:33 #1 store] 
Database '/home/lur/eclipse-workspace2/Rides24/src/main/resources/rides.temp' is opened by 12137@lur-ASUS-TUF-Gaming-F15-FX506HF-FX506HF

[2025-05-11 11:50:33 #2 type] 
Type domain.User is not enhanced.

[2025-05-11 11:50:33 #3 type] 
Type domain.Mugimendua is not enhanced.

[2025-05-11 11:50:33 #4 type] 
Type domain.Ride is not enhanced.

[2025-05-11 11:50:33 #5 type] 
Type domain.Driver is not enhanced.

[2025-05-11 11:50:33 #6 type] 
Type domain.Kotxe is not enhanced.

[2025-05-11 11:50:33 #7 type] 
Type domain.Traveler is not enhanced.

[2025-05-11 11:50:33 #8 type] 
Type domain.Erreserba is not enhanced.

[2025-05-11 11:50:33 #9 type] 
Type domain.Alerta is not enhanced.

[2025-05-11 11:50:33 #10 type] 
Type domain.Administratzailea is not enhanced.

------------------------------------------------------------------------------------------------------------------------

[2025-05-11 11:51:21 #1 store] 
Database '/home/lur/eclipse-workspace2/Rides24/src/main/resources/rides.temp' is opened by 12265@lur-ASUS-TUF-Gaming-F15-FX506HF-FX506HF

[2025-05-11 11:51:21 #2 type] 
Type domain.User is not enhanced.

[2025-05-11 11:51:21 #3 type] 
Type domain.Mugimendua is not enhanced.

[2025-05-11 11:51:21 #4 type] 
Type domain.Ride is not enhanced.

[2025-05-11 11:51:21 #5 type] 
Type domain.Driver is not enhanced.

[2025-05-11 11:51:21 #6 type] 
Type domain.Kotxe is not enhanced.

[2025-05-11 11:51:21 #7 type] 
Type domain.Traveler is not enhanced.

[2025-05-11 11:51:21 #8 type] 
Type domain.Erreserba is not enhanced.

[2025-05-11 11:51:21 #9 type] 
Type domain.Alerta is not enhanced.

[2025-05-11 11:51:21 #10 type] 
Type domain.Administratzailea is not enhanced.

------------------------------------------------------------------------------------------------------------------------

[2025-05-11 11:59:42 #1 store] 
Database '/home/lur/eclipse-workspace2/Rides24/src/main/resources/rides.temp' is opened by 12694@lur-ASUS-TUF-Gaming-F15-FX506HF-FX506HF

[2025-05-11 11:59:42 #2 type] 
Type domain.User is not enhanced.

[2025-05-11 11:59:42 #3 type] 
Type domain.Mugimendua is not enhanced.

[2025-05-11 11:59:42 #4 type] 
Type domain.Ride is not enhanced.

[2025-05-11 11:59:42 #5 type] 
Type domain.Driver is not enhanced.

[2025-05-11 11:59:42 #6 type] 
Type domain.Kotxe is not enhanced.

[2025-05-11 11:59:42 #7 type] 
Type domain.Traveler is not enhanced.

[2025-05-11 11:59:42 #8 type] 
Type domain.Erreserba is not enhanced.

[2025-05-11 11:59:42 #9 type] 
Type domain.Alerta is not enhanced.

[2025-05-11 11:59:42 #10 type] 
Type domain.Administratzailea is not enhanced.

[2025-05-11 11:59:42 #11 type] 
Type domain.Erreklamazio is not enhanced.

[2025-05-11 11:59:42 #12 type.registry] 
New type domain.Mezua

[2025-05-11 11:59:42 #13 type.registry] 
New type java.util.ArrayList<domain.Mezua>

------------------------------------------------------------------------------------------------------------------------

[2025-05-11 11:59:57 #1 store] 
Database '/home/lur/eclipse-workspace2/Rides24/src/main/resources/rides.temp' has been recovered (tr. 1274-1274)

[2025-05-11 11:59:57 #2 store] 
Database '/home/lur/eclipse-workspace2/Rides24/src/main/resources/rides.temp' is opened by 12750@lur-ASUS-TUF-Gaming-F15-FX506HF-FX506HF

[2025-05-11 11:59:57 #3 type] 
Type domain.User is not enhanced.

[2025-05-11 11:59:57 #4 type] 
Type domain.Mugimendua is not enhanced.

[2025-05-11 11:59:57 #5 type] 
Type domain.Ride is not enhanced.

[2025-05-11 11:59:57 #6 type] 
Type domain.Driver is not enhanced.

[2025-05-11 11:59:57 #7 type] 
Type domain.Kotxe is not enhanced.

[2025-05-11 11:59:57 #8 type] 
Type domain.Traveler is not enhanced.

[2025-05-11 11:59:57 #9 type] 
Type domain.Erreserba is not enhanced.

[2025-05-11 11:59:57 #10 type] 
Type domain.Alerta is not enhanced.

[2025-05-11 11:59:57 #11 type] 
Type domain.Administratzailea is not enhanced.

[2025-05-11 11:59:57 #12 type] 
Type domain.Erreklamazio is not enhanced.

------------------------------------------------------------------------------------------------------------------------

[2025-05-11 12:00:10 #1 store] 
Database '/home/lur/eclipse-workspace2/Rides24/src/main/resources/rides.temp' is opened by 12791@lur-ASUS-TUF-Gaming-F15-FX506HF-FX506HF

[2025-05-11 12:00:10 #2 type] 
Type domain.User is not enhanced.

[2025-05-11 12:00:10 #3 type] 
Type domain.Mugimendua is not enhanced.

[2025-05-11 12:00:10 #4 type] 
Type domain.Ride is not enhanced.

[2025-05-11 12:00:10 #5 type] 
Type domain.Driver is not enhanced.

[2025-05-11 12:00:10 #6 type] 
Type domain.Kotxe is not enhanced.

[2025-05-11 12:00:10 #7 type] 
Type domain.Traveler is not enhanced.

[2025-05-11 12:00:10 #8 type] 
Type domain.Erreserba is not enhanced.

[2025-05-11 12:00:10 #9 type] 
Type domain.Alerta is not enhanced.

[2025-05-11 12:00:10 #10 type] 
Type domain.Administratzailea is not enhanced.

[2025-05-11 12:00:10 #11 type] 
Type domain.Erreklamazio is not enhanced.

------------------------------------------------------------------------------------------------------------------------

[2025-05-11 12:01:39 #1 store] 
Database '/home/lur/eclipse-workspace2/Rides24/src/main/resources/rides.temp' is opened by 12935@lur-ASUS-TUF-Gaming-F15-FX506HF-FX506HF

[2025-05-11 12:01:39 #2 type] 
Type domain.User is not enhanced.

[2025-05-11 12:01:39 #3 type] 
Type domain.Mugimendua is not enhanced.

[2025-05-11 12:01:39 #4 type] 
Type domain.Ride is not enhanced.

[2025-05-11 12:01:39 #5 type] 
Type domain.Driver is not enhanced.

[2025-05-11 12:01:39 #6 type] 
Type domain.Kotxe is not enhanced.

[2025-05-11 12:01:39 #7 type] 
Type domain.Traveler is not enhanced.

[2025-05-11 12:01:39 #8 type] 
Type domain.Erreserba is not enhanced.

[2025-05-11 12:01:39 #9 type] 
Type domain.Balorazioa is not enhanced.

[2025-05-11 12:01:39 #10 type] 
Type domain.Alerta is not enhanced.

[2025-05-11 12:01:39 #11 type] 
Type domain.Administratzailea is not enhanced.

[2025-05-11 12:01:39 #12 type] 
Type domain.Erreklamazio is not enhanced.

------------------------------------------------------------------------------------------------------------------------

[2025-05-11 12:01:54 #1 store] 
Database '/home/lur/eclipse-workspace2/Rides24/src/main/resources/rides.temp' is opened by 13130@lur-ASUS-TUF-Gaming-F15-FX506HF-FX506HF

[2025-05-11 12:01:54 #2 type] 
Type domain.User is not enhanced.

[2025-05-11 12:01:54 #3 type] 
Type domain.Mugimendua is not enhanced.

[2025-05-11 12:01:54 #4 type] 
Type domain.Ride is not enhanced.

[2025-05-11 12:01:54 #5 type] 
Type domain.Driver is not enhanced.

[2025-05-11 12:01:54 #6 type] 
Type domain.Kotxe is not enhanced.

[2025-05-11 12:01:54 #7 type] 
Type domain.Traveler is not enhanced.

[2025-05-11 12:01:54 #8 type] 
Type domain.Erreserba is not enhanced.

[2025-05-11 12:01:54 #9 type] 
Type domain.Balorazioa is not enhanced.

[2025-05-11 12:01:54 #10 type] 
Type domain.Alerta is not enhanced.

[2025-05-11 12:01:54 #11 type] 
Type domain.Administratzailea is not enhanced.

[2025-05-11 12:01:54 #12 type] 
Type domain.Erreklamazio is not enhanced.

------------------------------------------------------------------------------------------------------------------------

[2025-05-11 12:01:57 #1 store] 
Database '/home/lur/eclipse-workspace2/Rides24/src/main/resources/rides.temp' is opened by 13169@lur-ASUS-TUF-Gaming-F15-FX506HF-FX506HF

[2025-05-11 12:01:57 #2 type] 
Type domain.User is not enhanced.

[2025-05-11 12:01:57 #3 type] 
Type domain.Mugimendua is not enhanced.

[2025-05-11 12:01:57 #4 type] 
Type domain.Ride is not enhanced.

[2025-05-11 12:01:57 #5 type] 
Type domain.Driver is not enhanced.

[2025-05-11 12:01:57 #6 type] 
Type domain.Kotxe is not enhanced.

[2025-05-11 12:01:57 #7 type] 
Type domain.Traveler is not enhanced.

[2025-05-11 12:01:57 #8 type] 
Type domain.Erreserba is not enhanced.

[2025-05-11 12:01:57 #9 type] 
Type domain.Balorazioa is not enhanced.

[2025-05-11 12:01:57 #10 type] 
Type domain.Alerta is not enhanced.

[2025-05-11 12:01:57 #11 type] 
Type domain.Administratzailea is not enhanced.

[2025-05-11 12:01:57 #12 type] 
Type domain.Erreklamazio is not enhanced.

------------------------------------------------------------------------------------------------------------------------

[2025-05-11 12:23:22 #1 store] 
Database '/home/lur/eclipse-workspace2/Rides24/src/main/resources/rides.temp' is opened by 15174@lur-ASUS-TUF-Gaming-F15-FX506HF-FX506HF

[2025-05-11 12:23:22 #2 type] 
Type domain.User is not enhanced.

[2025-05-11 12:23:22 #3 type] 
Type domain.Mugimendua is not enhanced.

[2025-05-11 12:23:22 #4 type] 
Type domain.Ride is not enhanced.

[2025-05-11 12:23:22 #5 type] 
Type domain.Driver is not enhanced.

[2025-05-11 12:23:22 #6 type] 
Type domain.Kotxe is not enhanced.

[2025-05-11 12:23:22 #7 type] 
Type domain.Traveler is not enhanced.

[2025-05-11 12:23:22 #8 type] 
Type domain.Erreserba is not enhanced.

[2025-05-11 12:23:22 #9 type] 
Type domain.Balorazioa is not enhanced.

[2025-05-11 12:23:22 #10 type] 
Type domain.Alerta is not enhanced.

[2025-05-11 12:23:22 #11 type] 
Type domain.Administratzailea is not enhanced.

[2025-05-11 12:23:22 #12 type] 
Type domain.Erreklamazio is not enhanced.

------------------------------------------------------------------------------------------------------------------------

[2025-05-11 12:23:35 #1 store] 
Database '/home/lur/eclipse-workspace2/Rides24/src/main/resources/rides.temp' is opened by 15398@lur-ASUS-TUF-Gaming-F15-FX506HF-FX506HF

[2025-05-11 12:23:35 #2 type] 
Type domain.User is not enhanced.

[2025-05-11 12:23:35 #3 type] 
Type domain.Mugimendua is not enhanced.

[2025-05-11 12:23:35 #4 type] 
Type domain.Ride is not enhanced.

[2025-05-11 12:23:35 #5 type] 
Type domain.Driver is not enhanced.

[2025-05-11 12:23:35 #6 type] 
Type domain.Kotxe is not enhanced.

[2025-05-11 12:23:35 #7 type] 
Type domain.Traveler is not enhanced.

[2025-05-11 12:23:35 #8 type] 
Type domain.Erreserba is not enhanced.

[2025-05-11 12:23:35 #9 type] 
Type domain.Balorazioa is not enhanced.

[2025-05-11 12:23:35 #10 type] 
Type domain.Alerta is not enhanced.

[2025-05-11 12:23:35 #11 type] 
Type domain.Administratzailea is not enhanced.

[2025-05-11 12:23:35 #12 type] 
Type domain.Erreklamazio is not enhanced.

------------------------------------------------------------------------------------------------------------------------

[2025-05-11 12:24:25 #1 store] 
Database '/home/lur/eclipse-workspace2/Rides24/src/main/resources/rides.temp' is opened by 15562@lur-ASUS-TUF-Gaming-F15-FX506HF-FX506HF

[2025-05-11 12:24:25 #2 type] 
Type domain.User is not enhanced.

[2025-05-11 12:24:25 #3 type] 
Type domain.Mugimendua is not enhanced.

[2025-05-11 12:24:25 #4 type] 
Type domain.Ride is not enhanced.

[2025-05-11 12:24:25 #5 type] 
Type domain.Driver is not enhanced.

[2025-05-11 12:24:25 #6 type] 
Type domain.Kotxe is not enhanced.

[2025-05-11 12:24:25 #7 type] 
Type domain.Traveler is not enhanced.

[2025-05-11 12:24:25 #8 type] 
Type domain.Erreserba is not enhanced.

[2025-05-11 12:24:25 #9 type] 
Type domain.Balorazioa is not enhanced.

[2025-05-11 12:24:25 #10 type] 
Type domain.Alerta is not enhanced.

[2025-05-11 12:24:25 #11 type] 
Type domain.Administratzailea is not enhanced.

[2025-05-11 12:24:25 #12 type] 
Type domain.Erreklamazio is not enhanced.

