------------------------------------------------------------------------------------------------------------------------

[2025-10-06 18:26:42 #1 store] 
Database '/home/lur/eclipse-workspace/Rides23/src/main/resources/rides.temp' has been recovered (tr. 3394-3396)

[2025-10-06 18:26:42 #2 store] 
Database '/home/lur/eclipse-workspace/Rides23/src/main/resources/rides.temp' is opened by 15811@lur-ASUS-TUF-Gaming-F15-FX506HF-FX506HF

[2025-10-06 18:26:59 #3 store] 
Database '/home/lur/eclipse-workspace/Rides23/src/main/resources/rides.temp' is closed by 15811@lur-ASUS-TUF-Gaming-F15-FX506HF-FX506HF

------------------------------------------------------------------------------------------------------------------------

[2025-10-06 18:27:31 #1 store] 
Database '/home/lur/eclipse-workspace/Rides23/src/main/resources/rides.temp' has been recovered (tr. 3402-3404)

[2025-10-06 18:27:31 #2 store] 
Database '/home/lur/eclipse-workspace/Rides23/src/main/resources/rides.temp' is opened by 15976@lur-ASUS-TUF-Gaming-F15-FX506HF-FX506HF

[2025-10-06 18:27:39 #3 store] 
Database '/home/lur/eclipse-workspace/Rides23/src/main/resources/rides.temp' is closed by 15976@lur-ASUS-TUF-Gaming-F15-FX506HF-FX506HF

------------------------------------------------------------------------------------------------------------------------

[2025-10-06 18:29:07 #1 store] 
Database '/home/lur/eclipse-workspace/Rides23/src/main/resources/rides.temp' has been recovered (tr. 3418-3419)

[2025-10-06 18:29:07 #2 store] 
Database '/home/lur/eclipse-workspace/Rides23/src/main/resources/rides.temp' is opened by 16345@lur-ASUS-TUF-Gaming-F15-FX506HF-FX506HF

[2025-10-06 18:29:13 #3 store] 
Database '/home/lur/eclipse-workspace/Rides23/src/main/resources/rides.temp' is closed by 16345@lur-ASUS-TUF-Gaming-F15-FX506HF-FX506HF

------------------------------------------------------------------------------------------------------------------------

[2025-10-06 18:31:04 #1 store] 
Database '/home/lur/eclipse-workspace/Rides23/src/main/resources/rides.temp' has been recovered (tr. 3436-3437)

[2025-10-06 18:31:04 #2 store] 
Database '/home/lur/eclipse-workspace/Rides23/src/main/resources/rides.temp' is opened by 16682@lur-ASUS-TUF-Gaming-F15-FX506HF-FX506HF

[2025-10-06 18:31:13 #3 store] 
Database '/home/lur/eclipse-workspace/Rides23/src/main/resources/rides.temp' is closed by 16682@lur-ASUS-TUF-Gaming-F15-FX506HF-FX506HF

