------------------------------------------------------------------------------------------------------------------------

[2025-09-13 13:00:52 #1 store] 
Database '/home/lur/eclipse-workspace2/Rides24/src/main/resources/rides.temp' is opened by 6052@lur-ASUS-TUF-Gaming-F15-FX506HF-FX506HF

[2025-09-13 13:00:52 #2 type] 
Type domain.User is not enhanced.

[2025-09-13 13:00:52 #3 type] 
Type domain.Mugimendua is not enhanced.

[2025-09-13 13:00:52 #4 type] 
Type domain.Ride is not enhanced.

[2025-09-13 13:00:52 #5 type] 
Type domain.Driver is not enhanced.

[2025-09-13 13:00:52 #6 type] 
Type domain.Kotxe is not enhanced.

[2025-09-13 13:00:52 #7 type] 
Type domain.Traveler is not enhanced.

[2025-09-13 13:00:52 #8 type] 
Type domain.Erreserba is not enhanced.

[2025-09-13 13:00:52 #9 type] 
Type domain.Balorazioa is not enhanced.

[2025-09-13 13:00:52 #10 type] 
Type domain.Alerta is not enhanced.

[2025-09-13 13:00:52 #11 type] 
Type domain.Erreklamazio is not enhanced.

[2025-09-13 13:00:52 #12 type] 
Type domain.Mezua is not enhanced.

------------------------------------------------------------------------------------------------------------------------

[2025-09-13 13:04:56 #1 store] 
Database '/home/lur/eclipse-workspace2/Rides24/src/main/resources/rides.temp' is opened by 6181@lur-ASUS-TUF-Gaming-F15-FX506HF-FX506HF

[2025-09-13 13:04:56 #2 type] 
Type domain.User is not enhanced.

[2025-09-13 13:04:56 #3 type] 
Type domain.Mugimendua is not enhanced.

[2025-09-13 13:04:56 #4 type] 
Type domain.Ride is not enhanced.

[2025-09-13 13:04:56 #5 type] 
Type domain.Driver is not enhanced.

[2025-09-13 13:04:56 #6 type] 
Type domain.Kotxe is not enhanced.

[2025-09-13 13:04:56 #7 type] 
Type domain.Traveler is not enhanced.

[2025-09-13 13:04:56 #8 type] 
Type domain.Erreserba is not enhanced.

[2025-09-13 13:04:56 #9 type] 
Type domain.Balorazioa is not enhanced.

[2025-09-13 13:04:56 #10 type] 
Type domain.Alerta is not enhanced.

[2025-09-13 13:04:56 #11 type] 
Type domain.Erreklamazio is not enhanced.

[2025-09-13 13:04:56 #12 type] 
Type domain.Mezua is not enhanced.

------------------------------------------------------------------------------------------------------------------------

[2025-09-13 18:03:47 #1 store] 
Database '/home/lur/eclipse-workspace2/Rides24/src/main/resources/rides.temp' is opened by 19946@lur-ASUS-TUF-Gaming-F15-FX506HF-FX506HF

[2025-09-13 18:03:47 #2 type] 
Type domain.User is not enhanced.

[2025-09-13 18:03:47 #3 type] 
Type domain.Mugimendua is not enhanced.

[2025-09-13 18:03:47 #4 type] 
Type domain.Ride is not enhanced.

[2025-09-13 18:03:47 #5 type] 
Type domain.Driver is not enhanced.

[2025-09-13 18:03:47 #6 type] 
Type domain.Kotxe is not enhanced.

[2025-09-13 18:03:47 #7 type] 
Type domain.Traveler is not enhanced.

[2025-09-13 18:03:47 #8 type] 
Type domain.Erreserba is not enhanced.

[2025-09-13 18:03:47 #9 type] 
Type domain.Balorazioa is not enhanced.

[2025-09-13 18:03:47 #10 type] 
Type domain.Alerta is not enhanced.

[2025-09-13 18:03:47 #11 type] 
Type domain.Erreklamazio is not enhanced.

[2025-09-13 18:03:47 #12 type] 
Type domain.Mezua is not enhanced.

