------------------------------------------------------------------------------------------------------------------------

[2025-10-02 21:32:03 #1 store] 
Database '/home/lur/Lur/EHU/3.URTEA/SI2/GITHUB/proiektu/src/main/resources/rides.temp' has been recovered (tr. 3225-3226)

[2025-10-02 21:32:03 #2 store] 
Database '/home/lur/Lur/EHU/3.URTEA/SI2/GITHUB/proiektu/src/main/resources/rides.temp' is opened by 5147@lur-ASUS-TUF-Gaming-F15-FX506HF-FX506HF

[2025-10-02 21:32:03 #3 type] 
Type domain.User is not enhanced.

[2025-10-02 21:32:03 #4 type] 
Type domain.Mugimendua is not enhanced.

[2025-10-02 21:32:03 #5 type] 
Type domain.Ride is not enhanced.

[2025-10-02 21:32:03 #6 type] 
Type domain.Driver is not enhanced.

[2025-10-02 21:32:03 #7 type] 
Type domain.Kotxe is not enhanced.

[2025-10-02 21:32:03 #8 type] 
Type domain.Traveler is not enhanced.

[2025-10-02 21:32:03 #9 type] 
Type domain.Erreserba is not enhanced.

[2025-10-02 21:32:03 #10 type] 
Type domain.Balorazioa is not enhanced.

[2025-10-02 21:32:03 #11 type] 
Type domain.Alerta is not enhanced.

[2025-10-02 21:32:03 #12 type] 
Type domain.Erreklamazio is not enhanced.

[2025-10-02 21:32:03 #13 type] 
Type domain.Mezua is not enhanced.

------------------------------------------------------------------------------------------------------------------------

[2025-10-02 21:32:09 #1 store] 
Database '/home/lur/Lur/EHU/3.URTEA/SI2/GITHUB/proiektu/src/main/resources/rides.temp' has been recovered (tr. 3227-3243)

[2025-10-02 21:32:09 #2 store] 
Database '/home/lur/Lur/EHU/3.URTEA/SI2/GITHUB/proiektu/src/main/resources/rides.temp' is opened by 5188@lur-ASUS-TUF-Gaming-F15-FX506HF-FX506HF

[2025-10-02 21:32:09 #3 type] 
Type domain.User is not enhanced.

[2025-10-02 21:32:09 #4 type] 
Type domain.Mugimendua is not enhanced.

[2025-10-02 21:32:09 #5 type] 
Type domain.Ride is not enhanced.

[2025-10-02 21:32:09 #6 type] 
Type domain.Driver is not enhanced.

[2025-10-02 21:32:09 #7 type] 
Type domain.Kotxe is not enhanced.

[2025-10-02 21:32:09 #8 type] 
Type domain.Traveler is not enhanced.

[2025-10-02 21:32:09 #9 type] 
Type domain.Erreserba is not enhanced.

[2025-10-02 21:32:09 #10 type] 
Type domain.Balorazioa is not enhanced.

[2025-10-02 21:32:09 #11 type] 
Type domain.Alerta is not enhanced.

[2025-10-02 21:32:09 #12 type] 
Type domain.Erreklamazio is not enhanced.

[2025-10-02 21:32:09 #13 type] 
Type domain.Mezua is not enhanced.

------------------------------------------------------------------------------------------------------------------------

[2025-10-02 21:37:46 #1 store] 
Database '/home/lur/Lur/EHU/3.URTEA/SI2/GITHUB/proiektu/src/main/resources/rides.temp' has been recovered (tr. 3244-3265)

[2025-10-02 21:37:46 #2 store] 
Database '/home/lur/Lur/EHU/3.URTEA/SI2/GITHUB/proiektu/src/main/resources/rides.temp' is opened by 5503@lur-ASUS-TUF-Gaming-F15-FX506HF-FX506HF

[2025-10-02 21:37:46 #3 type] 
Type domain.User is not enhanced.

[2025-10-02 21:37:46 #4 type] 
Type domain.Mugimendua is not enhanced.

[2025-10-02 21:37:46 #5 type] 
Type domain.Ride is not enhanced.

[2025-10-02 21:37:46 #6 type] 
Type domain.Driver is not enhanced.

[2025-10-02 21:37:46 #7 type] 
Type domain.Kotxe is not enhanced.

[2025-10-02 21:37:46 #8 type] 
Type domain.Traveler is not enhanced.

[2025-10-02 21:37:46 #9 type] 
Type domain.Erreserba is not enhanced.

[2025-10-02 21:37:46 #10 type] 
Type domain.Balorazioa is not enhanced.

[2025-10-02 21:37:46 #11 type] 
Type domain.Alerta is not enhanced.

[2025-10-02 21:37:46 #12 type] 
Type domain.Erreklamazio is not enhanced.

[2025-10-02 21:37:46 #13 type] 
Type domain.Mezua is not enhanced.

