------------------------------------------------------------------------------------------------------------------------

[2025-09-26 17:00:32 #1 store] 
Database '/home/lur/eclipse-workspace/Rides24/src/main/resources/rides.temp' is opened by 6995@lur-ASUS-TUF-Gaming-F15-FX506HF-FX506HF

[2025-09-26 17:00:33 #2 type] 
Type domain.User is not enhanced.

[2025-09-26 17:00:33 #3 type] 
Type domain.Mugimendua is not enhanced.

[2025-09-26 17:00:33 #4 type] 
Type domain.Ride is not enhanced.

[2025-09-26 17:00:33 #5 type] 
Type domain.Driver is not enhanced.

[2025-09-26 17:00:33 #6 type] 
Type domain.Kotxe is not enhanced.

[2025-09-26 17:00:33 #7 type] 
Type domain.Traveler is not enhanced.

[2025-09-26 17:00:33 #8 type] 
Type domain.Erreserba is not enhanced.

[2025-09-26 17:00:33 #9 type] 
Type domain.Balorazioa is not enhanced.

[2025-09-26 17:00:33 #10 type] 
Type domain.Alerta is not enhanced.

[2025-09-26 17:00:33 #11 type] 
Type domain.Erreklamazio is not enhanced.

[2025-09-26 17:00:33 #12 type] 
Type domain.Mezua is not enhanced.

------------------------------------------------------------------------------------------------------------------------

[2025-09-26 18:36:37 #1 store] 
Database '/home/lur/eclipse-workspace/Rides24/src/main/resources/rides.temp' is opened by 19257@lur-ASUS-TUF-Gaming-F15-FX506HF-FX506HF

[2025-09-26 18:36:37 #2 type] 
Type domain.User is not enhanced.

[2025-09-26 18:36:37 #3 type] 
Type domain.Mugimendua is not enhanced.

[2025-09-26 18:36:37 #4 type] 
Type domain.Ride is not enhanced.

[2025-09-26 18:36:37 #5 type] 
Type domain.Driver is not enhanced.

[2025-09-26 18:36:37 #6 type] 
Type domain.Kotxe is not enhanced.

[2025-09-26 18:36:37 #7 type] 
Type domain.Traveler is not enhanced.

[2025-09-26 18:36:37 #8 type] 
Type domain.Erreserba is not enhanced.

[2025-09-26 18:36:37 #9 type] 
Type domain.Balorazioa is not enhanced.

[2025-09-26 18:36:37 #10 type] 
Type domain.Alerta is not enhanced.

[2025-09-26 18:36:37 #11 type] 
Type domain.Erreklamazio is not enhanced.

[2025-09-26 18:36:37 #12 type] 
Type domain.Mezua is not enhanced.

[2025-09-26 18:36:46 #13 type.registry] 
New type java.util.ArrayList<domain.Kotxe>

