------------------------------------------------------------------------------------------------------------------------

[2025-10-01 12:13:32 #1 store] 
Database '/home/lur/Lur/EHU/3.URTEA/SI2/GITHUB/proiektu/src/main/resources/rides.temp' is opened by 3799@lur-ASUS-TUF-Gaming-F15-FX506HF-FX506HF

[2025-10-01 12:13:32 #2 type] 
Type domain.User is not enhanced.

[2025-10-01 12:13:32 #3 type] 
Type domain.Mugimendua is not enhanced.

[2025-10-01 12:13:32 #4 type] 
Type domain.Ride is not enhanced.

[2025-10-01 12:13:32 #5 type] 
Type domain.Driver is not enhanced.

[2025-10-01 12:13:32 #6 type] 
Type domain.Kotxe is not enhanced.

[2025-10-01 12:13:32 #7 type] 
Type domain.Traveler is not enhanced.

[2025-10-01 12:13:32 #8 type] 
Type domain.Erreserba is not enhanced.

[2025-10-01 12:13:32 #9 type] 
Type domain.Balorazioa is not enhanced.

[2025-10-01 12:13:32 #10 type] 
Type domain.Alerta is not enhanced.

[2025-10-01 12:13:32 #11 type] 
Type domain.Erreklamazio is not enhanced.

[2025-10-01 12:13:32 #12 type] 
Type domain.Mezua is not enhanced.

------------------------------------------------------------------------------------------------------------------------

[2025-10-01 12:21:55 #1 store] 
Database '/home/lur/Lur/EHU/3.URTEA/SI2/GITHUB/proiektu/src/main/resources/rides.temp' has been recovered (tr. 3091-3112)

[2025-10-01 12:21:55 #2 store] 
Database '/home/lur/Lur/EHU/3.URTEA/SI2/GITHUB/proiektu/src/main/resources/rides.temp' is opened by 4684@lur-ASUS-TUF-Gaming-F15-FX506HF-FX506HF

[2025-10-01 12:21:55 #3 type] 
Type domain.User is not enhanced.

[2025-10-01 12:21:55 #4 type] 
Type domain.Mugimendua is not enhanced.

[2025-10-01 12:21:55 #5 type] 
Type domain.Ride is not enhanced.

[2025-10-01 12:21:55 #6 type] 
Type domain.Driver is not enhanced.

[2025-10-01 12:21:55 #7 type] 
Type domain.Kotxe is not enhanced.

[2025-10-01 12:21:55 #8 type] 
Type domain.Traveler is not enhanced.

[2025-10-01 12:21:55 #9 type] 
Type domain.Erreserba is not enhanced.

[2025-10-01 12:21:55 #10 type] 
Type domain.Balorazioa is not enhanced.

[2025-10-01 12:21:55 #11 type] 
Type domain.Alerta is not enhanced.

[2025-10-01 12:21:55 #12 type] 
Type domain.Erreklamazio is not enhanced.

[2025-10-01 12:21:55 #13 type] 
Type domain.Mezua is not enhanced.

------------------------------------------------------------------------------------------------------------------------

[2025-10-01 13:12:30 #1 store] 
Database '/home/lur/Lur/EHU/3.URTEA/SI2/GITHUB/proiektu/src/main/resources/rides.temp' has been recovered (tr. 3113-3129)

[2025-10-01 13:12:30 #2 store] 
Database '/home/lur/Lur/EHU/3.URTEA/SI2/GITHUB/proiektu/src/main/resources/rides.temp' is opened by 8560@lur-ASUS-TUF-Gaming-F15-FX506HF-FX506HF

[2025-10-01 13:12:30 #3 type] 
Type domain.User is not enhanced.

[2025-10-01 13:12:30 #4 type] 
Type domain.Mugimendua is not enhanced.

[2025-10-01 13:12:30 #5 type] 
Type domain.Ride is not enhanced.

[2025-10-01 13:12:30 #6 type] 
Type domain.Driver is not enhanced.

[2025-10-01 13:12:30 #7 type] 
Type domain.Kotxe is not enhanced.

[2025-10-01 13:12:30 #8 type] 
Type domain.Traveler is not enhanced.

[2025-10-01 13:12:30 #9 type] 
Type domain.Erreserba is not enhanced.

[2025-10-01 13:12:30 #10 type] 
Type domain.Balorazioa is not enhanced.

[2025-10-01 13:12:30 #11 type] 
Type domain.Alerta is not enhanced.

[2025-10-01 13:12:30 #12 type] 
Type domain.Erreklamazio is not enhanced.

[2025-10-01 13:12:30 #13 type] 
Type domain.Mezua is not enhanced.

------------------------------------------------------------------------------------------------------------------------

[2025-10-01 17:59:57 #1 store] 
Database '/home/lur/Lur/EHU/3.URTEA/SI2/GITHUB/proiektu/src/main/resources/rides.temp' has been recovered (tr. 3130-3168)

[2025-10-01 17:59:57 #2 store] 
Database '/home/lur/Lur/EHU/3.URTEA/SI2/GITHUB/proiektu/src/main/resources/rides.temp' is opened by 5219@lur-ASUS-TUF-Gaming-F15-FX506HF-FX506HF

[2025-10-01 17:59:57 #3 type] 
Type domain.User is not enhanced.

[2025-10-01 17:59:57 #4 type] 
Type domain.Mugimendua is not enhanced.

[2025-10-01 17:59:57 #5 type] 
Type domain.Ride is not enhanced.

[2025-10-01 17:59:57 #6 type] 
Type domain.Driver is not enhanced.

[2025-10-01 17:59:57 #7 type] 
Type domain.Kotxe is not enhanced.

[2025-10-01 17:59:57 #8 type] 
Type domain.Traveler is not enhanced.

[2025-10-01 17:59:57 #9 type] 
Type domain.Erreserba is not enhanced.

[2025-10-01 17:59:57 #10 type] 
Type domain.Balorazioa is not enhanced.

[2025-10-01 17:59:57 #11 type] 
Type domain.Alerta is not enhanced.

[2025-10-01 17:59:57 #12 type] 
Type domain.Erreklamazio is not enhanced.

[2025-10-01 17:59:57 #13 type] 
Type domain.Mezua is not enhanced.

------------------------------------------------------------------------------------------------------------------------

[2025-10-01 20:11:14 #1 store] 
Database '/home/lur/Lur/EHU/3.URTEA/SI2/GITHUB/proiektu/src/main/resources/rides.temp' has been recovered (tr. 3169-3185)

[2025-10-01 20:11:14 #2 store] 
Database '/home/lur/Lur/EHU/3.URTEA/SI2/GITHUB/proiektu/src/main/resources/rides.temp' is opened by 13871@lur-ASUS-TUF-Gaming-F15-FX506HF-FX506HF

[2025-10-01 20:11:14 #3 type] 
Type domain.User is not enhanced.

[2025-10-01 20:11:14 #4 type] 
Type domain.Mugimendua is not enhanced.

[2025-10-01 20:11:14 #5 type] 
Type domain.Ride is not enhanced.

[2025-10-01 20:11:14 #6 type] 
Type domain.Driver is not enhanced.

[2025-10-01 20:11:14 #7 type] 
Type domain.Kotxe is not enhanced.

[2025-10-01 20:11:14 #8 type] 
Type domain.Traveler is not enhanced.

[2025-10-01 20:11:14 #9 type] 
Type domain.Erreserba is not enhanced.

[2025-10-01 20:11:14 #10 type] 
Type domain.Balorazioa is not enhanced.

[2025-10-01 20:11:14 #11 type] 
Type domain.Alerta is not enhanced.

[2025-10-01 20:11:14 #12 type] 
Type domain.Erreklamazio is not enhanced.

[2025-10-01 20:11:14 #13 type] 
Type domain.Mezua is not enhanced.

------------------------------------------------------------------------------------------------------------------------

[2025-10-01 20:33:20 #1 store] 
Database '/home/lur/Lur/EHU/3.URTEA/SI2/GITHUB/proiektu/src/main/resources/rides.temp' has been recovered (tr. 3186-3202)

[2025-10-01 20:33:20 #2 store] 
Database '/home/lur/Lur/EHU/3.URTEA/SI2/GITHUB/proiektu/src/main/resources/rides.temp' is opened by 16038@lur-ASUS-TUF-Gaming-F15-FX506HF-FX506HF

[2025-10-01 20:33:20 #3 type] 
Type domain.User is not enhanced.

[2025-10-01 20:33:20 #4 type] 
Type domain.Mugimendua is not enhanced.

[2025-10-01 20:33:20 #5 type] 
Type domain.Ride is not enhanced.

[2025-10-01 20:33:20 #6 type] 
Type domain.Driver is not enhanced.

[2025-10-01 20:33:20 #7 type] 
Type domain.Kotxe is not enhanced.

[2025-10-01 20:33:20 #8 type] 
Type domain.Traveler is not enhanced.

[2025-10-01 20:33:20 #9 type] 
Type domain.Erreserba is not enhanced.

[2025-10-01 20:33:20 #10 type] 
Type domain.Balorazioa is not enhanced.

[2025-10-01 20:33:20 #11 type] 
Type domain.Alerta is not enhanced.

[2025-10-01 20:33:20 #12 type] 
Type domain.Erreklamazio is not enhanced.

[2025-10-01 20:33:20 #13 type] 
Type domain.Mezua is not enhanced.

------------------------------------------------------------------------------------------------------------------------

[2025-10-01 20:43:58 #1 store] 
Database '/home/lur/Lur/EHU/3.URTEA/SI2/GITHUB/proiektu/src/main/resources/rides.temp' has been recovered (tr. 3203-3224)

[2025-10-01 20:43:58 #2 store] 
Database '/home/lur/Lur/EHU/3.URTEA/SI2/GITHUB/proiektu/src/main/resources/rides.temp' is opened by 17146@lur-ASUS-TUF-Gaming-F15-FX506HF-FX506HF

[2025-10-01 20:43:59 #3 type] 
Type domain.User is not enhanced.

[2025-10-01 20:43:59 #4 type] 
Type domain.Mugimendua is not enhanced.

[2025-10-01 20:43:59 #5 type] 
Type domain.Ride is not enhanced.

[2025-10-01 20:43:59 #6 type] 
Type domain.Driver is not enhanced.

[2025-10-01 20:43:59 #7 type] 
Type domain.Kotxe is not enhanced.

[2025-10-01 20:43:59 #8 type] 
Type domain.Traveler is not enhanced.

[2025-10-01 20:43:59 #9 type] 
Type domain.Erreserba is not enhanced.

[2025-10-01 20:43:59 #10 type] 
Type domain.Balorazioa is not enhanced.

[2025-10-01 20:43:59 #11 type] 
Type domain.Alerta is not enhanced.

[2025-10-01 20:43:59 #12 type] 
Type domain.Erreklamazio is not enhanced.

[2025-10-01 20:43:59 #13 type] 
Type domain.Mezua is not enhanced.

