------------------------------------------------------------------------------------------------------------------------

[2025-10-22 09:49:46 #1 store] 
Database '/home/lur/Lur/EHU/3.URTEA/SI2/GITHUB/proiektu/proiektu/src/main/resources/rides.temp' is opened by 7111@lur-ASUS-TUF-Gaming-F15-FX506HF-FX506HF

[2025-10-22 09:49:46 #2 type] 
Type domain.User is not enhanced.

[2025-10-22 09:49:46 #3 type] 
Type domain.Erreklamazio is not enhanced.

[2025-10-22 09:49:46 #4 type] 
Type domain.Balorazioa is not enhanced.

[2025-10-22 09:49:46 #5 type] 
Type domain.Mugimendua is not enhanced.

[2025-10-22 09:49:46 #6 type] 
Type domain.Ride is not enhanced.

[2025-10-22 09:49:46 #7 type] 
Type domain.Mezua is not enhanced.

[2025-10-22 09:49:46 #8 type] 
Type domain.Driver is not enhanced.

[2025-10-22 09:49:46 #9 type] 
Type domain.Kotxe is not enhanced.

[2025-10-22 09:49:46 #10 type] 
Type domain.Traveler is not enhanced.

[2025-10-22 09:49:46 #11 type] 
Type domain.Alerta is not enhanced.

[2025-10-22 09:49:46 #12 type] 
Type domain.Erreserba is not enhanced.

------------------------------------------------------------------------------------------------------------------------

[2025-10-22 09:56:19 #1 store] 
Database '/home/lur/Lur/EHU/3.URTEA/SI2/GITHUB/proiektu/proiektu/src/main/resources/rides.temp' has been recovered (tr. 428-479)

[2025-10-22 09:56:19 #2 store] 
Database '/home/lur/Lur/EHU/3.URTEA/SI2/GITHUB/proiektu/proiektu/src/main/resources/rides.temp' is opened by 7439@lur-ASUS-TUF-Gaming-F15-FX506HF-FX506HF

[2025-10-22 09:56:19 #3 type] 
Type domain.User is not enhanced.

[2025-10-22 09:56:19 #4 type] 
Type domain.Erreklamazio is not enhanced.

[2025-10-22 09:56:19 #5 type] 
Type domain.Balorazioa is not enhanced.

[2025-10-22 09:56:19 #6 type] 
Type domain.Mugimendua is not enhanced.

[2025-10-22 09:56:19 #7 type] 
Type domain.Ride is not enhanced.

[2025-10-22 09:56:19 #8 type] 
Type domain.Mezua is not enhanced.

[2025-10-22 09:56:19 #9 type] 
Type domain.Driver is not enhanced.

[2025-10-22 09:56:19 #10 type] 
Type domain.Kotxe is not enhanced.

[2025-10-22 09:56:19 #11 type] 
Type domain.Traveler is not enhanced.

[2025-10-22 09:56:19 #12 type] 
Type domain.Alerta is not enhanced.

[2025-10-22 09:56:19 #13 type] 
Type domain.Erreserba is not enhanced.

------------------------------------------------------------------------------------------------------------------------

[2025-10-22 09:56:53 #1 store] 
Database '/home/lur/Lur/EHU/3.URTEA/SI2/GITHUB/proiektu/proiektu/src/main/resources/rides.temp' has been recovered (tr. 480-530)

[2025-10-22 09:56:53 #2 store] 
Database '/home/lur/Lur/EHU/3.URTEA/SI2/GITHUB/proiektu/proiektu/src/main/resources/rides.temp' is opened by 7522@lur-ASUS-TUF-Gaming-F15-FX506HF-FX506HF

[2025-10-22 09:56:54 #3 type] 
Type domain.User is not enhanced.

[2025-10-22 09:56:54 #4 type] 
Type domain.Erreklamazio is not enhanced.

[2025-10-22 09:56:54 #5 type] 
Type domain.Balorazioa is not enhanced.

[2025-10-22 09:56:54 #6 type] 
Type domain.Mugimendua is not enhanced.

[2025-10-22 09:56:54 #7 type] 
Type domain.Ride is not enhanced.

[2025-10-22 09:56:54 #8 type] 
Type domain.Mezua is not enhanced.

[2025-10-22 09:56:54 #9 type] 
Type domain.Driver is not enhanced.

[2025-10-22 09:56:54 #10 type] 
Type domain.Kotxe is not enhanced.

[2025-10-22 09:56:54 #11 type] 
Type domain.Traveler is not enhanced.

[2025-10-22 09:56:54 #12 type] 
Type domain.Alerta is not enhanced.

[2025-10-22 09:56:54 #13 type] 
Type domain.Erreserba is not enhanced.

------------------------------------------------------------------------------------------------------------------------

[2025-10-22 10:00:14 #1 store] 
Database '/home/lur/Lur/EHU/3.URTEA/SI2/GITHUB/proiektu/proiektu/src/main/resources/rides.temp' has been recovered (tr. 531-581)

[2025-10-22 10:00:14 #2 store] 
Database '/home/lur/Lur/EHU/3.URTEA/SI2/GITHUB/proiektu/proiektu/src/main/resources/rides.temp' is opened by 7973@lur-ASUS-TUF-Gaming-F15-FX506HF-FX506HF

[2025-10-22 10:00:14 #3 type] 
Type domain.User is not enhanced.

[2025-10-22 10:00:14 #4 type] 
Type domain.Erreklamazio is not enhanced.

[2025-10-22 10:00:14 #5 type] 
Type domain.Balorazioa is not enhanced.

[2025-10-22 10:00:14 #6 type] 
Type domain.Mugimendua is not enhanced.

[2025-10-22 10:00:14 #7 type] 
Type domain.Ride is not enhanced.

[2025-10-22 10:00:14 #8 type] 
Type domain.Mezua is not enhanced.

[2025-10-22 10:00:14 #9 type] 
Type domain.Driver is not enhanced.

[2025-10-22 10:00:14 #10 type] 
Type domain.Kotxe is not enhanced.

[2025-10-22 10:00:14 #11 type] 
Type domain.Traveler is not enhanced.

[2025-10-22 10:00:14 #12 type] 
Type domain.Alerta is not enhanced.

[2025-10-22 10:00:14 #13 type] 
Type domain.Erreserba is not enhanced.

------------------------------------------------------------------------------------------------------------------------

[2025-10-22 10:02:26 #1 store] 
Database '/home/lur/Lur/EHU/3.URTEA/SI2/GITHUB/proiektu/proiektu/src/main/resources/rides.temp' has been recovered (tr. 582-626)

[2025-10-22 10:02:26 #2 store] 
Database '/home/lur/Lur/EHU/3.URTEA/SI2/GITHUB/proiektu/proiektu/src/main/resources/rides.temp' is opened by 8319@lur-ASUS-TUF-Gaming-F15-FX506HF-FX506HF

[2025-10-22 10:02:26 #3 type] 
Type domain.User is not enhanced.

[2025-10-22 10:02:26 #4 type] 
Type domain.Erreklamazio is not enhanced.

[2025-10-22 10:02:26 #5 type] 
Type domain.Balorazioa is not enhanced.

[2025-10-22 10:02:26 #6 type] 
Type domain.Mugimendua is not enhanced.

[2025-10-22 10:02:26 #7 type] 
Type domain.Ride is not enhanced.

[2025-10-22 10:02:26 #8 type] 
Type domain.Mezua is not enhanced.

[2025-10-22 10:02:26 #9 type] 
Type domain.Driver is not enhanced.

[2025-10-22 10:02:26 #10 type] 
Type domain.Kotxe is not enhanced.

[2025-10-22 10:02:26 #11 type] 
Type domain.Traveler is not enhanced.

[2025-10-22 10:02:26 #12 type] 
Type domain.Alerta is not enhanced.

[2025-10-22 10:02:26 #13 type] 
Type domain.Erreserba is not enhanced.

