------------------------------------------------------------------------------------------------------------------------

[2025-10-09 17:06:15 #1 store] 
Database '/home/lur/Lur/EHU/3.URTEA/SI2/GITHUB/proiektu/proiektu/src/main/resources/rides.temp' has been recovered (tr. 364-385)

[2025-10-09 17:06:15 #2 store] 
Database '/home/lur/Lur/EHU/3.URTEA/SI2/GITHUB/proiektu/proiektu/src/main/resources/rides.temp' is opened by 10444@lur-ASUS-TUF-Gaming-F15-FX506HF-FX506HF

[2025-10-09 17:06:15 #3 type] 
Type domain.User is not enhanced.

[2025-10-09 17:06:15 #4 type] 
Type domain.Erreklamazio is not enhanced.

[2025-10-09 17:06:15 #5 type] 
Type domain.Balorazioa is not enhanced.

[2025-10-09 17:06:15 #6 type] 
Type domain.Mugimendua is not enhanced.

[2025-10-09 17:06:15 #7 type] 
Type domain.Ride is not enhanced.

[2025-10-09 17:06:15 #8 type] 
Type domain.Mezua is not enhanced.

[2025-10-09 17:06:15 #9 type] 
Type domain.Driver is not enhanced.

[2025-10-09 17:06:15 #10 type] 
Type domain.Kotxe is not enhanced.

[2025-10-09 17:06:15 #11 type] 
Type domain.Traveler is not enhanced.

[2025-10-09 17:06:15 #12 type] 
Type domain.Alerta is not enhanced.

[2025-10-09 17:06:15 #13 type] 
Type domain.Erreserba is not enhanced.

------------------------------------------------------------------------------------------------------------------------

[2025-10-09 17:06:30 #1 store] 
Database '/home/lur/Lur/EHU/3.URTEA/SI2/GITHUB/proiektu/proiektu/src/main/resources/rides.temp' has been recovered (tr. 386-407)

[2025-10-09 17:06:30 #2 store] 
Database '/home/lur/Lur/EHU/3.URTEA/SI2/GITHUB/proiektu/proiektu/src/main/resources/rides.temp' is opened by 10520@lur-ASUS-TUF-Gaming-F15-FX506HF-FX506HF

[2025-10-09 17:06:30 #3 type] 
Type domain.User is not enhanced.

[2025-10-09 17:06:30 #4 type] 
Type domain.Erreklamazio is not enhanced.

[2025-10-09 17:06:30 #5 type] 
Type domain.Balorazioa is not enhanced.

[2025-10-09 17:06:30 #6 type] 
Type domain.Mugimendua is not enhanced.

[2025-10-09 17:06:30 #7 type] 
Type domain.Ride is not enhanced.

[2025-10-09 17:06:30 #8 type] 
Type domain.Mezua is not enhanced.

[2025-10-09 17:06:30 #9 type] 
Type domain.Driver is not enhanced.

[2025-10-09 17:06:30 #10 type] 
Type domain.Kotxe is not enhanced.

[2025-10-09 17:06:30 #11 type] 
Type domain.Traveler is not enhanced.

[2025-10-09 17:06:30 #12 type] 
Type domain.Alerta is not enhanced.

[2025-10-09 17:06:30 #13 type] 
Type domain.Erreserba is not enhanced.

------------------------------------------------------------------------------------------------------------------------

[2025-10-09 17:14:10 #1 store] 
Database '/home/lur/Lur/EHU/3.URTEA/SI2/GITHUB/proiektu/proiektu/src/main/resources/rides.temp' has been recovered (tr. 408-413)

[2025-10-09 17:14:10 #2 store] 
Database '/home/lur/Lur/EHU/3.URTEA/SI2/GITHUB/proiektu/proiektu/src/main/resources/rides.temp' is opened by 11607@lur-ASUS-TUF-Gaming-F15-FX506HF-FX506HF

[2025-10-09 17:14:10 #3 type] 
Type domain.User is not enhanced.

[2025-10-09 17:14:10 #4 type] 
Type domain.Erreklamazio is not enhanced.

[2025-10-09 17:14:10 #5 type] 
Type domain.Balorazioa is not enhanced.

[2025-10-09 17:14:10 #6 type] 
Type domain.Mugimendua is not enhanced.

[2025-10-09 17:14:10 #7 type] 
Type domain.Ride is not enhanced.

[2025-10-09 17:14:10 #8 type] 
Type domain.Mezua is not enhanced.

[2025-10-09 17:14:10 #9 type] 
Type domain.Driver is not enhanced.

[2025-10-09 17:14:10 #10 type] 
Type domain.Kotxe is not enhanced.

[2025-10-09 17:14:10 #11 type] 
Type domain.Traveler is not enhanced.

[2025-10-09 17:14:10 #12 type] 
Type domain.Alerta is not enhanced.

[2025-10-09 17:14:10 #13 type] 
Type domain.Erreserba is not enhanced.

