------------------------------------------------------------------------------------------------------------------------

[2025-10-10 12:58:19 #1 store] 
Database '/home/lur/Lur/EHU/3.URTEA/SI2/GITHUB/proiektu/proiektu/src/main/resources/rides.temp' has been recovered (tr. 414-419)

[2025-10-10 12:58:19 #2 store] 
Database '/home/lur/Lur/EHU/3.URTEA/SI2/GITHUB/proiektu/proiektu/src/main/resources/rides.temp' is opened by 7260@lur-ASUS-TUF-Gaming-F15-FX506HF-FX506HF

[2025-10-10 12:58:19 #3 type] 
Type domain.User is not enhanced.

[2025-10-10 12:58:19 #4 type] 
Type domain.Erreklamazio is not enhanced.

[2025-10-10 12:58:19 #5 type] 
Type domain.Balorazioa is not enhanced.

[2025-10-10 12:58:19 #6 type] 
Type domain.Mugimendua is not enhanced.

[2025-10-10 12:58:19 #7 type] 
Type domain.Ride is not enhanced.

[2025-10-10 12:58:19 #8 type] 
Type domain.Mezua is not enhanced.

[2025-10-10 12:58:19 #9 type] 
Type domain.Driver is not enhanced.

[2025-10-10 12:58:19 #10 type] 
Type domain.Kotxe is not enhanced.

[2025-10-10 12:58:19 #11 type] 
Type domain.Traveler is not enhanced.

[2025-10-10 12:58:19 #12 type] 
Type domain.Alerta is not enhanced.

[2025-10-10 12:58:19 #13 type] 
Type domain.Erreserba is not enhanced.

------------------------------------------------------------------------------------------------------------------------

[2025-10-10 12:58:46 #1 store] 
Database '/home/lur/Lur/EHU/3.URTEA/SI2/GITHUB/proiektu/proiektu/src/main/resources/rides.temp' has been recovered (tr. 420-420)

[2025-10-10 12:58:47 #2 store] 
Database '/home/lur/Lur/EHU/3.URTEA/SI2/GITHUB/proiektu/proiektu/src/main/resources/rides.temp' is opened by 7320@lur-ASUS-TUF-Gaming-F15-FX506HF-FX506HF

[2025-10-10 12:58:47 #3 type] 
Type domain.User is not enhanced.

[2025-10-10 12:58:47 #4 type] 
Type domain.Erreklamazio is not enhanced.

[2025-10-10 12:58:47 #5 type] 
Type domain.Balorazioa is not enhanced.

[2025-10-10 12:58:47 #6 type] 
Type domain.Mugimendua is not enhanced.

[2025-10-10 12:58:47 #7 type] 
Type domain.Ride is not enhanced.

[2025-10-10 12:58:47 #8 type] 
Type domain.Mezua is not enhanced.

[2025-10-10 12:58:47 #9 type] 
Type domain.Driver is not enhanced.

[2025-10-10 12:58:47 #10 type] 
Type domain.Kotxe is not enhanced.

[2025-10-10 12:58:47 #11 type] 
Type domain.Traveler is not enhanced.

[2025-10-10 12:58:47 #12 type] 
Type domain.Alerta is not enhanced.

[2025-10-10 12:58:47 #13 type] 
Type domain.Erreserba is not enhanced.

------------------------------------------------------------------------------------------------------------------------

[2025-10-10 13:04:53 #1 store] 
Database '/home/lur/Lur/EHU/3.URTEA/SI2/GITHUB/proiektu/proiektu/src/main/resources/rides.temp' has been recovered (tr. 421-422)

[2025-10-10 13:04:53 #2 store] 
Database '/home/lur/Lur/EHU/3.URTEA/SI2/GITHUB/proiektu/proiektu/src/main/resources/rides.temp' is opened by 8062@lur-ASUS-TUF-Gaming-F15-FX506HF-FX506HF

[2025-10-10 13:04:53 #3 type] 
Type domain.User is not enhanced.

[2025-10-10 13:04:53 #4 type] 
Type domain.Erreklamazio is not enhanced.

[2025-10-10 13:04:53 #5 type] 
Type domain.Balorazioa is not enhanced.

[2025-10-10 13:04:53 #6 type] 
Type domain.Mugimendua is not enhanced.

[2025-10-10 13:04:54 #7 type] 
Type domain.Ride is not enhanced.

[2025-10-10 13:04:54 #8 type] 
Type domain.Mezua is not enhanced.

[2025-10-10 13:04:54 #9 type] 
Type domain.Driver is not enhanced.

[2025-10-10 13:04:54 #10 type] 
Type domain.Kotxe is not enhanced.

[2025-10-10 13:04:54 #11 type] 
Type domain.Traveler is not enhanced.

[2025-10-10 13:04:54 #12 type] 
Type domain.Alerta is not enhanced.

[2025-10-10 13:04:54 #13 type] 
Type domain.Erreserba is not enhanced.

------------------------------------------------------------------------------------------------------------------------

[2025-10-10 13:05:56 #1 store] 
Database '/home/lur/Lur/EHU/3.URTEA/SI2/GITHUB/proiektu/proiektu/src/main/resources/rides.temp' is opened by 8229@lur-ASUS-TUF-Gaming-F15-FX506HF-FX506HF

[2025-10-10 13:05:56 #2 type] 
Type domain.User is not enhanced.

[2025-10-10 13:05:56 #3 type] 
Type domain.Erreklamazio is not enhanced.

[2025-10-10 13:05:57 #4 type] 
Type domain.Balorazioa is not enhanced.

[2025-10-10 13:05:57 #5 type] 
Type domain.Mugimendua is not enhanced.

[2025-10-10 13:05:57 #6 type] 
Type domain.Ride is not enhanced.

[2025-10-10 13:05:57 #7 type] 
Type domain.Mezua is not enhanced.

[2025-10-10 13:05:57 #8 type] 
Type domain.Driver is not enhanced.

[2025-10-10 13:05:57 #9 type] 
Type domain.Kotxe is not enhanced.

[2025-10-10 13:05:57 #10 type] 
Type domain.Traveler is not enhanced.

[2025-10-10 13:05:57 #11 type] 
Type domain.Alerta is not enhanced.

[2025-10-10 13:05:57 #12 type] 
Type domain.Erreserba is not enhanced.

------------------------------------------------------------------------------------------------------------------------

[2025-10-10 13:07:07 #1 store] 
Database '/home/lur/Lur/EHU/3.URTEA/SI2/GITHUB/proiektu/proiektu/src/main/resources/rides.temp' has been recovered (tr. 427-427)

[2025-10-10 13:07:07 #2 store] 
Database '/home/lur/Lur/EHU/3.URTEA/SI2/GITHUB/proiektu/proiektu/src/main/resources/rides.temp' is opened by 8363@lur-ASUS-TUF-Gaming-F15-FX506HF-FX506HF

[2025-10-10 13:07:07 #3 type] 
Type domain.User is not enhanced.

[2025-10-10 13:07:07 #4 type] 
Type domain.Erreklamazio is not enhanced.

[2025-10-10 13:07:07 #5 type] 
Type domain.Balorazioa is not enhanced.

[2025-10-10 13:07:07 #6 type] 
Type domain.Mugimendua is not enhanced.

[2025-10-10 13:07:07 #7 type] 
Type domain.Ride is not enhanced.

[2025-10-10 13:07:07 #8 type] 
Type domain.Mezua is not enhanced.

[2025-10-10 13:07:07 #9 type] 
Type domain.Driver is not enhanced.

[2025-10-10 13:07:07 #10 type] 
Type domain.Kotxe is not enhanced.

[2025-10-10 13:07:07 #11 type] 
Type domain.Traveler is not enhanced.

[2025-10-10 13:07:07 #12 type] 
Type domain.Alerta is not enhanced.

[2025-10-10 13:07:07 #13 type] 
Type domain.Erreserba is not enhanced.

