------------------------------------------------------------------------------------------------------------------------

[2025-10-08 09:53:28 #1 store] 
Database '/home/lur/eclipse-workspace/Rides22/src/main/resources/rides.temp' has been recovered (tr. 3451-3454)

[2025-10-08 09:53:28 #2 store] 
Database '/home/lur/eclipse-workspace/Rides22/src/main/resources/rides.temp' is opened by 3935@lur-ASUS-TUF-Gaming-F15-FX506HF-FX506HF

[2025-10-08 09:53:29 #3 type] 
Type domain.User is not enhanced.

[2025-10-08 09:53:29 #4 type] 
Type domain.Mugimendua is not enhanced.

[2025-10-08 09:53:29 #5 type] 
Type domain.Ride is not enhanced.

[2025-10-08 09:53:29 #6 type] 
Type domain.Driver is not enhanced.

[2025-10-08 09:53:29 #7 type] 
Type domain.Kotxe is not enhanced.

[2025-10-08 09:53:29 #8 type] 
Type domain.Traveler is not enhanced.

[2025-10-08 09:53:29 #9 type] 
Type domain.Erreserba is not enhanced.

[2025-10-08 09:53:29 #10 type] 
Type domain.Balorazioa is not enhanced.

[2025-10-08 09:53:29 #11 type] 
Type domain.Alerta is not enhanced.

[2025-10-08 09:53:29 #12 type] 
Type domain.Erreklamazio is not enhanced.

[2025-10-08 09:53:29 #13 type] 
Type domain.Mezua is not enhanced.

------------------------------------------------------------------------------------------------------------------------

[2025-10-08 09:53:47 #1 store] 
Database '/home/lur/eclipse-workspace/Rides22/src/main/resources/rides.temp' has been recovered (tr. 3455-3476)

[2025-10-08 09:53:47 #2 store] 
Database '/home/lur/eclipse-workspace/Rides22/src/main/resources/rides.temp' is opened by 4007@lur-ASUS-TUF-Gaming-F15-FX506HF-FX506HF

[2025-10-08 09:53:47 #3 type] 
Type domain.User is not enhanced.

[2025-10-08 09:53:47 #4 type] 
Type domain.Mugimendua is not enhanced.

[2025-10-08 09:53:47 #5 type] 
Type domain.Ride is not enhanced.

[2025-10-08 09:53:47 #6 type] 
Type domain.Driver is not enhanced.

[2025-10-08 09:53:47 #7 type] 
Type domain.Kotxe is not enhanced.

[2025-10-08 09:53:47 #8 type] 
Type domain.Traveler is not enhanced.

[2025-10-08 09:53:47 #9 type] 
Type domain.Erreserba is not enhanced.

[2025-10-08 09:53:47 #10 type] 
Type domain.Balorazioa is not enhanced.

[2025-10-08 09:53:47 #11 type] 
Type domain.Alerta is not enhanced.

[2025-10-08 09:53:47 #12 type] 
Type domain.Erreklamazio is not enhanced.

[2025-10-08 09:53:47 #13 type] 
Type domain.Mezua is not enhanced.

------------------------------------------------------------------------------------------------------------------------

[2025-10-08 09:54:04 #1 store] 
Database '/home/lur/eclipse-workspace/Rides22/src/main/resources/rides.temp' has been recovered (tr. 3477-3482)

[2025-10-08 09:54:04 #2 store] 
Database '/home/lur/eclipse-workspace/Rides22/src/main/resources/rides.temp' is opened by 4070@lur-ASUS-TUF-Gaming-F15-FX506HF-FX506HF

[2025-10-08 09:54:04 #3 type] 
Type domain.User is not enhanced.

[2025-10-08 09:54:04 #4 type] 
Type domain.Mugimendua is not enhanced.

[2025-10-08 09:54:04 #5 type] 
Type domain.Ride is not enhanced.

[2025-10-08 09:54:04 #6 type] 
Type domain.Driver is not enhanced.

[2025-10-08 09:54:04 #7 type] 
Type domain.Kotxe is not enhanced.

[2025-10-08 09:54:04 #8 type] 
Type domain.Traveler is not enhanced.

[2025-10-08 09:54:04 #9 type] 
Type domain.Erreserba is not enhanced.

[2025-10-08 09:54:04 #10 type] 
Type domain.Balorazioa is not enhanced.

[2025-10-08 09:54:04 #11 type] 
Type domain.Alerta is not enhanced.

[2025-10-08 09:54:04 #12 type] 
Type domain.Erreklamazio is not enhanced.

[2025-10-08 09:54:04 #13 type] 
Type domain.Mezua is not enhanced.

------------------------------------------------------------------------------------------------------------------------

[2025-10-08 10:00:25 #1 store] 
Database '/home/lur/eclipse-workspace/Rides22/src/main/resources/rides.temp' has been recovered (tr. 3483-3483)

[2025-10-08 10:00:25 #2 store] 
Database '/home/lur/eclipse-workspace/Rides22/src/main/resources/rides.temp' is opened by 5818@lur-ASUS-TUF-Gaming-F15-FX506HF-FX506HF

[2025-10-08 10:00:25 #3 type] 
Type domain.User is not enhanced.

[2025-10-08 10:00:25 #4 type] 
Type domain.Mugimendua is not enhanced.

[2025-10-08 10:00:25 #5 type] 
Type domain.Ride is not enhanced.

[2025-10-08 10:00:25 #6 type] 
Type domain.Driver is not enhanced.

[2025-10-08 10:00:25 #7 type] 
Type domain.Kotxe is not enhanced.

[2025-10-08 10:00:25 #8 type] 
Type domain.Traveler is not enhanced.

[2025-10-08 10:00:25 #9 type] 
Type domain.Erreserba is not enhanced.

[2025-10-08 10:00:25 #10 type] 
Type domain.Balorazioa is not enhanced.

[2025-10-08 10:00:25 #11 type] 
Type domain.Alerta is not enhanced.

[2025-10-08 10:00:25 #12 type] 
Type domain.Erreklamazio is not enhanced.

[2025-10-08 10:00:25 #13 type] 
Type domain.Mezua is not enhanced.

------------------------------------------------------------------------------------------------------------------------

[2025-10-08 10:00:28 #1 store] 
Database '/home/lur/eclipse-workspace/Rides22/src/main/resources/rides.temp' has been recovered (tr. 3484-3491)

[2025-10-08 10:00:28 #2 store] 
Database '/home/lur/eclipse-workspace/Rides22/src/main/resources/rides.temp' is opened by 5853@lur-ASUS-TUF-Gaming-F15-FX506HF-FX506HF

[2025-10-08 10:00:28 #3 type] 
Type domain.User is not enhanced.

[2025-10-08 10:00:28 #4 type] 
Type domain.Mugimendua is not enhanced.

[2025-10-08 10:00:28 #5 type] 
Type domain.Ride is not enhanced.

[2025-10-08 10:00:28 #6 type] 
Type domain.Driver is not enhanced.

[2025-10-08 10:00:28 #7 type] 
Type domain.Kotxe is not enhanced.

[2025-10-08 10:00:28 #8 type] 
Type domain.Traveler is not enhanced.

[2025-10-08 10:00:28 #9 type] 
Type domain.Erreserba is not enhanced.

[2025-10-08 10:00:28 #10 type] 
Type domain.Balorazioa is not enhanced.

[2025-10-08 10:00:28 #11 type] 
Type domain.Alerta is not enhanced.

[2025-10-08 10:00:28 #12 type] 
Type domain.Erreklamazio is not enhanced.

[2025-10-08 10:00:28 #13 type] 
Type domain.Mezua is not enhanced.

------------------------------------------------------------------------------------------------------------------------

[2025-10-08 10:00:55 #1 store] 
Database '/home/lur/eclipse-workspace/Rides22/src/main/resources/rides.temp' has been recovered (tr. 3492-3499)

[2025-10-08 10:00:55 #2 store] 
Database '/home/lur/eclipse-workspace/Rides22/src/main/resources/rides.temp' is opened by 5928@lur-ASUS-TUF-Gaming-F15-FX506HF-FX506HF

[2025-10-08 10:00:56 #3 type] 
Type domain.User is not enhanced.

[2025-10-08 10:00:56 #4 type] 
Type domain.Mugimendua is not enhanced.

[2025-10-08 10:00:56 #5 type] 
Type domain.Ride is not enhanced.

[2025-10-08 10:00:56 #6 type] 
Type domain.Driver is not enhanced.

[2025-10-08 10:00:56 #7 type] 
Type domain.Kotxe is not enhanced.

[2025-10-08 10:00:56 #8 type] 
Type domain.Traveler is not enhanced.

[2025-10-08 10:00:56 #9 type] 
Type domain.Erreserba is not enhanced.

[2025-10-08 10:00:56 #10 type] 
Type domain.Balorazioa is not enhanced.

[2025-10-08 10:00:56 #11 type] 
Type domain.Alerta is not enhanced.

[2025-10-08 10:00:56 #12 type] 
Type domain.Erreklamazio is not enhanced.

[2025-10-08 10:00:56 #13 type] 
Type domain.Mezua is not enhanced.

------------------------------------------------------------------------------------------------------------------------

[2025-10-08 10:03:27 #1 store] 
Database '/home/lur/Lur/EHU/3.URTEA/SI2/GITHUB/proiektu/proiektu/src/main/resources/rides.temp' has been recovered (tr. 3-18)

[2025-10-08 10:03:27 #2 store] 
Database '/home/lur/Lur/EHU/3.URTEA/SI2/GITHUB/proiektu/proiektu/src/main/resources/rides.temp' is opened by 6469@lur-ASUS-TUF-Gaming-F15-FX506HF-FX506HF

[2025-10-08 10:03:27 #3 type] 
Type domain.User is not enhanced.

[2025-10-08 10:03:27 #4 type] 
Type domain.Erreklamazio is not enhanced.

[2025-10-08 10:03:27 #5 type] 
Type domain.Balorazioa is not enhanced.

[2025-10-08 10:03:27 #6 type] 
Type domain.Mugimendua is not enhanced.

[2025-10-08 10:03:27 #7 type] 
Type domain.Ride is not enhanced.

[2025-10-08 10:03:27 #8 type] 
Type domain.Mezua is not enhanced.

[2025-10-08 10:03:27 #9 type] 
Type domain.Driver is not enhanced.

[2025-10-08 10:03:27 #10 type] 
Type domain.Kotxe is not enhanced.

[2025-10-08 10:03:27 #11 type] 
Type domain.Traveler is not enhanced.

[2025-10-08 10:03:27 #12 type] 
Type domain.Alerta is not enhanced.

------------------------------------------------------------------------------------------------------------------------

[2025-10-08 10:03:29 #1 store] 
Database '/home/lur/Lur/EHU/3.URTEA/SI2/GITHUB/proiektu/proiektu/src/main/resources/rides.temp' has been recovered (tr. 19-20)

[2025-10-08 10:03:29 #2 store] 
Database '/home/lur/Lur/EHU/3.URTEA/SI2/GITHUB/proiektu/proiektu/src/main/resources/rides.temp' is opened by 6501@lur-ASUS-TUF-Gaming-F15-FX506HF-FX506HF

[2025-10-08 10:03:29 #3 type] 
Type domain.User is not enhanced.

[2025-10-08 10:03:29 #4 type] 
Type domain.Erreklamazio is not enhanced.

[2025-10-08 10:03:29 #5 type] 
Type domain.Balorazioa is not enhanced.

[2025-10-08 10:03:29 #6 type] 
Type domain.Mugimendua is not enhanced.

[2025-10-08 10:03:29 #7 type] 
Type domain.Ride is not enhanced.

[2025-10-08 10:03:29 #8 type] 
Type domain.Mezua is not enhanced.

[2025-10-08 10:03:29 #9 type] 
Type domain.Driver is not enhanced.

[2025-10-08 10:03:29 #10 type] 
Type domain.Kotxe is not enhanced.

[2025-10-08 10:03:29 #11 type] 
Type domain.Traveler is not enhanced.

[2025-10-08 10:03:29 #12 type] 
Type domain.Alerta is not enhanced.

------------------------------------------------------------------------------------------------------------------------

[2025-10-08 10:03:37 #1 store] 
Database '/home/lur/Lur/EHU/3.URTEA/SI2/GITHUB/proiektu/proiektu/src/main/resources/rides.temp' has been recovered (tr. 21-22)

[2025-10-08 10:03:37 #2 store] 
Database '/home/lur/Lur/EHU/3.URTEA/SI2/GITHUB/proiektu/proiektu/src/main/resources/rides.temp' is opened by 6582@lur-ASUS-TUF-Gaming-F15-FX506HF-FX506HF

[2025-10-08 10:03:37 #3 type] 
Type domain.User is not enhanced.

[2025-10-08 10:03:37 #4 type] 
Type domain.Erreklamazio is not enhanced.

[2025-10-08 10:03:37 #5 type] 
Type domain.Balorazioa is not enhanced.

[2025-10-08 10:03:37 #6 type] 
Type domain.Mugimendua is not enhanced.

[2025-10-08 10:03:37 #7 type] 
Type domain.Ride is not enhanced.

[2025-10-08 10:03:37 #8 type] 
Type domain.Mezua is not enhanced.

[2025-10-08 10:03:37 #9 type] 
Type domain.Driver is not enhanced.

[2025-10-08 10:03:37 #10 type] 
Type domain.Kotxe is not enhanced.

[2025-10-08 10:03:37 #11 type] 
Type domain.Traveler is not enhanced.

[2025-10-08 10:03:37 #12 type] 
Type domain.Alerta is not enhanced.

------------------------------------------------------------------------------------------------------------------------

[2025-10-08 10:04:04 #1 store] 
Database '/home/lur/Lur/EHU/3.URTEA/SI2/GITHUB/proiektu/proiektu/src/main/resources/rides.temp' has been recovered (tr. 23-28)

[2025-10-08 10:04:04 #2 store] 
Database '/home/lur/Lur/EHU/3.URTEA/SI2/GITHUB/proiektu/proiektu/src/main/resources/rides.temp' is opened by 6692@lur-ASUS-TUF-Gaming-F15-FX506HF-FX506HF

[2025-10-08 10:04:04 #3 type] 
Type domain.User is not enhanced.

[2025-10-08 10:04:04 #4 type] 
Type domain.Erreklamazio is not enhanced.

[2025-10-08 10:04:04 #5 type] 
Type domain.Balorazioa is not enhanced.

[2025-10-08 10:04:04 #6 type] 
Type domain.Mugimendua is not enhanced.

[2025-10-08 10:04:04 #7 type] 
Type domain.Ride is not enhanced.

[2025-10-08 10:04:04 #8 type] 
Type domain.Mezua is not enhanced.

[2025-10-08 10:04:04 #9 type] 
Type domain.Driver is not enhanced.

[2025-10-08 10:04:04 #10 type] 
Type domain.Kotxe is not enhanced.

[2025-10-08 10:04:04 #11 type] 
Type domain.Traveler is not enhanced.

[2025-10-08 10:04:04 #12 type] 
Type domain.Alerta is not enhanced.

------------------------------------------------------------------------------------------------------------------------

[2025-10-08 10:04:34 #1 store] 
Database '/home/lur/Lur/EHU/3.URTEA/SI2/GITHUB/proiektu/proiektu/src/main/resources/rides.temp' is opened by 6763@lur-ASUS-TUF-Gaming-F15-FX506HF-FX506HF

[2025-10-08 10:04:34 #2 type] 
Type domain.User is not enhanced.

[2025-10-08 10:04:34 #3 type] 
Type domain.Erreklamazio is not enhanced.

[2025-10-08 10:04:34 #4 type] 
Type domain.Balorazioa is not enhanced.

[2025-10-08 10:04:34 #5 type] 
Type domain.Mugimendua is not enhanced.

[2025-10-08 10:04:34 #6 type] 
Type domain.Ride is not enhanced.

[2025-10-08 10:04:34 #7 type] 
Type domain.Mezua is not enhanced.

[2025-10-08 10:04:34 #8 type] 
Type domain.Driver is not enhanced.

[2025-10-08 10:04:34 #9 type] 
Type domain.Kotxe is not enhanced.

[2025-10-08 10:04:34 #10 type] 
Type domain.Traveler is not enhanced.

[2025-10-08 10:04:34 #11 type] 
Type domain.Alerta is not enhanced.

------------------------------------------------------------------------------------------------------------------------

[2025-10-08 10:05:05 #1 store] 
Database '/home/lur/Lur/EHU/3.URTEA/SI2/GITHUB/proiektu/proiektu/src/main/resources/rides.temp' has been recovered (tr. 29-36)

[2025-10-08 10:05:05 #2 store] 
Database '/home/lur/Lur/EHU/3.URTEA/SI2/GITHUB/proiektu/proiektu/src/main/resources/rides.temp' is opened by 6852@lur-ASUS-TUF-Gaming-F15-FX506HF-FX506HF

[2025-10-08 10:05:15 #3 store] 
Database '/home/lur/Lur/EHU/3.URTEA/SI2/GITHUB/proiektu/proiektu/src/main/resources/rides.temp' is closed by 6852@lur-ASUS-TUF-Gaming-F15-FX506HF-FX506HF

------------------------------------------------------------------------------------------------------------------------

[2025-10-08 10:05:18 #1 store] 
Database '/home/lur/Lur/EHU/3.URTEA/SI2/GITHUB/proiektu/proiektu/src/main/resources/rides.temp' is opened by 6904@lur-ASUS-TUF-Gaming-F15-FX506HF-FX506HF

[2025-10-08 10:05:18 #2 type] 
Type domain.User is not enhanced.

[2025-10-08 10:05:18 #3 type] 
Type domain.Erreklamazio is not enhanced.

[2025-10-08 10:05:18 #4 type] 
Type domain.Balorazioa is not enhanced.

[2025-10-08 10:05:18 #5 type] 
Type domain.Mugimendua is not enhanced.

[2025-10-08 10:05:18 #6 type] 
Type domain.Ride is not enhanced.

[2025-10-08 10:05:18 #7 type] 
Type domain.Mezua is not enhanced.

[2025-10-08 10:05:18 #8 type] 
Type domain.Driver is not enhanced.

[2025-10-08 10:05:18 #9 type] 
Type domain.Kotxe is not enhanced.

[2025-10-08 10:05:18 #10 type] 
Type domain.Traveler is not enhanced.

[2025-10-08 10:05:18 #11 type] 
Type domain.Alerta is not enhanced.

[2025-10-08 10:05:19 #12 type.registry] 
New type domain.Erreserba

[2025-10-08 10:05:19 #13 type] 
Type domain.Erreserba is not enhanced.

------------------------------------------------------------------------------------------------------------------------

[2025-10-08 10:05:31 #1 store] 
Database '/home/lur/Lur/EHU/3.URTEA/SI2/GITHUB/proiektu/proiektu/src/main/resources/rides.temp' has been recovered (tr. 39-60)

[2025-10-08 10:05:31 #2 store] 
Database '/home/lur/Lur/EHU/3.URTEA/SI2/GITHUB/proiektu/proiektu/src/main/resources/rides.temp' is opened by 6963@lur-ASUS-TUF-Gaming-F15-FX506HF-FX506HF

[2025-10-08 10:05:31 #3 type] 
Type domain.User is not enhanced.

[2025-10-08 10:05:31 #4 type] 
Type domain.Erreklamazio is not enhanced.

[2025-10-08 10:05:31 #5 type] 
Type domain.Balorazioa is not enhanced.

[2025-10-08 10:05:31 #6 type] 
Type domain.Mugimendua is not enhanced.

[2025-10-08 10:05:31 #7 type] 
Type domain.Ride is not enhanced.

[2025-10-08 10:05:31 #8 type] 
Type domain.Mezua is not enhanced.

[2025-10-08 10:05:31 #9 type] 
Type domain.Driver is not enhanced.

[2025-10-08 10:05:31 #10 type] 
Type domain.Kotxe is not enhanced.

[2025-10-08 10:05:31 #11 type] 
Type domain.Traveler is not enhanced.

[2025-10-08 10:05:31 #12 type] 
Type domain.Alerta is not enhanced.

[2025-10-08 10:05:31 #13 type] 
Type domain.Erreserba is not enhanced.

------------------------------------------------------------------------------------------------------------------------

[2025-10-08 10:05:35 #1 store] 
Database '/home/lur/Lur/EHU/3.URTEA/SI2/GITHUB/proiektu/proiektu/src/main/resources/rides.temp' has been recovered (tr. 61-77)

[2025-10-08 10:05:35 #2 store] 
Database '/home/lur/Lur/EHU/3.URTEA/SI2/GITHUB/proiektu/proiektu/src/main/resources/rides.temp' is opened by 6995@lur-ASUS-TUF-Gaming-F15-FX506HF-FX506HF

[2025-10-08 10:05:35 #3 type] 
Type domain.User is not enhanced.

[2025-10-08 10:05:35 #4 type] 
Type domain.Erreklamazio is not enhanced.

[2025-10-08 10:05:35 #5 type] 
Type domain.Balorazioa is not enhanced.

[2025-10-08 10:05:35 #6 type] 
Type domain.Mugimendua is not enhanced.

[2025-10-08 10:05:35 #7 type] 
Type domain.Ride is not enhanced.

[2025-10-08 10:05:35 #8 type] 
Type domain.Mezua is not enhanced.

[2025-10-08 10:05:35 #9 type] 
Type domain.Driver is not enhanced.

[2025-10-08 10:05:35 #10 type] 
Type domain.Kotxe is not enhanced.

[2025-10-08 10:05:35 #11 type] 
Type domain.Traveler is not enhanced.

[2025-10-08 10:05:35 #12 type] 
Type domain.Alerta is not enhanced.

[2025-10-08 10:05:35 #13 type] 
Type domain.Erreserba is not enhanced.

------------------------------------------------------------------------------------------------------------------------

[2025-10-08 10:05:36 #1 store] 
Database '/home/lur/Lur/EHU/3.URTEA/SI2/GITHUB/proiektu/proiektu/src/main/resources/rides.temp' has been recovered (tr. 78-94)

[2025-10-08 10:05:36 #2 store] 
Database '/home/lur/Lur/EHU/3.URTEA/SI2/GITHUB/proiektu/proiektu/src/main/resources/rides.temp' is opened by 7027@lur-ASUS-TUF-Gaming-F15-FX506HF-FX506HF

[2025-10-08 10:05:36 #3 type] 
Type domain.User is not enhanced.

[2025-10-08 10:05:36 #4 type] 
Type domain.Erreklamazio is not enhanced.

[2025-10-08 10:05:36 #5 type] 
Type domain.Balorazioa is not enhanced.

[2025-10-08 10:05:36 #6 type] 
Type domain.Mugimendua is not enhanced.

[2025-10-08 10:05:36 #7 type] 
Type domain.Ride is not enhanced.

[2025-10-08 10:05:36 #8 type] 
Type domain.Mezua is not enhanced.

[2025-10-08 10:05:36 #9 type] 
Type domain.Driver is not enhanced.

[2025-10-08 10:05:36 #10 type] 
Type domain.Kotxe is not enhanced.

[2025-10-08 10:05:36 #11 type] 
Type domain.Traveler is not enhanced.

[2025-10-08 10:05:36 #12 type] 
Type domain.Alerta is not enhanced.

[2025-10-08 10:05:36 #13 type] 
Type domain.Erreserba is not enhanced.

------------------------------------------------------------------------------------------------------------------------

[2025-10-08 10:05:37 #1 store] 
Database '/home/lur/Lur/EHU/3.URTEA/SI2/GITHUB/proiektu/proiektu/src/main/resources/rides.temp' has been recovered (tr. 95-111)

[2025-10-08 10:05:37 #2 store] 
Database '/home/lur/Lur/EHU/3.URTEA/SI2/GITHUB/proiektu/proiektu/src/main/resources/rides.temp' is opened by 7059@lur-ASUS-TUF-Gaming-F15-FX506HF-FX506HF

[2025-10-08 10:05:38 #3 type] 
Type domain.User is not enhanced.

[2025-10-08 10:05:38 #4 type] 
Type domain.Erreklamazio is not enhanced.

[2025-10-08 10:05:38 #5 type] 
Type domain.Balorazioa is not enhanced.

[2025-10-08 10:05:38 #6 type] 
Type domain.Mugimendua is not enhanced.

[2025-10-08 10:05:38 #7 type] 
Type domain.Ride is not enhanced.

[2025-10-08 10:05:38 #8 type] 
Type domain.Mezua is not enhanced.

[2025-10-08 10:05:38 #9 type] 
Type domain.Driver is not enhanced.

[2025-10-08 10:05:38 #10 type] 
Type domain.Kotxe is not enhanced.

[2025-10-08 10:05:38 #11 type] 
Type domain.Traveler is not enhanced.

[2025-10-08 10:05:38 #12 type] 
Type domain.Alerta is not enhanced.

[2025-10-08 10:05:38 #13 type] 
Type domain.Erreserba is not enhanced.

------------------------------------------------------------------------------------------------------------------------

[2025-10-08 10:05:43 #1 store] 
Database '/home/lur/Lur/EHU/3.URTEA/SI2/GITHUB/proiektu/proiektu/src/main/resources/rides.temp' has been recovered (tr. 112-128)

[2025-10-08 10:05:43 #2 store] 
Database '/home/lur/Lur/EHU/3.URTEA/SI2/GITHUB/proiektu/proiektu/src/main/resources/rides.temp' is opened by 7094@lur-ASUS-TUF-Gaming-F15-FX506HF-FX506HF

[2025-10-08 10:05:43 #3 type] 
Type domain.User is not enhanced.

[2025-10-08 10:05:43 #4 type] 
Type domain.Erreklamazio is not enhanced.

[2025-10-08 10:05:43 #5 type] 
Type domain.Balorazioa is not enhanced.

[2025-10-08 10:05:43 #6 type] 
Type domain.Mugimendua is not enhanced.

[2025-10-08 10:05:43 #7 type] 
Type domain.Ride is not enhanced.

[2025-10-08 10:05:43 #8 type] 
Type domain.Mezua is not enhanced.

[2025-10-08 10:05:43 #9 type] 
Type domain.Driver is not enhanced.

[2025-10-08 10:05:43 #10 type] 
Type domain.Kotxe is not enhanced.

[2025-10-08 10:05:43 #11 type] 
Type domain.Traveler is not enhanced.

[2025-10-08 10:05:43 #12 type] 
Type domain.Alerta is not enhanced.

[2025-10-08 10:05:43 #13 type] 
Type domain.Erreserba is not enhanced.

------------------------------------------------------------------------------------------------------------------------

[2025-10-08 10:06:01 #1 store] 
Database '/home/lur/Lur/EHU/3.URTEA/SI2/GITHUB/proiektu/proiektu/src/main/resources/rides.temp' has been recovered (tr. 129-150)

[2025-10-08 10:06:01 #2 store] 
Database '/home/lur/Lur/EHU/3.URTEA/SI2/GITHUB/proiektu/proiektu/src/main/resources/rides.temp' is opened by 7298@lur-ASUS-TUF-Gaming-F15-FX506HF-FX506HF

[2025-10-08 10:06:01 #3 type] 
Type domain.User is not enhanced.

[2025-10-08 10:06:01 #4 type] 
Type domain.Erreklamazio is not enhanced.

[2025-10-08 10:06:01 #5 type] 
Type domain.Balorazioa is not enhanced.

[2025-10-08 10:06:01 #6 type] 
Type domain.Mugimendua is not enhanced.

[2025-10-08 10:06:01 #7 type] 
Type domain.Ride is not enhanced.

[2025-10-08 10:06:01 #8 type] 
Type domain.Mezua is not enhanced.

[2025-10-08 10:06:01 #9 type] 
Type domain.Driver is not enhanced.

[2025-10-08 10:06:01 #10 type] 
Type domain.Kotxe is not enhanced.

[2025-10-08 10:06:01 #11 type] 
Type domain.Traveler is not enhanced.

[2025-10-08 10:06:01 #12 type] 
Type domain.Alerta is not enhanced.

[2025-10-08 10:06:01 #13 type] 
Type domain.Erreserba is not enhanced.

------------------------------------------------------------------------------------------------------------------------

[2025-10-08 10:06:37 #1 store] 
Database '/home/lur/Lur/EHU/3.URTEA/SI2/GITHUB/proiektu/proiektu/src/main/resources/rides.temp' has been recovered (tr. 151-157)

[2025-10-08 10:06:37 #2 store] 
Database '/home/lur/Lur/EHU/3.URTEA/SI2/GITHUB/proiektu/proiektu/src/main/resources/rides.temp' is opened by 7355@lur-ASUS-TUF-Gaming-F15-FX506HF-FX506HF

[2025-10-08 10:06:37 #3 type] 
Type domain.User is not enhanced.

[2025-10-08 10:06:37 #4 type] 
Type domain.Erreklamazio is not enhanced.

[2025-10-08 10:06:37 #5 type] 
Type domain.Balorazioa is not enhanced.

[2025-10-08 10:06:37 #6 type] 
Type domain.Mugimendua is not enhanced.

[2025-10-08 10:06:37 #7 type] 
Type domain.Ride is not enhanced.

[2025-10-08 10:06:37 #8 type] 
Type domain.Mezua is not enhanced.

[2025-10-08 10:06:37 #9 type] 
Type domain.Driver is not enhanced.

[2025-10-08 10:06:37 #10 type] 
Type domain.Kotxe is not enhanced.

[2025-10-08 10:06:37 #11 type] 
Type domain.Traveler is not enhanced.

[2025-10-08 10:06:37 #12 type] 
Type domain.Alerta is not enhanced.

[2025-10-08 10:06:37 #13 type] 
Type domain.Erreserba is not enhanced.

[2025-10-08 10:06:37 #14 type.registry] 
New type java.util.ArrayList<domain.Ride>

[2025-10-08 10:06:37 #15 type.registry] 
New type java.util.ArrayList<domain.Kotxe>

------------------------------------------------------------------------------------------------------------------------

[2025-10-08 10:06:47 #1 store] 
Database '/home/lur/Lur/EHU/3.URTEA/SI2/GITHUB/proiektu/proiektu/src/main/resources/rides.temp' has been recovered (tr. 158-160)

[2025-10-08 10:06:47 #2 store] 
Database '/home/lur/Lur/EHU/3.URTEA/SI2/GITHUB/proiektu/proiektu/src/main/resources/rides.temp' is opened by 7409@lur-ASUS-TUF-Gaming-F15-FX506HF-FX506HF

[2025-10-08 10:06:47 #3 type] 
Type domain.User is not enhanced.

[2025-10-08 10:06:47 #4 type] 
Type domain.Erreklamazio is not enhanced.

[2025-10-08 10:06:47 #5 type] 
Type domain.Balorazioa is not enhanced.

[2025-10-08 10:06:47 #6 type] 
Type domain.Mugimendua is not enhanced.

[2025-10-08 10:06:47 #7 type] 
Type domain.Ride is not enhanced.

[2025-10-08 10:06:47 #8 type] 
Type domain.Mezua is not enhanced.

[2025-10-08 10:06:47 #9 type] 
Type domain.Driver is not enhanced.

[2025-10-08 10:06:47 #10 type] 
Type domain.Kotxe is not enhanced.

[2025-10-08 10:06:47 #11 type] 
Type domain.Traveler is not enhanced.

[2025-10-08 10:06:47 #12 type] 
Type domain.Alerta is not enhanced.

[2025-10-08 10:06:47 #13 type] 
Type domain.Erreserba is not enhanced.

------------------------------------------------------------------------------------------------------------------------

[2025-10-08 10:06:51 #1 store] 
Database '/home/lur/Lur/EHU/3.URTEA/SI2/GITHUB/proiektu/proiektu/src/main/resources/rides.temp' has been recovered (tr. 161-168)

[2025-10-08 10:06:51 #2 store] 
Database '/home/lur/Lur/EHU/3.URTEA/SI2/GITHUB/proiektu/proiektu/src/main/resources/rides.temp' is opened by 7443@lur-ASUS-TUF-Gaming-F15-FX506HF-FX506HF

[2025-10-08 10:06:51 #3 type] 
Type domain.User is not enhanced.

[2025-10-08 10:06:51 #4 type] 
Type domain.Erreklamazio is not enhanced.

[2025-10-08 10:06:51 #5 type] 
Type domain.Balorazioa is not enhanced.

[2025-10-08 10:06:51 #6 type] 
Type domain.Mugimendua is not enhanced.

[2025-10-08 10:06:51 #7 type] 
Type domain.Ride is not enhanced.

[2025-10-08 10:06:51 #8 type] 
Type domain.Mezua is not enhanced.

[2025-10-08 10:06:51 #9 type] 
Type domain.Driver is not enhanced.

[2025-10-08 10:06:51 #10 type] 
Type domain.Kotxe is not enhanced.

[2025-10-08 10:06:51 #11 type] 
Type domain.Traveler is not enhanced.

[2025-10-08 10:06:51 #12 type] 
Type domain.Alerta is not enhanced.

[2025-10-08 10:06:51 #13 type] 
Type domain.Erreserba is not enhanced.

------------------------------------------------------------------------------------------------------------------------

[2025-10-08 10:06:57 #1 store] 
Database '/home/lur/Lur/EHU/3.URTEA/SI2/GITHUB/proiektu/proiektu/src/main/resources/rides.temp' has been recovered (tr. 169-176)

[2025-10-08 10:06:57 #2 store] 
Database '/home/lur/Lur/EHU/3.URTEA/SI2/GITHUB/proiektu/proiektu/src/main/resources/rides.temp' is opened by 7479@lur-ASUS-TUF-Gaming-F15-FX506HF-FX506HF

[2025-10-08 10:07:08 #3 store] 
Database '/home/lur/Lur/EHU/3.URTEA/SI2/GITHUB/proiektu/proiektu/src/main/resources/rides.temp' is closed by 7479@lur-ASUS-TUF-Gaming-F15-FX506HF-FX506HF

------------------------------------------------------------------------------------------------------------------------

[2025-10-08 10:07:12 #1 store] 
Database '/home/lur/Lur/EHU/3.URTEA/SI2/GITHUB/proiektu/proiektu/src/main/resources/rides.temp' is opened by 7531@lur-ASUS-TUF-Gaming-F15-FX506HF-FX506HF

[2025-10-08 10:07:12 #2 type] 
Type domain.User is not enhanced.

[2025-10-08 10:07:12 #3 type] 
Type domain.Erreklamazio is not enhanced.

[2025-10-08 10:07:12 #4 type] 
Type domain.Balorazioa is not enhanced.

[2025-10-08 10:07:12 #5 type] 
Type domain.Mugimendua is not enhanced.

[2025-10-08 10:07:12 #6 type] 
Type domain.Ride is not enhanced.

[2025-10-08 10:07:12 #7 type] 
Type domain.Mezua is not enhanced.

[2025-10-08 10:07:12 #8 type] 
Type domain.Driver is not enhanced.

[2025-10-08 10:07:12 #9 type] 
Type domain.Kotxe is not enhanced.

[2025-10-08 10:07:12 #10 type] 
Type domain.Traveler is not enhanced.

[2025-10-08 10:07:12 #11 type] 
Type domain.Alerta is not enhanced.

[2025-10-08 10:07:12 #12 type] 
Type domain.Erreserba is not enhanced.

------------------------------------------------------------------------------------------------------------------------

[2025-10-08 10:07:41 #1 store] 
Database '/home/lur/Lur/EHU/3.URTEA/SI2/GITHUB/proiektu/proiektu/src/main/resources/rides.temp' has been recovered (tr. 180-201)

[2025-10-08 10:07:41 #2 store] 
Database '/home/lur/Lur/EHU/3.URTEA/SI2/GITHUB/proiektu/proiektu/src/main/resources/rides.temp' is opened by 7602@lur-ASUS-TUF-Gaming-F15-FX506HF-FX506HF

[2025-10-08 10:07:41 #3 type] 
Type domain.User is not enhanced.

[2025-10-08 10:07:41 #4 type] 
Type domain.Erreklamazio is not enhanced.

[2025-10-08 10:07:41 #5 type] 
Type domain.Balorazioa is not enhanced.

[2025-10-08 10:07:41 #6 type] 
Type domain.Mugimendua is not enhanced.

[2025-10-08 10:07:41 #7 type] 
Type domain.Ride is not enhanced.

[2025-10-08 10:07:41 #8 type] 
Type domain.Mezua is not enhanced.

[2025-10-08 10:07:41 #9 type] 
Type domain.Driver is not enhanced.

[2025-10-08 10:07:41 #10 type] 
Type domain.Kotxe is not enhanced.

[2025-10-08 10:07:41 #11 type] 
Type domain.Traveler is not enhanced.

[2025-10-08 10:07:41 #12 type] 
Type domain.Alerta is not enhanced.

[2025-10-08 10:07:41 #13 type] 
Type domain.Erreserba is not enhanced.

------------------------------------------------------------------------------------------------------------------------

[2025-10-08 10:07:43 #1 store] 
Database '/home/lur/Lur/EHU/3.URTEA/SI2/GITHUB/proiektu/proiektu/src/main/resources/rides.temp' has been recovered (tr. 202-206)

[2025-10-08 10:07:44 #2 store] 
Database '/home/lur/Lur/EHU/3.URTEA/SI2/GITHUB/proiektu/proiektu/src/main/resources/rides.temp' is opened by 7649@lur-ASUS-TUF-Gaming-F15-FX506HF-FX506HF

[2025-10-08 10:07:44 #3 type] 
Type domain.User is not enhanced.

[2025-10-08 10:07:44 #4 type] 
Type domain.Erreklamazio is not enhanced.

[2025-10-08 10:07:44 #5 type] 
Type domain.Balorazioa is not enhanced.

[2025-10-08 10:07:44 #6 type] 
Type domain.Mugimendua is not enhanced.

[2025-10-08 10:07:44 #7 type] 
Type domain.Ride is not enhanced.

[2025-10-08 10:07:44 #8 type] 
Type domain.Mezua is not enhanced.

[2025-10-08 10:07:44 #9 type] 
Type domain.Driver is not enhanced.

[2025-10-08 10:07:44 #10 type] 
Type domain.Kotxe is not enhanced.

[2025-10-08 10:07:44 #11 type] 
Type domain.Traveler is not enhanced.

[2025-10-08 10:07:44 #12 type] 
Type domain.Alerta is not enhanced.

[2025-10-08 10:07:44 #13 type] 
Type domain.Erreserba is not enhanced.

------------------------------------------------------------------------------------------------------------------------

[2025-10-08 10:07:45 #1 store] 
Database '/home/lur/Lur/EHU/3.URTEA/SI2/GITHUB/proiektu/proiektu/src/main/resources/rides.temp' has been recovered (tr. 207-210)

[2025-10-08 10:07:45 #2 store] 
Database '/home/lur/Lur/EHU/3.URTEA/SI2/GITHUB/proiektu/proiektu/src/main/resources/rides.temp' is opened by 7682@lur-ASUS-TUF-Gaming-F15-FX506HF-FX506HF

[2025-10-08 10:07:45 #3 type] 
Type domain.User is not enhanced.

[2025-10-08 10:07:45 #4 type] 
Type domain.Erreklamazio is not enhanced.

[2025-10-08 10:07:45 #5 type] 
Type domain.Balorazioa is not enhanced.

[2025-10-08 10:07:45 #6 type] 
Type domain.Mugimendua is not enhanced.

[2025-10-08 10:07:45 #7 type] 
Type domain.Ride is not enhanced.

[2025-10-08 10:07:45 #8 type] 
Type domain.Mezua is not enhanced.

[2025-10-08 10:07:45 #9 type] 
Type domain.Driver is not enhanced.

[2025-10-08 10:07:45 #10 type] 
Type domain.Kotxe is not enhanced.

[2025-10-08 10:07:45 #11 type] 
Type domain.Traveler is not enhanced.

[2025-10-08 10:07:45 #12 type] 
Type domain.Alerta is not enhanced.

[2025-10-08 10:07:45 #13 type] 
Type domain.Erreserba is not enhanced.

------------------------------------------------------------------------------------------------------------------------

[2025-10-08 10:07:50 #1 store] 
Database '/home/lur/Lur/EHU/3.URTEA/SI2/GITHUB/proiektu/proiektu/src/main/resources/rides.temp' has been recovered (tr. 211-214)

[2025-10-08 10:07:50 #2 store] 
Database '/home/lur/Lur/EHU/3.URTEA/SI2/GITHUB/proiektu/proiektu/src/main/resources/rides.temp' is opened by 7718@lur-ASUS-TUF-Gaming-F15-FX506HF-FX506HF

[2025-10-08 10:07:56 #3 store] 
Database '/home/lur/Lur/EHU/3.URTEA/SI2/GITHUB/proiektu/proiektu/src/main/resources/rides.temp' is closed by 7718@lur-ASUS-TUF-Gaming-F15-FX506HF-FX506HF

------------------------------------------------------------------------------------------------------------------------

[2025-10-08 10:08:45 #1 store] 
Database '/home/lur/Lur/EHU/3.URTEA/SI2/GITHUB/proiektu/proiektu/src/main/resources/rides.temp' is opened by 7880@lur-ASUS-TUF-Gaming-F15-FX506HF-FX506HF

[2025-10-08 10:08:45 #2 type] 
Type domain.User is not enhanced.

[2025-10-08 10:08:45 #3 type] 
Type domain.Erreklamazio is not enhanced.

[2025-10-08 10:08:45 #4 type] 
Type domain.Balorazioa is not enhanced.

[2025-10-08 10:08:45 #5 type] 
Type domain.Mugimendua is not enhanced.

[2025-10-08 10:08:46 #6 type] 
Type domain.Ride is not enhanced.

[2025-10-08 10:08:46 #7 type] 
Type domain.Mezua is not enhanced.

[2025-10-08 10:08:46 #8 type] 
Type domain.Driver is not enhanced.

[2025-10-08 10:08:46 #9 type] 
Type domain.Kotxe is not enhanced.

[2025-10-08 10:08:46 #10 type] 
Type domain.Traveler is not enhanced.

[2025-10-08 10:08:46 #11 type] 
Type domain.Alerta is not enhanced.

[2025-10-08 10:08:46 #12 type] 
Type domain.Erreserba is not enhanced.

------------------------------------------------------------------------------------------------------------------------

[2025-10-08 10:08:55 #1 store] 
Database '/home/lur/Lur/EHU/3.URTEA/SI2/GITHUB/proiektu/proiektu/src/main/resources/rides.temp' has been recovered (tr. 215-218)

[2025-10-08 10:08:55 #2 store] 
Database '/home/lur/Lur/EHU/3.URTEA/SI2/GITHUB/proiektu/proiektu/src/main/resources/rides.temp' is opened by 7943@lur-ASUS-TUF-Gaming-F15-FX506HF-FX506HF

[2025-10-08 10:09:04 #3 store] 
Database '/home/lur/Lur/EHU/3.URTEA/SI2/GITHUB/proiektu/proiektu/src/main/resources/rides.temp' is closed by 7943@lur-ASUS-TUF-Gaming-F15-FX506HF-FX506HF

------------------------------------------------------------------------------------------------------------------------

[2025-10-08 10:09:07 #1 store] 
Database '/home/lur/Lur/EHU/3.URTEA/SI2/GITHUB/proiektu/proiektu/src/main/resources/rides.temp' is opened by 7996@lur-ASUS-TUF-Gaming-F15-FX506HF-FX506HF

[2025-10-08 10:09:07 #2 type] 
Type domain.User is not enhanced.

[2025-10-08 10:09:07 #3 type] 
Type domain.Erreklamazio is not enhanced.

[2025-10-08 10:09:07 #4 type] 
Type domain.Balorazioa is not enhanced.

[2025-10-08 10:09:07 #5 type] 
Type domain.Mugimendua is not enhanced.

[2025-10-08 10:09:07 #6 type] 
Type domain.Ride is not enhanced.

[2025-10-08 10:09:07 #7 type] 
Type domain.Mezua is not enhanced.

[2025-10-08 10:09:07 #8 type] 
Type domain.Driver is not enhanced.

[2025-10-08 10:09:07 #9 type] 
Type domain.Kotxe is not enhanced.

[2025-10-08 10:09:07 #10 type] 
Type domain.Traveler is not enhanced.

[2025-10-08 10:09:07 #11 type] 
Type domain.Alerta is not enhanced.

[2025-10-08 10:09:07 #12 type] 
Type domain.Erreserba is not enhanced.

------------------------------------------------------------------------------------------------------------------------

[2025-10-08 10:09:09 #1 store] 
Database '/home/lur/Lur/EHU/3.URTEA/SI2/GITHUB/proiektu/proiektu/src/main/resources/rides.temp' has been recovered (tr. 221-226)

[2025-10-08 10:09:09 #2 store] 
Database '/home/lur/Lur/EHU/3.URTEA/SI2/GITHUB/proiektu/proiektu/src/main/resources/rides.temp' is opened by 8030@lur-ASUS-TUF-Gaming-F15-FX506HF-FX506HF

[2025-10-08 10:09:09 #3 type] 
Type domain.User is not enhanced.

[2025-10-08 10:09:09 #4 type] 
Type domain.Erreklamazio is not enhanced.

[2025-10-08 10:09:09 #5 type] 
Type domain.Balorazioa is not enhanced.

[2025-10-08 10:09:09 #6 type] 
Type domain.Mugimendua is not enhanced.

[2025-10-08 10:09:09 #7 type] 
Type domain.Ride is not enhanced.

[2025-10-08 10:09:09 #8 type] 
Type domain.Mezua is not enhanced.

[2025-10-08 10:09:09 #9 type] 
Type domain.Driver is not enhanced.

[2025-10-08 10:09:09 #10 type] 
Type domain.Kotxe is not enhanced.

[2025-10-08 10:09:09 #11 type] 
Type domain.Traveler is not enhanced.

[2025-10-08 10:09:09 #12 type] 
Type domain.Alerta is not enhanced.

[2025-10-08 10:09:09 #13 type] 
Type domain.Erreserba is not enhanced.

------------------------------------------------------------------------------------------------------------------------

[2025-10-08 10:09:10 #1 store] 
Database '/home/lur/Lur/EHU/3.URTEA/SI2/GITHUB/proiektu/proiektu/src/main/resources/rides.temp' has been recovered (tr. 227-232)

[2025-10-08 10:09:10 #2 store] 
Database '/home/lur/Lur/EHU/3.URTEA/SI2/GITHUB/proiektu/proiektu/src/main/resources/rides.temp' is opened by 8063@lur-ASUS-TUF-Gaming-F15-FX506HF-FX506HF

[2025-10-08 10:09:10 #3 type] 
Type domain.User is not enhanced.

[2025-10-08 10:09:10 #4 type] 
Type domain.Erreklamazio is not enhanced.

[2025-10-08 10:09:10 #5 type] 
Type domain.Balorazioa is not enhanced.

[2025-10-08 10:09:10 #6 type] 
Type domain.Mugimendua is not enhanced.

[2025-10-08 10:09:10 #7 type] 
Type domain.Ride is not enhanced.

[2025-10-08 10:09:10 #8 type] 
Type domain.Mezua is not enhanced.

[2025-10-08 10:09:10 #9 type] 
Type domain.Driver is not enhanced.

[2025-10-08 10:09:10 #10 type] 
Type domain.Kotxe is not enhanced.

[2025-10-08 10:09:10 #11 type] 
Type domain.Traveler is not enhanced.

[2025-10-08 10:09:10 #12 type] 
Type domain.Alerta is not enhanced.

[2025-10-08 10:09:10 #13 type] 
Type domain.Erreserba is not enhanced.

------------------------------------------------------------------------------------------------------------------------

[2025-10-08 10:09:15 #1 store] 
Database '/home/lur/Lur/EHU/3.URTEA/SI2/GITHUB/proiektu/proiektu/src/main/resources/rides.temp' has been recovered (tr. 233-238)

[2025-10-08 10:09:15 #2 store] 
Database '/home/lur/Lur/EHU/3.URTEA/SI2/GITHUB/proiektu/proiektu/src/main/resources/rides.temp' is opened by 8096@lur-ASUS-TUF-Gaming-F15-FX506HF-FX506HF

[2025-10-08 10:09:19 #3 store] 
Database '/home/lur/Lur/EHU/3.URTEA/SI2/GITHUB/proiektu/proiektu/src/main/resources/rides.temp' is closed by 8096@lur-ASUS-TUF-Gaming-F15-FX506HF-FX506HF

------------------------------------------------------------------------------------------------------------------------

[2025-10-08 10:13:35 #1 store] 
Database '/home/lur/Lur/EHU/3.URTEA/SI2/GITHUB/proiektu/proiektu/src/main/resources/rides.temp' is opened by 8425@lur-ASUS-TUF-Gaming-F15-FX506HF-FX506HF

[2025-10-08 10:13:35 #2 type] 
Type domain.User is not enhanced.

[2025-10-08 10:13:35 #3 type] 
Type domain.Erreklamazio is not enhanced.

[2025-10-08 10:13:35 #4 type] 
Type domain.Balorazioa is not enhanced.

[2025-10-08 10:13:35 #5 type] 
Type domain.Mugimendua is not enhanced.

[2025-10-08 10:13:35 #6 type] 
Type domain.Ride is not enhanced.

[2025-10-08 10:13:35 #7 type] 
Type domain.Mezua is not enhanced.

[2025-10-08 10:13:35 #8 type] 
Type domain.Driver is not enhanced.

[2025-10-08 10:13:35 #9 type] 
Type domain.Kotxe is not enhanced.

[2025-10-08 10:13:35 #10 type] 
Type domain.Traveler is not enhanced.

[2025-10-08 10:13:35 #11 type] 
Type domain.Alerta is not enhanced.

[2025-10-08 10:13:35 #12 type] 
Type domain.Erreserba is not enhanced.

------------------------------------------------------------------------------------------------------------------------

[2025-10-08 10:18:07 #1 store] 
Database '/home/lur/Lur/EHU/3.URTEA/SI2/GITHUB/proiektu/proiektu/src/main/resources/rides.temp' has been recovered (tr. 239-260)

[2025-10-08 10:18:07 #2 store] 
Database '/home/lur/Lur/EHU/3.URTEA/SI2/GITHUB/proiektu/proiektu/src/main/resources/rides.temp' is opened by 8742@lur-ASUS-TUF-Gaming-F15-FX506HF-FX506HF

[2025-10-08 10:18:07 #3 type] 
Type domain.User is not enhanced.

[2025-10-08 10:18:07 #4 type] 
Type domain.Erreklamazio is not enhanced.

[2025-10-08 10:18:07 #5 type] 
Type domain.Balorazioa is not enhanced.

[2025-10-08 10:18:07 #6 type] 
Type domain.Mugimendua is not enhanced.

[2025-10-08 10:18:07 #7 type] 
Type domain.Ride is not enhanced.

[2025-10-08 10:18:07 #8 type] 
Type domain.Mezua is not enhanced.

[2025-10-08 10:18:07 #9 type] 
Type domain.Driver is not enhanced.

[2025-10-08 10:18:07 #10 type] 
Type domain.Kotxe is not enhanced.

[2025-10-08 10:18:07 #11 type] 
Type domain.Traveler is not enhanced.

[2025-10-08 10:18:07 #12 type] 
Type domain.Alerta is not enhanced.

[2025-10-08 10:18:07 #13 type] 
Type domain.Erreserba is not enhanced.

------------------------------------------------------------------------------------------------------------------------

[2025-10-08 10:18:21 #1 store] 
Database '/home/lur/Lur/EHU/3.URTEA/SI2/GITHUB/proiektu/proiektu/src/main/resources/rides.temp' has been recovered (tr. 261-312)

[2025-10-08 10:18:21 #2 store] 
Database '/home/lur/Lur/EHU/3.URTEA/SI2/GITHUB/proiektu/proiektu/src/main/resources/rides.temp' is opened by 8825@lur-ASUS-TUF-Gaming-F15-FX506HF-FX506HF

[2025-10-08 10:18:21 #3 type] 
Type domain.User is not enhanced.

[2025-10-08 10:18:21 #4 type] 
Type domain.Erreklamazio is not enhanced.

[2025-10-08 10:18:21 #5 type] 
Type domain.Balorazioa is not enhanced.

[2025-10-08 10:18:21 #6 type] 
Type domain.Mugimendua is not enhanced.

[2025-10-08 10:18:21 #7 type] 
Type domain.Ride is not enhanced.

[2025-10-08 10:18:21 #8 type] 
Type domain.Mezua is not enhanced.

[2025-10-08 10:18:21 #9 type] 
Type domain.Driver is not enhanced.

[2025-10-08 10:18:21 #10 type] 
Type domain.Kotxe is not enhanced.

[2025-10-08 10:18:21 #11 type] 
Type domain.Traveler is not enhanced.

[2025-10-08 10:18:21 #12 type] 
Type domain.Alerta is not enhanced.

[2025-10-08 10:18:21 #13 type] 
Type domain.Erreserba is not enhanced.

------------------------------------------------------------------------------------------------------------------------

[2025-10-08 10:20:17 #1 store] 
Database '/home/lur/Lur/EHU/3.URTEA/SI2/GITHUB/proiektu/proiektu/src/main/resources/rides.temp' has been recovered (tr. 313-363)

[2025-10-08 10:20:17 #2 store] 
Database '/home/lur/Lur/EHU/3.URTEA/SI2/GITHUB/proiektu/proiektu/src/main/resources/rides.temp' is opened by 8998@lur-ASUS-TUF-Gaming-F15-FX506HF-FX506HF

[2025-10-08 10:20:18 #3 type] 
Type domain.User is not enhanced.

[2025-10-08 10:20:18 #4 type] 
Type domain.Erreklamazio is not enhanced.

[2025-10-08 10:20:18 #5 type] 
Type domain.Balorazioa is not enhanced.

[2025-10-08 10:20:18 #6 type] 
Type domain.Mugimendua is not enhanced.

[2025-10-08 10:20:18 #7 type] 
Type domain.Ride is not enhanced.

[2025-10-08 10:20:18 #8 type] 
Type domain.Mezua is not enhanced.

[2025-10-08 10:20:18 #9 type] 
Type domain.Driver is not enhanced.

[2025-10-08 10:20:18 #10 type] 
Type domain.Kotxe is not enhanced.

[2025-10-08 10:20:18 #11 type] 
Type domain.Traveler is not enhanced.

[2025-10-08 10:20:18 #12 type] 
Type domain.Alerta is not enhanced.

[2025-10-08 10:20:18 #13 type] 
Type domain.Erreserba is not enhanced.

------------------------------------------------------------------------------------------------------------------------

[2025-10-08 12:10:16 #1 store] 
Database '/home/lur/Lur/EHU/3.URTEA/SI2/GITHUB/proiektu/proiektu/src/main/resources/rides.temp' has been recovered (tr. 364-385)

[2025-10-08 12:10:16 #2 store] 
Database '/home/lur/Lur/EHU/3.URTEA/SI2/GITHUB/proiektu/proiektu/src/main/resources/rides.temp' is opened by 3981@lur-ASUS-TUF-Gaming-F15-FX506HF-FX506HF

[2025-10-08 12:10:16 #3 type] 
Type domain.User is not enhanced.

[2025-10-08 12:10:16 #4 type] 
Type domain.Erreklamazio is not enhanced.

[2025-10-08 12:10:16 #5 type] 
Type domain.Balorazioa is not enhanced.

[2025-10-08 12:10:16 #6 type] 
Type domain.Mugimendua is not enhanced.

[2025-10-08 12:10:16 #7 type] 
Type domain.Ride is not enhanced.

[2025-10-08 12:10:16 #8 type] 
Type domain.Mezua is not enhanced.

[2025-10-08 12:10:16 #9 type] 
Type domain.Driver is not enhanced.

[2025-10-08 12:10:16 #10 type] 
Type domain.Kotxe is not enhanced.

[2025-10-08 12:10:16 #11 type] 
Type domain.Traveler is not enhanced.

[2025-10-08 12:10:16 #12 type] 
Type domain.Alerta is not enhanced.

[2025-10-08 12:10:16 #13 type] 
Type domain.Erreserba is not enhanced.

------------------------------------------------------------------------------------------------------------------------

[2025-10-08 12:10:30 #1 store] 
Database '/home/lur/Lur/EHU/3.URTEA/SI2/GITHUB/proiektu/proiektu/src/main/resources/rides.temp' has been recovered (tr. 386-407)

[2025-10-08 12:10:30 #2 store] 
Database '/home/lur/Lur/EHU/3.URTEA/SI2/GITHUB/proiektu/proiektu/src/main/resources/rides.temp' is opened by 4070@lur-ASUS-TUF-Gaming-F15-FX506HF-FX506HF

[2025-10-08 12:10:30 #3 type] 
Type domain.User is not enhanced.

[2025-10-08 12:10:30 #4 type] 
Type domain.Erreklamazio is not enhanced.

[2025-10-08 12:10:30 #5 type] 
Type domain.Balorazioa is not enhanced.

[2025-10-08 12:10:30 #6 type] 
Type domain.Mugimendua is not enhanced.

[2025-10-08 12:10:30 #7 type] 
Type domain.Ride is not enhanced.

[2025-10-08 12:10:30 #8 type] 
Type domain.Mezua is not enhanced.

[2025-10-08 12:10:30 #9 type] 
Type domain.Driver is not enhanced.

[2025-10-08 12:10:30 #10 type] 
Type domain.Kotxe is not enhanced.

[2025-10-08 12:10:30 #11 type] 
Type domain.Traveler is not enhanced.

[2025-10-08 12:10:30 #12 type] 
Type domain.Alerta is not enhanced.

[2025-10-08 12:10:30 #13 type] 
Type domain.Erreserba is not enhanced.

------------------------------------------------------------------------------------------------------------------------

[2025-10-08 12:12:50 #1 store] 
Database '/home/lur/Lur/EHU/3.URTEA/SI2/GITHUB/proiektu/proiektu/src/main/resources/rides.temp' has been recovered (tr. 459-509)

[2025-10-08 12:12:50 #2 store] 
Database '/home/lur/Lur/EHU/3.URTEA/SI2/GITHUB/proiektu/proiektu/src/main/resources/rides.temp' is opened by 4380@lur-ASUS-TUF-Gaming-F15-FX506HF-FX506HF

[2025-10-08 12:12:50 #3 type] 
Type domain.User is not enhanced.

[2025-10-08 12:12:50 #4 type] 
Type domain.Erreklamazio is not enhanced.

[2025-10-08 12:12:50 #5 type] 
Type domain.Balorazioa is not enhanced.

[2025-10-08 12:12:50 #6 type] 
Type domain.Mugimendua is not enhanced.

[2025-10-08 12:12:50 #7 type] 
Type domain.Ride is not enhanced.

[2025-10-08 12:12:50 #8 type] 
Type domain.Mezua is not enhanced.

[2025-10-08 12:12:50 #9 type] 
Type domain.Driver is not enhanced.

[2025-10-08 12:12:50 #10 type] 
Type domain.Kotxe is not enhanced.

[2025-10-08 12:12:50 #11 type] 
Type domain.Traveler is not enhanced.

[2025-10-08 12:12:50 #12 type] 
Type domain.Alerta is not enhanced.

[2025-10-08 12:12:50 #13 type] 
Type domain.Erreserba is not enhanced.

------------------------------------------------------------------------------------------------------------------------

[2025-10-08 12:13:06 #1 store] 
Database '/home/lur/Lur/EHU/3.URTEA/SI2/GITHUB/proiektu/proiektu/src/main/resources/rides.temp' has been recovered (tr. 510-560)

[2025-10-08 12:13:06 #2 store] 
Database '/home/lur/Lur/EHU/3.URTEA/SI2/GITHUB/proiektu/proiektu/src/main/resources/rides.temp' is opened by 4467@lur-ASUS-TUF-Gaming-F15-FX506HF-FX506HF

[2025-10-08 12:13:06 #3 type] 
Type domain.User is not enhanced.

[2025-10-08 12:13:06 #4 type] 
Type domain.Erreklamazio is not enhanced.

[2025-10-08 12:13:06 #5 type] 
Type domain.Balorazioa is not enhanced.

[2025-10-08 12:13:06 #6 type] 
Type domain.Mugimendua is not enhanced.

[2025-10-08 12:13:06 #7 type] 
Type domain.Ride is not enhanced.

[2025-10-08 12:13:06 #8 type] 
Type domain.Mezua is not enhanced.

[2025-10-08 12:13:06 #9 type] 
Type domain.Driver is not enhanced.

[2025-10-08 12:13:06 #10 type] 
Type domain.Kotxe is not enhanced.

[2025-10-08 12:13:06 #11 type] 
Type domain.Traveler is not enhanced.

[2025-10-08 12:13:06 #12 type] 
Type domain.Alerta is not enhanced.

[2025-10-08 12:13:06 #13 type] 
Type domain.Erreserba is not enhanced.

