------------------------------------------------------------------------------------------------------------------------

[2025-10-03 14:12:10 #1 store] 
Database '/home/lur/Lur/EHU/3.URTEA/SI2/GITHUB/proiektu/src/main/resources/rides.temp' has been recovered (tr. 3266-3287)

[2025-10-03 14:12:10 #2 store] 
Database '/home/lur/Lur/EHU/3.URTEA/SI2/GITHUB/proiektu/src/main/resources/rides.temp' is opened by 6073@lur-ASUS-TUF-Gaming-F15-FX506HF-FX506HF

[2025-10-03 14:12:10 #3 type] 
Type domain.User is not enhanced.

[2025-10-03 14:12:10 #4 type] 
Type domain.Mugimendua is not enhanced.

[2025-10-03 14:12:10 #5 type] 
Type domain.Ride is not enhanced.

[2025-10-03 14:12:10 #6 type] 
Type domain.Driver is not enhanced.

[2025-10-03 14:12:10 #7 type] 
Type domain.Kotxe is not enhanced.

[2025-10-03 14:12:10 #8 type] 
Type domain.Traveler is not enhanced.

[2025-10-03 14:12:10 #9 type] 
Type domain.Erreserba is not enhanced.

[2025-10-03 14:12:10 #10 type] 
Type domain.Balorazioa is not enhanced.

[2025-10-03 14:12:10 #11 type] 
Type domain.Alerta is not enhanced.

[2025-10-03 14:12:10 #12 type] 
Type domain.Erreklamazio is not enhanced.

[2025-10-03 14:12:10 #13 type] 
Type domain.Mezua is not enhanced.

------------------------------------------------------------------------------------------------------------------------

[2025-10-03 14:15:35 #1 store] 
Database '/home/lur/Lur/EHU/3.URTEA/SI2/GITHUB/proiektu/src/main/resources/rides.temp' has been recovered (tr. 3288-3304)

[2025-10-03 14:15:35 #2 store] 
Database '/home/lur/Lur/EHU/3.URTEA/SI2/GITHUB/proiektu/src/main/resources/rides.temp' is opened by 6461@lur-ASUS-TUF-Gaming-F15-FX506HF-FX506HF

[2025-10-03 14:15:35 #3 type] 
Type domain.User is not enhanced.

[2025-10-03 14:15:35 #4 type] 
Type domain.Mugimendua is not enhanced.

[2025-10-03 14:15:35 #5 type] 
Type domain.Ride is not enhanced.

[2025-10-03 14:15:35 #6 type] 
Type domain.Driver is not enhanced.

[2025-10-03 14:15:35 #7 type] 
Type domain.Kotxe is not enhanced.

[2025-10-03 14:15:35 #8 type] 
Type domain.Traveler is not enhanced.

[2025-10-03 14:15:35 #9 type] 
Type domain.Erreserba is not enhanced.

[2025-10-03 14:15:35 #10 type] 
Type domain.Balorazioa is not enhanced.

[2025-10-03 14:15:35 #11 type] 
Type domain.Alerta is not enhanced.

[2025-10-03 14:15:35 #12 type] 
Type domain.Erreklamazio is not enhanced.

[2025-10-03 14:15:35 #13 type] 
Type domain.Mezua is not enhanced.

