------------------------------------------------------------------------------------------------------------------------

[2025-03-14 10:42:02 #1 store] 
Database '/home/lur/eclipse-workspace/Rides24/src/main/resources/rides.temp' is opened by 3079@lur-ASUS-TUF-Gaming-F15-FX506HF-FX506HF

[2025-03-14 10:42:03 #2 type] 
Type domain.User is not enhanced.

[2025-03-14 10:42:03 #3 type] 
Type domain.Driver is not enhanced.

[2025-03-14 10:42:03 #4 type] 
Type domain.Ride is not enhanced.

[2025-03-14 10:42:03 #5 type] 
Type domain.Traveler is not enhanced.

[2025-03-14 10:42:03 #6 type] 
Type domain.Erreserba is not enhanced.

[2025-03-14 10:42:03 #7 type] 
Type domain.Kotxe is not enhanced.

[2025-03-14 10:42:03 #8 type] 
Type domain.Mugimendua is not enhanced.

------------------------------------------------------------------------------------------------------------------------

[2025-03-14 10:45:42 #1 store] 
Database '/home/lur/eclipse-workspace/Rides24/src/main/resources/rides.temp' has been recovered (tr. 2089-2091)

[2025-03-14 10:45:42 #2 store] 
Database '/home/lur/eclipse-workspace/Rides24/src/main/resources/rides.temp' is opened by 3307@lur-ASUS-TUF-Gaming-F15-FX506HF-FX506HF

[2025-03-14 10:45:43 #3 type] 
Type domain.User is not enhanced.

[2025-03-14 10:45:43 #4 type] 
Type domain.Driver is not enhanced.

[2025-03-14 10:45:43 #5 type] 
Type domain.Ride is not enhanced.

[2025-03-14 10:45:43 #6 type] 
Type domain.Traveler is not enhanced.

[2025-03-14 10:45:43 #7 type] 
Type domain.Erreserba is not enhanced.

[2025-03-14 10:45:43 #8 type] 
Type domain.Kotxe is not enhanced.

[2025-03-14 10:45:43 #9 type] 
Type domain.Mugimendua is not enhanced.

------------------------------------------------------------------------------------------------------------------------

[2025-03-14 10:46:16 #1 store] 
Database '/home/lur/eclipse-workspace/Rides24/src/main/resources/rides.temp' is opened by 3397@lur-ASUS-TUF-Gaming-F15-FX506HF-FX506HF

[2025-03-14 10:46:16 #2 type] 
Type domain.User is not enhanced.

[2025-03-14 10:46:16 #3 type] 
Type domain.Driver is not enhanced.

[2025-03-14 10:46:16 #4 type] 
Type domain.Ride is not enhanced.

[2025-03-14 10:46:16 #5 type] 
Type domain.Traveler is not enhanced.

[2025-03-14 10:46:16 #6 type] 
Type domain.Erreserba is not enhanced.

[2025-03-14 10:46:16 #7 type] 
Type domain.Kotxe is not enhanced.

[2025-03-14 10:46:16 #8 type] 
Type domain.Mugimendua is not enhanced.

------------------------------------------------------------------------------------------------------------------------

[2025-03-14 10:47:45 #1 store] 
Database '/home/lur/eclipse-workspace/Rides24/src/main/resources/rides.temp' has been recovered (tr. 2092-2098)

[2025-03-14 10:47:45 #2 store] 
Database '/home/lur/eclipse-workspace/Rides24/src/main/resources/rides.temp' is opened by 3467@lur-ASUS-TUF-Gaming-F15-FX506HF-FX506HF

[2025-03-14 10:47:45 #3 type] 
Type domain.User is not enhanced.

[2025-03-14 10:47:45 #4 type] 
Type domain.Driver is not enhanced.

[2025-03-14 10:47:45 #5 type] 
Type domain.Ride is not enhanced.

[2025-03-14 10:47:45 #6 type] 
Type domain.Traveler is not enhanced.

[2025-03-14 10:47:45 #7 type] 
Type domain.Erreserba is not enhanced.

[2025-03-14 10:47:45 #8 type] 
Type domain.Kotxe is not enhanced.

[2025-03-14 10:47:45 #9 type] 
Type domain.Mugimendua is not enhanced.

------------------------------------------------------------------------------------------------------------------------

[2025-03-14 10:48:06 #1 store] 
Database '/home/lur/eclipse-workspace/Rides24/src/main/resources/rides.temp' has been recovered (tr. 2099-2100)

[2025-03-14 10:48:06 #2 store] 
Database '/home/lur/eclipse-workspace/Rides24/src/main/resources/rides.temp' is opened by 3509@lur-ASUS-TUF-Gaming-F15-FX506HF-FX506HF

[2025-03-14 10:48:06 #3 type] 
Type domain.User is not enhanced.

[2025-03-14 10:48:06 #4 type] 
Type domain.Driver is not enhanced.

[2025-03-14 10:48:06 #5 type] 
Type domain.Ride is not enhanced.

[2025-03-14 10:48:06 #6 type] 
Type domain.Traveler is not enhanced.

[2025-03-14 10:48:06 #7 type] 
Type domain.Erreserba is not enhanced.

[2025-03-14 10:48:06 #8 type] 
Type domain.Kotxe is not enhanced.

[2025-03-14 10:48:06 #9 type] 
Type domain.Mugimendua is not enhanced.

------------------------------------------------------------------------------------------------------------------------

[2025-03-14 10:48:11 #1 store] 
Database '/home/lur/eclipse-workspace/Rides24/src/main/resources/rides.temp' is opened by 3546@lur-ASUS-TUF-Gaming-F15-FX506HF-FX506HF

[2025-03-14 10:48:11 #2 type] 
Type domain.User is not enhanced.

[2025-03-14 10:48:11 #3 type] 
Type domain.Driver is not enhanced.

[2025-03-14 10:48:11 #4 type] 
Type domain.Ride is not enhanced.

[2025-03-14 10:48:11 #5 type] 
Type domain.Traveler is not enhanced.

[2025-03-14 10:48:11 #6 type] 
Type domain.Erreserba is not enhanced.

[2025-03-14 10:48:11 #7 type] 
Type domain.Kotxe is not enhanced.

[2025-03-14 10:48:11 #8 type] 
Type domain.Mugimendua is not enhanced.

------------------------------------------------------------------------------------------------------------------------

[2025-03-14 10:50:02 #1 store] 
Database '/home/lur/eclipse-workspace/Rides24/src/main/resources/rides.temp' has been recovered (tr. 2101-2111)

[2025-03-14 10:50:02 #2 store] 
Database '/home/lur/eclipse-workspace/Rides24/src/main/resources/rides.temp' is opened by 3599@lur-ASUS-TUF-Gaming-F15-FX506HF-FX506HF

[2025-03-14 10:50:02 #3 type] 
Type domain.User is not enhanced.

[2025-03-14 10:50:02 #4 type] 
Type domain.Driver is not enhanced.

[2025-03-14 10:50:02 #5 type] 
Type domain.Ride is not enhanced.

[2025-03-14 10:50:02 #6 type] 
Type domain.Traveler is not enhanced.

[2025-03-14 10:50:02 #7 type] 
Type domain.Erreserba is not enhanced.

[2025-03-14 10:50:02 #8 type] 
Type domain.Kotxe is not enhanced.

[2025-03-14 10:50:02 #9 type] 
Type domain.Mugimendua is not enhanced.

------------------------------------------------------------------------------------------------------------------------

[2025-03-14 10:50:29 #1 store] 
Database '/home/lur/eclipse-workspace/Rides24/src/main/resources/rides.temp' has been recovered (tr. 2112-2120)

[2025-03-14 10:50:29 #2 store] 
Database '/home/lur/eclipse-workspace/Rides24/src/main/resources/rides.temp' is opened by 3655@lur-ASUS-TUF-Gaming-F15-FX506HF-FX506HF

[2025-03-14 10:50:29 #3 type] 
Type domain.User is not enhanced.

[2025-03-14 10:50:30 #4 type] 
Type domain.Driver is not enhanced.

[2025-03-14 10:50:30 #5 type] 
Type domain.Ride is not enhanced.

[2025-03-14 10:50:30 #6 type] 
Type domain.Traveler is not enhanced.

[2025-03-14 10:50:30 #7 type] 
Type domain.Erreserba is not enhanced.

[2025-03-14 10:50:30 #8 type] 
Type domain.Kotxe is not enhanced.

[2025-03-14 10:50:30 #9 type] 
Type domain.Mugimendua is not enhanced.

------------------------------------------------------------------------------------------------------------------------

[2025-03-14 11:02:14 #1 store] 
Database '/home/lur/eclipse-workspace/Rides24/src/main/resources/rides.temp' is opened by 4087@lur-ASUS-TUF-Gaming-F15-FX506HF-FX506HF

[2025-03-14 11:02:14 #2 type] 
Type domain.User is not enhanced.

[2025-03-14 11:02:14 #3 type] 
Type domain.Driver is not enhanced.

[2025-03-14 11:02:14 #4 type] 
Type domain.Ride is not enhanced.

[2025-03-14 11:02:14 #5 type] 
Type domain.Traveler is not enhanced.

[2025-03-14 11:02:14 #6 type] 
Type domain.Erreserba is not enhanced.

[2025-03-14 11:02:14 #7 type] 
Type domain.Kotxe is not enhanced.

[2025-03-14 11:02:14 #8 type] 
Type domain.Mugimendua is not enhanced.

------------------------------------------------------------------------------------------------------------------------

[2025-03-14 11:02:40 #1 store] 
Database '/home/lur/eclipse-workspace/Rides24/src/main/resources/rides.temp' has been recovered (tr. 2121-2122)

[2025-03-14 11:02:40 #2 store] 
Database '/home/lur/eclipse-workspace/Rides24/src/main/resources/rides.temp' is opened by 4147@lur-ASUS-TUF-Gaming-F15-FX506HF-FX506HF

[2025-03-14 11:02:40 #3 type] 
Type domain.User is not enhanced.

[2025-03-14 11:02:40 #4 type] 
Type domain.Driver is not enhanced.

[2025-03-14 11:02:40 #5 type] 
Type domain.Ride is not enhanced.

[2025-03-14 11:02:40 #6 type] 
Type domain.Traveler is not enhanced.

[2025-03-14 11:02:40 #7 type] 
Type domain.Erreserba is not enhanced.

[2025-03-14 11:02:40 #8 type] 
Type domain.Kotxe is not enhanced.

[2025-03-14 11:02:40 #9 type] 
Type domain.Mugimendua is not enhanced.

------------------------------------------------------------------------------------------------------------------------

[2025-03-14 11:05:17 #1 store] 
Database '/home/lur/eclipse-workspace/Rides24/src/main/resources/rides.temp' is opened by 4307@lur-ASUS-TUF-Gaming-F15-FX506HF-FX506HF

[2025-03-14 11:05:17 #2 type] 
Type domain.User is not enhanced.

[2025-03-14 11:05:17 #3 type] 
Type domain.Driver is not enhanced.

[2025-03-14 11:05:17 #4 type] 
Type domain.Ride is not enhanced.

[2025-03-14 11:05:17 #5 type] 
Type domain.Traveler is not enhanced.

[2025-03-14 11:05:17 #6 type] 
Type domain.Erreserba is not enhanced.

[2025-03-14 11:05:17 #7 type] 
Type domain.Kotxe is not enhanced.

[2025-03-14 11:05:17 #8 type] 
Type domain.Mugimendua is not enhanced.

------------------------------------------------------------------------------------------------------------------------

[2025-03-14 11:05:45 #1 store] 
Database '/home/lur/eclipse-workspace/Rides24/src/main/resources/rides.temp' is opened by 4349@lur-ASUS-TUF-Gaming-F15-FX506HF-FX506HF

[2025-03-14 11:05:45 #2 type] 
Type domain.User is not enhanced.

[2025-03-14 11:05:45 #3 type] 
Type domain.Driver is not enhanced.

[2025-03-14 11:05:45 #4 type] 
Type domain.Ride is not enhanced.

[2025-03-14 11:05:45 #5 type] 
Type domain.Traveler is not enhanced.

[2025-03-14 11:05:45 #6 type] 
Type domain.Erreserba is not enhanced.

[2025-03-14 11:05:45 #7 type] 
Type domain.Kotxe is not enhanced.

[2025-03-14 11:05:45 #8 type] 
Type domain.Mugimendua is not enhanced.

------------------------------------------------------------------------------------------------------------------------

[2025-03-14 11:07:55 #1 store] 
Database '/home/lur/eclipse-workspace/Rides24/src/main/resources/rides.temp' is opened by 4548@lur-ASUS-TUF-Gaming-F15-FX506HF-FX506HF

[2025-03-14 11:07:55 #2 type] 
Type domain.User is not enhanced.

[2025-03-14 11:07:55 #3 type] 
Type domain.Driver is not enhanced.

[2025-03-14 11:07:55 #4 type] 
Type domain.Ride is not enhanced.

[2025-03-14 11:07:55 #5 type] 
Type domain.Traveler is not enhanced.

[2025-03-14 11:07:55 #6 type] 
Type domain.Erreserba is not enhanced.

[2025-03-14 11:07:55 #7 type] 
Type domain.Kotxe is not enhanced.

[2025-03-14 11:07:55 #8 type] 
Type domain.Mugimendua is not enhanced.

------------------------------------------------------------------------------------------------------------------------

[2025-03-14 11:09:12 #1 store] 
Database '/home/lur/eclipse-workspace/Rides24/src/main/resources/rides.temp' is opened by 4652@lur-ASUS-TUF-Gaming-F15-FX506HF-FX506HF

[2025-03-14 11:09:12 #2 type] 
Type domain.User is not enhanced.

[2025-03-14 11:09:12 #3 type] 
Type domain.Driver is not enhanced.

[2025-03-14 11:09:12 #4 type] 
Type domain.Ride is not enhanced.

[2025-03-14 11:09:12 #5 type] 
Type domain.Traveler is not enhanced.

[2025-03-14 11:09:12 #6 type] 
Type domain.Erreserba is not enhanced.

[2025-03-14 11:09:12 #7 type] 
Type domain.Kotxe is not enhanced.

[2025-03-14 11:09:12 #8 type] 
Type domain.Mugimendua is not enhanced.

------------------------------------------------------------------------------------------------------------------------

[2025-03-14 11:09:22 #1 store] 
Database '/home/lur/eclipse-workspace/Rides24/src/main/resources/rides.temp' is opened by 4690@lur-ASUS-TUF-Gaming-F15-FX506HF-FX506HF

[2025-03-14 11:09:22 #2 type] 
Type domain.User is not enhanced.

[2025-03-14 11:09:22 #3 type] 
Type domain.Driver is not enhanced.

[2025-03-14 11:09:22 #4 type] 
Type domain.Ride is not enhanced.

[2025-03-14 11:09:22 #5 type] 
Type domain.Traveler is not enhanced.

[2025-03-14 11:09:22 #6 type] 
Type domain.Erreserba is not enhanced.

[2025-03-14 11:09:22 #7 type] 
Type domain.Kotxe is not enhanced.

[2025-03-14 11:09:22 #8 type] 
Type domain.Mugimendua is not enhanced.

------------------------------------------------------------------------------------------------------------------------

[2025-03-14 11:10:53 #1 store] 
Database '/home/lur/eclipse-workspace/Rides24/src/main/resources/rides.temp' is opened by 4801@lur-ASUS-TUF-Gaming-F15-FX506HF-FX506HF

[2025-03-14 11:10:53 #2 type] 
Type domain.User is not enhanced.

[2025-03-14 11:10:53 #3 type] 
Type domain.Driver is not enhanced.

[2025-03-14 11:10:53 #4 type] 
Type domain.Ride is not enhanced.

[2025-03-14 11:10:53 #5 type] 
Type domain.Traveler is not enhanced.

[2025-03-14 11:10:53 #6 type] 
Type domain.Erreserba is not enhanced.

[2025-03-14 11:10:53 #7 type] 
Type domain.Kotxe is not enhanced.

[2025-03-14 11:10:53 #8 type] 
Type domain.Mugimendua is not enhanced.

------------------------------------------------------------------------------------------------------------------------

[2025-03-14 11:11:36 #1 store] 
Database '/home/lur/eclipse-workspace/Rides24/src/main/resources/rides.temp' is opened by 4906@lur-ASUS-TUF-Gaming-F15-FX506HF-FX506HF

[2025-03-14 11:11:36 #2 type] 
Type domain.User is not enhanced.

[2025-03-14 11:11:36 #3 type] 
Type domain.Driver is not enhanced.

[2025-03-14 11:11:36 #4 type] 
Type domain.Ride is not enhanced.

[2025-03-14 11:11:36 #5 type] 
Type domain.Traveler is not enhanced.

[2025-03-14 11:11:36 #6 type] 
Type domain.Erreserba is not enhanced.

[2025-03-14 11:11:36 #7 type] 
Type domain.Kotxe is not enhanced.

[2025-03-14 11:11:36 #8 type] 
Type domain.Mugimendua is not enhanced.

------------------------------------------------------------------------------------------------------------------------

[2025-03-14 11:20:35 #1 store] 
Database '/home/lur/eclipse-workspace/Rides24/src/main/resources/rides.temp' is opened by 5223@lur-ASUS-TUF-Gaming-F15-FX506HF-FX506HF

[2025-03-14 11:20:36 #2 type] 
Type domain.User is not enhanced.

[2025-03-14 11:20:36 #3 type] 
Type domain.Driver is not enhanced.

[2025-03-14 11:20:36 #4 type] 
Type domain.Ride is not enhanced.

[2025-03-14 11:20:36 #5 type] 
Type domain.Traveler is not enhanced.

[2025-03-14 11:20:36 #6 type] 
Type domain.Erreserba is not enhanced.

[2025-03-14 11:20:36 #7 type] 
Type domain.Kotxe is not enhanced.

[2025-03-14 11:20:36 #8 type] 
Type domain.Mugimendua is not enhanced.

------------------------------------------------------------------------------------------------------------------------

[2025-03-14 11:21:03 #1 store] 
Database '/home/lur/eclipse-workspace/Rides24/src/main/resources/rides.temp' has been recovered (tr. 2188-2189)

[2025-03-14 11:21:03 #2 store] 
Database '/home/lur/eclipse-workspace/Rides24/src/main/resources/rides.temp' is opened by 5280@lur-ASUS-TUF-Gaming-F15-FX506HF-FX506HF

[2025-03-14 11:21:03 #3 type] 
Type domain.User is not enhanced.

[2025-03-14 11:21:03 #4 type] 
Type domain.Driver is not enhanced.

[2025-03-14 11:21:03 #5 type] 
Type domain.Ride is not enhanced.

[2025-03-14 11:21:03 #6 type] 
Type domain.Traveler is not enhanced.

[2025-03-14 11:21:03 #7 type] 
Type domain.Erreserba is not enhanced.

[2025-03-14 11:21:03 #8 type] 
Type domain.Kotxe is not enhanced.

[2025-03-14 11:21:03 #9 type] 
Type domain.Mugimendua is not enhanced.

------------------------------------------------------------------------------------------------------------------------

[2025-03-14 11:21:36 #1 store] 
Database '/home/lur/eclipse-workspace/Rides24/src/main/resources/rides.temp' has been recovered (tr. 2190-2196)

[2025-03-14 11:21:36 #2 store] 
Database '/home/lur/eclipse-workspace/Rides24/src/main/resources/rides.temp' is opened by 5342@lur-ASUS-TUF-Gaming-F15-FX506HF-FX506HF

[2025-03-14 11:21:36 #3 type] 
Type domain.User is not enhanced.

[2025-03-14 11:21:36 #4 type] 
Type domain.Driver is not enhanced.

[2025-03-14 11:21:36 #5 type] 
Type domain.Ride is not enhanced.

[2025-03-14 11:21:36 #6 type] 
Type domain.Traveler is not enhanced.

[2025-03-14 11:21:36 #7 type] 
Type domain.Erreserba is not enhanced.

[2025-03-14 11:21:36 #8 type] 
Type domain.Kotxe is not enhanced.

[2025-03-14 11:21:36 #9 type] 
Type domain.Mugimendua is not enhanced.

------------------------------------------------------------------------------------------------------------------------

[2025-03-14 11:21:52 #1 store] 
Database '/home/lur/eclipse-workspace/Rides24/src/main/resources/rides.temp' has been recovered (tr. 2197-2198)

[2025-03-14 11:21:52 #2 store] 
Database '/home/lur/eclipse-workspace/Rides24/src/main/resources/rides.temp' is opened by 5384@lur-ASUS-TUF-Gaming-F15-FX506HF-FX506HF

[2025-03-14 11:21:52 #3 type] 
Type domain.User is not enhanced.

[2025-03-14 11:21:52 #4 type] 
Type domain.Driver is not enhanced.

[2025-03-14 11:21:52 #5 type] 
Type domain.Ride is not enhanced.

[2025-03-14 11:21:52 #6 type] 
Type domain.Traveler is not enhanced.

[2025-03-14 11:21:52 #7 type] 
Type domain.Erreserba is not enhanced.

[2025-03-14 11:21:52 #8 type] 
Type domain.Kotxe is not enhanced.

[2025-03-14 11:21:52 #9 type] 
Type domain.Mugimendua is not enhanced.

