------------------------------------------------------------------------------------------------------------------------

[2025-03-02 22:13:52 #1 store] 
Database '/home/lur/eclipse-workspace/Rides24/src/main/resources/rides.temp' is opened by 29723@lur-ASUS-TUF-Gaming-F15-FX506HF-FX506HF

[2025-03-02 22:13:52 #2 type] 
Type domain.User is not enhanced.

[2025-03-02 22:13:52 #3 type] 
Type domain.Driver is not enhanced.

[2025-03-02 22:13:52 #4 type] 
Type domain.Ride is not enhanced.

[2025-03-02 22:13:52 #5 type] 
Type domain.Traveler is not enhanced.

[2025-03-02 22:13:52 #6 type] 
Type domain.Erreserba is not enhanced.

------------------------------------------------------------------------------------------------------------------------

[2025-03-02 22:15:19 #1 store] 
Database '/home/lur/eclipse-workspace/Rides24/src/main/resources/rides.temp' is opened by 29841@lur-ASUS-TUF-Gaming-F15-FX506HF-FX506HF

[2025-03-02 22:15:19 #2 type] 
Type domain.User is not enhanced.

[2025-03-02 22:15:19 #3 type] 
Type domain.Driver is not enhanced.

[2025-03-02 22:15:19 #4 type] 
Type domain.Ride is not enhanced.

[2025-03-02 22:15:19 #5 type] 
Type domain.Traveler is not enhanced.

[2025-03-02 22:15:19 #6 type] 
Type domain.Erreserba is not enhanced.

------------------------------------------------------------------------------------------------------------------------

[2025-03-02 22:16:58 #1 store] 
Database '/home/lur/eclipse-workspace/Rides24/src/main/resources/rides.temp' has been recovered (tr. 1328-1337)

[2025-03-02 22:16:58 #2 store] 
Database '/home/lur/eclipse-workspace/Rides24/src/main/resources/rides.temp' is opened by 29926@lur-ASUS-TUF-Gaming-F15-FX506HF-FX506HF

[2025-03-02 22:16:58 #3 type] 
Type domain.User is not enhanced.

[2025-03-02 22:16:58 #4 type] 
Type domain.Driver is not enhanced.

[2025-03-02 22:16:58 #5 type] 
Type domain.Ride is not enhanced.

[2025-03-02 22:16:58 #6 type] 
Type domain.Traveler is not enhanced.

[2025-03-02 22:16:58 #7 type] 
Type domain.Erreserba is not enhanced.

------------------------------------------------------------------------------------------------------------------------

[2025-03-02 22:17:35 #1 store] 
Database '/home/lur/eclipse-workspace/Rides24/src/main/resources/rides.temp' is opened by 30064@lur-ASUS-TUF-Gaming-F15-FX506HF-FX506HF

[2025-03-02 22:17:35 #2 type] 
Type domain.User is not enhanced.

[2025-03-02 22:17:35 #3 type] 
Type domain.Driver is not enhanced.

[2025-03-02 22:17:35 #4 type] 
Type domain.Ride is not enhanced.

[2025-03-02 22:17:35 #5 type] 
Type domain.Traveler is not enhanced.

[2025-03-02 22:17:35 #6 type] 
Type domain.Erreserba is not enhanced.

------------------------------------------------------------------------------------------------------------------------

[2025-03-02 22:18:15 #1 store] 
Database '/home/lur/eclipse-workspace/Rides24/src/main/resources/rides.temp' has been recovered (tr. 1338-1341)

[2025-03-02 22:18:15 #2 store] 
Database '/home/lur/eclipse-workspace/Rides24/src/main/resources/rides.temp' is opened by 30109@lur-ASUS-TUF-Gaming-F15-FX506HF-FX506HF

[2025-03-02 22:18:15 #3 type] 
Type domain.User is not enhanced.

[2025-03-02 22:18:15 #4 type] 
Type domain.Driver is not enhanced.

[2025-03-02 22:18:15 #5 type] 
Type domain.Ride is not enhanced.

[2025-03-02 22:18:15 #6 type] 
Type domain.Traveler is not enhanced.

[2025-03-02 22:18:15 #7 type] 
Type domain.Erreserba is not enhanced.

------------------------------------------------------------------------------------------------------------------------

[2025-03-02 22:19:16 #1 store] 
Database '/home/lur/eclipse-workspace/Rides24/src/main/resources/rides.temp' has been recovered (tr. 1342-1346)

[2025-03-02 22:19:16 #2 store] 
Database '/home/lur/eclipse-workspace/Rides24/src/main/resources/rides.temp' is opened by 30175@lur-ASUS-TUF-Gaming-F15-FX506HF-FX506HF

[2025-03-02 22:19:16 #3 type] 
Type domain.User is not enhanced.

[2025-03-02 22:19:16 #4 type] 
Type domain.Driver is not enhanced.

[2025-03-02 22:19:16 #5 type] 
Type domain.Ride is not enhanced.

[2025-03-02 22:19:16 #6 type] 
Type domain.Traveler is not enhanced.

[2025-03-02 22:19:16 #7 type] 
Type domain.Erreserba is not enhanced.

------------------------------------------------------------------------------------------------------------------------

[2025-03-02 22:20:16 #1 store] 
Database '/home/lur/eclipse-workspace/Rides24/src/main/resources/rides.temp' has been recovered (tr. 1347-1350)

[2025-03-02 22:20:16 #2 store] 
Database '/home/lur/eclipse-workspace/Rides24/src/main/resources/rides.temp' is opened by 30240@lur-ASUS-TUF-Gaming-F15-FX506HF-FX506HF

[2025-03-02 22:20:16 #3 type] 
Type domain.User is not enhanced.

[2025-03-02 22:20:16 #4 type] 
Type domain.Driver is not enhanced.

[2025-03-02 22:20:16 #5 type] 
Type domain.Ride is not enhanced.

[2025-03-02 22:20:16 #6 type] 
Type domain.Traveler is not enhanced.

[2025-03-02 22:20:16 #7 type] 
Type domain.Erreserba is not enhanced.

------------------------------------------------------------------------------------------------------------------------

[2025-03-02 22:20:41 #1 store] 
Database '/home/lur/eclipse-workspace/Rides24/src/main/resources/rides.temp' has been recovered (tr. 1351-1352)

[2025-03-02 22:20:41 #2 store] 
Database '/home/lur/eclipse-workspace/Rides24/src/main/resources/rides.temp' is opened by 30286@lur-ASUS-TUF-Gaming-F15-FX506HF-FX506HF

[2025-03-02 22:20:41 #3 type] 
Type domain.User is not enhanced.

[2025-03-02 22:20:41 #4 type] 
Type domain.Driver is not enhanced.

[2025-03-02 22:20:41 #5 type] 
Type domain.Ride is not enhanced.

[2025-03-02 22:20:41 #6 type] 
Type domain.Traveler is not enhanced.

[2025-03-02 22:20:41 #7 type] 
Type domain.Erreserba is not enhanced.

------------------------------------------------------------------------------------------------------------------------

[2025-03-02 22:24:09 #1 store] 
Database '/home/lur/eclipse-workspace/Rides24/src/main/resources/rides.temp' is opened by 30971@lur-ASUS-TUF-Gaming-F15-FX506HF-FX506HF

[2025-03-02 22:24:09 #2 type] 
Type domain.User is not enhanced.

[2025-03-02 22:24:09 #3 type] 
Type domain.Driver is not enhanced.

[2025-03-02 22:24:09 #4 type] 
Type domain.Ride is not enhanced.

[2025-03-02 22:24:09 #5 type] 
Type domain.Traveler is not enhanced.

[2025-03-02 22:24:09 #6 type] 
Type domain.Erreserba is not enhanced.

