------------------------------------------------------------------------------------------------------------------------

[2025-02-26 20:56:50 #1 store] 
Database '/home/lur/eclipse-workspace/Rides24/src/main/resources/rides.temp' is opened by 23605@lur-ASUS-TUF-Gaming-F15-FX506HF-FX506HF

[2025-02-26 20:56:50 #2 type] 
Type domain.User is not enhanced.

[2025-02-26 20:56:50 #3 type] 
Type domain.Driver is not enhanced.

[2025-02-26 20:56:50 #4 type] 
Type domain.Ride is not enhanced.

[2025-02-26 20:56:50 #5 type] 
Type domain.Traveler is not enhanced.

------------------------------------------------------------------------------------------------------------------------

[2025-02-26 20:58:47 #1 store] 
Database '/home/lur/eclipse-workspace/Rides24/src/main/resources/rides.temp' is opened by 23844@lur-ASUS-TUF-Gaming-F15-FX506HF-FX506HF

[2025-02-26 20:58:47 #2 type] 
Type domain.User is not enhanced.

[2025-02-26 20:58:47 #3 type] 
Type domain.Driver is not enhanced.

[2025-02-26 20:58:47 #4 type] 
Type domain.Ride is not enhanced.

[2025-02-26 20:58:47 #5 type] 
Type domain.Traveler is not enhanced.

------------------------------------------------------------------------------------------------------------------------

[2025-02-26 20:59:35 #1 store] 
Database '/home/lur/eclipse-workspace/Rides24/src/main/resources/rides.temp' has been recovered (tr. 201-202)

[2025-02-26 20:59:35 #2 store] 
Database '/home/lur/eclipse-workspace/Rides24/src/main/resources/rides.temp' is opened by 23950@lur-ASUS-TUF-Gaming-F15-FX506HF-FX506HF

[2025-02-26 20:59:35 #3 type] 
Type domain.User is not enhanced.

[2025-02-26 20:59:35 #4 type] 
Type domain.Driver is not enhanced.

[2025-02-26 20:59:35 #5 type] 
Type domain.Ride is not enhanced.

[2025-02-26 20:59:35 #6 type] 
Type domain.Traveler is not enhanced.

------------------------------------------------------------------------------------------------------------------------

[2025-02-26 21:03:31 #1 store] 
Database '/home/lur/eclipse-workspace/Rides24/src/main/resources/rides.temp' has been recovered (tr. 203-203)

[2025-02-26 21:03:31 #2 store] 
Database '/home/lur/eclipse-workspace/Rides24/src/main/resources/rides.temp' is opened by 24284@lur-ASUS-TUF-Gaming-F15-FX506HF-FX506HF

[2025-02-26 21:03:31 #3 type] 
Type domain.User is not enhanced.

[2025-02-26 21:03:31 #4 type] 
Type domain.Driver is not enhanced.

[2025-02-26 21:03:31 #5 type] 
Type domain.Ride is not enhanced.

[2025-02-26 21:03:31 #6 type] 
Type domain.Traveler is not enhanced.

[2025-02-26 21:03:31 #7 type] 
Type domain.Erreserba is not enhanced.

------------------------------------------------------------------------------------------------------------------------

[2025-02-26 21:04:30 #1 store] 
Database '/home/lur/eclipse-workspace/Rides24/src/main/resources/rides.temp' is opened by 24442@lur-ASUS-TUF-Gaming-F15-FX506HF-FX506HF

[2025-02-26 21:04:31 #2 type] 
Type domain.User is not enhanced.

[2025-02-26 21:04:31 #3 type] 
Type domain.Driver is not enhanced.

[2025-02-26 21:04:31 #4 type] 
Type domain.Ride is not enhanced.

[2025-02-26 21:04:31 #5 type] 
Type domain.Traveler is not enhanced.

[2025-02-26 21:04:31 #6 type] 
Type domain.Erreserba is not enhanced.

------------------------------------------------------------------------------------------------------------------------

[2025-02-26 21:06:04 #1 store] 
Database '/home/lur/eclipse-workspace/Rides24/src/main/resources/rides.temp' is opened by 24606@lur-ASUS-TUF-Gaming-F15-FX506HF-FX506HF

[2025-02-26 21:06:04 #2 type] 
Type domain.User is not enhanced.

[2025-02-26 21:06:04 #3 type] 
Type domain.Driver is not enhanced.

[2025-02-26 21:06:04 #4 type] 
Type domain.Ride is not enhanced.

[2025-02-26 21:06:04 #5 type] 
Type domain.Traveler is not enhanced.

[2025-02-26 21:06:04 #6 type] 
Type domain.Erreserba is not enhanced.

------------------------------------------------------------------------------------------------------------------------

[2025-02-26 21:07:30 #1 store] 
Database '/home/lur/eclipse-workspace/Rides24/src/main/resources/rides.temp' is opened by 24752@lur-ASUS-TUF-Gaming-F15-FX506HF-FX506HF

[2025-02-26 21:07:30 #2 type] 
Type domain.User is not enhanced.

[2025-02-26 21:07:30 #3 type] 
Type domain.Driver is not enhanced.

[2025-02-26 21:07:30 #4 type] 
Type domain.Ride is not enhanced.

[2025-02-26 21:07:30 #5 type] 
Type domain.Traveler is not enhanced.

[2025-02-26 21:07:30 #6 type] 
Type domain.Erreserba is not enhanced.

------------------------------------------------------------------------------------------------------------------------

[2025-02-26 21:07:57 #1 store] 
Database '/home/lur/eclipse-workspace/Rides24/src/main/resources/rides.temp' has been recovered (tr. 218-218)

[2025-02-26 21:07:57 #2 store] 
Database '/home/lur/eclipse-workspace/Rides24/src/main/resources/rides.temp' is opened by 24814@lur-ASUS-TUF-Gaming-F15-FX506HF-FX506HF

[2025-02-26 21:07:57 #3 type] 
Type domain.User is not enhanced.

[2025-02-26 21:07:57 #4 type] 
Type domain.Driver is not enhanced.

[2025-02-26 21:07:57 #5 type] 
Type domain.Ride is not enhanced.

[2025-02-26 21:07:57 #6 type] 
Type domain.Traveler is not enhanced.

[2025-02-26 21:07:57 #7 type] 
Type domain.Erreserba is not enhanced.

------------------------------------------------------------------------------------------------------------------------

[2025-02-26 21:08:39 #1 store] 
Database '/home/lur/eclipse-workspace/Rides24/src/main/resources/rides.temp' has been recovered (tr. 219-219)

[2025-02-26 21:08:39 #2 store] 
Database '/home/lur/eclipse-workspace/Rides24/src/main/resources/rides.temp' is opened by 24891@lur-ASUS-TUF-Gaming-F15-FX506HF-FX506HF

[2025-02-26 21:08:39 #3 type] 
Type domain.User is not enhanced.

[2025-02-26 21:08:39 #4 type] 
Type domain.Driver is not enhanced.

[2025-02-26 21:08:39 #5 type] 
Type domain.Ride is not enhanced.

[2025-02-26 21:08:39 #6 type] 
Type domain.Traveler is not enhanced.

[2025-02-26 21:08:39 #7 type] 
Type domain.Erreserba is not enhanced.

------------------------------------------------------------------------------------------------------------------------

[2025-02-26 21:09:53 #1 store] 
Database '/home/lur/eclipse-workspace/Rides24/src/main/resources/rides.temp' is opened by 25051@lur-ASUS-TUF-Gaming-F15-FX506HF-FX506HF

[2025-02-26 21:09:54 #2 type] 
Type domain.User is not enhanced.

[2025-02-26 21:09:54 #3 type] 
Type domain.Driver is not enhanced.

[2025-02-26 21:09:54 #4 type] 
Type domain.Ride is not enhanced.

[2025-02-26 21:09:54 #5 type] 
Type domain.Traveler is not enhanced.

[2025-02-26 21:09:54 #6 type] 
Type domain.Erreserba is not enhanced.

------------------------------------------------------------------------------------------------------------------------

[2025-02-26 21:13:47 #1 store] 
Database '/home/lur/eclipse-workspace/Rides24/src/main/resources/rides.temp' is opened by 25305@lur-ASUS-TUF-Gaming-F15-FX506HF-FX506HF

[2025-02-26 21:13:47 #2 type] 
Type domain.User is not enhanced.

[2025-02-26 21:13:47 #3 type] 
Type domain.Driver is not enhanced.

[2025-02-26 21:13:47 #4 type] 
Type domain.Ride is not enhanced.

[2025-02-26 21:13:47 #5 type] 
Type domain.Traveler is not enhanced.

[2025-02-26 21:13:47 #6 type] 
Type domain.Erreserba is not enhanced.

------------------------------------------------------------------------------------------------------------------------

[2025-02-26 21:18:24 #1 store] 
Database '/home/lur/eclipse-workspace/Rides24/src/main/resources/rides.temp' is opened by 25529@lur-ASUS-TUF-Gaming-F15-FX506HF-FX506HF

[2025-02-26 21:18:24 #2 type] 
Type domain.User is not enhanced.

[2025-02-26 21:18:24 #3 type] 
Type domain.Driver is not enhanced.

[2025-02-26 21:18:24 #4 type] 
Type domain.Ride is not enhanced.

[2025-02-26 21:18:24 #5 type] 
Type domain.Traveler is not enhanced.

[2025-02-26 21:18:24 #6 type] 
Type domain.Erreserba is not enhanced.

------------------------------------------------------------------------------------------------------------------------

[2025-02-26 21:20:04 #1 store] 
Database '/home/lur/eclipse-workspace/Rides24/src/main/resources/rides.temp' is opened by 25725@lur-ASUS-TUF-Gaming-F15-FX506HF-FX506HF

[2025-02-26 21:20:04 #2 type] 
Type domain.User is not enhanced.

[2025-02-26 21:20:04 #3 type] 
Type domain.Driver is not enhanced.

[2025-02-26 21:20:04 #4 type] 
Type domain.Ride is not enhanced.

[2025-02-26 21:20:04 #5 type] 
Type domain.Traveler is not enhanced.

[2025-02-26 21:20:04 #6 type] 
Type domain.Erreserba is not enhanced.

------------------------------------------------------------------------------------------------------------------------

[2025-02-26 21:20:27 #1 store] 
Database '/home/lur/eclipse-workspace/Rides24/src/main/resources/rides.temp' has been recovered (tr. 245-251)

[2025-02-26 21:20:27 #2 store] 
Database '/home/lur/eclipse-workspace/Rides24/src/main/resources/rides.temp' is opened by 25781@lur-ASUS-TUF-Gaming-F15-FX506HF-FX506HF

[2025-02-26 21:20:27 #3 type] 
Type domain.User is not enhanced.

[2025-02-26 21:20:27 #4 type] 
Type domain.Driver is not enhanced.

[2025-02-26 21:20:27 #5 type] 
Type domain.Ride is not enhanced.

[2025-02-26 21:20:27 #6 type] 
Type domain.Traveler is not enhanced.

[2025-02-26 21:20:27 #7 type] 
Type domain.Erreserba is not enhanced.

------------------------------------------------------------------------------------------------------------------------

[2025-02-26 21:21:22 #1 store] 
Database '/home/lur/eclipse-workspace/Rides24/src/main/resources/rides.temp' is opened by 25942@lur-ASUS-TUF-Gaming-F15-FX506HF-FX506HF

[2025-02-26 21:21:22 #2 type] 
Type domain.User is not enhanced.

[2025-02-26 21:21:22 #3 type] 
Type domain.Driver is not enhanced.

[2025-02-26 21:21:22 #4 type] 
Type domain.Ride is not enhanced.

[2025-02-26 21:21:22 #5 type] 
Type domain.Traveler is not enhanced.

[2025-02-26 21:21:22 #6 type] 
Type domain.Erreserba is not enhanced.

------------------------------------------------------------------------------------------------------------------------

[2025-02-26 21:22:13 #1 store] 
Database '/home/lur/eclipse-workspace/Rides24/src/main/resources/rides.temp' has been recovered (tr. 258-258)

[2025-02-26 21:22:13 #2 store] 
Database '/home/lur/eclipse-workspace/Rides24/src/main/resources/rides.temp' is opened by 26062@lur-ASUS-TUF-Gaming-F15-FX506HF-FX506HF

[2025-02-26 21:22:13 #3 type] 
Type domain.User is not enhanced.

[2025-02-26 21:22:13 #4 type] 
Type domain.Driver is not enhanced.

[2025-02-26 21:22:13 #5 type] 
Type domain.Ride is not enhanced.

[2025-02-26 21:22:13 #6 type] 
Type domain.Traveler is not enhanced.

[2025-02-26 21:22:13 #7 type] 
Type domain.Erreserba is not enhanced.

------------------------------------------------------------------------------------------------------------------------

[2025-02-26 21:25:45 #1 store] 
Database '/home/lur/eclipse-workspace/Rides24/src/main/resources/rides.temp' is opened by 26531@lur-ASUS-TUF-Gaming-F15-FX506HF-FX506HF

[2025-02-26 21:25:45 #2 type] 
Type domain.User is not enhanced.

[2025-02-26 21:25:45 #3 type] 
Type domain.Driver is not enhanced.

[2025-02-26 21:25:45 #4 type] 
Type domain.Ride is not enhanced.

[2025-02-26 21:25:45 #5 type] 
Type domain.Traveler is not enhanced.

[2025-02-26 21:25:45 #6 type] 
Type domain.Erreserba is not enhanced.

------------------------------------------------------------------------------------------------------------------------

[2025-02-26 21:26:09 #1 store] 
Database '/home/lur/eclipse-workspace/Rides24/src/main/resources/rides.temp' is opened by 26741@lur-ASUS-TUF-Gaming-F15-FX506HF-FX506HF

[2025-02-26 21:26:09 #2 type] 
Type domain.User is not enhanced.

[2025-02-26 21:26:09 #3 type] 
Type domain.Driver is not enhanced.

[2025-02-26 21:26:09 #4 type] 
Type domain.Ride is not enhanced.

[2025-02-26 21:26:09 #5 type] 
Type domain.Traveler is not enhanced.

[2025-02-26 21:26:09 #6 type] 
Type domain.Erreserba is not enhanced.

------------------------------------------------------------------------------------------------------------------------

[2025-02-26 21:29:40 #1 store] 
Database '/home/lur/eclipse-workspace/Rides24/src/main/resources/rides.temp' is opened by 27071@lur-ASUS-TUF-Gaming-F15-FX506HF-FX506HF

[2025-02-26 21:29:40 #2 type] 
Type domain.User is not enhanced.

[2025-02-26 21:29:40 #3 type] 
Type domain.Driver is not enhanced.

[2025-02-26 21:29:40 #4 type] 
Type domain.Ride is not enhanced.

[2025-02-26 21:29:40 #5 type] 
Type domain.Traveler is not enhanced.

[2025-02-26 21:29:40 #6 type] 
Type domain.Erreserba is not enhanced.

------------------------------------------------------------------------------------------------------------------------

[2025-02-26 21:29:59 #1 store] 
Database '/home/lur/eclipse-workspace/Rides24/src/main/resources/rides.temp' is opened by 27147@lur-ASUS-TUF-Gaming-F15-FX506HF-FX506HF

[2025-02-26 21:29:59 #2 type] 
Type domain.User is not enhanced.

[2025-02-26 21:29:59 #3 type] 
Type domain.Driver is not enhanced.

[2025-02-26 21:29:59 #4 type] 
Type domain.Ride is not enhanced.

[2025-02-26 21:29:59 #5 type] 
Type domain.Traveler is not enhanced.

[2025-02-26 21:29:59 #6 type] 
Type domain.Erreserba is not enhanced.

------------------------------------------------------------------------------------------------------------------------

[2025-02-26 21:38:44 #1 store] 
Database '/home/lur/eclipse-workspace/Rides24/src/main/resources/rides.temp' is opened by 27831@lur-ASUS-TUF-Gaming-F15-FX506HF-FX506HF

[2025-02-26 21:38:44 #2 type] 
Type domain.User is not enhanced.

[2025-02-26 21:38:44 #3 type] 
Type domain.Driver is not enhanced.

[2025-02-26 21:38:44 #4 type] 
Type domain.Ride is not enhanced.

[2025-02-26 21:38:44 #5 type] 
Type domain.Traveler is not enhanced.

[2025-02-26 21:38:44 #6 type] 
Type domain.Erreserba is not enhanced.

------------------------------------------------------------------------------------------------------------------------

[2025-02-26 21:39:22 #1 store] 
Database '/home/lur/eclipse-workspace/Rides24/src/main/resources/rides.temp' is opened by 27896@lur-ASUS-TUF-Gaming-F15-FX506HF-FX506HF

[2025-02-26 21:39:22 #2 type] 
Type domain.User is not enhanced.

[2025-02-26 21:39:22 #3 type] 
Type domain.Driver is not enhanced.

[2025-02-26 21:39:22 #4 type] 
Type domain.Ride is not enhanced.

[2025-02-26 21:39:22 #5 type] 
Type domain.Traveler is not enhanced.

[2025-02-26 21:39:22 #6 type] 
Type domain.Erreserba is not enhanced.

------------------------------------------------------------------------------------------------------------------------

[2025-02-26 21:42:32 #1 store] 
Database '/home/lur/eclipse-workspace/Rides24/src/main/resources/rides.temp' is opened by 28093@lur-ASUS-TUF-Gaming-F15-FX506HF-FX506HF

[2025-02-26 21:42:32 #2 type] 
Type domain.User is not enhanced.

[2025-02-26 21:42:32 #3 type] 
Type domain.Driver is not enhanced.

[2025-02-26 21:42:32 #4 type] 
Type domain.Ride is not enhanced.

[2025-02-26 21:42:32 #5 type] 
Type domain.Traveler is not enhanced.

[2025-02-26 21:42:32 #6 type] 
Type domain.Erreserba is not enhanced.

------------------------------------------------------------------------------------------------------------------------

[2025-02-26 21:45:55 #1 store] 
Database '/home/lur/eclipse-workspace/Rides24/src/main/resources/rides.temp' is opened by 28362@lur-ASUS-TUF-Gaming-F15-FX506HF-FX506HF

[2025-02-26 21:45:55 #2 type] 
Type domain.User is not enhanced.

[2025-02-26 21:45:55 #3 type] 
Type domain.Driver is not enhanced.

[2025-02-26 21:45:55 #4 type] 
Type domain.Ride is not enhanced.

[2025-02-26 21:45:55 #5 type] 
Type domain.Traveler is not enhanced.

[2025-02-26 21:45:55 #6 type] 
Type domain.Erreserba is not enhanced.

------------------------------------------------------------------------------------------------------------------------

[2025-02-26 21:47:13 #1 store] 
Database '/home/lur/eclipse-workspace/Rides24/src/main/resources/rides.temp' is opened by 28548@lur-ASUS-TUF-Gaming-F15-FX506HF-FX506HF

[2025-02-26 21:47:13 #2 type] 
Type domain.User is not enhanced.

[2025-02-26 21:47:13 #3 type] 
Type domain.Driver is not enhanced.

[2025-02-26 21:47:13 #4 type] 
Type domain.Ride is not enhanced.

[2025-02-26 21:47:13 #5 type] 
Type domain.Traveler is not enhanced.

[2025-02-26 21:47:13 #6 type] 
Type domain.Erreserba is not enhanced.

------------------------------------------------------------------------------------------------------------------------

[2025-02-26 21:47:55 #1 store] 
Database '/home/lur/eclipse-workspace/Rides24/src/main/resources/rides.temp' is opened by 28624@lur-ASUS-TUF-Gaming-F15-FX506HF-FX506HF

[2025-02-26 21:47:55 #2 type] 
Type domain.User is not enhanced.

[2025-02-26 21:47:55 #3 type] 
Type domain.Driver is not enhanced.

[2025-02-26 21:47:55 #4 type] 
Type domain.Ride is not enhanced.

[2025-02-26 21:47:55 #5 type] 
Type domain.Traveler is not enhanced.

[2025-02-26 21:47:55 #6 type] 
Type domain.Erreserba is not enhanced.

------------------------------------------------------------------------------------------------------------------------

[2025-02-26 21:48:44 #1 store] 
Database '/home/lur/eclipse-workspace/Rides24/src/main/resources/rides.temp' is opened by 28678@lur-ASUS-TUF-Gaming-F15-FX506HF-FX506HF

[2025-02-26 21:48:44 #2 type] 
Type domain.User is not enhanced.

[2025-02-26 21:48:44 #3 type] 
Type domain.Driver is not enhanced.

[2025-02-26 21:48:44 #4 type] 
Type domain.Ride is not enhanced.

[2025-02-26 21:48:44 #5 type] 
Type domain.Traveler is not enhanced.

[2025-02-26 21:48:44 #6 type] 
Type domain.Erreserba is not enhanced.

------------------------------------------------------------------------------------------------------------------------

[2025-02-26 21:50:42 #1 store] 
Database '/home/lur/eclipse-workspace/Rides24/src/main/resources/rides.temp' is opened by 28783@lur-ASUS-TUF-Gaming-F15-FX506HF-FX506HF

[2025-02-26 21:50:42 #2 type] 
Type domain.User is not enhanced.

[2025-02-26 21:50:42 #3 type] 
Type domain.Driver is not enhanced.

[2025-02-26 21:50:42 #4 type] 
Type domain.Ride is not enhanced.

[2025-02-26 21:50:42 #5 type] 
Type domain.Traveler is not enhanced.

[2025-02-26 21:50:42 #6 type] 
Type domain.Erreserba is not enhanced.

------------------------------------------------------------------------------------------------------------------------

[2025-02-26 21:51:44 #1 store] 
Database '/home/lur/eclipse-workspace/Rides24/src/main/resources/rides.temp' is opened by 28921@lur-ASUS-TUF-Gaming-F15-FX506HF-FX506HF

[2025-02-26 21:51:44 #2 type] 
Type domain.User is not enhanced.

[2025-02-26 21:51:44 #3 type] 
Type domain.Driver is not enhanced.

[2025-02-26 21:51:44 #4 type] 
Type domain.Ride is not enhanced.

[2025-02-26 21:51:44 #5 type] 
Type domain.Traveler is not enhanced.

[2025-02-26 21:51:44 #6 type] 
Type domain.Erreserba is not enhanced.

------------------------------------------------------------------------------------------------------------------------

[2025-02-26 22:07:55 #1 store] 
Database '/home/lur/eclipse-workspace/Rides24/src/main/resources/rides.temp' is opened by 29295@lur-ASUS-TUF-Gaming-F15-FX506HF-FX506HF

[2025-02-26 22:07:55 #2 type] 
Type domain.User is not enhanced.

[2025-02-26 22:07:55 #3 type] 
Type domain.Driver is not enhanced.

[2025-02-26 22:07:55 #4 type] 
Type domain.Ride is not enhanced.

[2025-02-26 22:07:55 #5 type] 
Type domain.Traveler is not enhanced.

[2025-02-26 22:07:55 #6 type] 
Type domain.Erreserba is not enhanced.

------------------------------------------------------------------------------------------------------------------------

[2025-02-26 22:29:23 #1 store] 
Database '/home/lur/eclipse-workspace/Rides24/src/main/resources/rides.temp' is opened by 30924@lur-ASUS-TUF-Gaming-F15-FX506HF-FX506HF

[2025-02-26 22:29:23 #2 type] 
Type domain.User is not enhanced.

[2025-02-26 22:29:23 #3 type] 
Type domain.Driver is not enhanced.

[2025-02-26 22:29:23 #4 type] 
Type domain.Ride is not enhanced.

[2025-02-26 22:29:23 #5 type] 
Type domain.Traveler is not enhanced.

[2025-02-26 22:29:23 #6 type] 
Type domain.Erreserba is not enhanced.

------------------------------------------------------------------------------------------------------------------------

[2025-02-26 22:29:32 #1 store] 
Database '/home/lur/eclipse-workspace/Rides24/src/main/resources/rides.temp' is opened by 30981@lur-ASUS-TUF-Gaming-F15-FX506HF-FX506HF

[2025-02-26 22:29:32 #2 type] 
Type domain.User is not enhanced.

[2025-02-26 22:29:32 #3 type] 
Type domain.Driver is not enhanced.

[2025-02-26 22:29:32 #4 type] 
Type domain.Ride is not enhanced.

[2025-02-26 22:29:32 #5 type] 
Type domain.Traveler is not enhanced.

[2025-02-26 22:29:32 #6 type] 
Type domain.Erreserba is not enhanced.

------------------------------------------------------------------------------------------------------------------------

[2025-02-26 22:29:58 #1 store] 
Database '/home/lur/eclipse-workspace/Rides24/src/main/resources/rides.temp' has been recovered (tr. 268-281)

[2025-02-26 22:29:58 #2 store] 
Database '/home/lur/eclipse-workspace/Rides24/src/main/resources/rides.temp' is opened by 31032@lur-ASUS-TUF-Gaming-F15-FX506HF-FX506HF

[2025-02-26 22:29:58 #3 type] 
Type domain.User is not enhanced.

[2025-02-26 22:29:58 #4 type] 
Type domain.Driver is not enhanced.

[2025-02-26 22:29:58 #5 type] 
Type domain.Ride is not enhanced.

[2025-02-26 22:29:58 #6 type] 
Type domain.Traveler is not enhanced.

[2025-02-26 22:29:58 #7 type] 
Type domain.Erreserba is not enhanced.

------------------------------------------------------------------------------------------------------------------------

[2025-02-26 22:31:15 #1 store] 
Database '/home/lur/eclipse-workspace/Rides24/src/main/resources/rides.temp' is opened by 31342@lur-ASUS-TUF-Gaming-F15-FX506HF-FX506HF

[2025-02-26 22:31:15 #2 type] 
Type domain.User is not enhanced.

[2025-02-26 22:31:15 #3 type] 
Type domain.Driver is not enhanced.

[2025-02-26 22:31:15 #4 type] 
Type domain.Ride is not enhanced.

[2025-02-26 22:31:15 #5 type] 
Type domain.Traveler is not enhanced.

[2025-02-26 22:31:15 #6 type] 
Type domain.Erreserba is not enhanced.

------------------------------------------------------------------------------------------------------------------------

[2025-02-26 22:33:06 #1 store] 
Database '/home/lur/eclipse-workspace/Rides24/src/main/resources/rides.temp' is opened by 31666@lur-ASUS-TUF-Gaming-F15-FX506HF-FX506HF

[2025-02-26 22:33:06 #2 type] 
Type domain.User is not enhanced.

[2025-02-26 22:33:06 #3 type] 
Type domain.Driver is not enhanced.

[2025-02-26 22:33:06 #4 type] 
Type domain.Ride is not enhanced.

[2025-02-26 22:33:06 #5 type] 
Type domain.Traveler is not enhanced.

[2025-02-26 22:33:06 #6 type] 
Type domain.Erreserba is not enhanced.

------------------------------------------------------------------------------------------------------------------------

[2025-02-26 22:40:37 #1 store] 
Database '/home/lur/eclipse-workspace/Rides24/src/main/resources/rides.temp' is opened by 32480@lur-ASUS-TUF-Gaming-F15-FX506HF-FX506HF

[2025-02-26 22:40:37 #2 type] 
Type domain.User is not enhanced.

[2025-02-26 22:40:37 #3 type] 
Type domain.Driver is not enhanced.

[2025-02-26 22:40:37 #4 type] 
Type domain.Ride is not enhanced.

[2025-02-26 22:40:37 #5 type] 
Type domain.Traveler is not enhanced.

[2025-02-26 22:40:37 #6 type] 
Type domain.Erreserba is not enhanced.

------------------------------------------------------------------------------------------------------------------------

[2025-02-26 22:42:02 #1 store] 
Database '/home/lur/eclipse-workspace/Rides24/src/main/resources/rides.temp' is opened by 32829@lur-ASUS-TUF-Gaming-F15-FX506HF-FX506HF

[2025-02-26 22:42:02 #2 type] 
Type domain.User is not enhanced.

[2025-02-26 22:42:02 #3 type] 
Type domain.Driver is not enhanced.

[2025-02-26 22:42:02 #4 type] 
Type domain.Ride is not enhanced.

[2025-02-26 22:42:02 #5 type] 
Type domain.Traveler is not enhanced.

[2025-02-26 22:42:02 #6 type] 
Type domain.Erreserba is not enhanced.

------------------------------------------------------------------------------------------------------------------------

[2025-02-26 22:48:22 #1 store] 
Database '/home/lur/eclipse-workspace/Rides24/src/main/resources/rides.temp' is opened by 33374@lur-ASUS-TUF-Gaming-F15-FX506HF-FX506HF

[2025-02-26 22:48:22 #2 type] 
Type domain.User is not enhanced.

[2025-02-26 22:48:22 #3 type] 
Type domain.Driver is not enhanced.

[2025-02-26 22:48:22 #4 type] 
Type domain.Ride is not enhanced.

[2025-02-26 22:48:22 #5 type] 
Type domain.Traveler is not enhanced.

[2025-02-26 22:48:22 #6 type] 
Type domain.Erreserba is not enhanced.

------------------------------------------------------------------------------------------------------------------------

[2025-02-26 22:49:52 #1 store] 
Database '/home/lur/eclipse-workspace/Rides24/src/main/resources/rides.temp' is opened by 33688@lur-ASUS-TUF-Gaming-F15-FX506HF-FX506HF

[2025-02-26 22:49:52 #2 type] 
Type domain.User is not enhanced.

[2025-02-26 22:49:52 #3 type] 
Type domain.Driver is not enhanced.

[2025-02-26 22:49:52 #4 type] 
Type domain.Ride is not enhanced.

[2025-02-26 22:49:52 #5 type] 
Type domain.Traveler is not enhanced.

[2025-02-26 22:49:52 #6 type] 
Type domain.Erreserba is not enhanced.

------------------------------------------------------------------------------------------------------------------------

[2025-02-26 22:58:08 #1 store] 
Database '/home/lur/eclipse-workspace/Rides24/src/main/resources/rides.temp' is opened by 34369@lur-ASUS-TUF-Gaming-F15-FX506HF-FX506HF

[2025-02-26 22:58:08 #2 type] 
Type domain.User is not enhanced.

[2025-02-26 22:58:08 #3 type] 
Type domain.Driver is not enhanced.

[2025-02-26 22:58:08 #4 type] 
Type domain.Ride is not enhanced.

[2025-02-26 22:58:08 #5 type] 
Type domain.Traveler is not enhanced.

[2025-02-26 22:58:08 #6 type] 
Type domain.Erreserba is not enhanced.

------------------------------------------------------------------------------------------------------------------------

[2025-02-26 23:01:05 #1 store] 
Database '/home/lur/eclipse-workspace/Rides24/src/main/resources/rides.temp' is opened by 34641@lur-ASUS-TUF-Gaming-F15-FX506HF-FX506HF

[2025-02-26 23:01:05 #2 type] 
Type domain.User is not enhanced.

[2025-02-26 23:01:05 #3 type] 
Type domain.Driver is not enhanced.

[2025-02-26 23:01:05 #4 type] 
Type domain.Ride is not enhanced.

[2025-02-26 23:01:05 #5 type] 
Type domain.Traveler is not enhanced.

[2025-02-26 23:01:05 #6 type] 
Type domain.Erreserba is not enhanced.

------------------------------------------------------------------------------------------------------------------------

[2025-02-26 23:01:15 #1 store] 
Database '/home/lur/eclipse-workspace/Rides24/src/main/resources/rides.temp' is opened by 34686@lur-ASUS-TUF-Gaming-F15-FX506HF-FX506HF

[2025-02-26 23:01:15 #2 type] 
Type domain.User is not enhanced.

[2025-02-26 23:01:15 #3 type] 
Type domain.Driver is not enhanced.

[2025-02-26 23:01:15 #4 type] 
Type domain.Ride is not enhanced.

[2025-02-26 23:01:15 #5 type] 
Type domain.Traveler is not enhanced.

[2025-02-26 23:01:15 #6 type] 
Type domain.Erreserba is not enhanced.

------------------------------------------------------------------------------------------------------------------------

[2025-02-26 23:01:31 #1 store] 
Database '/home/lur/eclipse-workspace/Rides24/src/main/resources/rides.temp' is opened by 34735@lur-ASUS-TUF-Gaming-F15-FX506HF-FX506HF

[2025-02-26 23:01:31 #2 type] 
Type domain.User is not enhanced.

[2025-02-26 23:01:31 #3 type] 
Type domain.Driver is not enhanced.

[2025-02-26 23:01:31 #4 type] 
Type domain.Ride is not enhanced.

[2025-02-26 23:01:31 #5 type] 
Type domain.Traveler is not enhanced.

[2025-02-26 23:01:31 #6 type] 
Type domain.Erreserba is not enhanced.

------------------------------------------------------------------------------------------------------------------------

[2025-02-26 23:02:24 #1 store] 
Database '/home/lur/eclipse-workspace/Rides24/src/main/resources/rides.temp' is opened by 34872@lur-ASUS-TUF-Gaming-F15-FX506HF-FX506HF

[2025-02-26 23:02:24 #2 type] 
Type domain.User is not enhanced.

[2025-02-26 23:02:24 #3 type] 
Type domain.Driver is not enhanced.

[2025-02-26 23:02:24 #4 type] 
Type domain.Ride is not enhanced.

[2025-02-26 23:02:24 #5 type] 
Type domain.Traveler is not enhanced.

[2025-02-26 23:02:24 #6 type] 
Type domain.Erreserba is not enhanced.

------------------------------------------------------------------------------------------------------------------------

[2025-02-26 23:02:47 #1 store] 
Database '/home/lur/eclipse-workspace/Rides24/src/main/resources/rides.temp' has been recovered (tr. 282-286)

[2025-02-26 23:02:47 #2 store] 
Database '/home/lur/eclipse-workspace/Rides24/src/main/resources/rides.temp' is opened by 34918@lur-ASUS-TUF-Gaming-F15-FX506HF-FX506HF

[2025-02-26 23:02:47 #3 type] 
Type domain.User is not enhanced.

[2025-02-26 23:02:47 #4 type] 
Type domain.Driver is not enhanced.

[2025-02-26 23:02:47 #5 type] 
Type domain.Ride is not enhanced.

[2025-02-26 23:02:47 #6 type] 
Type domain.Traveler is not enhanced.

[2025-02-26 23:02:47 #7 type] 
Type domain.Erreserba is not enhanced.

------------------------------------------------------------------------------------------------------------------------

[2025-02-26 23:03:02 #1 store] 
Database '/home/lur/eclipse-workspace/Rides24/src/main/resources/rides.temp' has been recovered (tr. 287-287)

[2025-02-26 23:03:02 #2 store] 
Database '/home/lur/eclipse-workspace/Rides24/src/main/resources/rides.temp' is opened by 34969@lur-ASUS-TUF-Gaming-F15-FX506HF-FX506HF

[2025-02-26 23:03:02 #3 type] 
Type domain.User is not enhanced.

[2025-02-26 23:03:02 #4 type] 
Type domain.Driver is not enhanced.

[2025-02-26 23:03:02 #5 type] 
Type domain.Ride is not enhanced.

[2025-02-26 23:03:02 #6 type] 
Type domain.Traveler is not enhanced.

[2025-02-26 23:03:02 #7 type] 
Type domain.Erreserba is not enhanced.

------------------------------------------------------------------------------------------------------------------------

[2025-02-26 23:04:59 #1 store] 
Database '/home/lur/eclipse-workspace/Rides24/src/main/resources/rides.temp' is opened by 35149@lur-ASUS-TUF-Gaming-F15-FX506HF-FX506HF

[2025-02-26 23:04:59 #2 type] 
Type domain.User is not enhanced.

[2025-02-26 23:04:59 #3 type] 
Type domain.Driver is not enhanced.

[2025-02-26 23:04:59 #4 type] 
Type domain.Ride is not enhanced.

[2025-02-26 23:04:59 #5 type] 
Type domain.Traveler is not enhanced.

[2025-02-26 23:04:59 #6 type] 
Type domain.Erreserba is not enhanced.

------------------------------------------------------------------------------------------------------------------------

[2025-02-26 23:05:33 #1 store] 
Database '/home/lur/eclipse-workspace/Rides24/src/main/resources/rides.temp' has been recovered (tr. 288-293)

[2025-02-26 23:05:33 #2 store] 
Database '/home/lur/eclipse-workspace/Rides24/src/main/resources/rides.temp' is opened by 35196@lur-ASUS-TUF-Gaming-F15-FX506HF-FX506HF

[2025-02-26 23:05:33 #3 type] 
Type domain.User is not enhanced.

[2025-02-26 23:05:33 #4 type] 
Type domain.Driver is not enhanced.

[2025-02-26 23:05:33 #5 type] 
Type domain.Ride is not enhanced.

[2025-02-26 23:05:33 #6 type] 
Type domain.Traveler is not enhanced.

[2025-02-26 23:05:33 #7 type] 
Type domain.Erreserba is not enhanced.

------------------------------------------------------------------------------------------------------------------------

[2025-02-26 23:05:52 #1 store] 
Database '/home/lur/eclipse-workspace/Rides24/src/main/resources/rides.temp' has been recovered (tr. 294-294)

[2025-02-26 23:05:52 #2 store] 
Database '/home/lur/eclipse-workspace/Rides24/src/main/resources/rides.temp' is opened by 35254@lur-ASUS-TUF-Gaming-F15-FX506HF-FX506HF

[2025-02-26 23:05:52 #3 type] 
Type domain.User is not enhanced.

[2025-02-26 23:05:52 #4 type] 
Type domain.Driver is not enhanced.

[2025-02-26 23:05:52 #5 type] 
Type domain.Ride is not enhanced.

[2025-02-26 23:05:52 #6 type] 
Type domain.Traveler is not enhanced.

[2025-02-26 23:05:52 #7 type] 
Type domain.Erreserba is not enhanced.

------------------------------------------------------------------------------------------------------------------------

[2025-02-26 23:06:01 #1 store] 
Database '/home/lur/eclipse-workspace/Rides24/src/main/resources/rides.temp' is opened by 35296@lur-ASUS-TUF-Gaming-F15-FX506HF-FX506HF

[2025-02-26 23:06:01 #2 type] 
Type domain.User is not enhanced.

[2025-02-26 23:06:01 #3 type] 
Type domain.Driver is not enhanced.

[2025-02-26 23:06:01 #4 type] 
Type domain.Ride is not enhanced.

[2025-02-26 23:06:01 #5 type] 
Type domain.Traveler is not enhanced.

[2025-02-26 23:06:01 #6 type] 
Type domain.Erreserba is not enhanced.

------------------------------------------------------------------------------------------------------------------------

[2025-02-26 23:07:07 #1 store] 
Database '/home/lur/eclipse-workspace/Rides24/src/main/resources/rides.temp' is opened by 35439@lur-ASUS-TUF-Gaming-F15-FX506HF-FX506HF

[2025-02-26 23:07:07 #2 type] 
Type domain.User is not enhanced.

[2025-02-26 23:07:07 #3 type] 
Type domain.Driver is not enhanced.

[2025-02-26 23:07:07 #4 type] 
Type domain.Ride is not enhanced.

[2025-02-26 23:07:07 #5 type] 
Type domain.Traveler is not enhanced.

[2025-02-26 23:07:07 #6 type] 
Type domain.Erreserba is not enhanced.

------------------------------------------------------------------------------------------------------------------------

[2025-02-26 23:08:09 #1 store] 
Database '/home/lur/eclipse-workspace/Rides24/src/main/resources/rides.temp' is opened by 35543@lur-ASUS-TUF-Gaming-F15-FX506HF-FX506HF

[2025-02-26 23:08:09 #2 type] 
Type domain.User is not enhanced.

[2025-02-26 23:08:09 #3 type] 
Type domain.Driver is not enhanced.

[2025-02-26 23:08:09 #4 type] 
Type domain.Ride is not enhanced.

[2025-02-26 23:08:09 #5 type] 
Type domain.Traveler is not enhanced.

[2025-02-26 23:08:09 #6 type] 
Type domain.Erreserba is not enhanced.

------------------------------------------------------------------------------------------------------------------------

[2025-02-26 23:09:07 #1 store] 
Database '/home/lur/eclipse-workspace/Rides24/src/main/resources/rides.temp' is opened by 35675@lur-ASUS-TUF-Gaming-F15-FX506HF-FX506HF

[2025-02-26 23:09:07 #2 type] 
Type domain.User is not enhanced.

[2025-02-26 23:09:07 #3 type] 
Type domain.Driver is not enhanced.

[2025-02-26 23:09:07 #4 type] 
Type domain.Ride is not enhanced.

[2025-02-26 23:09:07 #5 type] 
Type domain.Traveler is not enhanced.

[2025-02-26 23:09:07 #6 type] 
Type domain.Erreserba is not enhanced.

------------------------------------------------------------------------------------------------------------------------

[2025-02-26 23:09:42 #1 store] 
Database '/home/lur/eclipse-workspace/Rides24/src/main/resources/rides.temp' has been recovered (tr. 295-346)

[2025-02-26 23:09:42 #2 store] 
Database '/home/lur/eclipse-workspace/Rides24/src/main/resources/rides.temp' is opened by 35723@lur-ASUS-TUF-Gaming-F15-FX506HF-FX506HF

[2025-02-26 23:09:42 #3 type] 
Type domain.User is not enhanced.

[2025-02-26 23:09:42 #4 type] 
Type domain.Driver is not enhanced.

[2025-02-26 23:09:42 #5 type] 
Type domain.Ride is not enhanced.

[2025-02-26 23:09:42 #6 type] 
Type domain.Traveler is not enhanced.

[2025-02-26 23:09:42 #7 type] 
Type domain.Erreserba is not enhanced.

------------------------------------------------------------------------------------------------------------------------

[2025-02-26 23:09:57 #1 store] 
Database '/home/lur/eclipse-workspace/Rides24/src/main/resources/rides.temp' has been recovered (tr. 347-355)

[2025-02-26 23:09:57 #2 store] 
Database '/home/lur/eclipse-workspace/Rides24/src/main/resources/rides.temp' is opened by 35779@lur-ASUS-TUF-Gaming-F15-FX506HF-FX506HF

[2025-02-26 23:09:57 #3 type] 
Type domain.User is not enhanced.

[2025-02-26 23:09:57 #4 type] 
Type domain.Driver is not enhanced.

[2025-02-26 23:09:57 #5 type] 
Type domain.Ride is not enhanced.

[2025-02-26 23:09:57 #6 type] 
Type domain.Traveler is not enhanced.

[2025-02-26 23:09:57 #7 type] 
Type domain.Erreserba is not enhanced.

------------------------------------------------------------------------------------------------------------------------

[2025-02-26 23:16:31 #1 store] 
Database '/home/lur/eclipse-workspace/Rides24/src/main/resources/rides.temp' is opened by 36288@lur-ASUS-TUF-Gaming-F15-FX506HF-FX506HF

[2025-02-26 23:16:31 #2 type] 
Type domain.User is not enhanced.

[2025-02-26 23:16:31 #3 type] 
Type domain.Driver is not enhanced.

[2025-02-26 23:16:31 #4 type] 
Type domain.Ride is not enhanced.

[2025-02-26 23:16:31 #5 type] 
Type domain.Traveler is not enhanced.

[2025-02-26 23:16:31 #6 type] 
Type domain.Erreserba is not enhanced.

------------------------------------------------------------------------------------------------------------------------

[2025-02-26 23:17:40 #1 store] 
Database '/home/lur/eclipse-workspace/Rides24/src/main/resources/rides.temp' is opened by 36364@lur-ASUS-TUF-Gaming-F15-FX506HF-FX506HF

[2025-02-26 23:17:40 #2 type] 
Type domain.User is not enhanced.

[2025-02-26 23:17:40 #3 type] 
Type domain.Driver is not enhanced.

[2025-02-26 23:17:40 #4 type] 
Type domain.Ride is not enhanced.

[2025-02-26 23:17:40 #5 type] 
Type domain.Traveler is not enhanced.

[2025-02-26 23:17:40 #6 type] 
Type domain.Erreserba is not enhanced.

------------------------------------------------------------------------------------------------------------------------

[2025-02-26 23:22:34 #1 store] 
Database '/home/lur/eclipse-workspace/Rides24/src/main/resources/rides.temp' is opened by 36684@lur-ASUS-TUF-Gaming-F15-FX506HF-FX506HF

[2025-02-26 23:22:34 #2 type] 
Type domain.User is not enhanced.

[2025-02-26 23:22:34 #3 type] 
Type domain.Driver is not enhanced.

[2025-02-26 23:22:34 #4 type] 
Type domain.Ride is not enhanced.

[2025-02-26 23:22:34 #5 type] 
Type domain.Traveler is not enhanced.

[2025-02-26 23:22:34 #6 type] 
Type domain.Erreserba is not enhanced.

------------------------------------------------------------------------------------------------------------------------

[2025-02-26 23:22:46 #1 store] 
Database '/home/lur/eclipse-workspace/Rides24/src/main/resources/rides.temp' is opened by 36730@lur-ASUS-TUF-Gaming-F15-FX506HF-FX506HF

[2025-02-26 23:22:46 #2 type] 
Type domain.User is not enhanced.

[2025-02-26 23:22:46 #3 type] 
Type domain.Driver is not enhanced.

[2025-02-26 23:22:46 #4 type] 
Type domain.Ride is not enhanced.

[2025-02-26 23:22:46 #5 type] 
Type domain.Traveler is not enhanced.

[2025-02-26 23:22:46 #6 type] 
Type domain.Erreserba is not enhanced.

------------------------------------------------------------------------------------------------------------------------

[2025-02-26 23:23:42 #1 store] 
Database '/home/lur/eclipse-workspace/Rides24/src/main/resources/rides.temp' is opened by 36813@lur-ASUS-TUF-Gaming-F15-FX506HF-FX506HF

[2025-02-26 23:23:42 #2 type] 
Type domain.User is not enhanced.

[2025-02-26 23:23:43 #3 type] 
Type domain.Driver is not enhanced.

[2025-02-26 23:23:43 #4 type] 
Type domain.Ride is not enhanced.

[2025-02-26 23:23:43 #5 type] 
Type domain.Traveler is not enhanced.

[2025-02-26 23:23:43 #6 type] 
Type domain.Erreserba is not enhanced.

------------------------------------------------------------------------------------------------------------------------

[2025-02-26 23:25:51 #1 store] 
Database '/home/lur/eclipse-workspace/Rides24/src/main/resources/rides.temp' is opened by 37108@lur-ASUS-TUF-Gaming-F15-FX506HF-FX506HF

[2025-02-26 23:25:52 #2 type] 
Type domain.User is not enhanced.

[2025-02-26 23:25:52 #3 type] 
Type domain.Driver is not enhanced.

[2025-02-26 23:25:52 #4 type] 
Type domain.Ride is not enhanced.

[2025-02-26 23:25:52 #5 type] 
Type domain.Traveler is not enhanced.

[2025-02-26 23:25:52 #6 type] 
Type domain.Erreserba is not enhanced.

------------------------------------------------------------------------------------------------------------------------

[2025-02-26 23:27:33 #1 store] 
Database '/home/lur/eclipse-workspace/Rides24/src/main/resources/rides.temp' has been recovered (tr. 456-463)

[2025-02-26 23:27:33 #2 store] 
Database '/home/lur/eclipse-workspace/Rides24/src/main/resources/rides.temp' is opened by 37172@lur-ASUS-TUF-Gaming-F15-FX506HF-FX506HF

[2025-02-26 23:27:33 #3 type] 
Type domain.User is not enhanced.

[2025-02-26 23:27:33 #4 type] 
Type domain.Driver is not enhanced.

[2025-02-26 23:27:33 #5 type] 
Type domain.Ride is not enhanced.

[2025-02-26 23:27:33 #6 type] 
Type domain.Traveler is not enhanced.

[2025-02-26 23:27:33 #7 type] 
Type domain.Erreserba is not enhanced.

------------------------------------------------------------------------------------------------------------------------

[2025-02-26 23:27:53 #1 store] 
Database '/home/lur/eclipse-workspace/Rides24/src/main/resources/rides.temp' is opened by 37216@lur-ASUS-TUF-Gaming-F15-FX506HF-FX506HF

[2025-02-26 23:27:53 #2 type] 
Type domain.User is not enhanced.

[2025-02-26 23:27:53 #3 type] 
Type domain.Driver is not enhanced.

[2025-02-26 23:27:53 #4 type] 
Type domain.Ride is not enhanced.

[2025-02-26 23:27:53 #5 type] 
Type domain.Traveler is not enhanced.

[2025-02-26 23:27:53 #6 type] 
Type domain.Erreserba is not enhanced.

------------------------------------------------------------------------------------------------------------------------

[2025-02-26 23:29:09 #1 store] 
Database '/home/lur/eclipse-workspace/Rides24/src/main/resources/rides.temp' has been recovered (tr. 464-465)

[2025-02-26 23:29:09 #2 store] 
Database '/home/lur/eclipse-workspace/Rides24/src/main/resources/rides.temp' is opened by 37279@lur-ASUS-TUF-Gaming-F15-FX506HF-FX506HF

[2025-02-26 23:29:09 #3 type] 
Type domain.User is not enhanced.

[2025-02-26 23:29:09 #4 type] 
Type domain.Driver is not enhanced.

[2025-02-26 23:29:09 #5 type] 
Type domain.Ride is not enhanced.

[2025-02-26 23:29:09 #6 type] 
Type domain.Traveler is not enhanced.

[2025-02-26 23:29:09 #7 type] 
Type domain.Erreserba is not enhanced.

------------------------------------------------------------------------------------------------------------------------

[2025-02-26 23:31:17 #1 store] 
Database '/home/lur/eclipse-workspace/Rides24/src/main/resources/rides.temp' is opened by 37365@lur-ASUS-TUF-Gaming-F15-FX506HF-FX506HF

[2025-02-26 23:31:17 #2 type] 
Type domain.User is not enhanced.

[2025-02-26 23:31:17 #3 type] 
Type domain.Driver is not enhanced.

[2025-02-26 23:31:17 #4 type] 
Type domain.Ride is not enhanced.

[2025-02-26 23:31:17 #5 type] 
Type domain.Traveler is not enhanced.

[2025-02-26 23:31:17 #6 type] 
Type domain.Erreserba is not enhanced.

------------------------------------------------------------------------------------------------------------------------

[2025-02-26 23:31:27 #1 store] 
Database '/home/lur/eclipse-workspace/Rides24/src/main/resources/rides.temp' is opened by 37405@lur-ASUS-TUF-Gaming-F15-FX506HF-FX506HF

[2025-02-26 23:31:27 #2 type] 
Type domain.User is not enhanced.

[2025-02-26 23:31:27 #3 type] 
Type domain.Driver is not enhanced.

[2025-02-26 23:31:27 #4 type] 
Type domain.Ride is not enhanced.

[2025-02-26 23:31:27 #5 type] 
Type domain.Traveler is not enhanced.

[2025-02-26 23:31:27 #6 type] 
Type domain.Erreserba is not enhanced.

------------------------------------------------------------------------------------------------------------------------

[2025-02-26 23:32:26 #1 store] 
Database '/home/lur/eclipse-workspace/Rides24/src/main/resources/rides.temp' is opened by 37476@lur-ASUS-TUF-Gaming-F15-FX506HF-FX506HF

[2025-02-26 23:32:26 #2 type] 
Type domain.User is not enhanced.

[2025-02-26 23:32:26 #3 type] 
Type domain.Driver is not enhanced.

[2025-02-26 23:32:26 #4 type] 
Type domain.Ride is not enhanced.

[2025-02-26 23:32:26 #5 type] 
Type domain.Traveler is not enhanced.

[2025-02-26 23:32:26 #6 type] 
Type domain.Erreserba is not enhanced.

------------------------------------------------------------------------------------------------------------------------

[2025-02-26 23:32:50 #1 store] 
Database '/home/lur/eclipse-workspace/Rides24/src/main/resources/rides.temp' has been recovered (tr. 466-466)

[2025-02-26 23:32:50 #2 store] 
Database '/home/lur/eclipse-workspace/Rides24/src/main/resources/rides.temp' is opened by 37520@lur-ASUS-TUF-Gaming-F15-FX506HF-FX506HF

[2025-02-26 23:32:50 #3 type] 
Type domain.User is not enhanced.

[2025-02-26 23:32:50 #4 type] 
Type domain.Driver is not enhanced.

[2025-02-26 23:32:50 #5 type] 
Type domain.Ride is not enhanced.

[2025-02-26 23:32:50 #6 type] 
Type domain.Traveler is not enhanced.

[2025-02-26 23:32:50 #7 type] 
Type domain.Erreserba is not enhanced.

------------------------------------------------------------------------------------------------------------------------

[2025-02-26 23:34:14 #1 store] 
Database '/home/lur/eclipse-workspace/Rides24/src/main/resources/rides.temp' is opened by 37647@lur-ASUS-TUF-Gaming-F15-FX506HF-FX506HF

[2025-02-26 23:34:14 #2 type] 
Type domain.User is not enhanced.

[2025-02-26 23:34:14 #3 type] 
Type domain.Driver is not enhanced.

[2025-02-26 23:34:14 #4 type] 
Type domain.Ride is not enhanced.

[2025-02-26 23:34:14 #5 type] 
Type domain.Traveler is not enhanced.

[2025-02-26 23:34:14 #6 type] 
Type domain.Erreserba is not enhanced.

------------------------------------------------------------------------------------------------------------------------

[2025-02-26 23:34:27 #1 store] 
Database '/home/lur/eclipse-workspace/Rides24/src/main/resources/rides.temp' is opened by 37686@lur-ASUS-TUF-Gaming-F15-FX506HF-FX506HF

[2025-02-26 23:34:27 #2 type] 
Type domain.User is not enhanced.

[2025-02-26 23:34:27 #3 type] 
Type domain.Driver is not enhanced.

[2025-02-26 23:34:27 #4 type] 
Type domain.Ride is not enhanced.

[2025-02-26 23:34:27 #5 type] 
Type domain.Traveler is not enhanced.

[2025-02-26 23:34:27 #6 type] 
Type domain.Erreserba is not enhanced.

------------------------------------------------------------------------------------------------------------------------

[2025-02-26 23:40:07 #1 store] 
Database '/home/lur/eclipse-workspace/Rides24/src/main/resources/rides.temp' is opened by 37938@lur-ASUS-TUF-Gaming-F15-FX506HF-FX506HF

[2025-02-26 23:40:07 #2 type] 
Type domain.User is not enhanced.

[2025-02-26 23:40:07 #3 type] 
Type domain.Driver is not enhanced.

[2025-02-26 23:40:07 #4 type] 
Type domain.Ride is not enhanced.

[2025-02-26 23:40:07 #5 type] 
Type domain.Traveler is not enhanced.

[2025-02-26 23:40:07 #6 type] 
Type domain.Erreserba is not enhanced.

------------------------------------------------------------------------------------------------------------------------

[2025-02-26 23:40:17 #1 store] 
Database '/home/lur/eclipse-workspace/Rides24/src/main/resources/rides.temp' is opened by 37984@lur-ASUS-TUF-Gaming-F15-FX506HF-FX506HF

[2025-02-26 23:40:17 #2 type] 
Type domain.User is not enhanced.

[2025-02-26 23:40:17 #3 type] 
Type domain.Driver is not enhanced.

[2025-02-26 23:40:17 #4 type] 
Type domain.Ride is not enhanced.

[2025-02-26 23:40:17 #5 type] 
Type domain.Traveler is not enhanced.

[2025-02-26 23:40:17 #6 type] 
Type domain.Erreserba is not enhanced.

------------------------------------------------------------------------------------------------------------------------

[2025-02-26 23:44:40 #1 store] 
Database '/home/lur/eclipse-workspace/Rides24/src/main/resources/rides.temp' is opened by 38208@lur-ASUS-TUF-Gaming-F15-FX506HF-FX506HF

[2025-02-26 23:44:41 #2 type] 
Type domain.User is not enhanced.

[2025-02-26 23:44:41 #3 type] 
Type domain.Driver is not enhanced.

[2025-02-26 23:44:41 #4 type] 
Type domain.Ride is not enhanced.

[2025-02-26 23:44:41 #5 type] 
Type domain.Traveler is not enhanced.

[2025-02-26 23:44:41 #6 type] 
Type domain.Erreserba is not enhanced.

------------------------------------------------------------------------------------------------------------------------

[2025-02-26 23:48:25 #1 store] 
Database '/home/lur/eclipse-workspace/Rides24/src/main/resources/rides.temp' has been recovered (tr. 476-476)

[2025-02-26 23:48:25 #2 store] 
Database '/home/lur/eclipse-workspace/Rides24/src/main/resources/rides.temp' is opened by 38315@lur-ASUS-TUF-Gaming-F15-FX506HF-FX506HF

[2025-02-26 23:48:25 #3 type] 
Type domain.User is not enhanced.

[2025-02-26 23:48:25 #4 type] 
Type domain.Driver is not enhanced.

[2025-02-26 23:48:25 #5 type] 
Type domain.Ride is not enhanced.

[2025-02-26 23:48:25 #6 type] 
Type domain.Traveler is not enhanced.

[2025-02-26 23:48:25 #7 type] 
Type domain.Erreserba is not enhanced.

