------------------------------------------------------------------------------------------------------------------------

[2025-03-13 18:03:03 #1 store] 
Database '/home/lur/eclipse-workspace/Rides24/src/main/resources/rides.temp' has been recovered (tr. 1490-1496)

[2025-03-13 18:03:03 #2 store] 
Database '/home/lur/eclipse-workspace/Rides24/src/main/resources/rides.temp' is opened by 11862@lur-ASUS-TUF-Gaming-F15-FX506HF-FX506HF

[2025-03-13 18:03:03 #3 type] 
Type domain.User is not enhanced.

[2025-03-13 18:03:03 #4 type.registry] 
New type domain.Mugimendua

[2025-03-13 18:03:03 #5 type] 
Type domain.Driver is not enhanced.

[2025-03-13 18:03:03 #6 type] 
Type domain.Ride is not enhanced.

[2025-03-13 18:03:03 #7 type] 
Type domain.Traveler is not enhanced.

[2025-03-13 18:03:03 #8 type] 
Type domain.Erreserba is not enhanced.

[2025-03-13 18:03:03 #9 type] 
Type domain.Kotxe is not enhanced.

[2025-03-13 18:03:08 #10 type.registry] 
New type java.util.Vector<domain.Mugimendua>

------------------------------------------------------------------------------------------------------------------------

[2025-03-13 18:03:41 #1 store] 
Database '/home/lur/eclipse-workspace/Rides24/src/main/resources/rides.temp' has been recovered (tr. 1497-1504)

[2025-03-13 18:03:41 #2 store] 
Database '/home/lur/eclipse-workspace/Rides24/src/main/resources/rides.temp' is opened by 11909@lur-ASUS-TUF-Gaming-F15-FX506HF-FX506HF

[2025-03-13 18:03:41 #3 type] 
Type domain.User is not enhanced.

[2025-03-13 18:03:41 #4 type] 
Type domain.Driver is not enhanced.

[2025-03-13 18:03:41 #5 type] 
Type domain.Ride is not enhanced.

[2025-03-13 18:03:41 #6 type] 
Type domain.Traveler is not enhanced.

[2025-03-13 18:03:41 #7 type] 
Type domain.Erreserba is not enhanced.

[2025-03-13 18:03:41 #8 type] 
Type domain.Kotxe is not enhanced.

------------------------------------------------------------------------------------------------------------------------

[2025-03-13 18:04:24 #1 store] 
Database '/home/lur/eclipse-workspace/Rides24/src/main/resources/rides.temp' has been recovered (tr. 1505-1516)

[2025-03-13 18:04:24 #2 store] 
Database '/home/lur/eclipse-workspace/Rides24/src/main/resources/rides.temp' is opened by 11968@lur-ASUS-TUF-Gaming-F15-FX506HF-FX506HF

[2025-03-13 18:04:24 #3 type] 
Type domain.User is not enhanced.

[2025-03-13 18:04:24 #4 type] 
Type domain.Driver is not enhanced.

[2025-03-13 18:04:24 #5 type] 
Type domain.Ride is not enhanced.

[2025-03-13 18:04:24 #6 type] 
Type domain.Traveler is not enhanced.

[2025-03-13 18:04:24 #7 type] 
Type domain.Erreserba is not enhanced.

[2025-03-13 18:04:24 #8 type] 
Type domain.Kotxe is not enhanced.

------------------------------------------------------------------------------------------------------------------------

[2025-03-13 18:06:07 #1 store] 
Database '/home/lur/eclipse-workspace/Rides24/src/main/resources/rides.temp' is opened by 12085@lur-ASUS-TUF-Gaming-F15-FX506HF-FX506HF

[2025-03-13 18:06:07 #2 type] 
Type domain.User is not enhanced.

[2025-03-13 18:06:07 #3 type] 
Type domain.Driver is not enhanced.

[2025-03-13 18:06:07 #4 type] 
Type domain.Ride is not enhanced.

[2025-03-13 18:06:07 #5 type] 
Type domain.Traveler is not enhanced.

[2025-03-13 18:06:07 #6 type] 
Type domain.Erreserba is not enhanced.

[2025-03-13 18:06:07 #7 type] 
Type domain.Kotxe is not enhanced.

[2025-03-13 18:06:07 #8 type] 
Type domain.Mugimendua is not enhanced.

------------------------------------------------------------------------------------------------------------------------

[2025-03-13 18:06:17 #1 store] 
Database '/home/lur/eclipse-workspace/Rides24/src/main/resources/rides.temp' has been recovered (tr. 1517-1517)

[2025-03-13 18:06:17 #2 store] 
Database '/home/lur/eclipse-workspace/Rides24/src/main/resources/rides.temp' is opened by 12136@lur-ASUS-TUF-Gaming-F15-FX506HF-FX506HF

[2025-03-13 18:06:17 #3 type] 
Type domain.User is not enhanced.

[2025-03-13 18:06:17 #4 type] 
Type domain.Driver is not enhanced.

[2025-03-13 18:06:17 #5 type] 
Type domain.Ride is not enhanced.

[2025-03-13 18:06:17 #6 type] 
Type domain.Traveler is not enhanced.

[2025-03-13 18:06:17 #7 type] 
Type domain.Erreserba is not enhanced.

[2025-03-13 18:06:17 #8 type] 
Type domain.Kotxe is not enhanced.

[2025-03-13 18:06:17 #9 type] 
Type domain.Mugimendua is not enhanced.

------------------------------------------------------------------------------------------------------------------------

[2025-03-13 18:13:39 #1 store] 
Database '/home/lur/eclipse-workspace/Rides24/src/main/resources/rides.temp' is opened by 12497@lur-ASUS-TUF-Gaming-F15-FX506HF-FX506HF

[2025-03-13 18:13:39 #2 type] 
Type domain.User is not enhanced.

[2025-03-13 18:13:39 #3 type] 
Type domain.Driver is not enhanced.

[2025-03-13 18:13:39 #4 type] 
Type domain.Ride is not enhanced.

[2025-03-13 18:13:39 #5 type] 
Type domain.Traveler is not enhanced.

[2025-03-13 18:13:39 #6 type] 
Type domain.Erreserba is not enhanced.

[2025-03-13 18:13:39 #7 type] 
Type domain.Kotxe is not enhanced.

[2025-03-13 18:13:39 #8 type] 
Type domain.Mugimendua is not enhanced.

------------------------------------------------------------------------------------------------------------------------

[2025-03-13 18:15:27 #1 store] 
Database '/home/lur/eclipse-workspace/Rides24/src/main/resources/rides.temp' is opened by 12675@lur-ASUS-TUF-Gaming-F15-FX506HF-FX506HF

[2025-03-13 18:15:27 #2 type] 
Type domain.User is not enhanced.

[2025-03-13 18:15:27 #3 type] 
Type domain.Driver is not enhanced.

[2025-03-13 18:15:27 #4 type] 
Type domain.Ride is not enhanced.

[2025-03-13 18:15:27 #5 type] 
Type domain.Traveler is not enhanced.

[2025-03-13 18:15:27 #6 type] 
Type domain.Erreserba is not enhanced.

[2025-03-13 18:15:27 #7 type] 
Type domain.Kotxe is not enhanced.

[2025-03-13 18:15:27 #8 type] 
Type domain.Mugimendua is not enhanced.

------------------------------------------------------------------------------------------------------------------------

[2025-03-13 18:28:46 #1 store] 
Database '/home/lur/eclipse-workspace/Rides24/src/main/resources/rides.temp' is opened by 13421@lur-ASUS-TUF-Gaming-F15-FX506HF-FX506HF

[2025-03-13 18:28:46 #2 type] 
Type domain.User is not enhanced.

[2025-03-13 18:28:46 #3 type] 
Type domain.Driver is not enhanced.

[2025-03-13 18:28:46 #4 type] 
Type domain.Ride is not enhanced.

[2025-03-13 18:28:46 #5 type] 
Type domain.Traveler is not enhanced.

[2025-03-13 18:28:46 #6 type] 
Type domain.Erreserba is not enhanced.

[2025-03-13 18:28:46 #7 type] 
Type domain.Kotxe is not enhanced.

[2025-03-13 18:28:46 #8 type] 
Type domain.Mugimendua is not enhanced.

------------------------------------------------------------------------------------------------------------------------

[2025-03-13 18:29:20 #1 store] 
Database '/home/lur/eclipse-workspace/Rides24/src/main/resources/rides.temp' is opened by 13545@lur-ASUS-TUF-Gaming-F15-FX506HF-FX506HF

[2025-03-13 18:29:20 #2 type] 
Type domain.User is not enhanced.

[2025-03-13 18:29:20 #3 type] 
Type domain.Driver is not enhanced.

[2025-03-13 18:29:20 #4 type] 
Type domain.Ride is not enhanced.

[2025-03-13 18:29:20 #5 type] 
Type domain.Traveler is not enhanced.

[2025-03-13 18:29:20 #6 type] 
Type domain.Erreserba is not enhanced.

[2025-03-13 18:29:20 #7 type] 
Type domain.Kotxe is not enhanced.

[2025-03-13 18:29:20 #8 type] 
Type domain.Mugimendua is not enhanced.

------------------------------------------------------------------------------------------------------------------------

[2025-03-13 18:29:58 #1 store] 
Database '/home/lur/eclipse-workspace/Rides24/src/main/resources/rides.temp' has been recovered (tr. 1593-1598)

[2025-03-13 18:29:58 #2 store] 
Database '/home/lur/eclipse-workspace/Rides24/src/main/resources/rides.temp' is opened by 13607@lur-ASUS-TUF-Gaming-F15-FX506HF-FX506HF

[2025-03-13 18:29:58 #3 type] 
Type domain.User is not enhanced.

[2025-03-13 18:29:58 #4 type] 
Type domain.Driver is not enhanced.

[2025-03-13 18:29:58 #5 type] 
Type domain.Ride is not enhanced.

[2025-03-13 18:29:58 #6 type] 
Type domain.Traveler is not enhanced.

[2025-03-13 18:29:58 #7 type] 
Type domain.Erreserba is not enhanced.

[2025-03-13 18:29:58 #8 type] 
Type domain.Kotxe is not enhanced.

[2025-03-13 18:29:58 #9 type] 
Type domain.Mugimendua is not enhanced.

------------------------------------------------------------------------------------------------------------------------

[2025-03-13 18:31:23 #1 store] 
Database '/home/lur/eclipse-workspace/Rides24/src/main/resources/rides.temp' has been recovered (tr. 1599-1600)

[2025-03-13 18:31:23 #2 store] 
Database '/home/lur/eclipse-workspace/Rides24/src/main/resources/rides.temp' is opened by 13700@lur-ASUS-TUF-Gaming-F15-FX506HF-FX506HF

[2025-03-13 18:31:23 #3 type] 
Type domain.User is not enhanced.

[2025-03-13 18:31:23 #4 type] 
Type domain.Driver is not enhanced.

[2025-03-13 18:31:23 #5 type] 
Type domain.Ride is not enhanced.

[2025-03-13 18:31:23 #6 type] 
Type domain.Traveler is not enhanced.

[2025-03-13 18:31:23 #7 type] 
Type domain.Erreserba is not enhanced.

[2025-03-13 18:31:23 #8 type] 
Type domain.Kotxe is not enhanced.

[2025-03-13 18:31:23 #9 type] 
Type domain.Mugimendua is not enhanced.

------------------------------------------------------------------------------------------------------------------------

[2025-03-13 18:32:49 #1 store] 
Database '/home/lur/eclipse-workspace/Rides24/src/main/resources/rides.temp' is opened by 13817@lur-ASUS-TUF-Gaming-F15-FX506HF-FX506HF

[2025-03-13 18:32:49 #2 type] 
Type domain.User is not enhanced.

[2025-03-13 18:32:49 #3 type] 
Type domain.Driver is not enhanced.

[2025-03-13 18:32:49 #4 type] 
Type domain.Ride is not enhanced.

[2025-03-13 18:32:49 #5 type] 
Type domain.Traveler is not enhanced.

[2025-03-13 18:32:49 #6 type] 
Type domain.Erreserba is not enhanced.

[2025-03-13 18:32:49 #7 type] 
Type domain.Kotxe is not enhanced.

[2025-03-13 18:32:49 #8 type] 
Type domain.Mugimendua is not enhanced.

------------------------------------------------------------------------------------------------------------------------

[2025-03-13 18:37:09 #1 store] 
Database '/home/lur/eclipse-workspace/Rides24/src/main/resources/rides.temp' is opened by 14089@lur-ASUS-TUF-Gaming-F15-FX506HF-FX506HF

[2025-03-13 18:37:09 #2 type] 
Type domain.User is not enhanced.

[2025-03-13 18:37:09 #3 type] 
Type domain.Driver is not enhanced.

[2025-03-13 18:37:09 #4 type] 
Type domain.Ride is not enhanced.

[2025-03-13 18:37:09 #5 type] 
Type domain.Traveler is not enhanced.

[2025-03-13 18:37:09 #6 type] 
Type domain.Erreserba is not enhanced.

[2025-03-13 18:37:09 #7 type] 
Type domain.Kotxe is not enhanced.

[2025-03-13 18:37:09 #8 type] 
Type domain.Mugimendua is not enhanced.

------------------------------------------------------------------------------------------------------------------------

[2025-03-13 18:37:43 #1 store] 
Database '/home/lur/eclipse-workspace/Rides24/src/main/resources/rides.temp' has been recovered (tr. 1639-1639)

[2025-03-13 18:37:43 #2 store] 
Database '/home/lur/eclipse-workspace/Rides24/src/main/resources/rides.temp' is opened by 14149@lur-ASUS-TUF-Gaming-F15-FX506HF-FX506HF

[2025-03-13 18:37:43 #3 type] 
Type domain.User is not enhanced.

[2025-03-13 18:37:43 #4 type] 
Type domain.Driver is not enhanced.

[2025-03-13 18:37:43 #5 type] 
Type domain.Ride is not enhanced.

[2025-03-13 18:37:43 #6 type] 
Type domain.Traveler is not enhanced.

[2025-03-13 18:37:43 #7 type] 
Type domain.Erreserba is not enhanced.

[2025-03-13 18:37:43 #8 type] 
Type domain.Kotxe is not enhanced.

[2025-03-13 18:37:43 #9 type] 
Type domain.Mugimendua is not enhanced.

------------------------------------------------------------------------------------------------------------------------

[2025-03-13 18:40:46 #1 store] 
Database '/home/lur/eclipse-workspace/Rides24/src/main/resources/rides.temp' is opened by 14316@lur-ASUS-TUF-Gaming-F15-FX506HF-FX506HF

[2025-03-13 18:40:46 #2 type] 
Type domain.User is not enhanced.

[2025-03-13 18:40:46 #3 type] 
Type domain.Driver is not enhanced.

[2025-03-13 18:40:46 #4 type] 
Type domain.Ride is not enhanced.

[2025-03-13 18:40:46 #5 type] 
Type domain.Traveler is not enhanced.

[2025-03-13 18:40:46 #6 type] 
Type domain.Erreserba is not enhanced.

[2025-03-13 18:40:46 #7 type] 
Type domain.Kotxe is not enhanced.

[2025-03-13 18:40:46 #8 type] 
Type domain.Mugimendua is not enhanced.

------------------------------------------------------------------------------------------------------------------------

[2025-03-13 18:41:50 #1 store] 
Database '/home/lur/eclipse-workspace/Rides24/src/main/resources/rides.temp' has been recovered (tr. 1648-1657)

[2025-03-13 18:41:50 #2 store] 
Database '/home/lur/eclipse-workspace/Rides24/src/main/resources/rides.temp' is opened by 14395@lur-ASUS-TUF-Gaming-F15-FX506HF-FX506HF

[2025-03-13 18:41:50 #3 type] 
Type domain.User is not enhanced.

[2025-03-13 18:41:50 #4 type] 
Type domain.Driver is not enhanced.

[2025-03-13 18:41:50 #5 type] 
Type domain.Ride is not enhanced.

[2025-03-13 18:41:50 #6 type] 
Type domain.Traveler is not enhanced.

[2025-03-13 18:41:50 #7 type] 
Type domain.Erreserba is not enhanced.

[2025-03-13 18:41:50 #8 type] 
Type domain.Kotxe is not enhanced.

[2025-03-13 18:41:50 #9 type] 
Type domain.Mugimendua is not enhanced.

------------------------------------------------------------------------------------------------------------------------

[2025-03-13 18:42:13 #1 store] 
Database '/home/lur/eclipse-workspace/Rides24/src/main/resources/rides.temp' is opened by 14624@lur-ASUS-TUF-Gaming-F15-FX506HF-FX506HF

[2025-03-13 18:42:13 #2 type] 
Type domain.User is not enhanced.

[2025-03-13 18:42:13 #3 type] 
Type domain.Driver is not enhanced.

[2025-03-13 18:42:13 #4 type] 
Type domain.Ride is not enhanced.

[2025-03-13 18:42:13 #5 type] 
Type domain.Traveler is not enhanced.

[2025-03-13 18:42:13 #6 type] 
Type domain.Erreserba is not enhanced.

[2025-03-13 18:42:13 #7 type] 
Type domain.Kotxe is not enhanced.

[2025-03-13 18:42:13 #8 type] 
Type domain.Mugimendua is not enhanced.

------------------------------------------------------------------------------------------------------------------------

[2025-03-13 18:43:57 #1 store] 
Database '/home/lur/eclipse-workspace/Rides24/src/main/resources/rides.temp' has been recovered (tr. 1658-1667)

[2025-03-13 18:43:57 #2 store] 
Database '/home/lur/eclipse-workspace/Rides24/src/main/resources/rides.temp' is opened by 14942@lur-ASUS-TUF-Gaming-F15-FX506HF-FX506HF

[2025-03-13 18:43:57 #3 type] 
Type domain.User is not enhanced.

[2025-03-13 18:43:57 #4 type] 
Type domain.Driver is not enhanced.

[2025-03-13 18:43:57 #5 type] 
Type domain.Ride is not enhanced.

[2025-03-13 18:43:57 #6 type] 
Type domain.Traveler is not enhanced.

[2025-03-13 18:43:57 #7 type] 
Type domain.Erreserba is not enhanced.

[2025-03-13 18:43:57 #8 type] 
Type domain.Kotxe is not enhanced.

[2025-03-13 18:43:57 #9 type] 
Type domain.Mugimendua is not enhanced.

------------------------------------------------------------------------------------------------------------------------

[2025-03-13 18:44:05 #1 store] 
Database '/home/lur/eclipse-workspace/Rides24/src/main/resources/rides.temp' is opened by 14981@lur-ASUS-TUF-Gaming-F15-FX506HF-FX506HF

[2025-03-13 18:44:05 #2 type] 
Type domain.User is not enhanced.

[2025-03-13 18:44:05 #3 type] 
Type domain.Driver is not enhanced.

[2025-03-13 18:44:05 #4 type] 
Type domain.Ride is not enhanced.

[2025-03-13 18:44:05 #5 type] 
Type domain.Traveler is not enhanced.

[2025-03-13 18:44:05 #6 type] 
Type domain.Erreserba is not enhanced.

[2025-03-13 18:44:05 #7 type] 
Type domain.Kotxe is not enhanced.

[2025-03-13 18:44:05 #8 type] 
Type domain.Mugimendua is not enhanced.

------------------------------------------------------------------------------------------------------------------------

[2025-03-13 18:44:20 #1 store] 
Database '/home/lur/eclipse-workspace/Rides24/src/main/resources/rides.temp' has been recovered (tr. 1668-1669)

[2025-03-13 18:44:20 #2 store] 
Database '/home/lur/eclipse-workspace/Rides24/src/main/resources/rides.temp' is opened by 15033@lur-ASUS-TUF-Gaming-F15-FX506HF-FX506HF

[2025-03-13 18:44:20 #3 type] 
Type domain.User is not enhanced.

[2025-03-13 18:44:20 #4 type] 
Type domain.Driver is not enhanced.

[2025-03-13 18:44:20 #5 type] 
Type domain.Ride is not enhanced.

[2025-03-13 18:44:20 #6 type] 
Type domain.Traveler is not enhanced.

[2025-03-13 18:44:20 #7 type] 
Type domain.Erreserba is not enhanced.

[2025-03-13 18:44:20 #8 type] 
Type domain.Kotxe is not enhanced.

[2025-03-13 18:44:20 #9 type] 
Type domain.Mugimendua is not enhanced.

------------------------------------------------------------------------------------------------------------------------

[2025-03-13 18:44:55 #1 store] 
Database '/home/lur/eclipse-workspace/Rides24/src/main/resources/rides.temp' has been recovered (tr. 1670-1670)

[2025-03-13 18:44:55 #2 store] 
Database '/home/lur/eclipse-workspace/Rides24/src/main/resources/rides.temp' is opened by 15149@lur-ASUS-TUF-Gaming-F15-FX506HF-FX506HF

[2025-03-13 18:44:55 #3 type] 
Type domain.User is not enhanced.

[2025-03-13 18:44:55 #4 type] 
Type domain.Driver is not enhanced.

[2025-03-13 18:44:55 #5 type] 
Type domain.Ride is not enhanced.

[2025-03-13 18:44:55 #6 type] 
Type domain.Traveler is not enhanced.

[2025-03-13 18:44:55 #7 type] 
Type domain.Erreserba is not enhanced.

[2025-03-13 18:44:55 #8 type] 
Type domain.Kotxe is not enhanced.

[2025-03-13 18:44:55 #9 type] 
Type domain.Mugimendua is not enhanced.

------------------------------------------------------------------------------------------------------------------------

[2025-03-13 18:45:50 #1 store] 
Database '/home/lur/eclipse-workspace/Rides24/src/main/resources/rides.temp' has been recovered (tr. 1671-1671)

[2025-03-13 18:45:50 #2 store] 
Database '/home/lur/eclipse-workspace/Rides24/src/main/resources/rides.temp' is opened by 15224@lur-ASUS-TUF-Gaming-F15-FX506HF-FX506HF

[2025-03-13 18:45:50 #3 type] 
Type domain.User is not enhanced.

[2025-03-13 18:45:50 #4 type] 
Type domain.Driver is not enhanced.

[2025-03-13 18:45:50 #5 type] 
Type domain.Ride is not enhanced.

[2025-03-13 18:45:50 #6 type] 
Type domain.Traveler is not enhanced.

[2025-03-13 18:45:50 #7 type] 
Type domain.Erreserba is not enhanced.

[2025-03-13 18:45:50 #8 type] 
Type domain.Kotxe is not enhanced.

[2025-03-13 18:45:50 #9 type] 
Type domain.Mugimendua is not enhanced.

------------------------------------------------------------------------------------------------------------------------

[2025-03-13 18:46:15 #1 store] 
Database '/home/lur/eclipse-workspace/Rides24/src/main/resources/rides.temp' has been recovered (tr. 1672-1672)

[2025-03-13 18:46:15 #2 store] 
Database '/home/lur/eclipse-workspace/Rides24/src/main/resources/rides.temp' is opened by 15305@lur-ASUS-TUF-Gaming-F15-FX506HF-FX506HF

[2025-03-13 18:46:15 #3 type] 
Type domain.User is not enhanced.

[2025-03-13 18:46:15 #4 type] 
Type domain.Driver is not enhanced.

[2025-03-13 18:46:15 #5 type] 
Type domain.Ride is not enhanced.

[2025-03-13 18:46:15 #6 type] 
Type domain.Traveler is not enhanced.

[2025-03-13 18:46:15 #7 type] 
Type domain.Erreserba is not enhanced.

[2025-03-13 18:46:15 #8 type] 
Type domain.Kotxe is not enhanced.

[2025-03-13 18:46:15 #9 type] 
Type domain.Mugimendua is not enhanced.

------------------------------------------------------------------------------------------------------------------------

[2025-03-13 18:48:31 #1 store] 
Database '/home/lur/eclipse-workspace/Rides24/src/main/resources/rides.temp' is opened by 15510@lur-ASUS-TUF-Gaming-F15-FX506HF-FX506HF

[2025-03-13 18:48:31 #2 type] 
Type domain.User is not enhanced.

[2025-03-13 18:48:31 #3 type] 
Type domain.Driver is not enhanced.

[2025-03-13 18:48:31 #4 type] 
Type domain.Ride is not enhanced.

[2025-03-13 18:48:31 #5 type] 
Type domain.Traveler is not enhanced.

[2025-03-13 18:48:31 #6 type] 
Type domain.Erreserba is not enhanced.

[2025-03-13 18:48:31 #7 type] 
Type domain.Kotxe is not enhanced.

[2025-03-13 18:48:31 #8 type] 
Type domain.Mugimendua is not enhanced.

------------------------------------------------------------------------------------------------------------------------

[2025-03-13 18:50:09 #1 store] 
Database '/home/lur/eclipse-workspace/Rides24/src/main/resources/rides.temp' has been recovered (tr. 1678-1678)

[2025-03-13 18:50:09 #2 store] 
Database '/home/lur/eclipse-workspace/Rides24/src/main/resources/rides.temp' is opened by 15606@lur-ASUS-TUF-Gaming-F15-FX506HF-FX506HF

[2025-03-13 18:50:09 #3 type] 
Type domain.User is not enhanced.

[2025-03-13 18:50:09 #4 type] 
Type domain.Driver is not enhanced.

[2025-03-13 18:50:09 #5 type] 
Type domain.Ride is not enhanced.

[2025-03-13 18:50:09 #6 type] 
Type domain.Traveler is not enhanced.

[2025-03-13 18:50:09 #7 type] 
Type domain.Erreserba is not enhanced.

[2025-03-13 18:50:09 #8 type] 
Type domain.Kotxe is not enhanced.

[2025-03-13 18:50:09 #9 type] 
Type domain.Mugimendua is not enhanced.

------------------------------------------------------------------------------------------------------------------------

[2025-03-13 18:53:28 #1 store] 
Database '/home/lur/eclipse-workspace/Rides24/src/main/resources/rides.temp' has been recovered (tr. 1679-1679)

[2025-03-13 18:53:28 #2 store] 
Database '/home/lur/eclipse-workspace/Rides24/src/main/resources/rides.temp' is opened by 15726@lur-ASUS-TUF-Gaming-F15-FX506HF-FX506HF

[2025-03-13 18:53:28 #3 type] 
Type domain.User is not enhanced.

[2025-03-13 18:53:28 #4 type] 
Type domain.Driver is not enhanced.

[2025-03-13 18:53:28 #5 type] 
Type domain.Ride is not enhanced.

[2025-03-13 18:53:28 #6 type] 
Type domain.Traveler is not enhanced.

[2025-03-13 18:53:28 #7 type] 
Type domain.Erreserba is not enhanced.

[2025-03-13 18:53:28 #8 type] 
Type domain.Kotxe is not enhanced.

[2025-03-13 18:53:28 #9 type] 
Type domain.Mugimendua is not enhanced.

------------------------------------------------------------------------------------------------------------------------

[2025-03-13 18:55:21 #1 store] 
Database '/home/lur/eclipse-workspace/Rides24/src/main/resources/rides.temp' has been recovered (tr. 1680-1690)

[2025-03-13 18:55:21 #2 store] 
Database '/home/lur/eclipse-workspace/Rides24/src/main/resources/rides.temp' is opened by 15847@lur-ASUS-TUF-Gaming-F15-FX506HF-FX506HF

[2025-03-13 18:55:21 #3 type] 
Type domain.User is not enhanced.

[2025-03-13 18:55:21 #4 type] 
Type domain.Driver is not enhanced.

[2025-03-13 18:55:21 #5 type] 
Type domain.Ride is not enhanced.

[2025-03-13 18:55:21 #6 type] 
Type domain.Traveler is not enhanced.

[2025-03-13 18:55:21 #7 type] 
Type domain.Erreserba is not enhanced.

[2025-03-13 18:55:21 #8 type] 
Type domain.Kotxe is not enhanced.

[2025-03-13 18:55:21 #9 type] 
Type domain.Mugimendua is not enhanced.

------------------------------------------------------------------------------------------------------------------------

[2025-03-13 18:55:47 #1 store] 
Database '/home/lur/eclipse-workspace/Rides24/src/main/resources/rides.temp' has been recovered (tr. 1691-1691)

[2025-03-13 18:55:47 #2 store] 
Database '/home/lur/eclipse-workspace/Rides24/src/main/resources/rides.temp' is opened by 15954@lur-ASUS-TUF-Gaming-F15-FX506HF-FX506HF

[2025-03-13 18:55:47 #3 type] 
Type domain.User is not enhanced.

[2025-03-13 18:55:47 #4 type] 
Type domain.Driver is not enhanced.

[2025-03-13 18:55:47 #5 type] 
Type domain.Ride is not enhanced.

[2025-03-13 18:55:47 #6 type] 
Type domain.Traveler is not enhanced.

[2025-03-13 18:55:47 #7 type] 
Type domain.Erreserba is not enhanced.

[2025-03-13 18:55:47 #8 type] 
Type domain.Kotxe is not enhanced.

[2025-03-13 18:55:47 #9 type] 
Type domain.Mugimendua is not enhanced.

------------------------------------------------------------------------------------------------------------------------

[2025-03-13 18:57:26 #1 store] 
Database '/home/lur/eclipse-workspace/Rides24/src/main/resources/rides.temp' is opened by 16174@lur-ASUS-TUF-Gaming-F15-FX506HF-FX506HF

[2025-03-13 18:57:26 #2 type] 
Type domain.User is not enhanced.

[2025-03-13 18:57:26 #3 type] 
Type domain.Driver is not enhanced.

[2025-03-13 18:57:26 #4 type] 
Type domain.Ride is not enhanced.

[2025-03-13 18:57:26 #5 type] 
Type domain.Traveler is not enhanced.

[2025-03-13 18:57:26 #6 type] 
Type domain.Erreserba is not enhanced.

[2025-03-13 18:57:26 #7 type] 
Type domain.Kotxe is not enhanced.

[2025-03-13 18:57:26 #8 type] 
Type domain.Mugimendua is not enhanced.

------------------------------------------------------------------------------------------------------------------------

[2025-03-13 18:57:50 #1 store] 
Database '/home/lur/eclipse-workspace/Rides24/src/main/resources/rides.temp' has been recovered (tr. 1740-1742)

[2025-03-13 18:57:50 #2 store] 
Database '/home/lur/eclipse-workspace/Rides24/src/main/resources/rides.temp' is opened by 16226@lur-ASUS-TUF-Gaming-F15-FX506HF-FX506HF

[2025-03-13 18:57:50 #3 type] 
Type domain.User is not enhanced.

[2025-03-13 18:57:50 #4 type] 
Type domain.Driver is not enhanced.

[2025-03-13 18:57:50 #5 type] 
Type domain.Ride is not enhanced.

[2025-03-13 18:57:50 #6 type] 
Type domain.Traveler is not enhanced.

[2025-03-13 18:57:50 #7 type] 
Type domain.Erreserba is not enhanced.

[2025-03-13 18:57:50 #8 type] 
Type domain.Kotxe is not enhanced.

[2025-03-13 18:57:50 #9 type] 
Type domain.Mugimendua is not enhanced.

------------------------------------------------------------------------------------------------------------------------

[2025-03-13 18:58:13 #1 store] 
Database '/home/lur/eclipse-workspace/Rides24/src/main/resources/rides.temp' has been recovered (tr. 1743-1748)

[2025-03-13 18:58:13 #2 store] 
Database '/home/lur/eclipse-workspace/Rides24/src/main/resources/rides.temp' is opened by 16278@lur-ASUS-TUF-Gaming-F15-FX506HF-FX506HF

[2025-03-13 18:58:13 #3 type] 
Type domain.User is not enhanced.

[2025-03-13 18:58:13 #4 type] 
Type domain.Driver is not enhanced.

[2025-03-13 18:58:13 #5 type] 
Type domain.Ride is not enhanced.

[2025-03-13 18:58:13 #6 type] 
Type domain.Traveler is not enhanced.

[2025-03-13 18:58:13 #7 type] 
Type domain.Erreserba is not enhanced.

[2025-03-13 18:58:13 #8 type] 
Type domain.Kotxe is not enhanced.

[2025-03-13 18:58:13 #9 type] 
Type domain.Mugimendua is not enhanced.

------------------------------------------------------------------------------------------------------------------------

[2025-03-13 19:01:28 #1 store] 
Database '/home/lur/eclipse-workspace/Rides24/src/main/resources/rides.temp' is opened by 16570@lur-ASUS-TUF-Gaming-F15-FX506HF-FX506HF

[2025-03-13 19:01:28 #2 type] 
Type domain.User is not enhanced.

[2025-03-13 19:01:28 #3 type] 
Type domain.Driver is not enhanced.

[2025-03-13 19:01:28 #4 type] 
Type domain.Ride is not enhanced.

[2025-03-13 19:01:28 #5 type] 
Type domain.Traveler is not enhanced.

[2025-03-13 19:01:28 #6 type] 
Type domain.Erreserba is not enhanced.

[2025-03-13 19:01:28 #7 type] 
Type domain.Kotxe is not enhanced.

[2025-03-13 19:01:28 #8 type] 
Type domain.Mugimendua is not enhanced.

------------------------------------------------------------------------------------------------------------------------

[2025-03-13 19:03:04 #1 store] 
Database '/home/lur/eclipse-workspace/Rides24/src/main/resources/rides.temp' has been recovered (tr. 1753-1753)

[2025-03-13 19:03:04 #2 store] 
Database '/home/lur/eclipse-workspace/Rides24/src/main/resources/rides.temp' is opened by 16708@lur-ASUS-TUF-Gaming-F15-FX506HF-FX506HF

[2025-03-13 19:03:04 #3 type] 
Type domain.User is not enhanced.

[2025-03-13 19:03:04 #4 type] 
Type domain.Driver is not enhanced.

[2025-03-13 19:03:04 #5 type] 
Type domain.Ride is not enhanced.

[2025-03-13 19:03:04 #6 type] 
Type domain.Traveler is not enhanced.

[2025-03-13 19:03:04 #7 type] 
Type domain.Erreserba is not enhanced.

[2025-03-13 19:03:04 #8 type] 
Type domain.Kotxe is not enhanced.

[2025-03-13 19:03:04 #9 type] 
Type domain.Mugimendua is not enhanced.

------------------------------------------------------------------------------------------------------------------------

[2025-03-13 19:10:32 #1 store] 
Database '/home/lur/eclipse-workspace/Rides24/src/main/resources/rides.temp' is opened by 16955@lur-ASUS-TUF-Gaming-F15-FX506HF-FX506HF

[2025-03-13 19:10:32 #2 type] 
Type domain.User is not enhanced.

[2025-03-13 19:10:32 #3 type] 
Type domain.Driver is not enhanced.

[2025-03-13 19:10:32 #4 type] 
Type domain.Ride is not enhanced.

[2025-03-13 19:10:32 #5 type] 
Type domain.Traveler is not enhanced.

[2025-03-13 19:10:32 #6 type] 
Type domain.Erreserba is not enhanced.

[2025-03-13 19:10:32 #7 type] 
Type domain.Kotxe is not enhanced.

[2025-03-13 19:10:32 #8 type] 
Type domain.Mugimendua is not enhanced.

------------------------------------------------------------------------------------------------------------------------

[2025-03-13 19:10:53 #1 store] 
Database '/home/lur/eclipse-workspace/Rides24/src/main/resources/rides.temp' has been recovered (tr. 1767-1768)

[2025-03-13 19:10:53 #2 store] 
Database '/home/lur/eclipse-workspace/Rides24/src/main/resources/rides.temp' is opened by 17017@lur-ASUS-TUF-Gaming-F15-FX506HF-FX506HF

[2025-03-13 19:10:53 #3 type] 
Type domain.User is not enhanced.

[2025-03-13 19:10:53 #4 type] 
Type domain.Driver is not enhanced.

[2025-03-13 19:10:53 #5 type] 
Type domain.Ride is not enhanced.

[2025-03-13 19:10:53 #6 type] 
Type domain.Traveler is not enhanced.

[2025-03-13 19:10:53 #7 type] 
Type domain.Erreserba is not enhanced.

[2025-03-13 19:10:53 #8 type] 
Type domain.Kotxe is not enhanced.

[2025-03-13 19:10:53 #9 type] 
Type domain.Mugimendua is not enhanced.

------------------------------------------------------------------------------------------------------------------------

[2025-03-13 19:13:07 #1 store] 
Database '/home/lur/eclipse-workspace/Rides24/src/main/resources/rides.temp' is opened by 17208@lur-ASUS-TUF-Gaming-F15-FX506HF-FX506HF

[2025-03-13 19:13:08 #2 type] 
Type domain.User is not enhanced.

[2025-03-13 19:13:08 #3 type] 
Type domain.Driver is not enhanced.

[2025-03-13 19:13:08 #4 type] 
Type domain.Ride is not enhanced.

[2025-03-13 19:13:08 #5 type] 
Type domain.Traveler is not enhanced.

[2025-03-13 19:13:08 #6 type] 
Type domain.Erreserba is not enhanced.

[2025-03-13 19:13:08 #7 type] 
Type domain.Kotxe is not enhanced.

[2025-03-13 19:13:08 #8 type] 
Type domain.Mugimendua is not enhanced.

------------------------------------------------------------------------------------------------------------------------

[2025-03-13 19:13:22 #1 store] 
Database '/home/lur/eclipse-workspace/Rides24/src/main/resources/rides.temp' has been recovered (tr. 1812-1813)

[2025-03-13 19:13:22 #2 store] 
Database '/home/lur/eclipse-workspace/Rides24/src/main/resources/rides.temp' is opened by 17255@lur-ASUS-TUF-Gaming-F15-FX506HF-FX506HF

[2025-03-13 19:13:22 #3 type] 
Type domain.User is not enhanced.

[2025-03-13 19:13:22 #4 type] 
Type domain.Driver is not enhanced.

[2025-03-13 19:13:22 #5 type] 
Type domain.Ride is not enhanced.

[2025-03-13 19:13:22 #6 type] 
Type domain.Traveler is not enhanced.

[2025-03-13 19:13:22 #7 type] 
Type domain.Erreserba is not enhanced.

[2025-03-13 19:13:22 #8 type] 
Type domain.Kotxe is not enhanced.

[2025-03-13 19:13:22 #9 type] 
Type domain.Mugimendua is not enhanced.

------------------------------------------------------------------------------------------------------------------------

[2025-03-13 19:13:41 #1 store] 
Database '/home/lur/eclipse-workspace/Rides24/src/main/resources/rides.temp' has been recovered (tr. 1814-1818)

[2025-03-13 19:13:41 #2 store] 
Database '/home/lur/eclipse-workspace/Rides24/src/main/resources/rides.temp' is opened by 17301@lur-ASUS-TUF-Gaming-F15-FX506HF-FX506HF

[2025-03-13 19:13:41 #3 type] 
Type domain.User is not enhanced.

[2025-03-13 19:13:41 #4 type] 
Type domain.Driver is not enhanced.

[2025-03-13 19:13:41 #5 type] 
Type domain.Ride is not enhanced.

[2025-03-13 19:13:41 #6 type] 
Type domain.Traveler is not enhanced.

[2025-03-13 19:13:41 #7 type] 
Type domain.Erreserba is not enhanced.

[2025-03-13 19:13:41 #8 type] 
Type domain.Kotxe is not enhanced.

[2025-03-13 19:13:41 #9 type] 
Type domain.Mugimendua is not enhanced.

------------------------------------------------------------------------------------------------------------------------

[2025-03-13 19:14:00 #1 store] 
Database '/home/lur/eclipse-workspace/Rides24/src/main/resources/rides.temp' has been recovered (tr. 1819-1843)

[2025-03-13 19:14:00 #2 store] 
Database '/home/lur/eclipse-workspace/Rides24/src/main/resources/rides.temp' is opened by 17355@lur-ASUS-TUF-Gaming-F15-FX506HF-FX506HF

[2025-03-13 19:14:00 #3 type] 
Type domain.User is not enhanced.

[2025-03-13 19:14:00 #4 type] 
Type domain.Driver is not enhanced.

[2025-03-13 19:14:00 #5 type] 
Type domain.Ride is not enhanced.

[2025-03-13 19:14:00 #6 type] 
Type domain.Traveler is not enhanced.

[2025-03-13 19:14:00 #7 type] 
Type domain.Erreserba is not enhanced.

[2025-03-13 19:14:00 #8 type] 
Type domain.Kotxe is not enhanced.

[2025-03-13 19:14:00 #9 type] 
Type domain.Mugimendua is not enhanced.

------------------------------------------------------------------------------------------------------------------------

[2025-03-13 19:35:07 #1 store] 
Database '/home/lur/eclipse-workspace/Rides24/src/main/resources/rides.temp' is opened by 17771@lur-ASUS-TUF-Gaming-F15-FX506HF-FX506HF

[2025-03-13 19:35:07 #2 type] 
Type domain.User is not enhanced.

[2025-03-13 19:35:07 #3 type] 
Type domain.Driver is not enhanced.

[2025-03-13 19:35:07 #4 type] 
Type domain.Ride is not enhanced.

[2025-03-13 19:35:07 #5 type] 
Type domain.Traveler is not enhanced.

[2025-03-13 19:35:07 #6 type] 
Type domain.Erreserba is not enhanced.

[2025-03-13 19:35:07 #7 type] 
Type domain.Kotxe is not enhanced.

[2025-03-13 19:35:07 #8 type] 
Type domain.Mugimendua is not enhanced.

------------------------------------------------------------------------------------------------------------------------

[2025-03-13 19:42:43 #1 store] 
Database '/home/lur/eclipse-workspace/Rides24/src/main/resources/rides.temp' is opened by 18138@lur-ASUS-TUF-Gaming-F15-FX506HF-FX506HF

[2025-03-13 19:42:43 #2 type] 
Type domain.User is not enhanced.

[2025-03-13 19:42:43 #3 type] 
Type domain.Driver is not enhanced.

[2025-03-13 19:42:43 #4 type] 
Type domain.Ride is not enhanced.

[2025-03-13 19:42:43 #5 type] 
Type domain.Traveler is not enhanced.

[2025-03-13 19:42:43 #6 type] 
Type domain.Erreserba is not enhanced.

[2025-03-13 19:42:43 #7 type] 
Type domain.Kotxe is not enhanced.

[2025-03-13 19:42:43 #8 type] 
Type domain.Mugimendua is not enhanced.

------------------------------------------------------------------------------------------------------------------------

[2025-03-13 19:43:25 #1 store] 
Database '/home/lur/eclipse-workspace/Rides24/src/main/resources/rides.temp' is opened by 18238@lur-ASUS-TUF-Gaming-F15-FX506HF-FX506HF

[2025-03-13 19:43:25 #2 type] 
Type domain.User is not enhanced.

[2025-03-13 19:43:25 #3 type] 
Type domain.Driver is not enhanced.

[2025-03-13 19:43:25 #4 type] 
Type domain.Ride is not enhanced.

[2025-03-13 19:43:25 #5 type] 
Type domain.Traveler is not enhanced.

[2025-03-13 19:43:25 #6 type] 
Type domain.Erreserba is not enhanced.

[2025-03-13 19:43:25 #7 type] 
Type domain.Kotxe is not enhanced.

[2025-03-13 19:43:25 #8 type] 
Type domain.Mugimendua is not enhanced.

------------------------------------------------------------------------------------------------------------------------

[2025-03-13 19:44:31 #1 store] 
Database '/home/lur/eclipse-workspace/Rides24/src/main/resources/rides.temp' is opened by 18371@lur-ASUS-TUF-Gaming-F15-FX506HF-FX506HF

[2025-03-13 19:44:31 #2 type] 
Type domain.User is not enhanced.

[2025-03-13 19:44:31 #3 type] 
Type domain.Driver is not enhanced.

[2025-03-13 19:44:31 #4 type] 
Type domain.Ride is not enhanced.

[2025-03-13 19:44:31 #5 type] 
Type domain.Traveler is not enhanced.

[2025-03-13 19:44:31 #6 type] 
Type domain.Erreserba is not enhanced.

[2025-03-13 19:44:31 #7 type] 
Type domain.Kotxe is not enhanced.

[2025-03-13 19:44:31 #8 type] 
Type domain.Mugimendua is not enhanced.

------------------------------------------------------------------------------------------------------------------------

[2025-03-13 19:46:09 #1 store] 
Database '/home/lur/eclipse-workspace/Rides24/src/main/resources/rides.temp' is opened by 18536@lur-ASUS-TUF-Gaming-F15-FX506HF-FX506HF

[2025-03-13 19:46:09 #2 type] 
Type domain.User is not enhanced.

[2025-03-13 19:46:09 #3 type] 
Type domain.Driver is not enhanced.

[2025-03-13 19:46:09 #4 type] 
Type domain.Ride is not enhanced.

[2025-03-13 19:46:09 #5 type] 
Type domain.Traveler is not enhanced.

[2025-03-13 19:46:09 #6 type] 
Type domain.Erreserba is not enhanced.

[2025-03-13 19:46:09 #7 type] 
Type domain.Kotxe is not enhanced.

[2025-03-13 19:46:09 #8 type] 
Type domain.Mugimendua is not enhanced.

------------------------------------------------------------------------------------------------------------------------

[2025-03-13 19:46:48 #1 store] 
Database '/home/lur/eclipse-workspace/Rides24/src/main/resources/rides.temp' is opened by 18606@lur-ASUS-TUF-Gaming-F15-FX506HF-FX506HF

[2025-03-13 19:46:48 #2 type] 
Type domain.User is not enhanced.

[2025-03-13 19:46:48 #3 type] 
Type domain.Driver is not enhanced.

[2025-03-13 19:46:48 #4 type] 
Type domain.Ride is not enhanced.

[2025-03-13 19:46:48 #5 type] 
Type domain.Traveler is not enhanced.

[2025-03-13 19:46:48 #6 type] 
Type domain.Erreserba is not enhanced.

[2025-03-13 19:46:48 #7 type] 
Type domain.Kotxe is not enhanced.

[2025-03-13 19:46:48 #8 type] 
Type domain.Mugimendua is not enhanced.

------------------------------------------------------------------------------------------------------------------------

[2025-03-13 20:00:58 #1 store] 
Database '/home/lur/eclipse-workspace/Rides24/src/main/resources/rides.temp' is opened by 19681@lur-ASUS-TUF-Gaming-F15-FX506HF-FX506HF

[2025-03-13 20:00:58 #2 type] 
Type domain.User is not enhanced.

[2025-03-13 20:00:58 #3 type] 
Type domain.Driver is not enhanced.

[2025-03-13 20:00:58 #4 type] 
Type domain.Ride is not enhanced.

[2025-03-13 20:00:58 #5 type] 
Type domain.Traveler is not enhanced.

[2025-03-13 20:00:58 #6 type] 
Type domain.Erreserba is not enhanced.

[2025-03-13 20:00:58 #7 type] 
Type domain.Kotxe is not enhanced.

[2025-03-13 20:00:58 #8 type] 
Type domain.Mugimendua is not enhanced.

------------------------------------------------------------------------------------------------------------------------

[2025-03-13 20:01:38 #1 store] 
Database '/home/lur/eclipse-workspace/Rides24/src/main/resources/rides.temp' is opened by 19773@lur-ASUS-TUF-Gaming-F15-FX506HF-FX506HF

[2025-03-13 20:01:38 #2 type] 
Type domain.User is not enhanced.

[2025-03-13 20:01:38 #3 type] 
Type domain.Driver is not enhanced.

[2025-03-13 20:01:38 #4 type] 
Type domain.Ride is not enhanced.

[2025-03-13 20:01:38 #5 type] 
Type domain.Traveler is not enhanced.

[2025-03-13 20:01:38 #6 type] 
Type domain.Erreserba is not enhanced.

[2025-03-13 20:01:38 #7 type] 
Type domain.Kotxe is not enhanced.

[2025-03-13 20:01:38 #8 type] 
Type domain.Mugimendua is not enhanced.

------------------------------------------------------------------------------------------------------------------------

[2025-03-13 20:02:30 #1 store] 
Database '/home/lur/eclipse-workspace/Rides24/src/main/resources/rides.temp' is opened by 19881@lur-ASUS-TUF-Gaming-F15-FX506HF-FX506HF

[2025-03-13 20:02:30 #2 type] 
Type domain.User is not enhanced.

[2025-03-13 20:02:30 #3 type] 
Type domain.Driver is not enhanced.

[2025-03-13 20:02:30 #4 type] 
Type domain.Ride is not enhanced.

[2025-03-13 20:02:30 #5 type] 
Type domain.Traveler is not enhanced.

[2025-03-13 20:02:30 #6 type] 
Type domain.Erreserba is not enhanced.

[2025-03-13 20:02:30 #7 type] 
Type domain.Kotxe is not enhanced.

[2025-03-13 20:02:30 #8 type] 
Type domain.Mugimendua is not enhanced.

------------------------------------------------------------------------------------------------------------------------

[2025-03-13 20:02:55 #1 store] 
Database '/home/lur/eclipse-workspace/Rides24/src/main/resources/rides.temp' is opened by 19955@lur-ASUS-TUF-Gaming-F15-FX506HF-FX506HF

[2025-03-13 20:02:55 #2 type] 
Type domain.User is not enhanced.

[2025-03-13 20:02:55 #3 type] 
Type domain.Driver is not enhanced.

[2025-03-13 20:02:55 #4 type] 
Type domain.Ride is not enhanced.

[2025-03-13 20:02:55 #5 type] 
Type domain.Traveler is not enhanced.

[2025-03-13 20:02:55 #6 type] 
Type domain.Erreserba is not enhanced.

[2025-03-13 20:02:55 #7 type] 
Type domain.Kotxe is not enhanced.

[2025-03-13 20:02:55 #8 type] 
Type domain.Mugimendua is not enhanced.

------------------------------------------------------------------------------------------------------------------------

[2025-03-13 20:08:20 #1 store] 
Database '/home/lur/eclipse-workspace/Rides24/src/main/resources/rides.temp' is opened by 20378@lur-ASUS-TUF-Gaming-F15-FX506HF-FX506HF

[2025-03-13 20:08:20 #2 type] 
Type domain.User is not enhanced.

[2025-03-13 20:08:20 #3 type] 
Type domain.Driver is not enhanced.

[2025-03-13 20:08:20 #4 type] 
Type domain.Ride is not enhanced.

[2025-03-13 20:08:20 #5 type] 
Type domain.Traveler is not enhanced.

[2025-03-13 20:08:20 #6 type] 
Type domain.Erreserba is not enhanced.

[2025-03-13 20:08:20 #7 type] 
Type domain.Kotxe is not enhanced.

[2025-03-13 20:08:20 #8 type] 
Type domain.Mugimendua is not enhanced.

------------------------------------------------------------------------------------------------------------------------

[2025-03-13 20:08:51 #1 store] 
Database '/home/lur/eclipse-workspace/Rides24/src/main/resources/rides.temp' has been recovered (tr. 1867-1867)

[2025-03-13 20:08:51 #2 store] 
Database '/home/lur/eclipse-workspace/Rides24/src/main/resources/rides.temp' is opened by 20434@lur-ASUS-TUF-Gaming-F15-FX506HF-FX506HF

[2025-03-13 20:08:51 #3 type] 
Type domain.User is not enhanced.

[2025-03-13 20:08:51 #4 type] 
Type domain.Driver is not enhanced.

[2025-03-13 20:08:51 #5 type] 
Type domain.Ride is not enhanced.

[2025-03-13 20:08:51 #6 type] 
Type domain.Traveler is not enhanced.

[2025-03-13 20:08:51 #7 type] 
Type domain.Erreserba is not enhanced.

[2025-03-13 20:08:51 #8 type] 
Type domain.Kotxe is not enhanced.

[2025-03-13 20:08:51 #9 type] 
Type domain.Mugimendua is not enhanced.

------------------------------------------------------------------------------------------------------------------------

[2025-03-13 20:08:54 #1 store] 
Database '/home/lur/eclipse-workspace/Rides24/src/main/resources/rides.temp' is opened by 20471@lur-ASUS-TUF-Gaming-F15-FX506HF-FX506HF

[2025-03-13 20:08:54 #2 type] 
Type domain.User is not enhanced.

[2025-03-13 20:08:54 #3 type] 
Type domain.Driver is not enhanced.

[2025-03-13 20:08:54 #4 type] 
Type domain.Ride is not enhanced.

[2025-03-13 20:08:54 #5 type] 
Type domain.Traveler is not enhanced.

[2025-03-13 20:08:54 #6 type] 
Type domain.Erreserba is not enhanced.

[2025-03-13 20:08:54 #7 type] 
Type domain.Kotxe is not enhanced.

[2025-03-13 20:08:54 #8 type] 
Type domain.Mugimendua is not enhanced.

------------------------------------------------------------------------------------------------------------------------

[2025-03-13 20:15:00 #1 store] 
Database '/home/lur/eclipse-workspace/Rides24/src/main/resources/rides.temp' is opened by 21019@lur-ASUS-TUF-Gaming-F15-FX506HF-FX506HF

[2025-03-13 20:15:00 #2 type] 
Type domain.User is not enhanced.

[2025-03-13 20:15:00 #3 type] 
Type domain.Driver is not enhanced.

[2025-03-13 20:15:00 #4 type] 
Type domain.Ride is not enhanced.

[2025-03-13 20:15:00 #5 type] 
Type domain.Traveler is not enhanced.

[2025-03-13 20:15:00 #6 type] 
Type domain.Erreserba is not enhanced.

[2025-03-13 20:15:00 #7 type] 
Type domain.Kotxe is not enhanced.

[2025-03-13 20:15:00 #8 type] 
Type domain.Mugimendua is not enhanced.

------------------------------------------------------------------------------------------------------------------------

[2025-03-13 20:20:37 #1 store] 
Database '/home/lur/eclipse-workspace/Rides24/src/main/resources/rides.temp' has been recovered (tr. 1868-1869)

[2025-03-13 20:20:37 #2 store] 
Database '/home/lur/eclipse-workspace/Rides24/src/main/resources/rides.temp' is opened by 21433@lur-ASUS-TUF-Gaming-F15-FX506HF-FX506HF

[2025-03-13 20:20:37 #3 type] 
Type domain.User is not enhanced.

[2025-03-13 20:20:37 #4 type] 
Type domain.Driver is not enhanced.

[2025-03-13 20:20:37 #5 type] 
Type domain.Ride is not enhanced.

[2025-03-13 20:20:37 #6 type] 
Type domain.Traveler is not enhanced.

[2025-03-13 20:20:37 #7 type] 
Type domain.Erreserba is not enhanced.

[2025-03-13 20:20:37 #8 type] 
Type domain.Kotxe is not enhanced.

[2025-03-13 20:20:37 #9 type] 
Type domain.Mugimendua is not enhanced.

------------------------------------------------------------------------------------------------------------------------

[2025-03-13 20:21:04 #1 store] 
Database '/home/lur/eclipse-workspace/Rides24/src/main/resources/rides.temp' is opened by 21495@lur-ASUS-TUF-Gaming-F15-FX506HF-FX506HF

[2025-03-13 20:21:04 #2 type] 
Type domain.User is not enhanced.

[2025-03-13 20:21:04 #3 type] 
Type domain.Driver is not enhanced.

[2025-03-13 20:21:04 #4 type] 
Type domain.Ride is not enhanced.

[2025-03-13 20:21:04 #5 type] 
Type domain.Traveler is not enhanced.

[2025-03-13 20:21:04 #6 type] 
Type domain.Erreserba is not enhanced.

[2025-03-13 20:21:04 #7 type] 
Type domain.Kotxe is not enhanced.

[2025-03-13 20:21:04 #8 type] 
Type domain.Mugimendua is not enhanced.

------------------------------------------------------------------------------------------------------------------------

[2025-03-13 20:32:21 #1 store] 
Database '/home/lur/eclipse-workspace/Rides24/src/main/resources/rides.temp' has been recovered (tr. 1870-1871)

[2025-03-13 20:32:21 #2 store] 
Database '/home/lur/eclipse-workspace/Rides24/src/main/resources/rides.temp' is opened by 22061@lur-ASUS-TUF-Gaming-F15-FX506HF-FX506HF

[2025-03-13 20:32:21 #3 type] 
Type domain.User is not enhanced.

[2025-03-13 20:32:21 #4 type] 
Type domain.Driver is not enhanced.

[2025-03-13 20:32:21 #5 type] 
Type domain.Ride is not enhanced.

[2025-03-13 20:32:21 #6 type] 
Type domain.Traveler is not enhanced.

[2025-03-13 20:32:21 #7 type] 
Type domain.Erreserba is not enhanced.

[2025-03-13 20:32:21 #8 type] 
Type domain.Kotxe is not enhanced.

[2025-03-13 20:32:21 #9 type] 
Type domain.Mugimendua is not enhanced.

------------------------------------------------------------------------------------------------------------------------

[2025-03-13 20:43:29 #1 store] 
Database '/home/lur/eclipse-workspace/Rides24/src/main/resources/rides.temp' is opened by 22824@lur-ASUS-TUF-Gaming-F15-FX506HF-FX506HF

[2025-03-13 20:43:29 #2 type] 
Type domain.User is not enhanced.

[2025-03-13 20:43:29 #3 type] 
Type domain.Driver is not enhanced.

[2025-03-13 20:43:29 #4 type] 
Type domain.Ride is not enhanced.

[2025-03-13 20:43:29 #5 type] 
Type domain.Traveler is not enhanced.

[2025-03-13 20:43:29 #6 type] 
Type domain.Erreserba is not enhanced.

[2025-03-13 20:43:29 #7 type] 
Type domain.Kotxe is not enhanced.

[2025-03-13 20:43:29 #8 type] 
Type domain.Mugimendua is not enhanced.

------------------------------------------------------------------------------------------------------------------------

[2025-03-13 20:45:35 #1 store] 
Database '/home/lur/eclipse-workspace/Rides24/src/main/resources/rides.temp' is opened by 23110@lur-ASUS-TUF-Gaming-F15-FX506HF-FX506HF

[2025-03-13 20:45:35 #2 type] 
Type domain.User is not enhanced.

[2025-03-13 20:45:35 #3 type] 
Type domain.Driver is not enhanced.

[2025-03-13 20:45:35 #4 type] 
Type domain.Ride is not enhanced.

[2025-03-13 20:45:35 #5 type] 
Type domain.Traveler is not enhanced.

[2025-03-13 20:45:35 #6 type] 
Type domain.Erreserba is not enhanced.

[2025-03-13 20:45:35 #7 type] 
Type domain.Kotxe is not enhanced.

[2025-03-13 20:45:35 #8 type] 
Type domain.Mugimendua is not enhanced.

------------------------------------------------------------------------------------------------------------------------

[2025-03-13 20:48:45 #1 store] 
Database '/home/lur/eclipse-workspace/Rides24/src/main/resources/rides.temp' is opened by 23626@lur-ASUS-TUF-Gaming-F15-FX506HF-FX506HF

[2025-03-13 20:48:45 #2 type] 
Type domain.User is not enhanced.

[2025-03-13 20:48:45 #3 type] 
Type domain.Driver is not enhanced.

[2025-03-13 20:48:45 #4 type] 
Type domain.Ride is not enhanced.

[2025-03-13 20:48:45 #5 type] 
Type domain.Traveler is not enhanced.

[2025-03-13 20:48:45 #6 type] 
Type domain.Erreserba is not enhanced.

[2025-03-13 20:48:45 #7 type] 
Type domain.Kotxe is not enhanced.

[2025-03-13 20:48:45 #8 type] 
Type domain.Mugimendua is not enhanced.

------------------------------------------------------------------------------------------------------------------------

[2025-03-13 20:55:33 #1 store] 
Database '/home/lur/eclipse-workspace/Rides24/src/main/resources/rides.temp' is opened by 23962@lur-ASUS-TUF-Gaming-F15-FX506HF-FX506HF

[2025-03-13 20:55:33 #2 type] 
Type domain.User is not enhanced.

[2025-03-13 20:55:33 #3 type] 
Type domain.Driver is not enhanced.

[2025-03-13 20:55:33 #4 type] 
Type domain.Ride is not enhanced.

[2025-03-13 20:55:33 #5 type] 
Type domain.Traveler is not enhanced.

[2025-03-13 20:55:33 #6 type] 
Type domain.Erreserba is not enhanced.

[2025-03-13 20:55:33 #7 type] 
Type domain.Kotxe is not enhanced.

[2025-03-13 20:55:33 #8 type] 
Type domain.Mugimendua is not enhanced.

------------------------------------------------------------------------------------------------------------------------

[2025-03-13 21:12:49 #1 store] 
Database '/home/lur/eclipse-workspace/Rides24/src/main/resources/rides.temp' is opened by 24873@lur-ASUS-TUF-Gaming-F15-FX506HF-FX506HF

[2025-03-13 21:12:49 #2 type] 
Type domain.User is not enhanced.

[2025-03-13 21:12:49 #3 type] 
Type domain.Driver is not enhanced.

[2025-03-13 21:12:49 #4 type] 
Type domain.Ride is not enhanced.

[2025-03-13 21:12:49 #5 type] 
Type domain.Traveler is not enhanced.

[2025-03-13 21:12:49 #6 type] 
Type domain.Erreserba is not enhanced.

[2025-03-13 21:12:49 #7 type] 
Type domain.Kotxe is not enhanced.

[2025-03-13 21:12:49 #8 type] 
Type domain.Mugimendua is not enhanced.

------------------------------------------------------------------------------------------------------------------------

[2025-03-13 21:14:15 #1 store] 
Database '/home/lur/eclipse-workspace/Rides24/src/main/resources/rides.temp' is opened by 25003@lur-ASUS-TUF-Gaming-F15-FX506HF-FX506HF

[2025-03-13 21:14:15 #2 type] 
Type domain.User is not enhanced.

[2025-03-13 21:14:15 #3 type] 
Type domain.Driver is not enhanced.

[2025-03-13 21:14:15 #4 type] 
Type domain.Ride is not enhanced.

[2025-03-13 21:14:15 #5 type] 
Type domain.Traveler is not enhanced.

[2025-03-13 21:14:15 #6 type] 
Type domain.Erreserba is not enhanced.

[2025-03-13 21:14:15 #7 type] 
Type domain.Kotxe is not enhanced.

[2025-03-13 21:14:15 #8 type] 
Type domain.Mugimendua is not enhanced.

------------------------------------------------------------------------------------------------------------------------

[2025-03-13 21:14:59 #1 store] 
Database '/home/lur/eclipse-workspace/Rides24/src/main/resources/rides.temp' has been recovered (tr. 1872-1875)

[2025-03-13 21:14:59 #2 store] 
Database '/home/lur/eclipse-workspace/Rides24/src/main/resources/rides.temp' is opened by 25056@lur-ASUS-TUF-Gaming-F15-FX506HF-FX506HF

[2025-03-13 21:14:59 #3 type] 
Type domain.User is not enhanced.

[2025-03-13 21:14:59 #4 type] 
Type domain.Driver is not enhanced.

[2025-03-13 21:14:59 #5 type] 
Type domain.Ride is not enhanced.

[2025-03-13 21:14:59 #6 type] 
Type domain.Traveler is not enhanced.

[2025-03-13 21:14:59 #7 type] 
Type domain.Erreserba is not enhanced.

[2025-03-13 21:14:59 #8 type] 
Type domain.Kotxe is not enhanced.

[2025-03-13 21:14:59 #9 type] 
Type domain.Mugimendua is not enhanced.

------------------------------------------------------------------------------------------------------------------------

[2025-03-13 21:17:10 #1 store] 
Database '/home/lur/eclipse-workspace/Rides24/src/main/resources/rides.temp' is opened by 25269@lur-ASUS-TUF-Gaming-F15-FX506HF-FX506HF

[2025-03-13 21:17:11 #2 type] 
Type domain.User is not enhanced.

[2025-03-13 21:17:11 #3 type] 
Type domain.Driver is not enhanced.

[2025-03-13 21:17:11 #4 type] 
Type domain.Ride is not enhanced.

[2025-03-13 21:17:11 #5 type] 
Type domain.Traveler is not enhanced.

[2025-03-13 21:17:11 #6 type] 
Type domain.Erreserba is not enhanced.

[2025-03-13 21:17:11 #7 type] 
Type domain.Kotxe is not enhanced.

[2025-03-13 21:17:11 #8 type] 
Type domain.Mugimendua is not enhanced.

------------------------------------------------------------------------------------------------------------------------

[2025-03-13 21:19:07 #1 store] 
Database '/home/lur/eclipse-workspace/Rides24/src/main/resources/rides.temp' has been recovered (tr. 1916-1923)

[2025-03-13 21:19:07 #2 store] 
Database '/home/lur/eclipse-workspace/Rides24/src/main/resources/rides.temp' is opened by 25382@lur-ASUS-TUF-Gaming-F15-FX506HF-FX506HF

[2025-03-13 21:19:07 #3 type] 
Type domain.User is not enhanced.

[2025-03-13 21:19:07 #4 type] 
Type domain.Driver is not enhanced.

[2025-03-13 21:19:07 #5 type] 
Type domain.Ride is not enhanced.

[2025-03-13 21:19:07 #6 type] 
Type domain.Traveler is not enhanced.

[2025-03-13 21:19:07 #7 type] 
Type domain.Erreserba is not enhanced.

[2025-03-13 21:19:07 #8 type] 
Type domain.Kotxe is not enhanced.

[2025-03-13 21:19:07 #9 type] 
Type domain.Mugimendua is not enhanced.

------------------------------------------------------------------------------------------------------------------------

[2025-03-13 21:19:46 #1 store] 
Database '/home/lur/eclipse-workspace/Rides24/src/main/resources/rides.temp' is opened by 25478@lur-ASUS-TUF-Gaming-F15-FX506HF-FX506HF

[2025-03-13 21:19:46 #2 type] 
Type domain.User is not enhanced.

[2025-03-13 21:19:46 #3 type] 
Type domain.Driver is not enhanced.

[2025-03-13 21:19:46 #4 type] 
Type domain.Ride is not enhanced.

[2025-03-13 21:19:46 #5 type] 
Type domain.Traveler is not enhanced.

[2025-03-13 21:19:46 #6 type] 
Type domain.Erreserba is not enhanced.

[2025-03-13 21:19:46 #7 type] 
Type domain.Kotxe is not enhanced.

[2025-03-13 21:19:46 #8 type] 
Type domain.Mugimendua is not enhanced.

------------------------------------------------------------------------------------------------------------------------

[2025-03-13 21:20:01 #1 store] 
Database '/home/lur/eclipse-workspace/Rides24/src/main/resources/rides.temp' is opened by 25526@lur-ASUS-TUF-Gaming-F15-FX506HF-FX506HF

[2025-03-13 21:20:01 #2 type] 
Type domain.User is not enhanced.

[2025-03-13 21:20:01 #3 type] 
Type domain.Driver is not enhanced.

[2025-03-13 21:20:01 #4 type] 
Type domain.Ride is not enhanced.

[2025-03-13 21:20:01 #5 type] 
Type domain.Traveler is not enhanced.

[2025-03-13 21:20:01 #6 type] 
Type domain.Erreserba is not enhanced.

[2025-03-13 21:20:01 #7 type] 
Type domain.Kotxe is not enhanced.

[2025-03-13 21:20:01 #8 type] 
Type domain.Mugimendua is not enhanced.

------------------------------------------------------------------------------------------------------------------------

[2025-03-13 21:21:47 #1 store] 
Database '/home/lur/eclipse-workspace/Rides24/src/main/resources/rides.temp' is opened by 25650@lur-ASUS-TUF-Gaming-F15-FX506HF-FX506HF

[2025-03-13 21:21:47 #2 type] 
Type domain.User is not enhanced.

[2025-03-13 21:21:47 #3 type] 
Type domain.Driver is not enhanced.

[2025-03-13 21:21:47 #4 type] 
Type domain.Ride is not enhanced.

[2025-03-13 21:21:47 #5 type] 
Type domain.Traveler is not enhanced.

[2025-03-13 21:21:47 #6 type] 
Type domain.Erreserba is not enhanced.

[2025-03-13 21:21:47 #7 type] 
Type domain.Kotxe is not enhanced.

[2025-03-13 21:21:47 #8 type] 
Type domain.Mugimendua is not enhanced.

------------------------------------------------------------------------------------------------------------------------

[2025-03-13 21:22:01 #1 store] 
Database '/home/lur/eclipse-workspace/Rides24/src/main/resources/rides.temp' has been recovered (tr. 1929-1933)

[2025-03-13 21:22:01 #2 store] 
Database '/home/lur/eclipse-workspace/Rides24/src/main/resources/rides.temp' is opened by 25699@lur-ASUS-TUF-Gaming-F15-FX506HF-FX506HF

[2025-03-13 21:22:01 #3 type] 
Type domain.User is not enhanced.

[2025-03-13 21:22:01 #4 type] 
Type domain.Driver is not enhanced.

[2025-03-13 21:22:01 #5 type] 
Type domain.Ride is not enhanced.

[2025-03-13 21:22:01 #6 type] 
Type domain.Traveler is not enhanced.

[2025-03-13 21:22:01 #7 type] 
Type domain.Erreserba is not enhanced.

[2025-03-13 21:22:01 #8 type] 
Type domain.Kotxe is not enhanced.

[2025-03-13 21:22:01 #9 type] 
Type domain.Mugimendua is not enhanced.

------------------------------------------------------------------------------------------------------------------------

[2025-03-13 21:22:50 #1 store] 
Database '/home/lur/eclipse-workspace/Rides24/src/main/resources/rides.temp' has been recovered (tr. 1934-1952)

[2025-03-13 21:22:50 #2 store] 
Database '/home/lur/eclipse-workspace/Rides24/src/main/resources/rides.temp' is opened by 25758@lur-ASUS-TUF-Gaming-F15-FX506HF-FX506HF

[2025-03-13 21:22:50 #3 type] 
Type domain.User is not enhanced.

[2025-03-13 21:22:50 #4 type] 
Type domain.Driver is not enhanced.

[2025-03-13 21:22:50 #5 type] 
Type domain.Ride is not enhanced.

[2025-03-13 21:22:50 #6 type] 
Type domain.Traveler is not enhanced.

[2025-03-13 21:22:50 #7 type] 
Type domain.Erreserba is not enhanced.

[2025-03-13 21:22:50 #8 type] 
Type domain.Kotxe is not enhanced.

[2025-03-13 21:22:50 #9 type] 
Type domain.Mugimendua is not enhanced.

------------------------------------------------------------------------------------------------------------------------

[2025-03-13 21:25:48 #1 store] 
Database '/home/lur/eclipse-workspace/Rides24/src/main/resources/rides.temp' is opened by 25974@lur-ASUS-TUF-Gaming-F15-FX506HF-FX506HF

[2025-03-13 21:25:48 #2 type] 
Type domain.User is not enhanced.

[2025-03-13 21:25:48 #3 type] 
Type domain.Driver is not enhanced.

[2025-03-13 21:25:48 #4 type] 
Type domain.Ride is not enhanced.

[2025-03-13 21:25:48 #5 type] 
Type domain.Traveler is not enhanced.

[2025-03-13 21:25:48 #6 type] 
Type domain.Erreserba is not enhanced.

[2025-03-13 21:25:48 #7 type] 
Type domain.Kotxe is not enhanced.

[2025-03-13 21:25:48 #8 type] 
Type domain.Mugimendua is not enhanced.

------------------------------------------------------------------------------------------------------------------------

[2025-03-13 21:26:03 #1 store] 
Database '/home/lur/eclipse-workspace/Rides24/src/main/resources/rides.temp' is opened by 26021@lur-ASUS-TUF-Gaming-F15-FX506HF-FX506HF

[2025-03-13 21:26:03 #2 type] 
Type domain.User is not enhanced.

[2025-03-13 21:26:03 #3 type] 
Type domain.Driver is not enhanced.

[2025-03-13 21:26:03 #4 type] 
Type domain.Ride is not enhanced.

[2025-03-13 21:26:03 #5 type] 
Type domain.Traveler is not enhanced.

[2025-03-13 21:26:03 #6 type] 
Type domain.Erreserba is not enhanced.

[2025-03-13 21:26:03 #7 type] 
Type domain.Kotxe is not enhanced.

[2025-03-13 21:26:03 #8 type] 
Type domain.Mugimendua is not enhanced.

------------------------------------------------------------------------------------------------------------------------

[2025-03-13 21:26:44 #1 store] 
Database '/home/lur/eclipse-workspace/Rides24/src/main/resources/rides.temp' is opened by 26141@lur-ASUS-TUF-Gaming-F15-FX506HF-FX506HF

[2025-03-13 21:26:44 #2 type] 
Type domain.User is not enhanced.

[2025-03-13 21:26:44 #3 type] 
Type domain.Driver is not enhanced.

[2025-03-13 21:26:44 #4 type] 
Type domain.Ride is not enhanced.

[2025-03-13 21:26:44 #5 type] 
Type domain.Traveler is not enhanced.

[2025-03-13 21:26:44 #6 type] 
Type domain.Erreserba is not enhanced.

[2025-03-13 21:26:44 #7 type] 
Type domain.Kotxe is not enhanced.

[2025-03-13 21:26:44 #8 type] 
Type domain.Mugimendua is not enhanced.

------------------------------------------------------------------------------------------------------------------------

[2025-03-13 21:27:16 #1 store] 
Database '/home/lur/eclipse-workspace/Rides24/src/main/resources/rides.temp' is opened by 26258@lur-ASUS-TUF-Gaming-F15-FX506HF-FX506HF

[2025-03-13 21:27:17 #2 type] 
Type domain.User is not enhanced.

[2025-03-13 21:27:17 #3 type] 
Type domain.Driver is not enhanced.

[2025-03-13 21:27:17 #4 type] 
Type domain.Ride is not enhanced.

[2025-03-13 21:27:17 #5 type] 
Type domain.Traveler is not enhanced.

[2025-03-13 21:27:17 #6 type] 
Type domain.Erreserba is not enhanced.

[2025-03-13 21:27:17 #7 type] 
Type domain.Kotxe is not enhanced.

[2025-03-13 21:27:17 #8 type] 
Type domain.Mugimendua is not enhanced.

------------------------------------------------------------------------------------------------------------------------

[2025-03-13 21:31:41 #1 store] 
Database '/home/lur/eclipse-workspace/Rides24/src/main/resources/rides.temp' is opened by 26527@lur-ASUS-TUF-Gaming-F15-FX506HF-FX506HF

[2025-03-13 21:31:41 #2 type] 
Type domain.User is not enhanced.

[2025-03-13 21:31:41 #3 type] 
Type domain.Driver is not enhanced.

[2025-03-13 21:31:41 #4 type] 
Type domain.Ride is not enhanced.

[2025-03-13 21:31:41 #5 type] 
Type domain.Traveler is not enhanced.

[2025-03-13 21:31:41 #6 type] 
Type domain.Erreserba is not enhanced.

[2025-03-13 21:31:41 #7 type] 
Type domain.Kotxe is not enhanced.

[2025-03-13 21:31:41 #8 type] 
Type domain.Mugimendua is not enhanced.

------------------------------------------------------------------------------------------------------------------------

[2025-03-13 21:32:32 #1 store] 
Database '/home/lur/eclipse-workspace/Rides24/src/main/resources/rides.temp' is opened by 26647@lur-ASUS-TUF-Gaming-F15-FX506HF-FX506HF

[2025-03-13 21:32:32 #2 type] 
Type domain.User is not enhanced.

[2025-03-13 21:32:32 #3 type] 
Type domain.Driver is not enhanced.

[2025-03-13 21:32:32 #4 type] 
Type domain.Ride is not enhanced.

[2025-03-13 21:32:32 #5 type] 
Type domain.Traveler is not enhanced.

[2025-03-13 21:32:32 #6 type] 
Type domain.Erreserba is not enhanced.

[2025-03-13 21:32:32 #7 type] 
Type domain.Kotxe is not enhanced.

[2025-03-13 21:32:32 #8 type] 
Type domain.Mugimendua is not enhanced.

------------------------------------------------------------------------------------------------------------------------

[2025-03-13 21:39:15 #1 store] 
Database '/home/lur/eclipse-workspace/Rides24/src/main/resources/rides.temp' is opened by 27238@lur-ASUS-TUF-Gaming-F15-FX506HF-FX506HF

[2025-03-13 21:39:15 #2 type] 
Type domain.User is not enhanced.

[2025-03-13 21:39:15 #3 type] 
Type domain.Driver is not enhanced.

[2025-03-13 21:39:15 #4 type] 
Type domain.Ride is not enhanced.

[2025-03-13 21:39:15 #5 type] 
Type domain.Traveler is not enhanced.

[2025-03-13 21:39:15 #6 type] 
Type domain.Erreserba is not enhanced.

[2025-03-13 21:39:15 #7 type] 
Type domain.Kotxe is not enhanced.

[2025-03-13 21:39:15 #8 type] 
Type domain.Mugimendua is not enhanced.

------------------------------------------------------------------------------------------------------------------------

[2025-03-13 21:41:15 #1 store] 
Database '/home/lur/eclipse-workspace/Rides24/src/main/resources/rides.temp' has been recovered (tr. 1970-1970)

[2025-03-13 21:41:15 #2 store] 
Database '/home/lur/eclipse-workspace/Rides24/src/main/resources/rides.temp' is opened by 27417@lur-ASUS-TUF-Gaming-F15-FX506HF-FX506HF

[2025-03-13 21:41:15 #3 type] 
Type domain.User is not enhanced.

[2025-03-13 21:41:15 #4 type] 
Type domain.Driver is not enhanced.

[2025-03-13 21:41:15 #5 type] 
Type domain.Ride is not enhanced.

[2025-03-13 21:41:15 #6 type] 
Type domain.Traveler is not enhanced.

[2025-03-13 21:41:15 #7 type] 
Type domain.Erreserba is not enhanced.

[2025-03-13 21:41:15 #8 type] 
Type domain.Kotxe is not enhanced.

[2025-03-13 21:41:15 #9 type] 
Type domain.Mugimendua is not enhanced.

------------------------------------------------------------------------------------------------------------------------

[2025-03-13 22:03:14 #1 store] 
Database '/home/lur/eclipse-workspace/Rides24/src/main/resources/rides.temp' is opened by 27897@lur-ASUS-TUF-Gaming-F15-FX506HF-FX506HF

[2025-03-13 22:03:14 #2 type] 
Type domain.User is not enhanced.

[2025-03-13 22:03:14 #3 type] 
Type domain.Driver is not enhanced.

[2025-03-13 22:03:14 #4 type] 
Type domain.Ride is not enhanced.

[2025-03-13 22:03:14 #5 type] 
Type domain.Traveler is not enhanced.

[2025-03-13 22:03:14 #6 type] 
Type domain.Erreserba is not enhanced.

[2025-03-13 22:03:14 #7 type] 
Type domain.Kotxe is not enhanced.

[2025-03-13 22:03:14 #8 type] 
Type domain.Mugimendua is not enhanced.

------------------------------------------------------------------------------------------------------------------------

[2025-03-13 22:03:36 #1 store] 
Database '/home/lur/eclipse-workspace/Rides24/src/main/resources/rides.temp' has been recovered (tr. 1977-1978)

[2025-03-13 22:03:36 #2 store] 
Database '/home/lur/eclipse-workspace/Rides24/src/main/resources/rides.temp' is opened by 27948@lur-ASUS-TUF-Gaming-F15-FX506HF-FX506HF

[2025-03-13 22:03:36 #3 type] 
Type domain.User is not enhanced.

[2025-03-13 22:03:36 #4 type] 
Type domain.Driver is not enhanced.

[2025-03-13 22:03:36 #5 type] 
Type domain.Ride is not enhanced.

[2025-03-13 22:03:36 #6 type] 
Type domain.Traveler is not enhanced.

[2025-03-13 22:03:36 #7 type] 
Type domain.Erreserba is not enhanced.

[2025-03-13 22:03:36 #8 type] 
Type domain.Kotxe is not enhanced.

[2025-03-13 22:03:36 #9 type] 
Type domain.Mugimendua is not enhanced.

------------------------------------------------------------------------------------------------------------------------

[2025-03-13 22:05:51 #1 store] 
Database '/home/lur/eclipse-workspace/Rides24/src/main/resources/rides.temp' is opened by 28090@lur-ASUS-TUF-Gaming-F15-FX506HF-FX506HF

[2025-03-13 22:05:51 #2 type] 
Type domain.User is not enhanced.

[2025-03-13 22:05:51 #3 type] 
Type domain.Driver is not enhanced.

[2025-03-13 22:05:51 #4 type] 
Type domain.Ride is not enhanced.

[2025-03-13 22:05:51 #5 type] 
Type domain.Traveler is not enhanced.

[2025-03-13 22:05:51 #6 type] 
Type domain.Erreserba is not enhanced.

[2025-03-13 22:05:51 #7 type] 
Type domain.Kotxe is not enhanced.

[2025-03-13 22:05:51 #8 type] 
Type domain.Mugimendua is not enhanced.

------------------------------------------------------------------------------------------------------------------------

[2025-03-13 22:06:37 #1 store] 
Database '/home/lur/eclipse-workspace/Rides24/src/main/resources/rides.temp' is opened by 28269@lur-ASUS-TUF-Gaming-F15-FX506HF-FX506HF

[2025-03-13 22:06:37 #2 type] 
Type domain.User is not enhanced.

[2025-03-13 22:06:37 #3 type] 
Type domain.Driver is not enhanced.

[2025-03-13 22:06:37 #4 type] 
Type domain.Ride is not enhanced.

[2025-03-13 22:06:37 #5 type] 
Type domain.Traveler is not enhanced.

[2025-03-13 22:06:37 #6 type] 
Type domain.Erreserba is not enhanced.

[2025-03-13 22:06:37 #7 type] 
Type domain.Kotxe is not enhanced.

[2025-03-13 22:06:37 #8 type] 
Type domain.Mugimendua is not enhanced.

------------------------------------------------------------------------------------------------------------------------

[2025-03-13 22:07:15 #1 store] 
Database '/home/lur/eclipse-workspace/Rides24/src/main/resources/rides.temp' is opened by 28359@lur-ASUS-TUF-Gaming-F15-FX506HF-FX506HF

[2025-03-13 22:07:15 #2 type] 
Type domain.User is not enhanced.

[2025-03-13 22:07:15 #3 type] 
Type domain.Driver is not enhanced.

[2025-03-13 22:07:15 #4 type] 
Type domain.Ride is not enhanced.

[2025-03-13 22:07:15 #5 type] 
Type domain.Traveler is not enhanced.

[2025-03-13 22:07:15 #6 type] 
Type domain.Erreserba is not enhanced.

[2025-03-13 22:07:15 #7 type] 
Type domain.Kotxe is not enhanced.

[2025-03-13 22:07:15 #8 type] 
Type domain.Mugimendua is not enhanced.

------------------------------------------------------------------------------------------------------------------------

[2025-03-13 22:07:30 #1 store] 
Database '/home/lur/eclipse-workspace/Rides24/src/main/resources/rides.temp' has been recovered (tr. 2021-2021)

[2025-03-13 22:07:30 #2 store] 
Database '/home/lur/eclipse-workspace/Rides24/src/main/resources/rides.temp' is opened by 28409@lur-ASUS-TUF-Gaming-F15-FX506HF-FX506HF

[2025-03-13 22:07:30 #3 type] 
Type domain.User is not enhanced.

[2025-03-13 22:07:30 #4 type] 
Type domain.Driver is not enhanced.

[2025-03-13 22:07:30 #5 type] 
Type domain.Ride is not enhanced.

[2025-03-13 22:07:30 #6 type] 
Type domain.Traveler is not enhanced.

[2025-03-13 22:07:30 #7 type] 
Type domain.Erreserba is not enhanced.

[2025-03-13 22:07:30 #8 type] 
Type domain.Kotxe is not enhanced.

[2025-03-13 22:07:30 #9 type] 
Type domain.Mugimendua is not enhanced.

------------------------------------------------------------------------------------------------------------------------

[2025-03-13 22:08:56 #1 store] 
Database '/home/lur/eclipse-workspace/Rides24/src/main/resources/rides.temp' is opened by 28650@lur-ASUS-TUF-Gaming-F15-FX506HF-FX506HF

[2025-03-13 22:08:56 #2 type] 
Type domain.User is not enhanced.

[2025-03-13 22:08:56 #3 type] 
Type domain.Driver is not enhanced.

[2025-03-13 22:08:56 #4 type] 
Type domain.Ride is not enhanced.

[2025-03-13 22:08:56 #5 type] 
Type domain.Traveler is not enhanced.

[2025-03-13 22:08:56 #6 type] 
Type domain.Erreserba is not enhanced.

[2025-03-13 22:08:56 #7 type] 
Type domain.Kotxe is not enhanced.

[2025-03-13 22:08:56 #8 type] 
Type domain.Mugimendua is not enhanced.

------------------------------------------------------------------------------------------------------------------------

[2025-03-13 22:09:02 #1 store] 
Database '/home/lur/eclipse-workspace/Rides24/src/main/resources/rides.temp' is opened by 28695@lur-ASUS-TUF-Gaming-F15-FX506HF-FX506HF

[2025-03-13 22:09:02 #2 type] 
Type domain.User is not enhanced.

[2025-03-13 22:09:02 #3 type] 
Type domain.Driver is not enhanced.

[2025-03-13 22:09:02 #4 type] 
Type domain.Ride is not enhanced.

[2025-03-13 22:09:02 #5 type] 
Type domain.Traveler is not enhanced.

[2025-03-13 22:09:02 #6 type] 
Type domain.Erreserba is not enhanced.

[2025-03-13 22:09:02 #7 type] 
Type domain.Kotxe is not enhanced.

[2025-03-13 22:09:02 #8 type] 
Type domain.Mugimendua is not enhanced.

[2025-03-13 22:09:13 #9 type.registry] 
New type java.util.ArrayList<java.lang.Object>

[2025-03-13 22:09:13 #10 *] 
java.lang.ClassCastException: class com.objectdb.o.CLT cannot be cast to class com.objectdb.o.UTY (com.objectdb.o.CLT and com.objectdb.o.UTY are in unnamed module of loader 'app')
	at com.objectdb.o.TVS.g(TVS.java:93)
	at com.objectdb.jpa.EMImpl.remove(EMImpl.java:438)
	at dataAccess.DataAccess.BidaiaKantzelatu(DataAccess.java:596)
	at businessLogic.BLFacadeImplementation.BidaiaKantzelatu(BLFacadeImplementation.java:215)
	at gui.BidaiaKantzelatuGUI$3.actionPerformed(BidaiaKantzelatuGUI.java:86)
	at java.desktop/javax.swing.AbstractButton.fireActionPerformed(AbstractButton.java:1972)
	at java.desktop/javax.swing.AbstractButton$Handler.actionPerformed(AbstractButton.java:2314)
	at java.desktop/javax.swing.DefaultButtonModel.fireActionPerformed(DefaultButtonModel.java:407)
	at java.desktop/javax.swing.DefaultButtonModel.setPressed(DefaultButtonModel.java:262)
	at java.desktop/javax.swing.plaf.basic.BasicButtonListener.mouseReleased(BasicButtonListener.java:279)
	at java.desktop/java.awt.Component.processMouseEvent(Component.java:6621)
	at java.desktop/javax.swing.JComponent.processMouseEvent(JComponent.java:3398)
	at java.desktop/java.awt.Component.processEvent(Component.java:6386)
	at java.desktop/java.awt.Container.processEvent(Container.java:2266)
	at java.desktop/java.awt.Component.dispatchEventImpl(Component.java:4996)
	at java.desktop/java.awt.Container.dispatchEventImpl(Container.java:2324)
	at java.desktop/java.awt.Component.dispatchEvent(Component.java:4828)
	at java.desktop/java.awt.LightweightDispatcher.retargetMouseEvent(Container.java:4948)
	at java.desktop/java.awt.LightweightDispatcher.processMouseEvent(Container.java:4575)
	at java.desktop/java.awt.LightweightDispatcher.dispatchEvent(Container.java:4516)
	at java.desktop/java.awt.Container.dispatchEventImpl(Container.java:2310)
	at java.desktop/java.awt.Window.dispatchEventImpl(Window.java:2780)
	at java.desktop/java.awt.Component.dispatchEvent(Component.java:4828)
	at java.desktop/java.awt.EventQueue.dispatchEventImpl(EventQueue.java:775)
	at java.desktop/java.awt.EventQueue$4.run(EventQueue.java:720)
	at java.desktop/java.awt.EventQueue$4.run(EventQueue.java:714)
	at java.base/java.security.AccessController.doPrivileged(AccessController.java:400)
	at java.base/java.security.ProtectionDomain$JavaSecurityAccessImpl.doIntersectionPrivilege(ProtectionDomain.java:87)
	at java.base/java.security.ProtectionDomain$JavaSecurityAccessImpl.doIntersectionPrivilege(ProtectionDomain.java:98)
	at java.desktop/java.awt.EventQueue$5.run(EventQueue.java:747)
	at java.desktop/java.awt.EventQueue$5.run(EventQueue.java:745)
	at java.base/java.security.AccessController.doPrivileged(AccessController.java:400)
	at java.base/java.security.ProtectionDomain$JavaSecurityAccessImpl.doIntersectionPrivilege(ProtectionDomain.java:87)
	at java.desktop/java.awt.EventQueue.dispatchEvent(EventQueue.java:744)
	at java.desktop/java.awt.EventDispatchThread.pumpOneEventForFilters(EventDispatchThread.java:203)
	at java.desktop/java.awt.EventDispatchThread.pumpEventsForFilter(EventDispatchThread.java:124)
	at java.desktop/java.awt.EventDispatchThread.pumpEventsForHierarchy(EventDispatchThread.java:113)
	at java.desktop/java.awt.EventDispatchThread.pumpEvents(EventDispatchThread.java:109)
	at java.desktop/java.awt.EventDispatchThread.pumpEvents(EventDispatchThread.java:101)
	at java.desktop/java.awt.EventDispatchThread.run(EventDispatchThread.java:90)

[2025-03-13 22:09:26 #11 *] 
java.lang.ClassCastException: class com.objectdb.o.CLT cannot be cast to class com.objectdb.o.UTY (com.objectdb.o.CLT and com.objectdb.o.UTY are in unnamed module of loader 'app')
	at com.objectdb.o.TVS.g(TVS.java:93)
	at com.objectdb.jpa.EMImpl.remove(EMImpl.java:438)
	at dataAccess.DataAccess.BidaiaKantzelatu(DataAccess.java:596)
	at businessLogic.BLFacadeImplementation.BidaiaKantzelatu(BLFacadeImplementation.java:215)
	at gui.BidaiaKantzelatuGUI$3.actionPerformed(BidaiaKantzelatuGUI.java:86)
	at java.desktop/javax.swing.AbstractButton.fireActionPerformed(AbstractButton.java:1972)
	at java.desktop/javax.swing.AbstractButton$Handler.actionPerformed(AbstractButton.java:2314)
	at java.desktop/javax.swing.DefaultButtonModel.fireActionPerformed(DefaultButtonModel.java:407)
	at java.desktop/javax.swing.DefaultButtonModel.setPressed(DefaultButtonModel.java:262)
	at java.desktop/javax.swing.plaf.basic.BasicButtonListener.mouseReleased(BasicButtonListener.java:279)
	at java.desktop/java.awt.Component.processMouseEvent(Component.java:6621)
	at java.desktop/javax.swing.JComponent.processMouseEvent(JComponent.java:3398)
	at java.desktop/java.awt.Component.processEvent(Component.java:6386)
	at java.desktop/java.awt.Container.processEvent(Container.java:2266)
	at java.desktop/java.awt.Component.dispatchEventImpl(Component.java:4996)
	at java.desktop/java.awt.Container.dispatchEventImpl(Container.java:2324)
	at java.desktop/java.awt.Component.dispatchEvent(Component.java:4828)
	at java.desktop/java.awt.LightweightDispatcher.retargetMouseEvent(Container.java:4948)
	at java.desktop/java.awt.LightweightDispatcher.processMouseEvent(Container.java:4575)
	at java.desktop/java.awt.LightweightDispatcher.dispatchEvent(Container.java:4516)
	at java.desktop/java.awt.Container.dispatchEventImpl(Container.java:2310)
	at java.desktop/java.awt.Window.dispatchEventImpl(Window.java:2780)
	at java.desktop/java.awt.Component.dispatchEvent(Component.java:4828)
	at java.desktop/java.awt.EventQueue.dispatchEventImpl(EventQueue.java:775)
	at java.desktop/java.awt.EventQueue$4.run(EventQueue.java:720)
	at java.desktop/java.awt.EventQueue$4.run(EventQueue.java:714)
	at java.base/java.security.AccessController.doPrivileged(AccessController.java:400)
	at java.base/java.security.ProtectionDomain$JavaSecurityAccessImpl.doIntersectionPrivilege(ProtectionDomain.java:87)
	at java.base/java.security.ProtectionDomain$JavaSecurityAccessImpl.doIntersectionPrivilege(ProtectionDomain.java:98)
	at java.desktop/java.awt.EventQueue$5.run(EventQueue.java:747)
	at java.desktop/java.awt.EventQueue$5.run(EventQueue.java:745)
	at java.base/java.security.AccessController.doPrivileged(AccessController.java:400)
	at java.base/java.security.ProtectionDomain$JavaSecurityAccessImpl.doIntersectionPrivilege(ProtectionDomain.java:87)
	at java.desktop/java.awt.EventQueue.dispatchEvent(EventQueue.java:744)
	at java.desktop/java.awt.EventDispatchThread.pumpOneEventForFilters(EventDispatchThread.java:203)
	at java.desktop/java.awt.EventDispatchThread.pumpEventsForFilter(EventDispatchThread.java:124)
	at java.desktop/java.awt.EventDispatchThread.pumpEventsForHierarchy(EventDispatchThread.java:113)
	at java.desktop/java.awt.EventDispatchThread.pumpEvents(EventDispatchThread.java:109)
	at java.desktop/java.awt.EventDispatchThread.pumpEvents(EventDispatchThread.java:101)
	at java.desktop/java.awt.EventDispatchThread.run(EventDispatchThread.java:90)

------------------------------------------------------------------------------------------------------------------------

[2025-03-13 22:10:08 #1 store] 
Database '/home/lur/eclipse-workspace/Rides24/src/main/resources/rides.temp' has been recovered (tr. 2022-2027)

[2025-03-13 22:10:08 #2 store] 
Database '/home/lur/eclipse-workspace/Rides24/src/main/resources/rides.temp' is opened by 28814@lur-ASUS-TUF-Gaming-F15-FX506HF-FX506HF

[2025-03-13 22:10:08 #3 type] 
Type domain.User is not enhanced.

[2025-03-13 22:10:08 #4 type] 
Type domain.Driver is not enhanced.

[2025-03-13 22:10:08 #5 type] 
Type domain.Ride is not enhanced.

[2025-03-13 22:10:08 #6 type] 
Type domain.Traveler is not enhanced.

[2025-03-13 22:10:08 #7 type] 
Type domain.Erreserba is not enhanced.

[2025-03-13 22:10:08 #8 type] 
Type domain.Kotxe is not enhanced.

[2025-03-13 22:10:08 #9 type] 
Type domain.Mugimendua is not enhanced.

------------------------------------------------------------------------------------------------------------------------

[2025-03-13 22:11:11 #1 store] 
Database '/home/lur/eclipse-workspace/Rides24/src/main/resources/rides.temp' is opened by 28934@lur-ASUS-TUF-Gaming-F15-FX506HF-FX506HF

[2025-03-13 22:11:11 #2 type] 
Type domain.User is not enhanced.

[2025-03-13 22:11:11 #3 type] 
Type domain.Driver is not enhanced.

[2025-03-13 22:11:11 #4 type] 
Type domain.Ride is not enhanced.

[2025-03-13 22:11:11 #5 type] 
Type domain.Traveler is not enhanced.

[2025-03-13 22:11:11 #6 type] 
Type domain.Erreserba is not enhanced.

[2025-03-13 22:11:11 #7 type] 
Type domain.Kotxe is not enhanced.

[2025-03-13 22:11:11 #8 type] 
Type domain.Mugimendua is not enhanced.

------------------------------------------------------------------------------------------------------------------------

[2025-03-13 22:11:55 #1 store] 
Database '/home/lur/eclipse-workspace/Rides24/src/main/resources/rides.temp' is opened by 29064@lur-ASUS-TUF-Gaming-F15-FX506HF-FX506HF

[2025-03-13 22:11:55 #2 type] 
Type domain.User is not enhanced.

[2025-03-13 22:11:55 #3 type] 
Type domain.Driver is not enhanced.

[2025-03-13 22:11:55 #4 type] 
Type domain.Ride is not enhanced.

[2025-03-13 22:11:55 #5 type] 
Type domain.Traveler is not enhanced.

[2025-03-13 22:11:55 #6 type] 
Type domain.Erreserba is not enhanced.

[2025-03-13 22:11:55 #7 type] 
Type domain.Kotxe is not enhanced.

[2025-03-13 22:11:55 #8 type] 
Type domain.Mugimendua is not enhanced.

------------------------------------------------------------------------------------------------------------------------

[2025-03-13 22:12:37 #1 store] 
Database '/home/lur/eclipse-workspace/Rides24/src/main/resources/rides.temp' is opened by 29171@lur-ASUS-TUF-Gaming-F15-FX506HF-FX506HF

[2025-03-13 22:12:37 #2 type] 
Type domain.User is not enhanced.

[2025-03-13 22:12:37 #3 type] 
Type domain.Driver is not enhanced.

[2025-03-13 22:12:37 #4 type] 
Type domain.Ride is not enhanced.

[2025-03-13 22:12:37 #5 type] 
Type domain.Traveler is not enhanced.

[2025-03-13 22:12:37 #6 type] 
Type domain.Erreserba is not enhanced.

[2025-03-13 22:12:37 #7 type] 
Type domain.Kotxe is not enhanced.

[2025-03-13 22:12:37 #8 type] 
Type domain.Mugimendua is not enhanced.

------------------------------------------------------------------------------------------------------------------------

[2025-03-13 22:13:55 #1 store] 
Database '/home/lur/eclipse-workspace/Rides24/src/main/resources/rides.temp' is opened by 29309@lur-ASUS-TUF-Gaming-F15-FX506HF-FX506HF

[2025-03-13 22:13:55 #2 type] 
Type domain.User is not enhanced.

[2025-03-13 22:13:55 #3 type] 
Type domain.Driver is not enhanced.

[2025-03-13 22:13:55 #4 type] 
Type domain.Ride is not enhanced.

[2025-03-13 22:13:55 #5 type] 
Type domain.Traveler is not enhanced.

[2025-03-13 22:13:55 #6 type] 
Type domain.Erreserba is not enhanced.

[2025-03-13 22:13:55 #7 type] 
Type domain.Kotxe is not enhanced.

[2025-03-13 22:13:55 #8 type] 
Type domain.Mugimendua is not enhanced.

------------------------------------------------------------------------------------------------------------------------

[2025-03-13 22:14:23 #1 store] 
Database '/home/lur/eclipse-workspace/Rides24/src/main/resources/rides.temp' has been recovered (tr. 2064-2068)

[2025-03-13 22:14:24 #2 store] 
Database '/home/lur/eclipse-workspace/Rides24/src/main/resources/rides.temp' is opened by 29359@lur-ASUS-TUF-Gaming-F15-FX506HF-FX506HF

[2025-03-13 22:14:24 #3 type] 
Type domain.User is not enhanced.

[2025-03-13 22:14:24 #4 type] 
Type domain.Driver is not enhanced.

[2025-03-13 22:14:24 #5 type] 
Type domain.Ride is not enhanced.

[2025-03-13 22:14:24 #6 type] 
Type domain.Traveler is not enhanced.

[2025-03-13 22:14:24 #7 type] 
Type domain.Erreserba is not enhanced.

[2025-03-13 22:14:24 #8 type] 
Type domain.Kotxe is not enhanced.

[2025-03-13 22:14:24 #9 type] 
Type domain.Mugimendua is not enhanced.

------------------------------------------------------------------------------------------------------------------------

[2025-03-13 22:16:05 #1 store] 
Database '/home/lur/eclipse-workspace/Rides24/src/main/resources/rides.temp' is opened by 29504@lur-ASUS-TUF-Gaming-F15-FX506HF-FX506HF

[2025-03-13 22:16:05 #2 type] 
Type domain.User is not enhanced.

[2025-03-13 22:16:05 #3 type] 
Type domain.Driver is not enhanced.

[2025-03-13 22:16:05 #4 type] 
Type domain.Ride is not enhanced.

[2025-03-13 22:16:05 #5 type] 
Type domain.Traveler is not enhanced.

[2025-03-13 22:16:05 #6 type] 
Type domain.Erreserba is not enhanced.

[2025-03-13 22:16:05 #7 type] 
Type domain.Kotxe is not enhanced.

[2025-03-13 22:16:05 #8 type] 
Type domain.Mugimendua is not enhanced.

------------------------------------------------------------------------------------------------------------------------

[2025-03-13 22:17:35 #1 store] 
Database '/home/lur/eclipse-workspace/Rides24/src/main/resources/rides.temp' is opened by 29679@lur-ASUS-TUF-Gaming-F15-FX506HF-FX506HF

[2025-03-13 22:17:35 #2 type] 
Type domain.User is not enhanced.

[2025-03-13 22:17:35 #3 type] 
Type domain.Driver is not enhanced.

[2025-03-13 22:17:35 #4 type] 
Type domain.Ride is not enhanced.

[2025-03-13 22:17:35 #5 type] 
Type domain.Traveler is not enhanced.

[2025-03-13 22:17:35 #6 type] 
Type domain.Erreserba is not enhanced.

[2025-03-13 22:17:35 #7 type] 
Type domain.Kotxe is not enhanced.

[2025-03-13 22:17:35 #8 type] 
Type domain.Mugimendua is not enhanced.

------------------------------------------------------------------------------------------------------------------------

[2025-03-13 22:18:17 #1 store] 
Database '/home/lur/eclipse-workspace/Rides24/src/main/resources/rides.temp' is opened by 29778@lur-ASUS-TUF-Gaming-F15-FX506HF-FX506HF

[2025-03-13 22:18:17 #2 type] 
Type domain.User is not enhanced.

[2025-03-13 22:18:17 #3 type] 
Type domain.Driver is not enhanced.

[2025-03-13 22:18:17 #4 type] 
Type domain.Ride is not enhanced.

[2025-03-13 22:18:17 #5 type] 
Type domain.Traveler is not enhanced.

[2025-03-13 22:18:17 #6 type] 
Type domain.Erreserba is not enhanced.

[2025-03-13 22:18:17 #7 type] 
Type domain.Kotxe is not enhanced.

[2025-03-13 22:18:17 #8 type] 
Type domain.Mugimendua is not enhanced.

------------------------------------------------------------------------------------------------------------------------

[2025-03-13 22:19:36 #1 store] 
Database '/home/lur/eclipse-workspace/Rides24/src/main/resources/rides.temp' is opened by 29879@lur-ASUS-TUF-Gaming-F15-FX506HF-FX506HF

[2025-03-13 22:19:36 #2 type] 
Type domain.User is not enhanced.

[2025-03-13 22:19:36 #3 type] 
Type domain.Driver is not enhanced.

[2025-03-13 22:19:36 #4 type] 
Type domain.Ride is not enhanced.

[2025-03-13 22:19:36 #5 type] 
Type domain.Traveler is not enhanced.

[2025-03-13 22:19:36 #6 type] 
Type domain.Erreserba is not enhanced.

[2025-03-13 22:19:36 #7 type] 
Type domain.Kotxe is not enhanced.

[2025-03-13 22:19:36 #8 type] 
Type domain.Mugimendua is not enhanced.

------------------------------------------------------------------------------------------------------------------------

[2025-03-13 22:25:06 #1 store] 
Database '/home/lur/eclipse-workspace/Rides24/src/main/resources/rides.temp' has been recovered (tr. 2077-2078)

[2025-03-13 22:25:07 #2 store] 
Database '/home/lur/eclipse-workspace/Rides24/src/main/resources/rides.temp' is opened by 30351@lur-ASUS-TUF-Gaming-F15-FX506HF-FX506HF

[2025-03-13 22:25:07 #3 type] 
Type domain.User is not enhanced.

[2025-03-13 22:25:07 #4 type] 
Type domain.Driver is not enhanced.

[2025-03-13 22:25:07 #5 type] 
Type domain.Ride is not enhanced.

[2025-03-13 22:25:07 #6 type] 
Type domain.Traveler is not enhanced.

[2025-03-13 22:25:07 #7 type] 
Type domain.Erreserba is not enhanced.

[2025-03-13 22:25:07 #8 type] 
Type domain.Kotxe is not enhanced.

[2025-03-13 22:25:07 #9 type] 
Type domain.Mugimendua is not enhanced.

------------------------------------------------------------------------------------------------------------------------

[2025-03-13 22:30:08 #1 store] 
Database '/home/lur/eclipse-workspace/Rides24/src/main/resources/rides.temp' has been recovered (tr. 2079-2084)

[2025-03-13 22:30:08 #2 store] 
Database '/home/lur/eclipse-workspace/Rides24/src/main/resources/rides.temp' is opened by 30940@lur-ASUS-TUF-Gaming-F15-FX506HF-FX506HF

[2025-03-13 22:30:08 #3 type] 
Type domain.User is not enhanced.

[2025-03-13 22:30:08 #4 type] 
Type domain.Driver is not enhanced.

[2025-03-13 22:30:08 #5 type] 
Type domain.Ride is not enhanced.

[2025-03-13 22:30:08 #6 type] 
Type domain.Traveler is not enhanced.

[2025-03-13 22:30:08 #7 type] 
Type domain.Erreserba is not enhanced.

[2025-03-13 22:30:08 #8 type] 
Type domain.Kotxe is not enhanced.

[2025-03-13 22:30:08 #9 type] 
Type domain.Mugimendua is not enhanced.

------------------------------------------------------------------------------------------------------------------------

[2025-03-13 22:32:27 #1 store] 
Database '/home/lur/eclipse-workspace/Rides24/src/main/resources/rides.temp' is opened by 31184@lur-ASUS-TUF-Gaming-F15-FX506HF-FX506HF

[2025-03-13 22:32:27 #2 type] 
Type domain.User is not enhanced.

[2025-03-13 22:32:27 #3 type] 
Type domain.Driver is not enhanced.

[2025-03-13 22:32:27 #4 type] 
Type domain.Ride is not enhanced.

[2025-03-13 22:32:27 #5 type] 
Type domain.Traveler is not enhanced.

[2025-03-13 22:32:27 #6 type] 
Type domain.Erreserba is not enhanced.

[2025-03-13 22:32:27 #7 type] 
Type domain.Kotxe is not enhanced.

[2025-03-13 22:32:27 #8 type] 
Type domain.Mugimendua is not enhanced.

------------------------------------------------------------------------------------------------------------------------

[2025-03-13 22:33:03 #1 store] 
Database '/home/lur/eclipse-workspace/Rides24/src/main/resources/rides.temp' is opened by 31260@lur-ASUS-TUF-Gaming-F15-FX506HF-FX506HF

[2025-03-13 22:33:03 #2 type] 
Type domain.User is not enhanced.

[2025-03-13 22:33:03 #3 type] 
Type domain.Driver is not enhanced.

[2025-03-13 22:33:03 #4 type] 
Type domain.Ride is not enhanced.

[2025-03-13 22:33:03 #5 type] 
Type domain.Traveler is not enhanced.

[2025-03-13 22:33:03 #6 type] 
Type domain.Erreserba is not enhanced.

[2025-03-13 22:33:03 #7 type] 
Type domain.Kotxe is not enhanced.

[2025-03-13 22:33:03 #8 type] 
Type domain.Mugimendua is not enhanced.

------------------------------------------------------------------------------------------------------------------------

[2025-03-13 22:34:32 #1 store] 
Database '/home/lur/eclipse-workspace/Rides24/src/main/resources/rides.temp' is opened by 31439@lur-ASUS-TUF-Gaming-F15-FX506HF-FX506HF

[2025-03-13 22:34:32 #2 type] 
Type domain.User is not enhanced.

[2025-03-13 22:34:32 #3 type] 
Type domain.Driver is not enhanced.

[2025-03-13 22:34:32 #4 type] 
Type domain.Ride is not enhanced.

[2025-03-13 22:34:32 #5 type] 
Type domain.Traveler is not enhanced.

[2025-03-13 22:34:32 #6 type] 
Type domain.Erreserba is not enhanced.

[2025-03-13 22:34:32 #7 type] 
Type domain.Kotxe is not enhanced.

[2025-03-13 22:34:32 #8 type] 
Type domain.Mugimendua is not enhanced.

