------------------------------------------------------------------------------------------------------------------------

[2025-03-12 10:03:04 #1 store] 
Database '/home/lur/eclipse-workspace/Rides24/src/main/resources/rides.temp' is opened by 4637@lur-ASUS-TUF-Gaming-F15-FX506HF-FX506HF

[2025-03-12 10:03:04 #2 type] 
Type domain.User is not enhanced.

[2025-03-12 10:03:04 #3 type] 
Type domain.Driver is not enhanced.

[2025-03-12 10:03:04 #4 type.registry] 
New type domain.Kotxe

[2025-03-12 10:03:04 #5 type] 
Type domain.Ride is not enhanced.

[2025-03-12 10:03:04 #6 type] 
Type domain.Traveler is not enhanced.

[2025-03-12 10:03:04 #7 type] 
Type domain.Erreserba is not enhanced.

[2025-03-12 10:03:35 #8 type.registry] 
New type java.util.Vector<domain.Kotxe>

------------------------------------------------------------------------------------------------------------------------

[2025-03-12 18:03:56 #1 store] 
Database '/home/lur/eclipse-workspace/Rides24/src/main/resources/rides.temp' has been recovered (tr. 1355-1357)

[2025-03-12 18:03:56 #2 store] 
Database '/home/lur/eclipse-workspace/Rides24/src/main/resources/rides.temp' is opened by 3816@lur-ASUS-TUF-Gaming-F15-FX506HF-FX506HF

[2025-03-12 18:03:56 #3 type] 
Type domain.User is not enhanced.

[2025-03-12 18:03:56 #4 type] 
Type domain.Driver is not enhanced.

[2025-03-12 18:03:56 #5 type] 
Type domain.Ride is not enhanced.

[2025-03-12 18:03:56 #6 type] 
Type domain.Traveler is not enhanced.

[2025-03-12 18:03:56 #7 type] 
Type domain.Erreserba is not enhanced.

------------------------------------------------------------------------------------------------------------------------

[2025-03-12 18:03:59 #1 store] 
Database '/home/lur/eclipse-workspace/Rides24/src/main/resources/rides.temp' is opened by 3857@lur-ASUS-TUF-Gaming-F15-FX506HF-FX506HF

[2025-03-12 18:03:59 #2 type] 
Type domain.User is not enhanced.

[2025-03-12 18:03:59 #3 type] 
Type domain.Driver is not enhanced.

[2025-03-12 18:03:59 #4 type] 
Type domain.Ride is not enhanced.

[2025-03-12 18:03:59 #5 type] 
Type domain.Traveler is not enhanced.

[2025-03-12 18:03:59 #6 type] 
Type domain.Erreserba is not enhanced.

------------------------------------------------------------------------------------------------------------------------

[2025-03-12 18:15:37 #1 store] 
Database '/home/lur/eclipse-workspace/Rides24/src/main/resources/rides.temp' is opened by 4914@lur-ASUS-TUF-Gaming-F15-FX506HF-FX506HF

[2025-03-12 18:15:37 #2 type] 
Type domain.User is not enhanced.

[2025-03-12 18:15:37 #3 type] 
Type domain.Driver is not enhanced.

[2025-03-12 18:15:37 #4 type] 
Type domain.Ride is not enhanced.

[2025-03-12 18:15:37 #5 type] 
Type domain.Traveler is not enhanced.

[2025-03-12 18:15:37 #6 type] 
Type domain.Erreserba is not enhanced.

------------------------------------------------------------------------------------------------------------------------

[2025-03-12 18:28:25 #1 store] 
Database '/home/lur/eclipse-workspace/Rides24/src/main/resources/rides.temp' is opened by 5894@lur-ASUS-TUF-Gaming-F15-FX506HF-FX506HF

[2025-03-12 18:28:25 #2 type] 
Type domain.User is not enhanced.

[2025-03-12 18:28:25 #3 type] 
Type domain.Driver is not enhanced.

[2025-03-12 18:28:25 #4 type] 
Type domain.Ride is not enhanced.

[2025-03-12 18:28:25 #5 type] 
Type domain.Traveler is not enhanced.

[2025-03-12 18:28:25 #6 type] 
Type domain.Erreserba is not enhanced.

------------------------------------------------------------------------------------------------------------------------

[2025-03-12 18:29:53 #1 store] 
Database '/home/lur/eclipse-workspace/Rides24/src/main/resources/rides.temp' is opened by 6206@lur-ASUS-TUF-Gaming-F15-FX506HF-FX506HF

[2025-03-12 18:29:53 #2 type] 
Type domain.User is not enhanced.

[2025-03-12 18:29:53 #3 type] 
Type domain.Driver is not enhanced.

[2025-03-12 18:29:53 #4 type] 
Type domain.Ride is not enhanced.

[2025-03-12 18:29:53 #5 type] 
Type domain.Traveler is not enhanced.

[2025-03-12 18:29:53 #6 type] 
Type domain.Erreserba is not enhanced.

------------------------------------------------------------------------------------------------------------------------

[2025-03-12 18:30:50 #1 store] 
Database '/home/lur/eclipse-workspace/Rides24/src/main/resources/rides.temp' is opened by 6484@lur-ASUS-TUF-Gaming-F15-FX506HF-FX506HF

[2025-03-12 18:30:50 #2 type] 
Type domain.User is not enhanced.

[2025-03-12 18:30:50 #3 type] 
Type domain.Driver is not enhanced.

[2025-03-12 18:30:50 #4 type] 
Type domain.Ride is not enhanced.

[2025-03-12 18:30:50 #5 type] 
Type domain.Traveler is not enhanced.

[2025-03-12 18:30:50 #6 type] 
Type domain.Erreserba is not enhanced.

------------------------------------------------------------------------------------------------------------------------

[2025-03-12 18:50:44 #1 store] 
Database '/home/lur/eclipse-workspace/Rides24/src/main/resources/rides.temp' is opened by 7708@lur-ASUS-TUF-Gaming-F15-FX506HF-FX506HF

[2025-03-12 18:50:44 #2 type] 
Type domain.User is not enhanced.

[2025-03-12 18:50:44 #3 type] 
Type domain.Driver is not enhanced.

[2025-03-12 18:50:44 #4 type] 
Type domain.Ride is not enhanced.

[2025-03-12 18:50:44 #5 type] 
Type domain.Traveler is not enhanced.

[2025-03-12 18:50:44 #6 type] 
Type domain.Erreserba is not enhanced.

------------------------------------------------------------------------------------------------------------------------

[2025-03-12 18:57:48 #1 store] 
Database '/home/lur/eclipse-workspace/Rides24/src/main/resources/rides.temp' is opened by 8248@lur-ASUS-TUF-Gaming-F15-FX506HF-FX506HF

[2025-03-12 18:57:48 #2 type] 
Type domain.User is not enhanced.

[2025-03-12 18:57:48 #3 type] 
Type domain.Driver is not enhanced.

[2025-03-12 18:57:48 #4 type] 
Type domain.Ride is not enhanced.

[2025-03-12 18:57:48 #5 type] 
Type domain.Traveler is not enhanced.

[2025-03-12 18:57:48 #6 type] 
Type domain.Erreserba is not enhanced.

------------------------------------------------------------------------------------------------------------------------

[2025-03-12 19:02:02 #1 store] 
Database '/home/lur/eclipse-workspace/Rides24/src/main/resources/rides.temp' is opened by 8632@lur-ASUS-TUF-Gaming-F15-FX506HF-FX506HF

[2025-03-12 19:02:02 #2 type] 
Type domain.User is not enhanced.

[2025-03-12 19:02:02 #3 type] 
Type domain.Driver is not enhanced.

[2025-03-12 19:02:02 #4 type] 
Type domain.Ride is not enhanced.

[2025-03-12 19:02:02 #5 type] 
Type domain.Traveler is not enhanced.

[2025-03-12 19:02:02 #6 type] 
Type domain.Erreserba is not enhanced.

------------------------------------------------------------------------------------------------------------------------

[2025-03-12 19:06:59 #1 store] 
Database '/home/lur/eclipse-workspace/Rides24/src/main/resources/rides.temp' is opened by 9031@lur-ASUS-TUF-Gaming-F15-FX506HF-FX506HF

[2025-03-12 19:06:59 #2 type] 
Type domain.User is not enhanced.

[2025-03-12 19:06:59 #3 type] 
Type domain.Driver is not enhanced.

[2025-03-12 19:06:59 #4 type] 
Type domain.Ride is not enhanced.

[2025-03-12 19:06:59 #5 type] 
Type domain.Traveler is not enhanced.

[2025-03-12 19:06:59 #6 type] 
Type domain.Erreserba is not enhanced.

------------------------------------------------------------------------------------------------------------------------

[2025-03-12 19:09:24 #1 store] 
Database '/home/lur/eclipse-workspace/Rides24/src/main/resources/rides.temp' is opened by 9334@lur-ASUS-TUF-Gaming-F15-FX506HF-FX506HF

[2025-03-12 19:09:24 #2 type] 
Type domain.User is not enhanced.

[2025-03-12 19:09:24 #3 type] 
Type domain.Driver is not enhanced.

[2025-03-12 19:09:24 #4 type] 
Type domain.Ride is not enhanced.

[2025-03-12 19:09:24 #5 type] 
Type domain.Traveler is not enhanced.

[2025-03-12 19:09:24 #6 type] 
Type domain.Erreserba is not enhanced.

[2025-03-12 19:09:24 #7 type] 
Type domain.Kotxe is not enhanced.

------------------------------------------------------------------------------------------------------------------------

[2025-03-12 19:12:23 #1 store] 
Database '/home/lur/eclipse-workspace/Rides24/src/main/resources/rides.temp' is opened by 9510@lur-ASUS-TUF-Gaming-F15-FX506HF-FX506HF

[2025-03-12 19:12:23 #2 type] 
Type domain.User is not enhanced.

[2025-03-12 19:12:23 #3 type] 
Type domain.Driver is not enhanced.

[2025-03-12 19:12:23 #4 type] 
Type domain.Ride is not enhanced.

[2025-03-12 19:12:23 #5 type] 
Type domain.Traveler is not enhanced.

[2025-03-12 19:12:23 #6 type] 
Type domain.Erreserba is not enhanced.

------------------------------------------------------------------------------------------------------------------------

[2025-03-12 19:12:53 #1 store] 
Database '/home/lur/eclipse-workspace/Rides24/src/main/resources/rides.temp' is opened by 9566@lur-ASUS-TUF-Gaming-F15-FX506HF-FX506HF

[2025-03-12 19:12:53 #2 type] 
Type domain.User is not enhanced.

[2025-03-12 19:12:53 #3 type] 
Type domain.Driver is not enhanced.

[2025-03-12 19:12:53 #4 type] 
Type domain.Ride is not enhanced.

[2025-03-12 19:12:53 #5 type] 
Type domain.Traveler is not enhanced.

[2025-03-12 19:12:53 #6 type] 
Type domain.Erreserba is not enhanced.

------------------------------------------------------------------------------------------------------------------------

[2025-03-12 19:13:07 #1 store] 
Database '/home/lur/eclipse-workspace/Rides24/src/main/resources/rides.temp' is opened by 9743@lur-ASUS-TUF-Gaming-F15-FX506HF-FX506HF

[2025-03-12 19:13:07 #2 type] 
Type domain.User is not enhanced.

[2025-03-12 19:13:07 #3 type] 
Type domain.Driver is not enhanced.

[2025-03-12 19:13:07 #4 type] 
Type domain.Ride is not enhanced.

[2025-03-12 19:13:07 #5 type] 
Type domain.Traveler is not enhanced.

[2025-03-12 19:13:07 #6 type] 
Type domain.Erreserba is not enhanced.

------------------------------------------------------------------------------------------------------------------------

[2025-03-12 19:13:46 #1 store] 
Database '/home/lur/eclipse-workspace/Rides24/src/main/resources/rides.temp' is opened by 9848@lur-ASUS-TUF-Gaming-F15-FX506HF-FX506HF

[2025-03-12 19:13:46 #2 type] 
Type domain.User is not enhanced.

[2025-03-12 19:13:46 #3 type] 
Type domain.Driver is not enhanced.

[2025-03-12 19:13:46 #4 type] 
Type domain.Ride is not enhanced.

[2025-03-12 19:13:46 #5 type] 
Type domain.Traveler is not enhanced.

[2025-03-12 19:13:46 #6 type] 
Type domain.Erreserba is not enhanced.

[2025-03-12 19:13:46 #7 type] 
Type domain.Kotxe is not enhanced.

------------------------------------------------------------------------------------------------------------------------

[2025-03-12 19:15:46 #1 store] 
Database '/home/lur/eclipse-workspace/Rides24/src/main/resources/rides.temp' has been recovered (tr. 1377-1377)

[2025-03-12 19:15:46 #2 store] 
Database '/home/lur/eclipse-workspace/Rides24/src/main/resources/rides.temp' is opened by 10054@lur-ASUS-TUF-Gaming-F15-FX506HF-FX506HF

[2025-03-12 19:15:46 #3 type] 
Type domain.User is not enhanced.

[2025-03-12 19:15:46 #4 type] 
Type domain.Driver is not enhanced.

[2025-03-12 19:15:46 #5 type] 
Type domain.Ride is not enhanced.

[2025-03-12 19:15:46 #6 type] 
Type domain.Traveler is not enhanced.

[2025-03-12 19:15:46 #7 type] 
Type domain.Erreserba is not enhanced.

[2025-03-12 19:15:46 #8 type] 
Type domain.Kotxe is not enhanced.

------------------------------------------------------------------------------------------------------------------------

[2025-03-12 19:22:27 #1 store] 
Database '/home/lur/eclipse-workspace/Rides24/src/main/resources/rides.temp' is opened by 10723@lur-ASUS-TUF-Gaming-F15-FX506HF-FX506HF

[2025-03-12 19:22:27 #2 type] 
Type domain.User is not enhanced.

[2025-03-12 19:22:27 #3 type] 
Type domain.Driver is not enhanced.

[2025-03-12 19:22:27 #4 type] 
Type domain.Ride is not enhanced.

[2025-03-12 19:22:27 #5 type] 
Type domain.Traveler is not enhanced.

[2025-03-12 19:22:27 #6 type] 
Type domain.Erreserba is not enhanced.

[2025-03-12 19:22:27 #7 type] 
Type domain.Kotxe is not enhanced.

------------------------------------------------------------------------------------------------------------------------

[2025-03-12 19:23:18 #1 store] 
Database '/home/lur/eclipse-workspace/Rides24/src/main/resources/rides.temp' is opened by 10829@lur-ASUS-TUF-Gaming-F15-FX506HF-FX506HF

[2025-03-12 19:23:18 #2 type] 
Type domain.User is not enhanced.

[2025-03-12 19:23:18 #3 type] 
Type domain.Driver is not enhanced.

[2025-03-12 19:23:18 #4 type] 
Type domain.Ride is not enhanced.

[2025-03-12 19:23:18 #5 type] 
Type domain.Traveler is not enhanced.

[2025-03-12 19:23:18 #6 type] 
Type domain.Erreserba is not enhanced.

[2025-03-12 19:23:18 #7 type] 
Type domain.Kotxe is not enhanced.

------------------------------------------------------------------------------------------------------------------------

[2025-03-12 19:23:21 #1 store] 
Database '/home/lur/eclipse-workspace/Rides24/src/main/resources/rides.temp' is opened by 10868@lur-ASUS-TUF-Gaming-F15-FX506HF-FX506HF

[2025-03-12 19:23:21 #2 type] 
Type domain.User is not enhanced.

[2025-03-12 19:23:21 #3 type] 
Type domain.Driver is not enhanced.

[2025-03-12 19:23:21 #4 type] 
Type domain.Ride is not enhanced.

[2025-03-12 19:23:21 #5 type] 
Type domain.Traveler is not enhanced.

[2025-03-12 19:23:21 #6 type] 
Type domain.Erreserba is not enhanced.

[2025-03-12 19:23:21 #7 type] 
Type domain.Kotxe is not enhanced.

------------------------------------------------------------------------------------------------------------------------

[2025-03-12 19:34:06 #1 store] 
Database '/home/lur/eclipse-workspace/Rides24/src/main/resources/rides.temp' is opened by 11678@lur-ASUS-TUF-Gaming-F15-FX506HF-FX506HF

[2025-03-12 19:34:07 #2 type] 
Type domain.User is not enhanced.

[2025-03-12 19:34:07 #3 type] 
Type domain.Driver is not enhanced.

[2025-03-12 19:34:07 #4 type] 
Type domain.Ride is not enhanced.

[2025-03-12 19:34:07 #5 type] 
Type domain.Traveler is not enhanced.

[2025-03-12 19:34:07 #6 type] 
Type domain.Erreserba is not enhanced.

[2025-03-12 19:34:07 #7 type] 
Type domain.Kotxe is not enhanced.

------------------------------------------------------------------------------------------------------------------------

[2025-03-12 19:34:52 #1 store] 
Database '/home/lur/eclipse-workspace/Rides24/src/main/resources/rides.temp' is opened by 11781@lur-ASUS-TUF-Gaming-F15-FX506HF-FX506HF

[2025-03-12 19:34:52 #2 type] 
Type domain.User is not enhanced.

[2025-03-12 19:34:52 #3 type] 
Type domain.Driver is not enhanced.

[2025-03-12 19:34:52 #4 type] 
Type domain.Ride is not enhanced.

[2025-03-12 19:34:52 #5 type] 
Type domain.Traveler is not enhanced.

[2025-03-12 19:34:52 #6 type] 
Type domain.Erreserba is not enhanced.

[2025-03-12 19:34:52 #7 type] 
Type domain.Kotxe is not enhanced.

------------------------------------------------------------------------------------------------------------------------

[2025-03-12 19:35:52 #1 store] 
Database '/home/lur/eclipse-workspace/Rides24/src/main/resources/rides.temp' is opened by 11854@lur-ASUS-TUF-Gaming-F15-FX506HF-FX506HF

[2025-03-12 19:35:52 #2 type] 
Type domain.User is not enhanced.

[2025-03-12 19:35:52 #3 type] 
Type domain.Driver is not enhanced.

[2025-03-12 19:35:52 #4 type] 
Type domain.Ride is not enhanced.

[2025-03-12 19:35:52 #5 type] 
Type domain.Traveler is not enhanced.

[2025-03-12 19:35:52 #6 type] 
Type domain.Erreserba is not enhanced.

[2025-03-12 19:35:52 #7 type] 
Type domain.Kotxe is not enhanced.

------------------------------------------------------------------------------------------------------------------------

[2025-03-12 19:36:57 #1 store] 
Database '/home/lur/eclipse-workspace/Rides24/src/main/resources/rides.temp' is opened by 11983@lur-ASUS-TUF-Gaming-F15-FX506HF-FX506HF

[2025-03-12 19:36:57 #2 type] 
Type domain.User is not enhanced.

[2025-03-12 19:36:57 #3 type] 
Type domain.Driver is not enhanced.

[2025-03-12 19:36:57 #4 type] 
Type domain.Ride is not enhanced.

[2025-03-12 19:36:57 #5 type] 
Type domain.Traveler is not enhanced.

[2025-03-12 19:36:57 #6 type] 
Type domain.Erreserba is not enhanced.

[2025-03-12 19:36:57 #7 type] 
Type domain.Kotxe is not enhanced.

------------------------------------------------------------------------------------------------------------------------

[2025-03-12 19:38:26 #1 store] 
Database '/home/lur/eclipse-workspace/Rides24/src/main/resources/rides.temp' is opened by 12070@lur-ASUS-TUF-Gaming-F15-FX506HF-FX506HF

[2025-03-12 19:38:26 #2 type] 
Type domain.User is not enhanced.

[2025-03-12 19:38:26 #3 type] 
Type domain.Driver is not enhanced.

[2025-03-12 19:38:26 #4 type] 
Type domain.Ride is not enhanced.

[2025-03-12 19:38:26 #5 type] 
Type domain.Traveler is not enhanced.

[2025-03-12 19:38:26 #6 type] 
Type domain.Erreserba is not enhanced.

[2025-03-12 19:38:26 #7 type] 
Type domain.Kotxe is not enhanced.

------------------------------------------------------------------------------------------------------------------------

[2025-03-12 19:40:06 #1 store] 
Database '/home/lur/eclipse-workspace/Rides24/src/main/resources/rides.temp' is opened by 12208@lur-ASUS-TUF-Gaming-F15-FX506HF-FX506HF

[2025-03-12 19:40:06 #2 type] 
Type domain.User is not enhanced.

[2025-03-12 19:40:06 #3 type] 
Type domain.Driver is not enhanced.

[2025-03-12 19:40:06 #4 type] 
Type domain.Ride is not enhanced.

[2025-03-12 19:40:06 #5 type] 
Type domain.Traveler is not enhanced.

[2025-03-12 19:40:06 #6 type] 
Type domain.Erreserba is not enhanced.

[2025-03-12 19:40:06 #7 type] 
Type domain.Kotxe is not enhanced.

------------------------------------------------------------------------------------------------------------------------

[2025-03-12 19:45:24 #1 store] 
Database '/home/lur/eclipse-workspace/Rides24/src/main/resources/rides.temp' is opened by 12564@lur-ASUS-TUF-Gaming-F15-FX506HF-FX506HF

[2025-03-12 19:45:24 #2 type] 
Type domain.User is not enhanced.

[2025-03-12 19:45:24 #3 type] 
Type domain.Driver is not enhanced.

[2025-03-12 19:45:24 #4 type] 
Type domain.Ride is not enhanced.

[2025-03-12 19:45:24 #5 type] 
Type domain.Traveler is not enhanced.

[2025-03-12 19:45:24 #6 type] 
Type domain.Erreserba is not enhanced.

[2025-03-12 19:45:24 #7 type] 
Type domain.Kotxe is not enhanced.

------------------------------------------------------------------------------------------------------------------------

[2025-03-12 19:46:50 #1 store] 
Database '/home/lur/eclipse-workspace/Rides24/src/main/resources/rides.temp' is opened by 12811@lur-ASUS-TUF-Gaming-F15-FX506HF-FX506HF

[2025-03-12 19:46:50 #2 type] 
Type domain.User is not enhanced.

[2025-03-12 19:46:50 #3 type] 
Type domain.Driver is not enhanced.

[2025-03-12 19:46:50 #4 type] 
Type domain.Ride is not enhanced.

[2025-03-12 19:46:50 #5 type] 
Type domain.Traveler is not enhanced.

[2025-03-12 19:46:50 #6 type] 
Type domain.Erreserba is not enhanced.

[2025-03-12 19:46:50 #7 type] 
Type domain.Kotxe is not enhanced.

------------------------------------------------------------------------------------------------------------------------

[2025-03-12 19:47:35 #1 store] 
Database '/home/lur/eclipse-workspace/Rides24/src/main/resources/rides.temp' is opened by 12917@lur-ASUS-TUF-Gaming-F15-FX506HF-FX506HF

[2025-03-12 19:47:35 #2 type] 
Type domain.User is not enhanced.

[2025-03-12 19:47:35 #3 type] 
Type domain.Driver is not enhanced.

[2025-03-12 19:47:35 #4 type] 
Type domain.Ride is not enhanced.

[2025-03-12 19:47:35 #5 type] 
Type domain.Traveler is not enhanced.

[2025-03-12 19:47:35 #6 type] 
Type domain.Erreserba is not enhanced.

[2025-03-12 19:47:35 #7 type] 
Type domain.Kotxe is not enhanced.

------------------------------------------------------------------------------------------------------------------------

[2025-03-12 19:48:35 #1 store] 
Database '/home/lur/eclipse-workspace/Rides24/src/main/resources/rides.temp' is opened by 13050@lur-ASUS-TUF-Gaming-F15-FX506HF-FX506HF

[2025-03-12 19:48:35 #2 type] 
Type domain.User is not enhanced.

[2025-03-12 19:48:35 #3 type] 
Type domain.Driver is not enhanced.

[2025-03-12 19:48:35 #4 type] 
Type domain.Ride is not enhanced.

[2025-03-12 19:48:35 #5 type] 
Type domain.Traveler is not enhanced.

[2025-03-12 19:48:35 #6 type] 
Type domain.Erreserba is not enhanced.

[2025-03-12 19:48:35 #7 type] 
Type domain.Kotxe is not enhanced.

------------------------------------------------------------------------------------------------------------------------

[2025-03-12 19:50:33 #1 store] 
Database '/home/lur/eclipse-workspace/Rides24/src/main/resources/rides.temp' is opened by 13257@lur-ASUS-TUF-Gaming-F15-FX506HF-FX506HF

[2025-03-12 19:50:33 #2 type] 
Type domain.User is not enhanced.

[2025-03-12 19:50:33 #3 type] 
Type domain.Driver is not enhanced.

[2025-03-12 19:50:33 #4 type] 
Type domain.Ride is not enhanced.

[2025-03-12 19:50:33 #5 type] 
Type domain.Traveler is not enhanced.

[2025-03-12 19:50:33 #6 type] 
Type domain.Erreserba is not enhanced.

[2025-03-12 19:50:33 #7 type] 
Type domain.Kotxe is not enhanced.

------------------------------------------------------------------------------------------------------------------------

[2025-03-12 19:51:00 #1 store] 
Database '/home/lur/eclipse-workspace/Rides24/src/main/resources/rides.temp' has been recovered (tr. 1412-1412)

[2025-03-12 19:51:00 #2 store] 
Database '/home/lur/eclipse-workspace/Rides24/src/main/resources/rides.temp' is opened by 13324@lur-ASUS-TUF-Gaming-F15-FX506HF-FX506HF

[2025-03-12 19:51:00 #3 type] 
Type domain.User is not enhanced.

[2025-03-12 19:51:00 #4 type] 
Type domain.Driver is not enhanced.

[2025-03-12 19:51:00 #5 type] 
Type domain.Ride is not enhanced.

[2025-03-12 19:51:00 #6 type] 
Type domain.Traveler is not enhanced.

[2025-03-12 19:51:00 #7 type] 
Type domain.Erreserba is not enhanced.

[2025-03-12 19:51:00 #8 type] 
Type domain.Kotxe is not enhanced.

------------------------------------------------------------------------------------------------------------------------

[2025-03-12 19:51:41 #1 store] 
Database '/home/lur/eclipse-workspace/Rides24/src/main/resources/rides.temp' has been recovered (tr. 1413-1413)

[2025-03-12 19:51:41 #2 store] 
Database '/home/lur/eclipse-workspace/Rides24/src/main/resources/rides.temp' is opened by 13425@lur-ASUS-TUF-Gaming-F15-FX506HF-FX506HF

[2025-03-12 19:51:41 #3 type] 
Type domain.User is not enhanced.

[2025-03-12 19:51:41 #4 type] 
Type domain.Driver is not enhanced.

[2025-03-12 19:51:41 #5 type] 
Type domain.Ride is not enhanced.

[2025-03-12 19:51:41 #6 type] 
Type domain.Traveler is not enhanced.

[2025-03-12 19:51:41 #7 type] 
Type domain.Erreserba is not enhanced.

[2025-03-12 19:51:41 #8 type] 
Type domain.Kotxe is not enhanced.

------------------------------------------------------------------------------------------------------------------------

[2025-03-12 19:51:45 #1 store] 
Database '/home/lur/eclipse-workspace/Rides24/src/main/resources/rides.temp' is opened by 13464@lur-ASUS-TUF-Gaming-F15-FX506HF-FX506HF

[2025-03-12 19:51:45 #2 type] 
Type domain.User is not enhanced.

[2025-03-12 19:51:45 #3 type] 
Type domain.Driver is not enhanced.

[2025-03-12 19:51:45 #4 type] 
Type domain.Ride is not enhanced.

[2025-03-12 19:51:45 #5 type] 
Type domain.Traveler is not enhanced.

[2025-03-12 19:51:45 #6 type] 
Type domain.Erreserba is not enhanced.

[2025-03-12 19:51:45 #7 type] 
Type domain.Kotxe is not enhanced.

------------------------------------------------------------------------------------------------------------------------

[2025-03-12 19:55:19 #1 store] 
Database '/home/lur/eclipse-workspace/Rides24/src/main/resources/rides.temp' is opened by 13830@lur-ASUS-TUF-Gaming-F15-FX506HF-FX506HF

[2025-03-12 19:55:19 #2 type] 
Type domain.User is not enhanced.

[2025-03-12 19:55:19 #3 type] 
Type domain.Driver is not enhanced.

[2025-03-12 19:55:19 #4 type] 
Type domain.Ride is not enhanced.

[2025-03-12 19:55:19 #5 type] 
Type domain.Traveler is not enhanced.

[2025-03-12 19:55:19 #6 type] 
Type domain.Erreserba is not enhanced.

[2025-03-12 19:55:19 #7 type] 
Type domain.Kotxe is not enhanced.

------------------------------------------------------------------------------------------------------------------------

[2025-03-12 19:56:46 #1 store] 
Database '/home/lur/eclipse-workspace/Rides24/src/main/resources/rides.temp' is opened by 14020@lur-ASUS-TUF-Gaming-F15-FX506HF-FX506HF

[2025-03-12 19:56:46 #2 type] 
Type domain.User is not enhanced.

[2025-03-12 19:56:46 #3 type] 
Type domain.Driver is not enhanced.

[2025-03-12 19:56:46 #4 type] 
Type domain.Ride is not enhanced.

[2025-03-12 19:56:46 #5 type] 
Type domain.Traveler is not enhanced.

[2025-03-12 19:56:46 #6 type] 
Type domain.Erreserba is not enhanced.

[2025-03-12 19:56:46 #7 type] 
Type domain.Kotxe is not enhanced.

------------------------------------------------------------------------------------------------------------------------

[2025-03-12 19:57:24 #1 store] 
Database '/home/lur/eclipse-workspace/Rides24/src/main/resources/rides.temp' is opened by 14176@lur-ASUS-TUF-Gaming-F15-FX506HF-FX506HF

[2025-03-12 19:57:24 #2 type] 
Type domain.User is not enhanced.

[2025-03-12 19:57:24 #3 type] 
Type domain.Driver is not enhanced.

[2025-03-12 19:57:24 #4 type] 
Type domain.Ride is not enhanced.

[2025-03-12 19:57:24 #5 type] 
Type domain.Traveler is not enhanced.

[2025-03-12 19:57:24 #6 type] 
Type domain.Erreserba is not enhanced.

[2025-03-12 19:57:24 #7 type] 
Type domain.Kotxe is not enhanced.

------------------------------------------------------------------------------------------------------------------------

[2025-03-12 19:57:27 #1 store] 
Database '/home/lur/eclipse-workspace/Rides24/src/main/resources/rides.temp' is opened by 14213@lur-ASUS-TUF-Gaming-F15-FX506HF-FX506HF

[2025-03-12 19:57:27 #2 type] 
Type domain.User is not enhanced.

[2025-03-12 19:57:27 #3 type] 
Type domain.Driver is not enhanced.

[2025-03-12 19:57:27 #4 type] 
Type domain.Ride is not enhanced.

[2025-03-12 19:57:27 #5 type] 
Type domain.Traveler is not enhanced.

[2025-03-12 19:57:27 #6 type] 
Type domain.Erreserba is not enhanced.

[2025-03-12 19:57:27 #7 type] 
Type domain.Kotxe is not enhanced.

------------------------------------------------------------------------------------------------------------------------

[2025-03-12 19:59:28 #1 store] 
Database '/home/lur/eclipse-workspace/Rides24/src/main/resources/rides.temp' is opened by 14377@lur-ASUS-TUF-Gaming-F15-FX506HF-FX506HF

[2025-03-12 19:59:28 #2 type] 
Type domain.User is not enhanced.

[2025-03-12 19:59:28 #3 type] 
Type domain.Driver is not enhanced.

[2025-03-12 19:59:28 #4 type] 
Type domain.Ride is not enhanced.

[2025-03-12 19:59:28 #5 type] 
Type domain.Traveler is not enhanced.

[2025-03-12 19:59:28 #6 type] 
Type domain.Erreserba is not enhanced.

[2025-03-12 19:59:28 #7 type] 
Type domain.Kotxe is not enhanced.

------------------------------------------------------------------------------------------------------------------------

[2025-03-12 19:59:57 #1 store] 
Database '/home/lur/eclipse-workspace/Rides24/src/main/resources/rides.temp' is opened by 14476@lur-ASUS-TUF-Gaming-F15-FX506HF-FX506HF

[2025-03-12 19:59:57 #2 type] 
Type domain.User is not enhanced.

[2025-03-12 19:59:57 #3 type] 
Type domain.Driver is not enhanced.

[2025-03-12 19:59:57 #4 type] 
Type domain.Ride is not enhanced.

[2025-03-12 19:59:57 #5 type] 
Type domain.Traveler is not enhanced.

[2025-03-12 19:59:57 #6 type] 
Type domain.Erreserba is not enhanced.

[2025-03-12 19:59:57 #7 type] 
Type domain.Kotxe is not enhanced.

------------------------------------------------------------------------------------------------------------------------

[2025-03-12 20:00:53 #1 store] 
Database '/home/lur/eclipse-workspace/Rides24/src/main/resources/rides.temp' is opened by 14632@lur-ASUS-TUF-Gaming-F15-FX506HF-FX506HF

[2025-03-12 20:00:53 #2 type] 
Type domain.User is not enhanced.

[2025-03-12 20:00:53 #3 type] 
Type domain.Driver is not enhanced.

[2025-03-12 20:00:53 #4 type] 
Type domain.Ride is not enhanced.

[2025-03-12 20:00:53 #5 type] 
Type domain.Traveler is not enhanced.

[2025-03-12 20:00:53 #6 type] 
Type domain.Erreserba is not enhanced.

[2025-03-12 20:00:53 #7 type] 
Type domain.Kotxe is not enhanced.

------------------------------------------------------------------------------------------------------------------------

[2025-03-12 20:03:37 #1 store] 
Database '/home/lur/eclipse-workspace/Rides24/src/main/resources/rides.temp' is opened by 14933@lur-ASUS-TUF-Gaming-F15-FX506HF-FX506HF

[2025-03-12 20:03:37 #2 type] 
Type domain.User is not enhanced.

[2025-03-12 20:03:37 #3 type] 
Type domain.Driver is not enhanced.

[2025-03-12 20:03:37 #4 type] 
Type domain.Ride is not enhanced.

[2025-03-12 20:03:37 #5 type] 
Type domain.Traveler is not enhanced.

[2025-03-12 20:03:37 #6 type] 
Type domain.Erreserba is not enhanced.

[2025-03-12 20:03:37 #7 type] 
Type domain.Kotxe is not enhanced.

------------------------------------------------------------------------------------------------------------------------

[2025-03-12 20:04:13 #1 store] 
Database '/home/lur/eclipse-workspace/Rides24/src/main/resources/rides.temp' has been recovered (tr. 1444-1444)

[2025-03-12 20:04:13 #2 store] 
Database '/home/lur/eclipse-workspace/Rides24/src/main/resources/rides.temp' is opened by 15015@lur-ASUS-TUF-Gaming-F15-FX506HF-FX506HF

[2025-03-12 20:04:13 #3 type] 
Type domain.User is not enhanced.

[2025-03-12 20:04:13 #4 type] 
Type domain.Driver is not enhanced.

[2025-03-12 20:04:13 #5 type] 
Type domain.Ride is not enhanced.

[2025-03-12 20:04:13 #6 type] 
Type domain.Traveler is not enhanced.

[2025-03-12 20:04:13 #7 type] 
Type domain.Erreserba is not enhanced.

[2025-03-12 20:04:13 #8 type] 
Type domain.Kotxe is not enhanced.

------------------------------------------------------------------------------------------------------------------------

[2025-03-12 20:05:07 #1 store] 
Database '/home/lur/eclipse-workspace/Rides24/src/main/resources/rides.temp' is opened by 15123@lur-ASUS-TUF-Gaming-F15-FX506HF-FX506HF

[2025-03-12 20:05:07 #2 type] 
Type domain.User is not enhanced.

[2025-03-12 20:05:07 #3 type] 
Type domain.Driver is not enhanced.

[2025-03-12 20:05:07 #4 type] 
Type domain.Ride is not enhanced.

[2025-03-12 20:05:07 #5 type] 
Type domain.Traveler is not enhanced.

[2025-03-12 20:05:07 #6 type] 
Type domain.Erreserba is not enhanced.

[2025-03-12 20:05:07 #7 type] 
Type domain.Kotxe is not enhanced.

------------------------------------------------------------------------------------------------------------------------

[2025-03-12 20:07:16 #1 store] 
Database '/home/lur/eclipse-workspace/Rides24/src/main/resources/rides.temp' is opened by 15304@lur-ASUS-TUF-Gaming-F15-FX506HF-FX506HF

[2025-03-12 20:07:16 #2 type] 
Type domain.User is not enhanced.

[2025-03-12 20:07:16 #3 type] 
Type domain.Driver is not enhanced.

[2025-03-12 20:07:16 #4 type] 
Type domain.Ride is not enhanced.

[2025-03-12 20:07:16 #5 type] 
Type domain.Traveler is not enhanced.

[2025-03-12 20:07:16 #6 type] 
Type domain.Erreserba is not enhanced.

------------------------------------------------------------------------------------------------------------------------

[2025-03-12 20:07:55 #1 store] 
Database '/home/lur/eclipse-workspace/Rides24/src/main/resources/rides.temp' is opened by 15368@lur-ASUS-TUF-Gaming-F15-FX506HF-FX506HF

[2025-03-12 20:07:55 #2 type] 
Type domain.User is not enhanced.

[2025-03-12 20:07:55 #3 type] 
Type domain.Driver is not enhanced.

[2025-03-12 20:07:55 #4 type] 
Type domain.Ride is not enhanced.

[2025-03-12 20:07:55 #5 type] 
Type domain.Traveler is not enhanced.

[2025-03-12 20:07:55 #6 type] 
Type domain.Erreserba is not enhanced.

------------------------------------------------------------------------------------------------------------------------

[2025-03-12 20:08:06 #1 store] 
Database '/home/lur/eclipse-workspace/Rides24/src/main/resources/rides.temp' is opened by 15424@lur-ASUS-TUF-Gaming-F15-FX506HF-FX506HF

[2025-03-12 20:08:06 #2 type] 
Type domain.User is not enhanced.

[2025-03-12 20:08:06 #3 type] 
Type domain.Driver is not enhanced.

[2025-03-12 20:08:06 #4 type] 
Type domain.Ride is not enhanced.

[2025-03-12 20:08:06 #5 type] 
Type domain.Traveler is not enhanced.

[2025-03-12 20:08:06 #6 type] 
Type domain.Erreserba is not enhanced.

[2025-03-12 20:08:06 #7 type] 
Type domain.Kotxe is not enhanced.

------------------------------------------------------------------------------------------------------------------------

[2025-03-12 20:08:55 #1 store] 
Database '/home/lur/eclipse-workspace/Rides24/src/main/resources/rides.temp' is opened by 15542@lur-ASUS-TUF-Gaming-F15-FX506HF-FX506HF

[2025-03-12 20:08:55 #2 type] 
Type domain.User is not enhanced.

[2025-03-12 20:08:55 #3 type] 
Type domain.Driver is not enhanced.

[2025-03-12 20:08:55 #4 type] 
Type domain.Ride is not enhanced.

[2025-03-12 20:08:55 #5 type] 
Type domain.Traveler is not enhanced.

[2025-03-12 20:08:55 #6 type] 
Type domain.Erreserba is not enhanced.

[2025-03-12 20:08:55 #7 type] 
Type domain.Kotxe is not enhanced.

------------------------------------------------------------------------------------------------------------------------

[2025-03-12 20:11:09 #1 store] 
Database '/home/lur/eclipse-workspace/Rides24/src/main/resources/rides.temp' is opened by 15757@lur-ASUS-TUF-Gaming-F15-FX506HF-FX506HF

[2025-03-12 20:11:09 #2 type] 
Type domain.User is not enhanced.

[2025-03-12 20:11:09 #3 type] 
Type domain.Driver is not enhanced.

[2025-03-12 20:11:09 #4 type] 
Type domain.Ride is not enhanced.

[2025-03-12 20:11:09 #5 type] 
Type domain.Traveler is not enhanced.

[2025-03-12 20:11:09 #6 type] 
Type domain.Erreserba is not enhanced.

[2025-03-12 20:11:09 #7 type] 
Type domain.Kotxe is not enhanced.

------------------------------------------------------------------------------------------------------------------------

[2025-03-12 20:11:56 #1 store] 
Database '/home/lur/eclipse-workspace/Rides24/src/main/resources/rides.temp' has been recovered (tr. 1467-1467)

[2025-03-12 20:11:56 #2 store] 
Database '/home/lur/eclipse-workspace/Rides24/src/main/resources/rides.temp' is opened by 15862@lur-ASUS-TUF-Gaming-F15-FX506HF-FX506HF

[2025-03-12 20:11:56 #3 type] 
Type domain.User is not enhanced.

[2025-03-12 20:11:56 #4 type] 
Type domain.Driver is not enhanced.

[2025-03-12 20:11:56 #5 type] 
Type domain.Ride is not enhanced.

[2025-03-12 20:11:56 #6 type] 
Type domain.Traveler is not enhanced.

[2025-03-12 20:11:56 #7 type] 
Type domain.Erreserba is not enhanced.

[2025-03-12 20:11:56 #8 type] 
Type domain.Kotxe is not enhanced.

------------------------------------------------------------------------------------------------------------------------

[2025-03-12 20:12:24 #1 store] 
Database '/home/lur/eclipse-workspace/Rides24/src/main/resources/rides.temp' is opened by 15922@lur-ASUS-TUF-Gaming-F15-FX506HF-FX506HF

[2025-03-12 20:12:24 #2 type] 
Type domain.User is not enhanced.

[2025-03-12 20:12:24 #3 type] 
Type domain.Driver is not enhanced.

[2025-03-12 20:12:24 #4 type] 
Type domain.Ride is not enhanced.

[2025-03-12 20:12:24 #5 type] 
Type domain.Traveler is not enhanced.

[2025-03-12 20:12:24 #6 type] 
Type domain.Erreserba is not enhanced.

[2025-03-12 20:12:24 #7 type] 
Type domain.Kotxe is not enhanced.

------------------------------------------------------------------------------------------------------------------------

[2025-03-12 20:13:56 #1 store] 
Database '/home/lur/eclipse-workspace/Rides24/src/main/resources/rides.temp' has been recovered (tr. 1468-1470)

[2025-03-12 20:13:56 #2 store] 
Database '/home/lur/eclipse-workspace/Rides24/src/main/resources/rides.temp' is opened by 16074@lur-ASUS-TUF-Gaming-F15-FX506HF-FX506HF

[2025-03-12 20:13:56 #3 type] 
Type domain.User is not enhanced.

[2025-03-12 20:13:56 #4 type] 
Type domain.Driver is not enhanced.

[2025-03-12 20:13:56 #5 type] 
Type domain.Ride is not enhanced.

[2025-03-12 20:13:56 #6 type] 
Type domain.Traveler is not enhanced.

[2025-03-12 20:13:56 #7 type] 
Type domain.Erreserba is not enhanced.

[2025-03-12 20:13:56 #8 type] 
Type domain.Kotxe is not enhanced.

------------------------------------------------------------------------------------------------------------------------

[2025-03-12 20:14:33 #1 store] 
Database '/home/lur/eclipse-workspace/Rides24/src/main/resources/rides.temp' has been recovered (tr. 1471-1471)

[2025-03-12 20:14:33 #2 store] 
Database '/home/lur/eclipse-workspace/Rides24/src/main/resources/rides.temp' is opened by 16136@lur-ASUS-TUF-Gaming-F15-FX506HF-FX506HF

[2025-03-12 20:14:33 #3 type] 
Type domain.User is not enhanced.

[2025-03-12 20:14:33 #4 type] 
Type domain.Driver is not enhanced.

[2025-03-12 20:14:33 #5 type] 
Type domain.Ride is not enhanced.

[2025-03-12 20:14:33 #6 type] 
Type domain.Traveler is not enhanced.

[2025-03-12 20:14:33 #7 type] 
Type domain.Erreserba is not enhanced.

[2025-03-12 20:14:33 #8 type] 
Type domain.Kotxe is not enhanced.

------------------------------------------------------------------------------------------------------------------------

[2025-03-12 20:15:11 #1 store] 
Database '/home/lur/eclipse-workspace/Rides24/src/main/resources/rides.temp' has been recovered (tr. 1472-1473)

[2025-03-12 20:15:11 #2 store] 
Database '/home/lur/eclipse-workspace/Rides24/src/main/resources/rides.temp' is opened by 16353@lur-ASUS-TUF-Gaming-F15-FX506HF-FX506HF

[2025-03-12 20:15:11 #3 type] 
Type domain.User is not enhanced.

[2025-03-12 20:15:11 #4 type] 
Type domain.Driver is not enhanced.

[2025-03-12 20:15:11 #5 type] 
Type domain.Ride is not enhanced.

[2025-03-12 20:15:11 #6 type] 
Type domain.Traveler is not enhanced.

[2025-03-12 20:15:11 #7 type] 
Type domain.Erreserba is not enhanced.

[2025-03-12 20:15:11 #8 type] 
Type domain.Kotxe is not enhanced.

------------------------------------------------------------------------------------------------------------------------

[2025-03-12 20:15:37 #1 store] 
Database '/home/lur/eclipse-workspace/Rides24/src/main/resources/rides.temp' has been recovered (tr. 1474-1475)

[2025-03-12 20:15:37 #2 store] 
Database '/home/lur/eclipse-workspace/Rides24/src/main/resources/rides.temp' is opened by 16439@lur-ASUS-TUF-Gaming-F15-FX506HF-FX506HF

[2025-03-12 20:15:37 #3 type] 
Type domain.User is not enhanced.

[2025-03-12 20:15:37 #4 type] 
Type domain.Driver is not enhanced.

[2025-03-12 20:15:37 #5 type] 
Type domain.Ride is not enhanced.

[2025-03-12 20:15:37 #6 type] 
Type domain.Traveler is not enhanced.

[2025-03-12 20:15:37 #7 type] 
Type domain.Erreserba is not enhanced.

[2025-03-12 20:15:37 #8 type] 
Type domain.Kotxe is not enhanced.

------------------------------------------------------------------------------------------------------------------------

[2025-03-12 20:27:04 #1 store] 
Database '/home/lur/eclipse-workspace/Rides24/src/main/resources/rides.temp' is opened by 17048@lur-ASUS-TUF-Gaming-F15-FX506HF-FX506HF

[2025-03-12 20:27:04 #2 type] 
Type domain.User is not enhanced.

[2025-03-12 20:27:04 #3 type] 
Type domain.Driver is not enhanced.

[2025-03-12 20:27:04 #4 type] 
Type domain.Ride is not enhanced.

[2025-03-12 20:27:04 #5 type] 
Type domain.Traveler is not enhanced.

[2025-03-12 20:27:04 #6 type] 
Type domain.Erreserba is not enhanced.

[2025-03-12 20:27:04 #7 type] 
Type domain.Kotxe is not enhanced.

------------------------------------------------------------------------------------------------------------------------

[2025-03-12 20:29:51 #1 store] 
Database '/home/lur/eclipse-workspace/Rides24/src/main/resources/rides.temp' is opened by 17402@lur-ASUS-TUF-Gaming-F15-FX506HF-FX506HF

[2025-03-12 20:29:51 #2 type] 
Type domain.User is not enhanced.

[2025-03-12 20:29:51 #3 type] 
Type domain.Driver is not enhanced.

[2025-03-12 20:29:51 #4 type] 
Type domain.Ride is not enhanced.

[2025-03-12 20:29:51 #5 type] 
Type domain.Traveler is not enhanced.

[2025-03-12 20:29:51 #6 type] 
Type domain.Erreserba is not enhanced.

[2025-03-12 20:29:51 #7 type] 
Type domain.Kotxe is not enhanced.

------------------------------------------------------------------------------------------------------------------------

[2025-03-12 20:45:19 #1 store] 
Database '/home/lur/eclipse-workspace/Rides24/src/main/resources/rides.temp' has been recovered (tr. 1479-1479)

[2025-03-12 20:45:19 #2 store] 
Database '/home/lur/eclipse-workspace/Rides24/src/main/resources/rides.temp' is opened by 18299@lur-ASUS-TUF-Gaming-F15-FX506HF-FX506HF

[2025-03-12 20:45:19 #3 type] 
Type domain.User is not enhanced.

[2025-03-12 20:45:19 #4 type] 
Type domain.Driver is not enhanced.

[2025-03-12 20:45:19 #5 type] 
Type domain.Ride is not enhanced.

[2025-03-12 20:45:19 #6 type] 
Type domain.Traveler is not enhanced.

[2025-03-12 20:45:19 #7 type] 
Type domain.Erreserba is not enhanced.

[2025-03-12 20:45:19 #8 type] 
Type domain.Kotxe is not enhanced.

------------------------------------------------------------------------------------------------------------------------

[2025-03-12 20:46:25 #1 store] 
Database '/home/lur/eclipse-workspace/Rides24/src/main/resources/rides.temp' has been recovered (tr. 1480-1480)

[2025-03-12 20:46:25 #2 store] 
Database '/home/lur/eclipse-workspace/Rides24/src/main/resources/rides.temp' is opened by 18379@lur-ASUS-TUF-Gaming-F15-FX506HF-FX506HF

[2025-03-12 20:46:25 #3 type] 
Type domain.User is not enhanced.

[2025-03-12 20:46:25 #4 type] 
Type domain.Driver is not enhanced.

[2025-03-12 20:46:25 #5 type] 
Type domain.Ride is not enhanced.

[2025-03-12 20:46:25 #6 type] 
Type domain.Traveler is not enhanced.

[2025-03-12 20:46:25 #7 type] 
Type domain.Erreserba is not enhanced.

[2025-03-12 20:46:25 #8 type] 
Type domain.Kotxe is not enhanced.

------------------------------------------------------------------------------------------------------------------------

[2025-03-12 20:47:21 #1 store] 
Database '/home/lur/eclipse-workspace/Rides24/src/main/resources/rides.temp' is opened by 18503@lur-ASUS-TUF-Gaming-F15-FX506HF-FX506HF

[2025-03-12 20:47:21 #2 type] 
Type domain.User is not enhanced.

[2025-03-12 20:47:21 #3 type] 
Type domain.Driver is not enhanced.

[2025-03-12 20:47:21 #4 type] 
Type domain.Ride is not enhanced.

[2025-03-12 20:47:21 #5 type] 
Type domain.Traveler is not enhanced.

[2025-03-12 20:47:21 #6 type] 
Type domain.Erreserba is not enhanced.

[2025-03-12 20:47:21 #7 type] 
Type domain.Kotxe is not enhanced.

------------------------------------------------------------------------------------------------------------------------

[2025-03-12 20:51:10 #1 store] 
Database '/home/lur/eclipse-workspace/Rides24/src/main/resources/rides.temp' has been recovered (tr. 1482-1482)

[2025-03-12 20:51:10 #2 store] 
Database '/home/lur/eclipse-workspace/Rides24/src/main/resources/rides.temp' is opened by 18683@lur-ASUS-TUF-Gaming-F15-FX506HF-FX506HF

[2025-03-12 20:51:10 #3 type] 
Type domain.User is not enhanced.

[2025-03-12 20:51:10 #4 type] 
Type domain.Driver is not enhanced.

[2025-03-12 20:51:10 #5 type] 
Type domain.Ride is not enhanced.

[2025-03-12 20:51:10 #6 type] 
Type domain.Traveler is not enhanced.

[2025-03-12 20:51:10 #7 type] 
Type domain.Erreserba is not enhanced.

[2025-03-12 20:51:10 #8 type] 
Type domain.Kotxe is not enhanced.

------------------------------------------------------------------------------------------------------------------------

[2025-03-12 21:05:03 #1 store] 
Database '/home/lur/eclipse-workspace/Rides24/src/main/resources/rides.temp' has been recovered (tr. 1483-1483)

[2025-03-12 21:05:03 #2 store] 
Database '/home/lur/eclipse-workspace/Rides24/src/main/resources/rides.temp' is opened by 19609@lur-ASUS-TUF-Gaming-F15-FX506HF-FX506HF

[2025-03-12 21:05:03 #3 type] 
Type domain.User is not enhanced.

[2025-03-12 21:05:03 #4 type] 
Type domain.Driver is not enhanced.

[2025-03-12 21:05:03 #5 type] 
Type domain.Ride is not enhanced.

[2025-03-12 21:05:03 #6 type] 
Type domain.Traveler is not enhanced.

[2025-03-12 21:05:03 #7 type] 
Type domain.Erreserba is not enhanced.

[2025-03-12 21:05:03 #8 type] 
Type domain.Kotxe is not enhanced.

------------------------------------------------------------------------------------------------------------------------

[2025-03-12 21:06:09 #1 store] 
Database '/home/lur/eclipse-workspace/Rides24/src/main/resources/rides.temp' is opened by 19930@lur-ASUS-TUF-Gaming-F15-FX506HF-FX506HF

[2025-03-12 21:06:09 #2 type] 
Type domain.User is not enhanced.

[2025-03-12 21:06:09 #3 type] 
Type domain.Driver is not enhanced.

[2025-03-12 21:06:09 #4 type] 
Type domain.Ride is not enhanced.

[2025-03-12 21:06:09 #5 type] 
Type domain.Traveler is not enhanced.

[2025-03-12 21:06:09 #6 type] 
Type domain.Erreserba is not enhanced.

[2025-03-12 21:06:09 #7 type] 
Type domain.Kotxe is not enhanced.

------------------------------------------------------------------------------------------------------------------------

[2025-03-12 21:08:32 #1 store] 
Database '/home/lur/eclipse-workspace/Rides24/src/main/resources/rides.temp' is opened by 20325@lur-ASUS-TUF-Gaming-F15-FX506HF-FX506HF

[2025-03-12 21:08:32 #2 type] 
Type domain.User is not enhanced.

[2025-03-12 21:08:32 #3 type] 
Type domain.Driver is not enhanced.

[2025-03-12 21:08:32 #4 type] 
Type domain.Ride is not enhanced.

[2025-03-12 21:08:32 #5 type] 
Type domain.Traveler is not enhanced.

[2025-03-12 21:08:32 #6 type] 
Type domain.Erreserba is not enhanced.

[2025-03-12 21:08:32 #7 type] 
Type domain.Kotxe is not enhanced.

------------------------------------------------------------------------------------------------------------------------

[2025-03-12 21:18:52 #1 store] 
Database '/home/lur/eclipse-workspace/Rides24/src/main/resources/rides.temp' is opened by 21007@lur-ASUS-TUF-Gaming-F15-FX506HF-FX506HF

[2025-03-12 21:18:52 #2 type] 
Type domain.User is not enhanced.

[2025-03-12 21:18:52 #3 type] 
Type domain.Driver is not enhanced.

[2025-03-12 21:18:52 #4 type] 
Type domain.Ride is not enhanced.

[2025-03-12 21:18:52 #5 type] 
Type domain.Traveler is not enhanced.

[2025-03-12 21:18:52 #6 type] 
Type domain.Erreserba is not enhanced.

[2025-03-12 21:18:52 #7 type] 
Type domain.Kotxe is not enhanced.

------------------------------------------------------------------------------------------------------------------------

[2025-03-12 21:19:34 #1 store] 
Database '/home/lur/eclipse-workspace/Rides24/src/main/resources/rides.temp' is opened by 21267@lur-ASUS-TUF-Gaming-F15-FX506HF-FX506HF

[2025-03-12 21:19:34 #2 type] 
Type domain.User is not enhanced.

[2025-03-12 21:19:34 #3 type] 
Type domain.Driver is not enhanced.

[2025-03-12 21:19:34 #4 type] 
Type domain.Ride is not enhanced.

[2025-03-12 21:19:34 #5 type] 
Type domain.Traveler is not enhanced.

[2025-03-12 21:19:34 #6 type] 
Type domain.Erreserba is not enhanced.

[2025-03-12 21:19:34 #7 type] 
Type domain.Kotxe is not enhanced.

------------------------------------------------------------------------------------------------------------------------

[2025-03-12 21:27:35 #1 store] 
Database '/home/lur/eclipse-workspace/Rides24/src/main/resources/rides.temp' is opened by 22048@lur-ASUS-TUF-Gaming-F15-FX506HF-FX506HF

[2025-03-12 21:27:35 #2 type] 
Type domain.User is not enhanced.

[2025-03-12 21:27:35 #3 type] 
Type domain.Driver is not enhanced.

[2025-03-12 21:27:35 #4 type] 
Type domain.Ride is not enhanced.

[2025-03-12 21:27:35 #5 type] 
Type domain.Traveler is not enhanced.

[2025-03-12 21:27:35 #6 type] 
Type domain.Erreserba is not enhanced.

[2025-03-12 21:27:35 #7 type] 
Type domain.Kotxe is not enhanced.

------------------------------------------------------------------------------------------------------------------------

[2025-03-12 21:28:33 #1 store] 
Database '/home/lur/eclipse-workspace/Rides24/src/main/resources/rides.temp' is opened by 22317@lur-ASUS-TUF-Gaming-F15-FX506HF-FX506HF

[2025-03-12 21:28:33 #2 type] 
Type domain.User is not enhanced.

[2025-03-12 21:28:33 #3 type] 
Type domain.Driver is not enhanced.

[2025-03-12 21:28:33 #4 type] 
Type domain.Ride is not enhanced.

[2025-03-12 21:28:33 #5 type] 
Type domain.Traveler is not enhanced.

[2025-03-12 21:28:33 #6 type] 
Type domain.Erreserba is not enhanced.

[2025-03-12 21:28:33 #7 type] 
Type domain.Kotxe is not enhanced.

------------------------------------------------------------------------------------------------------------------------

[2025-03-12 21:29:13 #1 store] 
Database '/home/lur/eclipse-workspace/Rides24/src/main/resources/rides.temp' is opened by 22606@lur-ASUS-TUF-Gaming-F15-FX506HF-FX506HF

[2025-03-12 21:29:13 #2 type] 
Type domain.User is not enhanced.

[2025-03-12 21:29:13 #3 type] 
Type domain.Driver is not enhanced.

[2025-03-12 21:29:13 #4 type] 
Type domain.Ride is not enhanced.

[2025-03-12 21:29:13 #5 type] 
Type domain.Traveler is not enhanced.

[2025-03-12 21:29:13 #6 type] 
Type domain.Erreserba is not enhanced.

[2025-03-12 21:29:13 #7 type] 
Type domain.Kotxe is not enhanced.

------------------------------------------------------------------------------------------------------------------------

[2025-03-12 21:36:55 #1 store] 
Database '/home/lur/eclipse-workspace/Rides24/src/main/resources/rides.temp' is opened by 23608@lur-ASUS-TUF-Gaming-F15-FX506HF-FX506HF

[2025-03-12 21:36:55 #2 type] 
Type domain.User is not enhanced.

[2025-03-12 21:36:55 #3 type] 
Type domain.Driver is not enhanced.

[2025-03-12 21:36:55 #4 type] 
Type domain.Ride is not enhanced.

[2025-03-12 21:36:55 #5 type] 
Type domain.Traveler is not enhanced.

[2025-03-12 21:36:55 #6 type] 
Type domain.Erreserba is not enhanced.

[2025-03-12 21:36:55 #7 type] 
Type domain.Kotxe is not enhanced.

------------------------------------------------------------------------------------------------------------------------

[2025-03-12 21:41:31 #1 store] 
Database '/home/lur/eclipse-workspace/Rides24/src/main/resources/rides.temp' has been recovered (tr. 1484-1485)

[2025-03-12 21:41:31 #2 store] 
Database '/home/lur/eclipse-workspace/Rides24/src/main/resources/rides.temp' is opened by 23976@lur-ASUS-TUF-Gaming-F15-FX506HF-FX506HF

[2025-03-12 21:41:32 #3 type] 
Type domain.User is not enhanced.

[2025-03-12 21:41:32 #4 type] 
Type domain.Driver is not enhanced.

[2025-03-12 21:41:32 #5 type] 
Type domain.Ride is not enhanced.

[2025-03-12 21:41:32 #6 type] 
Type domain.Traveler is not enhanced.

[2025-03-12 21:41:32 #7 type] 
Type domain.Erreserba is not enhanced.

[2025-03-12 21:41:32 #8 type] 
Type domain.Kotxe is not enhanced.

------------------------------------------------------------------------------------------------------------------------

[2025-03-12 21:44:26 #1 store] 
Database '/home/lur/eclipse-workspace/Rides24/src/main/resources/rides.temp' is opened by 24245@lur-ASUS-TUF-Gaming-F15-FX506HF-FX506HF

[2025-03-12 21:44:26 #2 type] 
Type domain.User is not enhanced.

[2025-03-12 21:44:26 #3 type] 
Type domain.Driver is not enhanced.

[2025-03-12 21:44:26 #4 type] 
Type domain.Ride is not enhanced.

[2025-03-12 21:44:26 #5 type] 
Type domain.Traveler is not enhanced.

[2025-03-12 21:44:26 #6 type] 
Type domain.Erreserba is not enhanced.

[2025-03-12 21:44:26 #7 type] 
Type domain.Kotxe is not enhanced.

------------------------------------------------------------------------------------------------------------------------

[2025-03-12 21:45:02 #1 store] 
Database '/home/lur/eclipse-workspace/Rides24/src/main/resources/rides.temp' is opened by 24297@lur-ASUS-TUF-Gaming-F15-FX506HF-FX506HF

[2025-03-12 21:45:02 #2 type] 
Type domain.User is not enhanced.

[2025-03-12 21:45:02 #3 type] 
Type domain.Driver is not enhanced.

[2025-03-12 21:45:02 #4 type] 
Type domain.Ride is not enhanced.

[2025-03-12 21:45:02 #5 type] 
Type domain.Traveler is not enhanced.

[2025-03-12 21:45:02 #6 type] 
Type domain.Erreserba is not enhanced.

[2025-03-12 21:45:02 #7 type] 
Type domain.Kotxe is not enhanced.

------------------------------------------------------------------------------------------------------------------------

[2025-03-12 21:46:59 #1 store] 
Database '/home/lur/eclipse-workspace/Rides24/src/main/resources/rides.temp' has been recovered (tr. 1486-1486)

[2025-03-12 21:46:59 #2 store] 
Database '/home/lur/eclipse-workspace/Rides24/src/main/resources/rides.temp' is opened by 24730@lur-ASUS-TUF-Gaming-F15-FX506HF-FX506HF

[2025-03-12 21:46:59 #3 type] 
Type domain.User is not enhanced.

[2025-03-12 21:46:59 #4 type] 
Type domain.Driver is not enhanced.

[2025-03-12 21:46:59 #5 type] 
Type domain.Ride is not enhanced.

[2025-03-12 21:46:59 #6 type] 
Type domain.Traveler is not enhanced.

[2025-03-12 21:46:59 #7 type] 
Type domain.Erreserba is not enhanced.

[2025-03-12 21:46:59 #8 type] 
Type domain.Kotxe is not enhanced.

------------------------------------------------------------------------------------------------------------------------

[2025-03-12 21:48:53 #1 store] 
Database '/home/lur/eclipse-workspace/Rides24/src/main/resources/rides.temp' is opened by 25103@lur-ASUS-TUF-Gaming-F15-FX506HF-FX506HF

[2025-03-12 21:48:53 #2 type] 
Type domain.User is not enhanced.

[2025-03-12 21:48:53 #3 type] 
Type domain.Driver is not enhanced.

[2025-03-12 21:48:53 #4 type] 
Type domain.Ride is not enhanced.

[2025-03-12 21:48:53 #5 type] 
Type domain.Traveler is not enhanced.

[2025-03-12 21:48:53 #6 type] 
Type domain.Erreserba is not enhanced.

[2025-03-12 21:48:53 #7 type] 
Type domain.Kotxe is not enhanced.

------------------------------------------------------------------------------------------------------------------------

[2025-03-12 21:57:54 #1 store] 
Database '/home/lur/eclipse-workspace/Rides24/src/main/resources/rides.temp' has been recovered (tr. 1487-1488)

[2025-03-12 21:57:54 #2 store] 
Database '/home/lur/eclipse-workspace/Rides24/src/main/resources/rides.temp' is opened by 25904@lur-ASUS-TUF-Gaming-F15-FX506HF-FX506HF

[2025-03-12 21:57:55 #3 type] 
Type domain.User is not enhanced.

[2025-03-12 21:57:55 #4 type] 
Type domain.Driver is not enhanced.

[2025-03-12 21:57:55 #5 type] 
Type domain.Ride is not enhanced.

[2025-03-12 21:57:55 #6 type] 
Type domain.Traveler is not enhanced.

[2025-03-12 21:57:55 #7 type] 
Type domain.Erreserba is not enhanced.

[2025-03-12 21:57:55 #8 type] 
Type domain.Kotxe is not enhanced.

------------------------------------------------------------------------------------------------------------------------

[2025-03-12 22:01:29 #1 store] 
Database '/home/lur/eclipse-workspace/Rides24/src/main/resources/rides.temp' has been recovered (tr. 1489-1489)

[2025-03-12 22:01:29 #2 store] 
Database '/home/lur/eclipse-workspace/Rides24/src/main/resources/rides.temp' is opened by 26269@lur-ASUS-TUF-Gaming-F15-FX506HF-FX506HF

[2025-03-12 22:01:29 #3 type] 
Type domain.User is not enhanced.

[2025-03-12 22:01:29 #4 type] 
Type domain.Driver is not enhanced.

[2025-03-12 22:01:29 #5 type] 
Type domain.Ride is not enhanced.

[2025-03-12 22:01:29 #6 type] 
Type domain.Traveler is not enhanced.

[2025-03-12 22:01:29 #7 type] 
Type domain.Erreserba is not enhanced.

[2025-03-12 22:01:29 #8 type] 
Type domain.Kotxe is not enhanced.

------------------------------------------------------------------------------------------------------------------------

[2025-03-12 22:13:56 #1 store] 
Database '/home/lur/eclipse-workspace/Rides24/src/main/resources/rides.temp' is opened by 26666@lur-ASUS-TUF-Gaming-F15-FX506HF-FX506HF

[2025-03-12 22:13:56 #2 type] 
Type domain.User is not enhanced.

[2025-03-12 22:13:56 #3 type] 
Type domain.Driver is not enhanced.

[2025-03-12 22:13:56 #4 type] 
Type domain.Ride is not enhanced.

[2025-03-12 22:13:56 #5 type] 
Type domain.Traveler is not enhanced.

[2025-03-12 22:13:56 #6 type] 
Type domain.Erreserba is not enhanced.

[2025-03-12 22:13:56 #7 type] 
Type domain.Kotxe is not enhanced.

------------------------------------------------------------------------------------------------------------------------

[2025-03-12 22:14:35 #1 store] 
Database '/home/lur/eclipse-workspace/Rides24/src/main/resources/rides.temp' is opened by 26719@lur-ASUS-TUF-Gaming-F15-FX506HF-FX506HF

[2025-03-12 22:14:35 #2 type] 
Type domain.User is not enhanced.

[2025-03-12 22:14:35 #3 type] 
Type domain.Driver is not enhanced.

[2025-03-12 22:14:35 #4 type] 
Type domain.Ride is not enhanced.

[2025-03-12 22:14:35 #5 type] 
Type domain.Traveler is not enhanced.

[2025-03-12 22:14:35 #6 type] 
Type domain.Erreserba is not enhanced.

[2025-03-12 22:14:35 #7 type] 
Type domain.Kotxe is not enhanced.

------------------------------------------------------------------------------------------------------------------------

[2025-03-12 22:16:12 #1 store] 
Database '/home/lur/eclipse-workspace/Rides24/src/main/resources/rides.temp' is opened by 26798@lur-ASUS-TUF-Gaming-F15-FX506HF-FX506HF

[2025-03-12 22:16:12 #2 type] 
Type domain.User is not enhanced.

[2025-03-12 22:16:12 #3 type] 
Type domain.Driver is not enhanced.

[2025-03-12 22:16:12 #4 type] 
Type domain.Ride is not enhanced.

[2025-03-12 22:16:12 #5 type] 
Type domain.Traveler is not enhanced.

[2025-03-12 22:16:12 #6 type] 
Type domain.Erreserba is not enhanced.

[2025-03-12 22:16:12 #7 type] 
Type domain.Kotxe is not enhanced.

------------------------------------------------------------------------------------------------------------------------

[2025-03-12 22:17:43 #1 store] 
Database '/home/lur/eclipse-workspace/Rides24/src/main/resources/rides.temp' is opened by 26874@lur-ASUS-TUF-Gaming-F15-FX506HF-FX506HF

[2025-03-12 22:17:43 #2 type] 
Type domain.User is not enhanced.

[2025-03-12 22:17:43 #3 type] 
Type domain.Driver is not enhanced.

[2025-03-12 22:17:43 #4 type] 
Type domain.Ride is not enhanced.

[2025-03-12 22:17:43 #5 type] 
Type domain.Traveler is not enhanced.

[2025-03-12 22:17:43 #6 type] 
Type domain.Erreserba is not enhanced.

[2025-03-12 22:17:43 #7 type] 
Type domain.Kotxe is not enhanced.

------------------------------------------------------------------------------------------------------------------------

[2025-03-12 22:18:06 #1 store] 
Database '/home/lur/eclipse-workspace/Rides24/src/main/resources/rides.temp' is opened by 26934@lur-ASUS-TUF-Gaming-F15-FX506HF-FX506HF

[2025-03-12 22:18:07 #2 type] 
Type domain.User is not enhanced.

[2025-03-12 22:18:07 #3 type] 
Type domain.Driver is not enhanced.

[2025-03-12 22:18:07 #4 type] 
Type domain.Ride is not enhanced.

[2025-03-12 22:18:07 #5 type] 
Type domain.Traveler is not enhanced.

[2025-03-12 22:18:07 #6 type] 
Type domain.Erreserba is not enhanced.

[2025-03-12 22:18:07 #7 type] 
Type domain.Kotxe is not enhanced.

------------------------------------------------------------------------------------------------------------------------

[2025-03-12 22:19:16 #1 store] 
Database '/home/lur/eclipse-workspace/Rides24/src/main/resources/rides.temp' is opened by 27080@lur-ASUS-TUF-Gaming-F15-FX506HF-FX506HF

[2025-03-12 22:19:16 #2 type] 
Type domain.User is not enhanced.

[2025-03-12 22:19:16 #3 type] 
Type domain.Driver is not enhanced.

[2025-03-12 22:19:16 #4 type] 
Type domain.Ride is not enhanced.

[2025-03-12 22:19:16 #5 type] 
Type domain.Traveler is not enhanced.

[2025-03-12 22:19:16 #6 type] 
Type domain.Erreserba is not enhanced.

[2025-03-12 22:19:16 #7 type] 
Type domain.Kotxe is not enhanced.

------------------------------------------------------------------------------------------------------------------------

[2025-03-12 22:21:21 #1 store] 
Database '/home/lur/eclipse-workspace/Rides24/src/main/resources/rides.temp' is opened by 27226@lur-ASUS-TUF-Gaming-F15-FX506HF-FX506HF

[2025-03-12 22:21:21 #2 type] 
Type domain.User is not enhanced.

[2025-03-12 22:21:21 #3 type] 
Type domain.Driver is not enhanced.

[2025-03-12 22:21:21 #4 type] 
Type domain.Ride is not enhanced.

[2025-03-12 22:21:21 #5 type] 
Type domain.Traveler is not enhanced.

[2025-03-12 22:21:21 #6 type] 
Type domain.Erreserba is not enhanced.

[2025-03-12 22:21:21 #7 type] 
Type domain.Kotxe is not enhanced.

